[1.592s] Invoking command in '/home/shaalekh/Desktop/ros2_ws/src/my_pack': DEBUGINFOD_URLS=https://debuginfod.ubuntu.com PYTHONPATH=/home/shaalekh/Desktop/ros2_ws/build/my_pack/prefix_override:/usr/lib/python3/dist-packages/colcon_core/task/python/colcon_distutils_commands:/home/shaalekh/Desktop/ros2_ws/install/my_pack/lib/python3.12/site-packages:${PYTHONPATH} /usr/bin/python3 -W ignore:setup.py install is deprecated -W ignore:easy_install command is deprecated setup.py egg_info --egg-base ../../build/my_pack build --build-base /home/shaalekh/Desktop/ros2_ws/build/my_pack/build install --record /home/shaalekh/Desktop/ros2_ws/build/my_pack/install.log --single-version-externally-managed install_data
[2.002s] running egg_info
[2.032s] writing ../../build/my_pack/my_pack.egg-info/PKG-INFO
[2.033s] writing dependency_links to ../../build/my_pack/my_pack.egg-info/dependency_links.txt
[2.033s] writing entry points to ../../build/my_pack/my_pack.egg-info/entry_points.txt
[2.033s] writing requirements to ../../build/my_pack/my_pack.egg-info/requires.txt
[2.034s] writing top-level names to ../../build/my_pack/my_pack.egg-info/top_level.txt
[2.086s] reading manifest file '../../build/my_pack/my_pack.egg-info/SOURCES.txt'
[2.109s] adding license file 'LICENSE'
[2.111s] writing manifest file '../../build/my_pack/my_pack.egg-info/SOURCES.txt'
[2.123s] running build
[2.123s] running build_py
[2.124s] copying my_pack/publisher.py -> /home/shaalekh/Desktop/ros2_ws/build/my_pack/build/lib/my_pack
[2.124s] running install
[2.134s] running install_lib
[2.160s] copying /home/shaalekh/Desktop/ros2_ws/build/my_pack/build/lib/my_pack/publisher.py -> /home/shaalekh/Desktop/ros2_ws/install/my_pack/lib/python3.12/site-packages/my_pack
[2.161s] byte-compiling /home/shaalekh/Desktop/ros2_ws/install/my_pack/lib/python3.12/site-packages/my_pack/publisher.py to publisher.cpython-312.pyc
[2.162s] running install_data
[2.162s] running install_egg_info
[2.189s] removing '/home/shaalekh/Desktop/ros2_ws/install/my_pack/lib/python3.12/site-packages/my_pack-0.0.0-py3.12.egg-info' (and everything under it)
[2.190s] Copying ../../build/my_pack/my_pack.egg-info to /home/shaalekh/Desktop/ros2_ws/install/my_pack/lib/python3.12/site-packages/my_pack-0.0.0-py3.12.egg-info
[2.198s] running install_scripts
[2.398s] Installing hello_world script to /home/shaalekh/Desktop/ros2_ws/install/my_pack/lib/my_pack
[2.420s] Installing publisher script to /home/shaalekh/Desktop/ros2_ws/install/my_pack/lib/my_pack
[2.421s] writing list of installed files to '/home/shaalekh/Desktop/ros2_ws/build/my_pack/install.log'
[2.526s] Invoked command in '/home/shaalekh/Desktop/ros2_ws/src/my_pack' returned '0': DEBUGINFOD_URLS=https://debuginfod.ubuntu.com PYTHONPATH=/home/shaalekh/Desktop/ros2_ws/build/my_pack/prefix_override:/usr/lib/python3/dist-packages/colcon_core/task/python/colcon_distutils_commands:/home/shaalekh/Desktop/ros2_ws/install/my_pack/lib/python3.12/site-packages:${PYTHONPATH} /usr/bin/python3 -W ignore:setup.py install is deprecated -W ignore:easy_install command is deprecated setup.py egg_info --egg-base ../../build/my_pack build --build-base /home/shaalekh/Desktop/ros2_ws/build/my_pack/build install --record /home/shaalekh/Desktop/ros2_ws/build/my_pack/install.log --single-version-externally-managed install_data
