[2.117s] Invoking command in '/home/shaalekh/Desktop/ros2_ws/src/my_pack': DEBUGINFOD_URLS=https://debuginfod.ubuntu.com PYTHONPATH=/home/shaalekh/Desktop/ros2_ws/build/my_pack/prefix_override:/usr/lib/python3/dist-packages/colcon_core/task/python/colcon_distutils_commands:/home/shaalekh/Desktop/ros2_ws/install/my_pack/lib/python3.12/site-packages:${PYTHONPATH} /usr/bin/python3 -W ignore:setup.py install is deprecated -W ignore:easy_install command is deprecated setup.py egg_info --egg-base ../../build/my_pack build --build-base /home/shaalekh/Desktop/ros2_ws/build/my_pack/build install --record /home/shaalekh/Desktop/ros2_ws/build/my_pack/install.log --single-version-externally-managed install_data
[2.485s] running egg_info
[2.512s] writing ../../build/my_pack/my_pack.egg-info/PKG-INFO
[2.513s] writing dependency_links to ../../build/my_pack/my_pack.egg-info/dependency_links.txt
[2.514s] writing entry points to ../../build/my_pack/my_pack.egg-info/entry_points.txt
[2.514s] writing requirements to ../../build/my_pack/my_pack.egg-info/requires.txt
[2.515s] writing top-level names to ../../build/my_pack/my_pack.egg-info/top_level.txt
[2.564s] reading manifest file '../../build/my_pack/my_pack.egg-info/SOURCES.txt'
[2.565s] adding license file 'LICENSE'
[2.566s] writing manifest file '../../build/my_pack/my_pack.egg-info/SOURCES.txt'
[2.566s] running build
[2.566s] running build_py
[2.568s] copying my_pack/ab_publisher.py -> /home/shaalekh/Desktop/ros2_ws/build/my_pack/build/lib/my_pack
[2.568s] running install
[2.578s] running install_lib
[2.606s] copying /home/shaalekh/Desktop/ros2_ws/build/my_pack/build/lib/my_pack/ab_publisher.py -> /home/shaalekh/Desktop/ros2_ws/install/my_pack/lib/python3.12/site-packages/my_pack
[2.607s] byte-compiling /home/shaalekh/Desktop/ros2_ws/install/my_pack/lib/python3.12/site-packages/my_pack/ab_publisher.py to ab_publisher.cpython-312.pyc
[2.608s] running install_data
[2.609s] running install_egg_info
[2.635s] removing '/home/shaalekh/Desktop/ros2_ws/install/my_pack/lib/python3.12/site-packages/my_pack-0.0.0-py3.12.egg-info' (and everything under it)
[2.637s] Copying ../../build/my_pack/my_pack.egg-info to /home/shaalekh/Desktop/ros2_ws/install/my_pack/lib/python3.12/site-packages/my_pack-0.0.0-py3.12.egg-info
[2.638s] running install_scripts
[2.838s] Installing hello_world script to /home/shaalekh/Desktop/ros2_ws/install/my_pack/lib/my_pack
[2.839s] Installing publisher script to /home/shaalekh/Desktop/ros2_ws/install/my_pack/lib/my_pack
[2.839s] Installing subscriber script to /home/shaalekh/Desktop/ros2_ws/install/my_pack/lib/my_pack
[2.840s] writing list of installed files to '/home/shaalekh/Desktop/ros2_ws/build/my_pack/install.log'
[2.944s] Invoked command in '/home/shaalekh/Desktop/ros2_ws/src/my_pack' returned '0': DEBUGINFOD_URLS=https://debuginfod.ubuntu.com PYTHONPATH=/home/shaalekh/Desktop/ros2_ws/build/my_pack/prefix_override:/usr/lib/python3/dist-packages/colcon_core/task/python/colcon_distutils_commands:/home/shaalekh/Desktop/ros2_ws/install/my_pack/lib/python3.12/site-packages:${PYTHONPATH} /usr/bin/python3 -W ignore:setup.py install is deprecated -W ignore:easy_install command is deprecated setup.py egg_info --egg-base ../../build/my_pack build --build-base /home/shaalekh/Desktop/ros2_ws/build/my_pack/build install --record /home/shaalekh/Desktop/ros2_ws/build/my_pack/install.log --single-version-externally-managed install_data
