[2.427s] Invoking command in '/home/shaalekh/Desktop/ros2_ws/src/srvcli': DEBUGINFOD_URLS=https://debuginfod.ubuntu.com PYTHONPATH=/home/shaalekh/Desktop/ros2_ws/build/srvcli/prefix_override:/usr/lib/python3/dist-packages/colcon_core/task/python/colcon_distutils_commands:/home/shaalekh/Desktop/ros2_ws/install/srvcli/lib/python3.12/site-packages:${PYTHONPATH} /usr/bin/python3 -W ignore:setup.py install is deprecated -W ignore:easy_install command is deprecated setup.py egg_info --egg-base ../../build/srvcli build --build-base /home/shaalekh/Desktop/ros2_ws/build/srvcli/build install --record /home/shaalekh/Desktop/ros2_ws/build/srvcli/install.log --single-version-externally-managed install_data
[3.008s] running egg_info
[3.009s] creating ../../build/srvcli/srvcli.egg-info
[3.038s] writing ../../build/srvcli/srvcli.egg-info/PKG-INFO
[3.041s] writing dependency_links to ../../build/srvcli/srvcli.egg-info/dependency_links.txt
[3.041s] writing entry points to ../../build/srvcli/srvcli.egg-info/entry_points.txt
[3.041s] writing requirements to ../../build/srvcli/srvcli.egg-info/requires.txt
[3.041s] writing top-level names to ../../build/srvcli/srvcli.egg-info/top_level.txt
[3.042s] writing manifest file '../../build/srvcli/srvcli.egg-info/SOURCES.txt'
[3.113s] reading manifest file '../../build/srvcli/srvcli.egg-info/SOURCES.txt'
[3.114s] adding license file 'LICENSE'
[3.115s] writing manifest file '../../build/srvcli/srvcli.egg-info/SOURCES.txt'
[3.119s] running build
[3.120s] running build_py
[3.123s] creating /home/shaalekh/Desktop/ros2_ws/build/srvcli/build
[3.124s] creating /home/shaalekh/Desktop/ros2_ws/build/srvcli/build/lib
[3.124s] creating /home/shaalekh/Desktop/ros2_ws/build/srvcli/build/lib/srvcli
[3.124s] copying srvcli/cust_client.py -> /home/shaalekh/Desktop/ros2_ws/build/srvcli/build/lib/srvcli
[3.124s] copying srvcli/service_agent.py -> /home/shaalekh/Desktop/ros2_ws/build/srvcli/build/lib/srvcli
[3.125s] copying srvcli/client_agent_2.py -> /home/shaalekh/Desktop/ros2_ws/build/srvcli/build/lib/srvcli
[3.125s] copying srvcli/__init__.py -> /home/shaalekh/Desktop/ros2_ws/build/srvcli/build/lib/srvcli
[3.125s] copying srvcli/client_agent.py -> /home/shaalekh/Desktop/ros2_ws/build/srvcli/build/lib/srvcli
[3.127s] copying srvcli/cust_service.py -> /home/shaalekh/Desktop/ros2_ws/build/srvcli/build/lib/srvcli
[3.129s] running install
[3.145s] running install_lib
[3.181s] creating /home/shaalekh/Desktop/ros2_ws/install/srvcli/lib/python3.12/site-packages/srvcli
[3.184s] copying /home/shaalekh/Desktop/ros2_ws/build/srvcli/build/lib/srvcli/cust_client.py -> /home/shaalekh/Desktop/ros2_ws/install/srvcli/lib/python3.12/site-packages/srvcli
[3.184s] copying /home/shaalekh/Desktop/ros2_ws/build/srvcli/build/lib/srvcli/service_agent.py -> /home/shaalekh/Desktop/ros2_ws/install/srvcli/lib/python3.12/site-packages/srvcli
[3.185s] copying /home/shaalekh/Desktop/ros2_ws/build/srvcli/build/lib/srvcli/client_agent_2.py -> /home/shaalekh/Desktop/ros2_ws/install/srvcli/lib/python3.12/site-packages/srvcli
[3.185s] copying /home/shaalekh/Desktop/ros2_ws/build/srvcli/build/lib/srvcli/__init__.py -> /home/shaalekh/Desktop/ros2_ws/install/srvcli/lib/python3.12/site-packages/srvcli
[3.185s] copying /home/shaalekh/Desktop/ros2_ws/build/srvcli/build/lib/srvcli/client_agent.py -> /home/shaalekh/Desktop/ros2_ws/install/srvcli/lib/python3.12/site-packages/srvcli
[3.185s] copying /home/shaalekh/Desktop/ros2_ws/build/srvcli/build/lib/srvcli/cust_service.py -> /home/shaalekh/Desktop/ros2_ws/install/srvcli/lib/python3.12/site-packages/srvcli
[3.187s] byte-compiling /home/shaalekh/Desktop/ros2_ws/install/srvcli/lib/python3.12/site-packages/srvcli/cust_client.py to cust_client.cpython-312.pyc
[3.190s] byte-compiling /home/shaalekh/Desktop/ros2_ws/install/srvcli/lib/python3.12/site-packages/srvcli/service_agent.py to service_agent.cpython-312.pyc
[3.192s] byte-compiling /home/shaalekh/Desktop/ros2_ws/install/srvcli/lib/python3.12/site-packages/srvcli/client_agent_2.py to client_agent_2.cpython-312.pyc
[3.194s] byte-compiling /home/shaalekh/Desktop/ros2_ws/install/srvcli/lib/python3.12/site-packages/srvcli/__init__.py to __init__.cpython-312.pyc
[3.194s] byte-compiling /home/shaalekh/Desktop/ros2_ws/install/srvcli/lib/python3.12/site-packages/srvcli/client_agent.py to client_agent.cpython-312.pyc
[3.195s] byte-compiling /home/shaalekh/Desktop/ros2_ws/install/srvcli/lib/python3.12/site-packages/srvcli/cust_service.py to cust_service.cpython-312.pyc
[3.197s] running install_data
[3.197s] creating /home/shaalekh/Desktop/ros2_ws/install/srvcli/share/ament_index
[3.197s] creating /home/shaalekh/Desktop/ros2_ws/install/srvcli/share/ament_index/resource_index
[3.199s] creating /home/shaalekh/Desktop/ros2_ws/install/srvcli/share/ament_index/resource_index/packages
[3.199s] copying resource/srvcli -> /home/shaalekh/Desktop/ros2_ws/install/srvcli/share/ament_index/resource_index/packages
[3.199s] copying package.xml -> /home/shaalekh/Desktop/ros2_ws/install/srvcli/share/srvcli
[3.199s] running install_egg_info
[3.237s] Copying ../../build/srvcli/srvcli.egg-info to /home/shaalekh/Desktop/ros2_ws/install/srvcli/lib/python3.12/site-packages/srvcli-0.0.0-py3.12.egg-info
[3.241s] running install_scripts
[3.500s] Installing client script to /home/shaalekh/Desktop/ros2_ws/install/srvcli/lib/srvcli
[3.500s] Installing service script to /home/shaalekh/Desktop/ros2_ws/install/srvcli/lib/srvcli
[3.501s] writing list of installed files to '/home/shaalekh/Desktop/ros2_ws/build/srvcli/install.log'
[3.703s] Invoked command in '/home/shaalekh/Desktop/ros2_ws/src/srvcli' returned '0': DEBUGINFOD_URLS=https://debuginfod.ubuntu.com PYTHONPATH=/home/shaalekh/Desktop/ros2_ws/build/srvcli/prefix_override:/usr/lib/python3/dist-packages/colcon_core/task/python/colcon_distutils_commands:/home/shaalekh/Desktop/ros2_ws/install/srvcli/lib/python3.12/site-packages:${PYTHONPATH} /usr/bin/python3 -W ignore:setup.py install is deprecated -W ignore:easy_install command is deprecated setup.py egg_info --egg-base ../../build/srvcli build --build-base /home/shaalekh/Desktop/ros2_ws/build/srvcli/build install --record /home/shaalekh/Desktop/ros2_ws/build/srvcli/install.log --single-version-externally-managed install_data
