[1.196s] Invoking command in '/home/shaalekh/Desktop/ros2_ws/src/my_pack': DEBUGINFOD_URLS=https://debuginfod.ubuntu.com PYTHONPATH=/home/shaalekh/Desktop/ros2_ws/build/my_pack/prefix_override:/usr/lib/python3/dist-packages/colcon_core/task/python/colcon_distutils_commands:/home/shaalekh/Desktop/ros2_ws/install/my_pack/lib/python3.12/site-packages:${PYTHONPATH} /usr/bin/python3 -W ignore:setup.py install is deprecated -W ignore:easy_install command is deprecated setup.py egg_info --egg-base ../../build/my_pack build --build-base /home/shaalekh/Desktop/ros2_ws/build/my_pack/build install --record /home/shaalekh/Desktop/ros2_ws/build/my_pack/install.log --single-version-externally-managed install_data
[1.554s] running egg_info
[1.577s] writing ../../build/my_pack/my_pack.egg-info/PKG-INFO
[1.577s] writing dependency_links to ../../build/my_pack/my_pack.egg-info/dependency_links.txt
[1.578s] writing entry points to ../../build/my_pack/my_pack.egg-info/entry_points.txt
[1.578s] writing requirements to ../../build/my_pack/my_pack.egg-info/requires.txt
[1.579s] writing top-level names to ../../build/my_pack/my_pack.egg-info/top_level.txt
[1.631s] reading manifest file '../../build/my_pack/my_pack.egg-info/SOURCES.txt'
[1.634s] adding license file 'LICENSE'
[1.635s] writing manifest file '../../build/my_pack/my_pack.egg-info/SOURCES.txt'
[1.636s] running build
[1.636s] running build_py
[1.636s] copying my_pack/subscriber.py -> /home/shaalekh/Desktop/ros2_ws/build/my_pack/build/lib/my_pack
[1.637s] running install
[1.647s] running install_lib
[1.673s] copying /home/shaalekh/Desktop/ros2_ws/build/my_pack/build/lib/my_pack/subscriber.py -> /home/shaalekh/Desktop/ros2_ws/install/my_pack/lib/python3.12/site-packages/my_pack
[1.674s] byte-compiling /home/shaalekh/Desktop/ros2_ws/install/my_pack/lib/python3.12/site-packages/my_pack/subscriber.py to subscriber.cpython-312.pyc
[1.674s] running install_data
[1.674s] running install_egg_info
[1.700s] removing '/home/shaalekh/Desktop/ros2_ws/install/my_pack/lib/python3.12/site-packages/my_pack-0.0.0-py3.12.egg-info' (and everything under it)
[1.700s] Copying ../../build/my_pack/my_pack.egg-info to /home/shaalekh/Desktop/ros2_ws/install/my_pack/lib/python3.12/site-packages/my_pack-0.0.0-py3.12.egg-info
[1.703s] running install_scripts
[1.882s] Installing hello_world script to /home/shaalekh/Desktop/ros2_ws/install/my_pack/lib/my_pack
[1.882s] Installing publisher script to /home/shaalekh/Desktop/ros2_ws/install/my_pack/lib/my_pack
[1.883s] Installing subscriber script to /home/shaalekh/Desktop/ros2_ws/install/my_pack/lib/my_pack
[1.883s] writing list of installed files to '/home/shaalekh/Desktop/ros2_ws/build/my_pack/install.log'
[1.967s] Invoked command in '/home/shaalekh/Desktop/ros2_ws/src/my_pack' returned '0': DEBUGINFOD_URLS=https://debuginfod.ubuntu.com PYTHONPATH=/home/shaalekh/Desktop/ros2_ws/build/my_pack/prefix_override:/usr/lib/python3/dist-packages/colcon_core/task/python/colcon_distutils_commands:/home/shaalekh/Desktop/ros2_ws/install/my_pack/lib/python3.12/site-packages:${PYTHONPATH} /usr/bin/python3 -W ignore:setup.py install is deprecated -W ignore:easy_install command is deprecated setup.py egg_info --egg-base ../../build/my_pack build --build-base /home/shaalekh/Desktop/ros2_ws/build/my_pack/build install --record /home/shaalekh/Desktop/ros2_ws/build/my_pack/install.log --single-version-externally-managed install_data
