[1.292s] Invoking command in '/home/shaalekh/Desktop/ros2_ws/src/my_pack': DEBUGINFOD_URLS=https://debuginfod.ubuntu.com PYTHONPATH=/home/shaalekh/Desktop/ros2_ws/build/my_pack/prefix_override:/usr/lib/python3/dist-packages/colcon_core/task/python/colcon_distutils_commands:/home/shaalekh/Desktop/ros2_ws/install/my_pack/lib/python3.12/site-packages:${PYTHONPATH} /usr/bin/python3 -W ignore:setup.py install is deprecated -W ignore:easy_install command is deprecated setup.py egg_info --egg-base ../../build/my_pack build --build-base /home/shaalekh/Desktop/ros2_ws/build/my_pack/build install --record /home/shaalekh/Desktop/ros2_ws/build/my_pack/install.log --single-version-externally-managed install_data
[1.665s] running egg_info
[1.688s] writing ../../build/my_pack/my_pack.egg-info/PKG-INFO
[1.688s] writing dependency_links to ../../build/my_pack/my_pack.egg-info/dependency_links.txt
[1.689s] writing entry points to ../../build/my_pack/my_pack.egg-info/entry_points.txt
[1.690s] writing requirements to ../../build/my_pack/my_pack.egg-info/requires.txt
[1.690s] writing top-level names to ../../build/my_pack/my_pack.egg-info/top_level.txt
[1.749s] reading manifest file '../../build/my_pack/my_pack.egg-info/SOURCES.txt'
[1.749s] adding license file 'LICENSE'
[1.750s] writing manifest file '../../build/my_pack/my_pack.egg-info/SOURCES.txt'
[1.750s] running build
[1.750s] running build_py
[1.751s] running install
[1.761s] running install_lib
[1.785s] running install_data
[1.786s] running install_egg_info
[1.813s] removing '/home/shaalekh/Desktop/ros2_ws/install/my_pack/lib/python3.12/site-packages/my_pack-0.0.0-py3.12.egg-info' (and everything under it)
[1.816s] Copying ../../build/my_pack/my_pack.egg-info to /home/shaalekh/Desktop/ros2_ws/install/my_pack/lib/python3.12/site-packages/my_pack-0.0.0-py3.12.egg-info
[1.819s] running install_scripts
[2.002s] Installing hello_world script to /home/shaalekh/Desktop/ros2_ws/install/my_pack/lib/my_pack
[2.002s] Installing publisher script to /home/shaalekh/Desktop/ros2_ws/install/my_pack/lib/my_pack
[2.003s] Installing subscriber script to /home/shaalekh/Desktop/ros2_ws/install/my_pack/lib/my_pack
[2.003s] writing list of installed files to '/home/shaalekh/Desktop/ros2_ws/build/my_pack/install.log'
[2.094s] Invoked command in '/home/shaalekh/Desktop/ros2_ws/src/my_pack' returned '0': DEBUGINFOD_URLS=https://debuginfod.ubuntu.com PYTHONPATH=/home/shaalekh/Desktop/ros2_ws/build/my_pack/prefix_override:/usr/lib/python3/dist-packages/colcon_core/task/python/colcon_distutils_commands:/home/shaalekh/Desktop/ros2_ws/install/my_pack/lib/python3.12/site-packages:${PYTHONPATH} /usr/bin/python3 -W ignore:setup.py install is deprecated -W ignore:easy_install command is deprecated setup.py egg_info --egg-base ../../build/my_pack build --build-base /home/shaalekh/Desktop/ros2_ws/build/my_pack/build install --record /home/shaalekh/Desktop/ros2_ws/build/my_pack/install.log --single-version-externally-managed install_data
