[1.175s] Invoking command in '/home/shaalekh/Desktop/ros2_ws/src/learning_tf2': DEBUGINFOD_URLS=https://debuginfod.ubuntu.com PYTHONPATH=/home/shaalekh/Desktop/ros2_ws/build/learning_tf2/prefix_override:/usr/lib/python3/dist-packages/colcon_core/task/python/colcon_distutils_commands:/home/shaalekh/Desktop/ros2_ws/install/learning_tf2/lib/python3.12/site-packages:${PYTHONPATH} /usr/bin/python3 -W ignore:setup.py install is deprecated -W ignore:easy_install command is deprecated setup.py egg_info --egg-base ../../build/learning_tf2 build --build-base /home/shaalekh/Desktop/ros2_ws/build/learning_tf2/build install --record /home/shaalekh/Desktop/ros2_ws/build/learning_tf2/install.log --single-version-externally-managed install_data
[1.539s] running egg_info
[1.563s] writing ../../build/learning_tf2/learning_tf2.egg-info/PKG-INFO
[1.563s] writing dependency_links to ../../build/learning_tf2/learning_tf2.egg-info/dependency_links.txt
[1.564s] writing entry points to ../../build/learning_tf2/learning_tf2.egg-info/entry_points.txt
[1.565s] writing requirements to ../../build/learning_tf2/learning_tf2.egg-info/requires.txt
[1.565s] writing top-level names to ../../build/learning_tf2/learning_tf2.egg-info/top_level.txt
[1.619s] reading manifest file '../../build/learning_tf2/learning_tf2.egg-info/SOURCES.txt'
[1.619s] adding license file 'LICENSE'
[1.620s] writing manifest file '../../build/learning_tf2/learning_tf2.egg-info/SOURCES.txt'
[1.620s] running build
[1.620s] running build_py
[1.621s] running install
[1.630s] running install_lib
[1.655s] running install_data
[1.655s] copying package.xml -> /home/shaalekh/Desktop/ros2_ws/install/learning_tf2/share/learning_tf2
[1.655s] running install_egg_info
[1.682s] removing '/home/shaalekh/Desktop/ros2_ws/install/learning_tf2/lib/python3.12/site-packages/learning_tf2-0.0.0-py3.12.egg-info' (and everything under it)
[1.682s] Copying ../../build/learning_tf2/learning_tf2.egg-info to /home/shaalekh/Desktop/ros2_ws/install/learning_tf2/lib/python3.12/site-packages/learning_tf2-0.0.0-py3.12.egg-info
[1.683s] running install_scripts
[1.863s] Installing static_turtle_tf2_broadcaster script to /home/shaalekh/Desktop/ros2_ws/install/learning_tf2/lib/learning_tf2
[1.863s] Installing turtle_tf2_broadcaster script to /home/shaalekh/Desktop/ros2_ws/install/learning_tf2/lib/learning_tf2
[1.864s] writing list of installed files to '/home/shaalekh/Desktop/ros2_ws/build/learning_tf2/install.log'
[1.949s] Invoked command in '/home/shaalekh/Desktop/ros2_ws/src/learning_tf2' returned '0': DEBUGINFOD_URLS=https://debuginfod.ubuntu.com PYTHONPATH=/home/shaalekh/Desktop/ros2_ws/build/learning_tf2/prefix_override:/usr/lib/python3/dist-packages/colcon_core/task/python/colcon_distutils_commands:/home/shaalekh/Desktop/ros2_ws/install/learning_tf2/lib/python3.12/site-packages:${PYTHONPATH} /usr/bin/python3 -W ignore:setup.py install is deprecated -W ignore:easy_install command is deprecated setup.py egg_info --egg-base ../../build/learning_tf2 build --build-base /home/shaalekh/Desktop/ros2_ws/build/learning_tf2/build install --record /home/shaalekh/Desktop/ros2_ws/build/learning_tf2/install.log --single-version-externally-managed install_data
