-- The C compiler identification is GNU 13.3.0
-- The CXX compiler identification is GNU 13.3.0
-- Detecting C compiler ABI info
-- Detecting C compiler ABI info - done
-- Check for working C compiler: /usr/bin/cc - skipped
-- Detecting C compile features
-- Detecting C compile features - done
-- Detecting CXX compiler ABI info
-- Detecting CXX compiler ABI info - done
-- Check for working CXX compiler: /usr/bin/c++ - skipped
-- Detecting CXX compile features
-- Detecting CXX compile features - done
-- Found ament_cmake: 2.5.4 (/opt/ros/jazzy/share/ament_cmake/cmake)
-- Found Python3: /usr/bin/python3 (found version "3.12.3") found components: Interpreter 
-- Found geometry_msgs: 5.3.6 (/opt/ros/jazzy/share/geometry_msgs/cmake)
-- Found rosidl_generator_c: 4.6.5 (/opt/ros/jazzy/share/rosidl_generator_c/cmake)
-- Found rosidl_generator_cpp: 4.6.5 (/opt/ros/jazzy/share/rosidl_generator_cpp/cmake)
-- Using all available rosidl_typesupport_c: rosidl_typesupport_fastrtps_c;rosidl_typesupport_introspection_c
-- Using all available rosidl_typesupport_cpp: rosidl_typesupport_fastrtps_cpp;rosidl_typesupport_introspection_cpp
-- Found rosidl_default_generators: 1.6.0 (/opt/ros/jazzy/share/rosidl_default_generators/cmake)
-- Found rosidl_adapter: 4.6.5 (/opt/ros/jazzy/share/rosidl_adapter/cmake)
-- Found ament_cmake_ros: 0.12.0 (/opt/ros/jazzy/share/ament_cmake_ros/cmake)
-- Using all available rosidl_typesupport_c: rosidl_typesupport_fastrtps_c;rosidl_typesupport_introspection_c
-- Using all available rosidl_typesupport_cpp: rosidl_typesupport_fastrtps_cpp;rosidl_typesupport_introspection_cpp
-- Found python_cmake_module: 0.11.1 (/opt/ros/jazzy/share/python_cmake_module/cmake)
-- Found PythonExtra: /usr/bin/python3  
-- Found Python3: /usr/bin/python3 (found version "3.12.3") found components: Interpreter Development NumPy Development.Module Development.Embed 
-- Found ament_lint_auto: 0.17.2 (/opt/ros/jazzy/share/ament_lint_auto/cmake)
-- Added test 'cppcheck' to perform static code analysis on C / C++ code
-- Configured cppcheck include dirs: 
-- Configured cppcheck exclude dirs and/or files: 
-- Added test 'flake8' to check Python code syntax and style conventions
-- Configured 'flake8' exclude dirs and/or files: 
-- Added test 'lint_cmake' to check CMake code style
-- Added test 'pep257' to check Python code against some of the docstring style conventions in PEP 257
-- Added test 'uncrustify' to check C / C++ code style
-- Configured uncrustify additional arguments: 
-- Added test 'xmllint' to check XML markup files
-- Configuring done (7.0s)
-- Generating done (0.1s)
-- Build files have been written to: /home/shaalekh/Desktop/ros2_ws/build/customs
[  1%] [34m[1mGenerating type hashes for ROS interfaces[0m
[  1%] Built target ament_cmake_python_copy_customs
running egg_info
creating customs.egg-info
writing customs.egg-info/PKG-INFO
writing dependency_links to customs.egg-info/dependency_links.txt
writing top-level names to customs.egg-info/top_level.txt
writing manifest file 'customs.egg-info/SOURCES.txt'
[  1%] Built target customs__rosidl_generator_type_description
[  3%] [34m[1mGenerating C code for ROS interfaces[0m
[  4%] [34m[1mGenerating C++ code for ROS interfaces[0m
reading manifest file 'customs.egg-info/SOURCES.txt'
writing manifest file 'customs.egg-info/SOURCES.txt'
[  4%] Built target ament_cmake_python_build_customs_egg
[  4%] Built target customs__cpp
[  7%] [32mBuilding C object CMakeFiles/customs__rosidl_generator_c.dir/rosidl_generator_c/customs/msg/detail/sphere__description.c.o[0m
[  7%] [32mBuilding C object CMakeFiles/customs__rosidl_generator_c.dir/rosidl_generator_c/customs/msg/detail/num__description.c.o[0m
[  9%] [32mBuilding C object CMakeFiles/customs__rosidl_generator_c.dir/rosidl_generator_c/customs/msg/detail/num__type_support.c.o[0m
[ 10%] [32mBuilding C object CMakeFiles/customs__rosidl_generator_c.dir/rosidl_generator_c/customs/msg/detail/num__functions.c.o[0m
[ 12%] [32mBuilding C object CMakeFiles/customs__rosidl_generator_c.dir/rosidl_generator_c/customs/msg/detail/sphere__functions.c.o[0m
[ 14%] [32mBuilding C object CMakeFiles/customs__rosidl_generator_c.dir/rosidl_generator_c/customs/msg/detail/sphere__type_support.c.o[0m
[ 15%] [32mBuilding C object CMakeFiles/customs__rosidl_generator_c.dir/rosidl_generator_c/customs/msg/detail/address_book__description.c.o[0m
[ 17%] [32mBuilding C object CMakeFiles/customs__rosidl_generator_c.dir/rosidl_generator_c/customs/msg/detail/address_book__functions.c.o[0m
[ 18%] [32mBuilding C object CMakeFiles/customs__rosidl_generator_c.dir/rosidl_generator_c/customs/msg/detail/address_book__type_support.c.o[0m
[ 20%] [32mBuilding C object CMakeFiles/customs__rosidl_generator_c.dir/rosidl_generator_c/customs/srv/detail/add_three_ints__description.c.o[0m
[ 21%] [32mBuilding C object CMakeFiles/customs__rosidl_generator_c.dir/rosidl_generator_c/customs/srv/detail/add_three_ints__functions.c.o[0m
[ 23%] [32mBuilding C object CMakeFiles/customs__rosidl_generator_c.dir/rosidl_generator_c/customs/srv/detail/add_three_ints__type_support.c.o[0m
[ 25%] [32m[1mLinking C shared library libcustoms__rosidl_generator_c.so[0m
[ 25%] Built target customs__rosidl_generator_c
[ 26%] [34m[1mGenerating C++ type support dispatch for ROS interfaces[0m
[ 28%] [34m[1mGenerating C type support for eProsima Fast-RTPS[0m
[ 29%] [34m[1mGenerating C++ type support for eProsima Fast-RTPS[0m
[ 31%] [34m[1mGenerating C introspection for ROS interfaces[0m
[ 32%] [32mBuilding CXX object CMakeFiles/customs__rosidl_typesupport_cpp.dir/rosidl_typesupport_cpp/customs/msg/num__type_support.cpp.o[0m
[ 34%] [32mBuilding C object CMakeFiles/customs__rosidl_typesupport_introspection_c.dir/rosidl_typesupport_introspection_c/customs/msg/detail/num__type_support.c.o[0m
[ 35%] [32mBuilding C object CMakeFiles/customs__rosidl_typesupport_introspection_c.dir/rosidl_typesupport_introspection_c/customs/msg/detail/sphere__type_support.c.o[0m
[ 37%] [32mBuilding C object CMakeFiles/customs__rosidl_typesupport_introspection_c.dir/rosidl_typesupport_introspection_c/customs/msg/detail/address_book__type_support.c.o[0m
[ 39%] [32mBuilding CXX object CMakeFiles/customs__rosidl_typesupport_fastrtps_cpp.dir/rosidl_typesupport_fastrtps_cpp/customs/msg/detail/dds_fastrtps/num__type_support.cpp.o[0m
[ 40%] [32mBuilding C object CMakeFiles/customs__rosidl_typesupport_introspection_c.dir/rosidl_typesupport_introspection_c/customs/srv/detail/add_three_ints__type_support.c.o[0m
[ 42%] [32mBuilding CXX object CMakeFiles/customs__rosidl_typesupport_fastrtps_c.dir/rosidl_typesupport_fastrtps_c/customs/msg/detail/num__type_support_c.cpp.o[0m
[ 43%] [32m[1mLinking C shared library libcustoms__rosidl_typesupport_introspection_c.so[0m
[ 45%] [32mBuilding CXX object CMakeFiles/customs__rosidl_typesupport_cpp.dir/rosidl_typesupport_cpp/customs/msg/sphere__type_support.cpp.o[0m
[ 45%] Built target customs__rosidl_typesupport_introspection_c
[ 46%] [32mBuilding CXX object CMakeFiles/customs__rosidl_typesupport_fastrtps_c.dir/rosidl_typesupport_fastrtps_c/customs/msg/detail/sphere__type_support_c.cpp.o[0m
[ 48%] [32mBuilding CXX object CMakeFiles/customs__rosidl_typesupport_fastrtps_cpp.dir/rosidl_typesupport_fastrtps_cpp/customs/msg/detail/dds_fastrtps/sphere__type_support.cpp.o[0m
[ 50%] [32mBuilding CXX object CMakeFiles/customs__rosidl_typesupport_cpp.dir/rosidl_typesupport_cpp/customs/msg/address_book__type_support.cpp.o[0m
[ 51%] [32mBuilding CXX object CMakeFiles/customs__rosidl_typesupport_cpp.dir/rosidl_typesupport_cpp/customs/srv/add_three_ints__type_support.cpp.o[0m
[ 53%] [32mBuilding CXX object CMakeFiles/customs__rosidl_typesupport_fastrtps_c.dir/rosidl_typesupport_fastrtps_c/customs/msg/detail/address_book__type_support_c.cpp.o[0m
[ 54%] [34m[1mGenerating C type support dispatch for ROS interfaces[0m
[ 56%] [32mBuilding CXX object CMakeFiles/customs__rosidl_typesupport_fastrtps_cpp.dir/rosidl_typesupport_fastrtps_cpp/customs/msg/detail/dds_fastrtps/address_book__type_support.cpp.o[0m
[ 57%] [32m[1mLinking CXX shared library libcustoms__rosidl_typesupport_cpp.so[0m
[ 57%] Built target customs__rosidl_typesupport_cpp
[ 59%] [32mBuilding CXX object CMakeFiles/customs__rosidl_typesupport_fastrtps_cpp.dir/rosidl_typesupport_fastrtps_cpp/customs/srv/detail/dds_fastrtps/add_three_ints__type_support.cpp.o[0m
[ 60%] [32mBuilding CXX object CMakeFiles/customs__rosidl_typesupport_fastrtps_c.dir/rosidl_typesupport_fastrtps_c/customs/srv/detail/add_three_ints__type_support_c.cpp.o[0m
[ 62%] [32mBuilding CXX object CMakeFiles/customs__rosidl_typesupport_c.dir/rosidl_typesupport_c/customs/msg/num__type_support.cpp.o[0m
[ 64%] [32mBuilding CXX object CMakeFiles/customs__rosidl_typesupport_c.dir/rosidl_typesupport_c/customs/msg/sphere__type_support.cpp.o[0m
[ 65%] [32mBuilding CXX object CMakeFiles/customs__rosidl_typesupport_c.dir/rosidl_typesupport_c/customs/msg/address_book__type_support.cpp.o[0m
[ 67%] [34m[1mGenerating C++ introspection for ROS interfaces[0m
[ 68%] [32mBuilding CXX object CMakeFiles/customs__rosidl_typesupport_c.dir/rosidl_typesupport_c/customs/srv/add_three_ints__type_support.cpp.o[0m
[ 70%] [32m[1mLinking CXX shared library libcustoms__rosidl_typesupport_c.so[0m
[ 70%] Built target customs__rosidl_typesupport_c
[ 71%] [32m[1mLinking CXX shared library libcustoms__rosidl_typesupport_fastrtps_cpp.so[0m
[ 73%] [32m[1mLinking CXX shared library libcustoms__rosidl_typesupport_fastrtps_c.so[0m
[ 75%] [32mBuilding CXX object CMakeFiles/customs__rosidl_typesupport_introspection_cpp.dir/rosidl_typesupport_introspection_cpp/customs/msg/detail/num__type_support.cpp.o[0m
[ 76%] [32mBuilding CXX object CMakeFiles/customs__rosidl_typesupport_introspection_cpp.dir/rosidl_typesupport_introspection_cpp/customs/msg/detail/sphere__type_support.cpp.o[0m
[ 76%] Built target customs__rosidl_typesupport_fastrtps_c
[ 78%] [32mBuilding CXX object CMakeFiles/customs__rosidl_typesupport_introspection_cpp.dir/rosidl_typesupport_introspection_cpp/customs/msg/detail/address_book__type_support.cpp.o[0m
[ 78%] Built target customs__rosidl_typesupport_fastrtps_cpp
[ 79%] [32mBuilding CXX object CMakeFiles/customs__rosidl_typesupport_introspection_cpp.dir/rosidl_typesupport_introspection_cpp/customs/srv/detail/add_three_ints__type_support.cpp.o[0m
[ 81%] [32m[1mLinking CXX shared library libcustoms__rosidl_typesupport_introspection_cpp.so[0m
[ 81%] Built target customs__rosidl_typesupport_introspection_cpp
[ 81%] Built target customs
[ 82%] [34m[1mGenerating Python code for ROS interfaces[0m
[ 82%] Built target customs__py
[ 87%] [32mBuilding C object CMakeFiles/customs__rosidl_generator_py.dir/rosidl_generator_py/customs/msg/_num_s.c.o[0m
[ 89%] [32mBuilding C object CMakeFiles/customs__rosidl_generator_py.dir/rosidl_generator_py/customs/srv/_add_three_ints_s.c.o[0m
[ 89%] [32mBuilding C object CMakeFiles/customs__rosidl_generator_py.dir/rosidl_generator_py/customs/msg/_address_book_s.c.o[0m
[ 89%] [32mBuilding C object CMakeFiles/customs__rosidl_generator_py.dir/rosidl_generator_py/customs/msg/_sphere_s.c.o[0m
[ 90%] [32m[1mLinking C shared library libcustoms__rosidl_generator_py.so[0m
[ 90%] Built target customs__rosidl_generator_py
[ 95%] [32mBuilding C object CMakeFiles/customs_s__rosidl_typesupport_fastrtps_c.dir/rosidl_generator_py/customs/_customs_s.ep.rosidl_typesupport_fastrtps_c.c.o[0m
[ 95%] [32mBuilding C object CMakeFiles/customs_s__rosidl_typesupport_introspection_c.dir/rosidl_generator_py/customs/_customs_s.ep.rosidl_typesupport_introspection_c.c.o[0m
[ 95%] [32mBuilding C object CMakeFiles/customs_s__rosidl_typesupport_c.dir/rosidl_generator_py/customs/_customs_s.ep.rosidl_typesupport_c.c.o[0m
[ 98%] [32m[1mLinking C shared module rosidl_generator_py/customs/customs_s__rosidl_typesupport_introspection_c.so[0m
[ 98%] [32m[1mLinking C shared module rosidl_generator_py/customs/customs_s__rosidl_typesupport_c.so[0m
[100%] [32m[1mLinking C shared module rosidl_generator_py/customs/customs_s__rosidl_typesupport_fastrtps_c.so[0m
[100%] Built target customs_s__rosidl_typesupport_introspection_c
[100%] Built target customs_s__rosidl_typesupport_c
[100%] Built target customs_s__rosidl_typesupport_fastrtps_c
-- Install configuration: ""
-- Installing: /home/shaalekh/Desktop/ros2_ws/install/customs/share/ament_index/resource_index/rosidl_interfaces/customs
-- Installing: /home/shaalekh/Desktop/ros2_ws/install/customs/share/customs/msg/Num.json
-- Installing: /home/shaalekh/Desktop/ros2_ws/install/customs/share/customs/msg/Sphere.json
-- Installing: /home/shaalekh/Desktop/ros2_ws/install/customs/share/customs/msg/AddressBook.json
-- Installing: /home/shaalekh/Desktop/ros2_ws/install/customs/share/customs/srv/AddThreeInts.json
-- Installing: /home/shaalekh/Desktop/ros2_ws/install/customs/include/customs/customs
-- Installing: /home/shaalekh/Desktop/ros2_ws/install/customs/include/customs/customs/srv
-- Installing: /home/shaalekh/Desktop/ros2_ws/install/customs/include/customs/customs/srv/add_three_ints.h
-- Installing: /home/shaalekh/Desktop/ros2_ws/install/customs/include/customs/customs/srv/detail
-- Installing: /home/shaalekh/Desktop/ros2_ws/install/customs/include/customs/customs/srv/detail/add_three_ints__description.c
-- Installing: /home/shaalekh/Desktop/ros2_ws/install/customs/include/customs/customs/srv/detail/add_three_ints__functions.c
-- Installing: /home/shaalekh/Desktop/ros2_ws/install/customs/include/customs/customs/srv/detail/add_three_ints__type_support.h
-- Installing: /home/shaalekh/Desktop/ros2_ws/install/customs/include/customs/customs/srv/detail/add_three_ints__struct.h
-- Installing: /home/shaalekh/Desktop/ros2_ws/install/customs/include/customs/customs/srv/detail/add_three_ints__functions.h
-- Installing: /home/shaalekh/Desktop/ros2_ws/install/customs/include/customs/customs/srv/detail/add_three_ints__type_support.c
-- Installing: /home/shaalekh/Desktop/ros2_ws/install/customs/include/customs/customs/msg
-- Installing: /home/shaalekh/Desktop/ros2_ws/install/customs/include/customs/customs/msg/rosidl_generator_c__visibility_control.h
-- Installing: /home/shaalekh/Desktop/ros2_ws/install/customs/include/customs/customs/msg/detail
-- Installing: /home/shaalekh/Desktop/ros2_ws/install/customs/include/customs/customs/msg/detail/num__struct.h
-- Installing: /home/shaalekh/Desktop/ros2_ws/install/customs/include/customs/customs/msg/detail/num__functions.h
-- Installing: /home/shaalekh/Desktop/ros2_ws/install/customs/include/customs/customs/msg/detail/sphere__type_support.c
-- Installing: /home/shaalekh/Desktop/ros2_ws/install/customs/include/customs/customs/msg/detail/num__type_support.h
-- Installing: /home/shaalekh/Desktop/ros2_ws/install/customs/include/customs/customs/msg/detail/address_book__functions.h
-- Installing: /home/shaalekh/Desktop/ros2_ws/install/customs/include/customs/customs/msg/detail/address_book__description.c
-- Installing: /home/shaalekh/Desktop/ros2_ws/install/customs/include/customs/customs/msg/detail/address_book__type_support.h
-- Installing: /home/shaalekh/Desktop/ros2_ws/install/customs/include/customs/customs/msg/detail/num__functions.c
-- Installing: /home/shaalekh/Desktop/ros2_ws/install/customs/include/customs/customs/msg/detail/address_book__struct.h
-- Installing: /home/shaalekh/Desktop/ros2_ws/install/customs/include/customs/customs/msg/detail/num__description.c
-- Installing: /home/shaalekh/Desktop/ros2_ws/install/customs/include/customs/customs/msg/detail/sphere__type_support.h
-- Installing: /home/shaalekh/Desktop/ros2_ws/install/customs/include/customs/customs/msg/detail/address_book__type_support.c
-- Installing: /home/shaalekh/Desktop/ros2_ws/install/customs/include/customs/customs/msg/detail/sphere__struct.h
-- Installing: /home/shaalekh/Desktop/ros2_ws/install/customs/include/customs/customs/msg/detail/sphere__functions.c
-- Installing: /home/shaalekh/Desktop/ros2_ws/install/customs/include/customs/customs/msg/detail/address_book__functions.c
-- Installing: /home/shaalekh/Desktop/ros2_ws/install/customs/include/customs/customs/msg/detail/sphere__functions.h
-- Installing: /home/shaalekh/Desktop/ros2_ws/install/customs/include/customs/customs/msg/detail/num__type_support.c
-- Installing: /home/shaalekh/Desktop/ros2_ws/install/customs/include/customs/customs/msg/detail/sphere__description.c
-- Installing: /home/shaalekh/Desktop/ros2_ws/install/customs/include/customs/customs/msg/num.h
-- Installing: /home/shaalekh/Desktop/ros2_ws/install/customs/include/customs/customs/msg/address_book.h
-- Installing: /home/shaalekh/Desktop/ros2_ws/install/customs/include/customs/customs/msg/sphere.h
-- Installing: /home/shaalekh/Desktop/ros2_ws/install/customs/share/customs/environment/library_path.sh
-- Installing: /home/shaalekh/Desktop/ros2_ws/install/customs/share/customs/environment/library_path.dsv
-- Installing: /home/shaalekh/Desktop/ros2_ws/install/customs/lib/libcustoms__rosidl_generator_c.so
-- Set non-toolchain portion of runtime path of "/home/shaalekh/Desktop/ros2_ws/install/customs/lib/libcustoms__rosidl_generator_c.so" to ""
-- Up-to-date: /home/shaalekh/Desktop/ros2_ws/install/customs/include/customs/customs
-- Up-to-date: /home/shaalekh/Desktop/ros2_ws/install/customs/include/customs/customs/srv
-- Up-to-date: /home/shaalekh/Desktop/ros2_ws/install/customs/include/customs/customs/srv/detail
-- Installing: /home/shaalekh/Desktop/ros2_ws/install/customs/include/customs/customs/srv/detail/add_three_ints__rosidl_typesupport_fastrtps_c.h
-- Up-to-date: /home/shaalekh/Desktop/ros2_ws/install/customs/include/customs/customs/msg
-- Installing: /home/shaalekh/Desktop/ros2_ws/install/customs/include/customs/customs/msg/rosidl_typesupport_fastrtps_c__visibility_control.h
-- Up-to-date: /home/shaalekh/Desktop/ros2_ws/install/customs/include/customs/customs/msg/detail
-- Installing: /home/shaalekh/Desktop/ros2_ws/install/customs/include/customs/customs/msg/detail/sphere__rosidl_typesupport_fastrtps_c.h
-- Installing: /home/shaalekh/Desktop/ros2_ws/install/customs/include/customs/customs/msg/detail/address_book__rosidl_typesupport_fastrtps_c.h
-- Installing: /home/shaalekh/Desktop/ros2_ws/install/customs/include/customs/customs/msg/detail/num__rosidl_typesupport_fastrtps_c.h
-- Installing: /home/shaalekh/Desktop/ros2_ws/install/customs/lib/libcustoms__rosidl_typesupport_fastrtps_c.so
-- Set non-toolchain portion of runtime path of "/home/shaalekh/Desktop/ros2_ws/install/customs/lib/libcustoms__rosidl_typesupport_fastrtps_c.so" to ""
-- Up-to-date: /home/shaalekh/Desktop/ros2_ws/install/customs/include/customs/customs
-- Up-to-date: /home/shaalekh/Desktop/ros2_ws/install/customs/include/customs/customs/srv
-- Up-to-date: /home/shaalekh/Desktop/ros2_ws/install/customs/include/customs/customs/srv/detail
-- Installing: /home/shaalekh/Desktop/ros2_ws/install/customs/include/customs/customs/srv/detail/add_three_ints__builder.hpp
-- Installing: /home/shaalekh/Desktop/ros2_ws/install/customs/include/customs/customs/srv/detail/add_three_ints__struct.hpp
-- Installing: /home/shaalekh/Desktop/ros2_ws/install/customs/include/customs/customs/srv/detail/add_three_ints__type_support.hpp
-- Installing: /home/shaalekh/Desktop/ros2_ws/install/customs/include/customs/customs/srv/detail/add_three_ints__traits.hpp
-- Installing: /home/shaalekh/Desktop/ros2_ws/install/customs/include/customs/customs/srv/add_three_ints.hpp
-- Up-to-date: /home/shaalekh/Desktop/ros2_ws/install/customs/include/customs/customs/msg
-- Installing: /home/shaalekh/Desktop/ros2_ws/install/customs/include/customs/customs/msg/sphere.hpp
-- Up-to-date: /home/shaalekh/Desktop/ros2_ws/install/customs/include/customs/customs/msg/detail
-- Installing: /home/shaalekh/Desktop/ros2_ws/install/customs/include/customs/customs/msg/detail/sphere__traits.hpp
-- Installing: /home/shaalekh/Desktop/ros2_ws/install/customs/include/customs/customs/msg/detail/sphere__builder.hpp
-- Installing: /home/shaalekh/Desktop/ros2_ws/install/customs/include/customs/customs/msg/detail/address_book__traits.hpp
-- Installing: /home/shaalekh/Desktop/ros2_ws/install/customs/include/customs/customs/msg/detail/sphere__struct.hpp
-- Installing: /home/shaalekh/Desktop/ros2_ws/install/customs/include/customs/customs/msg/detail/address_book__builder.hpp
-- Installing: /home/shaalekh/Desktop/ros2_ws/install/customs/include/customs/customs/msg/detail/address_book__type_support.hpp
-- Installing: /home/shaalekh/Desktop/ros2_ws/install/customs/include/customs/customs/msg/detail/num__struct.hpp
-- Installing: /home/shaalekh/Desktop/ros2_ws/install/customs/include/customs/customs/msg/detail/num__builder.hpp
-- Installing: /home/shaalekh/Desktop/ros2_ws/install/customs/include/customs/customs/msg/detail/num__type_support.hpp
-- Installing: /home/shaalekh/Desktop/ros2_ws/install/customs/include/customs/customs/msg/detail/sphere__type_support.hpp
-- Installing: /home/shaalekh/Desktop/ros2_ws/install/customs/include/customs/customs/msg/detail/address_book__struct.hpp
-- Installing: /home/shaalekh/Desktop/ros2_ws/install/customs/include/customs/customs/msg/detail/num__traits.hpp
-- Installing: /home/shaalekh/Desktop/ros2_ws/install/customs/include/customs/customs/msg/address_book.hpp
-- Installing: /home/shaalekh/Desktop/ros2_ws/install/customs/include/customs/customs/msg/num.hpp
-- Installing: /home/shaalekh/Desktop/ros2_ws/install/customs/include/customs/customs/msg/rosidl_generator_cpp__visibility_control.hpp
-- Up-to-date: /home/shaalekh/Desktop/ros2_ws/install/customs/include/customs/customs
-- Up-to-date: /home/shaalekh/Desktop/ros2_ws/install/customs/include/customs/customs/srv
-- Up-to-date: /home/shaalekh/Desktop/ros2_ws/install/customs/include/customs/customs/srv/detail
-- Installing: /home/shaalekh/Desktop/ros2_ws/install/customs/include/customs/customs/srv/detail/add_three_ints__rosidl_typesupport_fastrtps_cpp.hpp
-- Installing: /home/shaalekh/Desktop/ros2_ws/install/customs/include/customs/customs/srv/detail/dds_fastrtps
-- Up-to-date: /home/shaalekh/Desktop/ros2_ws/install/customs/include/customs/customs/msg
-- Up-to-date: /home/shaalekh/Desktop/ros2_ws/install/customs/include/customs/customs/msg/detail
-- Installing: /home/shaalekh/Desktop/ros2_ws/install/customs/include/customs/customs/msg/detail/address_book__rosidl_typesupport_fastrtps_cpp.hpp
-- Installing: /home/shaalekh/Desktop/ros2_ws/install/customs/include/customs/customs/msg/detail/num__rosidl_typesupport_fastrtps_cpp.hpp
-- Installing: /home/shaalekh/Desktop/ros2_ws/install/customs/include/customs/customs/msg/detail/dds_fastrtps
-- Installing: /home/shaalekh/Desktop/ros2_ws/install/customs/include/customs/customs/msg/detail/sphere__rosidl_typesupport_fastrtps_cpp.hpp
-- Installing: /home/shaalekh/Desktop/ros2_ws/install/customs/include/customs/customs/msg/rosidl_typesupport_fastrtps_cpp__visibility_control.h
-- Installing: /home/shaalekh/Desktop/ros2_ws/install/customs/lib/libcustoms__rosidl_typesupport_fastrtps_cpp.so
-- Set non-toolchain portion of runtime path of "/home/shaalekh/Desktop/ros2_ws/install/customs/lib/libcustoms__rosidl_typesupport_fastrtps_cpp.so" to ""
-- Up-to-date: /home/shaalekh/Desktop/ros2_ws/install/customs/include/customs/customs
-- Up-to-date: /home/shaalekh/Desktop/ros2_ws/install/customs/include/customs/customs/srv
-- Up-to-date: /home/shaalekh/Desktop/ros2_ws/install/customs/include/customs/customs/srv/detail
-- Installing: /home/shaalekh/Desktop/ros2_ws/install/customs/include/customs/customs/srv/detail/add_three_ints__rosidl_typesupport_introspection_c.h
-- Installing: /home/shaalekh/Desktop/ros2_ws/install/customs/include/customs/customs/srv/detail/add_three_ints__type_support.c
-- Up-to-date: /home/shaalekh/Desktop/ros2_ws/install/customs/include/customs/customs/msg
-- Up-to-date: /home/shaalekh/Desktop/ros2_ws/install/customs/include/customs/customs/msg/detail
-- Installing: /home/shaalekh/Desktop/ros2_ws/install/customs/include/customs/customs/msg/detail/sphere__rosidl_typesupport_introspection_c.h
-- Installing: /home/shaalekh/Desktop/ros2_ws/install/customs/include/customs/customs/msg/detail/num__rosidl_typesupport_introspection_c.h
-- Installing: /home/shaalekh/Desktop/ros2_ws/install/customs/include/customs/customs/msg/detail/sphere__type_support.c
-- Installing: /home/shaalekh/Desktop/ros2_ws/install/customs/include/customs/customs/msg/detail/address_book__rosidl_typesupport_introspection_c.h
-- Installing: /home/shaalekh/Desktop/ros2_ws/install/customs/include/customs/customs/msg/detail/address_book__type_support.c
-- Installing: /home/shaalekh/Desktop/ros2_ws/install/customs/include/customs/customs/msg/detail/num__type_support.c
-- Installing: /home/shaalekh/Desktop/ros2_ws/install/customs/include/customs/customs/msg/rosidl_typesupport_introspection_c__visibility_control.h
-- Installing: /home/shaalekh/Desktop/ros2_ws/install/customs/lib/libcustoms__rosidl_typesupport_introspection_c.so
-- Set non-toolchain portion of runtime path of "/home/shaalekh/Desktop/ros2_ws/install/customs/lib/libcustoms__rosidl_typesupport_introspection_c.so" to ""
-- Installing: /home/shaalekh/Desktop/ros2_ws/install/customs/lib/libcustoms__rosidl_typesupport_c.so
-- Set non-toolchain portion of runtime path of "/home/shaalekh/Desktop/ros2_ws/install/customs/lib/libcustoms__rosidl_typesupport_c.so" to ""
-- Up-to-date: /home/shaalekh/Desktop/ros2_ws/install/customs/include/customs/customs
-- Up-to-date: /home/shaalekh/Desktop/ros2_ws/install/customs/include/customs/customs/srv
-- Up-to-date: /home/shaalekh/Desktop/ros2_ws/install/customs/include/customs/customs/srv/detail
-- Installing: /home/shaalekh/Desktop/ros2_ws/install/customs/include/customs/customs/srv/detail/add_three_ints__type_support.cpp
-- Installing: /home/shaalekh/Desktop/ros2_ws/install/customs/include/customs/customs/srv/detail/add_three_ints__rosidl_typesupport_introspection_cpp.hpp
-- Up-to-date: /home/shaalekh/Desktop/ros2_ws/install/customs/include/customs/customs/msg
-- Up-to-date: /home/shaalekh/Desktop/ros2_ws/install/customs/include/customs/customs/msg/detail
-- Installing: /home/shaalekh/Desktop/ros2_ws/install/customs/include/customs/customs/msg/detail/address_book__type_support.cpp
-- Installing: /home/shaalekh/Desktop/ros2_ws/install/customs/include/customs/customs/msg/detail/num__rosidl_typesupport_introspection_cpp.hpp
-- Installing: /home/shaalekh/Desktop/ros2_ws/install/customs/include/customs/customs/msg/detail/num__type_support.cpp
-- Installing: /home/shaalekh/Desktop/ros2_ws/install/customs/include/customs/customs/msg/detail/sphere__rosidl_typesupport_introspection_cpp.hpp
-- Installing: /home/shaalekh/Desktop/ros2_ws/install/customs/include/customs/customs/msg/detail/address_book__rosidl_typesupport_introspection_cpp.hpp
-- Installing: /home/shaalekh/Desktop/ros2_ws/install/customs/include/customs/customs/msg/detail/sphere__type_support.cpp
-- Installing: /home/shaalekh/Desktop/ros2_ws/install/customs/lib/libcustoms__rosidl_typesupport_introspection_cpp.so
-- Set non-toolchain portion of runtime path of "/home/shaalekh/Desktop/ros2_ws/install/customs/lib/libcustoms__rosidl_typesupport_introspection_cpp.so" to ""
-- Installing: /home/shaalekh/Desktop/ros2_ws/install/customs/lib/libcustoms__rosidl_typesupport_cpp.so
-- Set non-toolchain portion of runtime path of "/home/shaalekh/Desktop/ros2_ws/install/customs/lib/libcustoms__rosidl_typesupport_cpp.so" to ""
-- Installing: /home/shaalekh/Desktop/ros2_ws/install/customs/share/customs/environment/pythonpath.sh
-- Installing: /home/shaalekh/Desktop/ros2_ws/install/customs/share/customs/environment/pythonpath.dsv
-- Installing: /home/shaalekh/Desktop/ros2_ws/install/customs/lib/python3.12/site-packages/customs-0.0.0-py3.12.egg-info
-- Installing: /home/shaalekh/Desktop/ros2_ws/install/customs/lib/python3.12/site-packages/customs-0.0.0-py3.12.egg-info/dependency_links.txt
-- Installing: /home/shaalekh/Desktop/ros2_ws/install/customs/lib/python3.12/site-packages/customs-0.0.0-py3.12.egg-info/PKG-INFO
-- Installing: /home/shaalekh/Desktop/ros2_ws/install/customs/lib/python3.12/site-packages/customs-0.0.0-py3.12.egg-info/top_level.txt
-- Installing: /home/shaalekh/Desktop/ros2_ws/install/customs/lib/python3.12/site-packages/customs-0.0.0-py3.12.egg-info/SOURCES.txt
-- Installing: /home/shaalekh/Desktop/ros2_ws/install/customs/lib/python3.12/site-packages/customs
-- Installing: /home/shaalekh/Desktop/ros2_ws/install/customs/lib/python3.12/site-packages/customs/_customs_s.ep.rosidl_typesupport_introspection_c.c
-- Installing: /home/shaalekh/Desktop/ros2_ws/install/customs/lib/python3.12/site-packages/customs/customs_s__rosidl_typesupport_fastrtps_c.so
-- Installing: /home/shaalekh/Desktop/ros2_ws/install/customs/lib/python3.12/site-packages/customs/srv
-- Installing: /home/shaalekh/Desktop/ros2_ws/install/customs/lib/python3.12/site-packages/customs/srv/_add_three_ints.py
-- Installing: /home/shaalekh/Desktop/ros2_ws/install/customs/lib/python3.12/site-packages/customs/srv/_add_three_ints_s.c
-- Installing: /home/shaalekh/Desktop/ros2_ws/install/customs/lib/python3.12/site-packages/customs/srv/__init__.py
-- Installing: /home/shaalekh/Desktop/ros2_ws/install/customs/lib/python3.12/site-packages/customs/_customs_s.ep.rosidl_typesupport_fastrtps_c.c
-- Installing: /home/shaalekh/Desktop/ros2_ws/install/customs/lib/python3.12/site-packages/customs/customs_s__rosidl_typesupport_c.so
-- Installing: /home/shaalekh/Desktop/ros2_ws/install/customs/lib/python3.12/site-packages/customs/__init__.py
-- Installing: /home/shaalekh/Desktop/ros2_ws/install/customs/lib/python3.12/site-packages/customs/_customs_s.ep.rosidl_typesupport_c.c
-- Installing: /home/shaalekh/Desktop/ros2_ws/install/customs/lib/python3.12/site-packages/customs/msg
-- Installing: /home/shaalekh/Desktop/ros2_ws/install/customs/lib/python3.12/site-packages/customs/msg/_address_book_s.c
-- Installing: /home/shaalekh/Desktop/ros2_ws/install/customs/lib/python3.12/site-packages/customs/msg/_sphere_s.c
-- Installing: /home/shaalekh/Desktop/ros2_ws/install/customs/lib/python3.12/site-packages/customs/msg/_num_s.c
-- Installing: /home/shaalekh/Desktop/ros2_ws/install/customs/lib/python3.12/site-packages/customs/msg/_sphere.py
-- Installing: /home/shaalekh/Desktop/ros2_ws/install/customs/lib/python3.12/site-packages/customs/msg/__init__.py
-- Installing: /home/shaalekh/Desktop/ros2_ws/install/customs/lib/python3.12/site-packages/customs/msg/_address_book.py
-- Installing: /home/shaalekh/Desktop/ros2_ws/install/customs/lib/python3.12/site-packages/customs/msg/_num.py
-- Installing: /home/shaalekh/Desktop/ros2_ws/install/customs/lib/python3.12/site-packages/customs/customs_s__rosidl_typesupport_introspection_c.so
Listing '/home/shaalekh/Desktop/ros2_ws/install/customs/lib/python3.12/site-packages/customs'...
Compiling '/home/shaalekh/Desktop/ros2_ws/install/customs/lib/python3.12/site-packages/customs/__init__.py'...
Listing '/home/shaalekh/Desktop/ros2_ws/install/customs/lib/python3.12/site-packages/customs/msg'...
Compiling '/home/shaalekh/Desktop/ros2_ws/install/customs/lib/python3.12/site-packages/customs/msg/__init__.py'...
Compiling '/home/shaalekh/Desktop/ros2_ws/install/customs/lib/python3.12/site-packages/customs/msg/_address_book.py'...
Compiling '/home/shaalekh/Desktop/ros2_ws/install/customs/lib/python3.12/site-packages/customs/msg/_num.py'...
Compiling '/home/shaalekh/Desktop/ros2_ws/install/customs/lib/python3.12/site-packages/customs/msg/_sphere.py'...
Listing '/home/shaalekh/Desktop/ros2_ws/install/customs/lib/python3.12/site-packages/customs/srv'...
Compiling '/home/shaalekh/Desktop/ros2_ws/install/customs/lib/python3.12/site-packages/customs/srv/__init__.py'...
Compiling '/home/shaalekh/Desktop/ros2_ws/install/customs/lib/python3.12/site-packages/customs/srv/_add_three_ints.py'...
-- Installing: /home/shaalekh/Desktop/ros2_ws/install/customs/lib/python3.12/site-packages/customs/customs_s__rosidl_typesupport_fastrtps_c.so
-- Set non-toolchain portion of runtime path of "/home/shaalekh/Desktop/ros2_ws/install/customs/lib/python3.12/site-packages/customs/customs_s__rosidl_typesupport_fastrtps_c.so" to ""
-- Installing: /home/shaalekh/Desktop/ros2_ws/install/customs/lib/python3.12/site-packages/customs/customs_s__rosidl_typesupport_introspection_c.so
-- Set non-toolchain portion of runtime path of "/home/shaalekh/Desktop/ros2_ws/install/customs/lib/python3.12/site-packages/customs/customs_s__rosidl_typesupport_introspection_c.so" to ""
-- Installing: /home/shaalekh/Desktop/ros2_ws/install/customs/lib/python3.12/site-packages/customs/customs_s__rosidl_typesupport_c.so
-- Set non-toolchain portion of runtime path of "/home/shaalekh/Desktop/ros2_ws/install/customs/lib/python3.12/site-packages/customs/customs_s__rosidl_typesupport_c.so" to ""
-- Installing: /home/shaalekh/Desktop/ros2_ws/install/customs/lib/libcustoms__rosidl_generator_py.so
-- Set non-toolchain portion of runtime path of "/home/shaalekh/Desktop/ros2_ws/install/customs/lib/libcustoms__rosidl_generator_py.so" to ""
-- Installing: /home/shaalekh/Desktop/ros2_ws/install/customs/share/customs/msg/Num.idl
-- Installing: /home/shaalekh/Desktop/ros2_ws/install/customs/share/customs/msg/Sphere.idl
-- Installing: /home/shaalekh/Desktop/ros2_ws/install/customs/share/customs/msg/AddressBook.idl
-- Installing: /home/shaalekh/Desktop/ros2_ws/install/customs/share/customs/srv/AddThreeInts.idl
-- Installing: /home/shaalekh/Desktop/ros2_ws/install/customs/share/customs/msg/Num.msg
-- Installing: /home/shaalekh/Desktop/ros2_ws/install/customs/share/customs/msg/Sphere.msg
-- Installing: /home/shaalekh/Desktop/ros2_ws/install/customs/share/customs/msg/AddressBook.msg
-- Installing: /home/shaalekh/Desktop/ros2_ws/install/customs/share/customs/srv/AddThreeInts.srv
-- Installing: /home/shaalekh/Desktop/ros2_ws/install/customs/share/ament_index/resource_index/package_run_dependencies/customs
-- Installing: /home/shaalekh/Desktop/ros2_ws/install/customs/share/ament_index/resource_index/parent_prefix_path/customs
-- Installing: /home/shaalekh/Desktop/ros2_ws/install/customs/share/customs/environment/ament_prefix_path.sh
-- Installing: /home/shaalekh/Desktop/ros2_ws/install/customs/share/customs/environment/ament_prefix_path.dsv
-- Installing: /home/shaalekh/Desktop/ros2_ws/install/customs/share/customs/environment/path.sh
-- Installing: /home/shaalekh/Desktop/ros2_ws/install/customs/share/customs/environment/path.dsv
-- Installing: /home/shaalekh/Desktop/ros2_ws/install/customs/share/customs/local_setup.bash
-- Installing: /home/shaalekh/Desktop/ros2_ws/install/customs/share/customs/local_setup.sh
-- Installing: /home/shaalekh/Desktop/ros2_ws/install/customs/share/customs/local_setup.zsh
-- Installing: /home/shaalekh/Desktop/ros2_ws/install/customs/share/customs/local_setup.dsv
-- Installing: /home/shaalekh/Desktop/ros2_ws/install/customs/share/customs/package.dsv
-- Installing: /home/shaalekh/Desktop/ros2_ws/install/customs/share/ament_index/resource_index/packages/customs
-- Installing: /home/shaalekh/Desktop/ros2_ws/install/customs/share/customs/cmake/export_customs__rosidl_generator_cExport.cmake
-- Installing: /home/shaalekh/Desktop/ros2_ws/install/customs/share/customs/cmake/export_customs__rosidl_generator_cExport-noconfig.cmake
-- Installing: /home/shaalekh/Desktop/ros2_ws/install/customs/share/customs/cmake/export_customs__rosidl_typesupport_fastrtps_cExport.cmake
-- Installing: /home/shaalekh/Desktop/ros2_ws/install/customs/share/customs/cmake/export_customs__rosidl_typesupport_fastrtps_cExport-noconfig.cmake
-- Installing: /home/shaalekh/Desktop/ros2_ws/install/customs/share/customs/cmake/export_customs__rosidl_generator_cppExport.cmake
-- Installing: /home/shaalekh/Desktop/ros2_ws/install/customs/share/customs/cmake/export_customs__rosidl_typesupport_fastrtps_cppExport.cmake
-- Installing: /home/shaalekh/Desktop/ros2_ws/install/customs/share/customs/cmake/export_customs__rosidl_typesupport_fastrtps_cppExport-noconfig.cmake
-- Installing: /home/shaalekh/Desktop/ros2_ws/install/customs/share/customs/cmake/customs__rosidl_typesupport_introspection_cExport.cmake
-- Installing: /home/shaalekh/Desktop/ros2_ws/install/customs/share/customs/cmake/customs__rosidl_typesupport_introspection_cExport-noconfig.cmake
-- Installing: /home/shaalekh/Desktop/ros2_ws/install/customs/share/customs/cmake/customs__rosidl_typesupport_cExport.cmake
-- Installing: /home/shaalekh/Desktop/ros2_ws/install/customs/share/customs/cmake/customs__rosidl_typesupport_cExport-noconfig.cmake
-- Installing: /home/shaalekh/Desktop/ros2_ws/install/customs/share/customs/cmake/customs__rosidl_typesupport_introspection_cppExport.cmake
-- Installing: /home/shaalekh/Desktop/ros2_ws/install/customs/share/customs/cmake/customs__rosidl_typesupport_introspection_cppExport-noconfig.cmake
-- Installing: /home/shaalekh/Desktop/ros2_ws/install/customs/share/customs/cmake/customs__rosidl_typesupport_cppExport.cmake
-- Installing: /home/shaalekh/Desktop/ros2_ws/install/customs/share/customs/cmake/customs__rosidl_typesupport_cppExport-noconfig.cmake
-- Installing: /home/shaalekh/Desktop/ros2_ws/install/customs/share/customs/cmake/export_customs__rosidl_generator_pyExport.cmake
-- Installing: /home/shaalekh/Desktop/ros2_ws/install/customs/share/customs/cmake/export_customs__rosidl_generator_pyExport-noconfig.cmake
-- Installing: /home/shaalekh/Desktop/ros2_ws/install/customs/share/customs/cmake/rosidl_cmake-extras.cmake
-- Installing: /home/shaalekh/Desktop/ros2_ws/install/customs/share/customs/cmake/ament_cmake_export_dependencies-extras.cmake
-- Installing: /home/shaalekh/Desktop/ros2_ws/install/customs/share/customs/cmake/ament_cmake_export_include_directories-extras.cmake
-- Installing: /home/shaalekh/Desktop/ros2_ws/install/customs/share/customs/cmake/ament_cmake_export_libraries-extras.cmake
-- Installing: /home/shaalekh/Desktop/ros2_ws/install/customs/share/customs/cmake/ament_cmake_export_targets-extras.cmake
-- Installing: /home/shaalekh/Desktop/ros2_ws/install/customs/share/customs/cmake/rosidl_cmake_export_typesupport_targets-extras.cmake
-- Installing: /home/shaalekh/Desktop/ros2_ws/install/customs/share/customs/cmake/rosidl_cmake_export_typesupport_libraries-extras.cmake
-- Installing: /home/shaalekh/Desktop/ros2_ws/install/customs/share/customs/cmake/customsConfig.cmake
-- Installing: /home/shaalekh/Desktop/ros2_ws/install/customs/share/customs/cmake/customsConfig-version.cmake
-- Installing: /home/shaalekh/Desktop/ros2_ws/install/customs/share/customs/package.xml
