/home/shaalekh/Desktop/ros2_ws/install/my_pack/lib/python3.12/site-packages/my_pack/hello_node.py
/home/shaalekh/Desktop/ros2_ws/install/my_pack/lib/python3.12/site-packages/my_pack/ab_publisher.py
/home/shaalekh/Desktop/ros2_ws/install/my_pack/lib/python3.12/site-packages/my_pack/cust_publisher.py
/home/shaalekh/Desktop/ros2_ws/install/my_pack/lib/python3.12/site-packages/my_pack/subscriber.py
/home/shaalekh/Desktop/ros2_ws/install/my_pack/lib/python3.12/site-packages/my_pack/hello_world.py
/home/shaalekh/Desktop/ros2_ws/install/my_pack/lib/python3.12/site-packages/my_pack/__init__.py
/home/shaalekh/Desktop/ros2_ws/install/my_pack/lib/python3.12/site-packages/my_pack/cust_subscriber.py
/home/shaalekh/Desktop/ros2_ws/install/my_pack/lib/python3.12/site-packages/my_pack/publisher.py
/home/shaalekh/Desktop/ros2_ws/install/my_pack/lib/python3.12/site-packages/my_pack/__pycache__/hello_node.cpython-312.pyc
/home/shaalekh/Desktop/ros2_ws/install/my_pack/lib/python3.12/site-packages/my_pack/__pycache__/ab_publisher.cpython-312.pyc
/home/shaalekh/Desktop/ros2_ws/install/my_pack/lib/python3.12/site-packages/my_pack/__pycache__/cust_publisher.cpython-312.pyc
/home/shaalekh/Desktop/ros2_ws/install/my_pack/lib/python3.12/site-packages/my_pack/__pycache__/subscriber.cpython-312.pyc
/home/shaalekh/Desktop/ros2_ws/install/my_pack/lib/python3.12/site-packages/my_pack/__pycache__/hello_world.cpython-312.pyc
/home/shaalekh/Desktop/ros2_ws/install/my_pack/lib/python3.12/site-packages/my_pack/__pycache__/__init__.cpython-312.pyc
/home/shaalekh/Desktop/ros2_ws/install/my_pack/lib/python3.12/site-packages/my_pack/__pycache__/cust_subscriber.cpython-312.pyc
/home/shaalekh/Desktop/ros2_ws/install/my_pack/lib/python3.12/site-packages/my_pack/__pycache__/publisher.cpython-312.pyc
/home/shaalekh/Desktop/ros2_ws/install/my_pack/share/ament_index/resource_index/packages/my_pack
/home/shaalekh/Desktop/ros2_ws/install/my_pack/share/my_pack/package.xml
/home/shaalekh/Desktop/ros2_ws/install/my_pack/lib/python3.12/site-packages/my_pack-0.0.0-py3.12.egg-info/dependency_links.txt
/home/shaalekh/Desktop/ros2_ws/install/my_pack/lib/python3.12/site-packages/my_pack-0.0.0-py3.12.egg-info/PKG-INFO
/home/shaalekh/Desktop/ros2_ws/install/my_pack/lib/python3.12/site-packages/my_pack-0.0.0-py3.12.egg-info/entry_points.txt
/home/shaalekh/Desktop/ros2_ws/install/my_pack/lib/python3.12/site-packages/my_pack-0.0.0-py3.12.egg-info/requires.txt
/home/shaalekh/Desktop/ros2_ws/install/my_pack/lib/python3.12/site-packages/my_pack-0.0.0-py3.12.egg-info/top_level.txt
/home/shaalekh/Desktop/ros2_ws/install/my_pack/lib/python3.12/site-packages/my_pack-0.0.0-py3.12.egg-info/zip-safe
/home/shaalekh/Desktop/ros2_ws/install/my_pack/lib/python3.12/site-packages/my_pack-0.0.0-py3.12.egg-info/SOURCES.txt
/home/shaalekh/Desktop/ros2_ws/install/my_pack/lib/my_pack/hello_world
/home/shaalekh/Desktop/ros2_ws/install/my_pack/lib/my_pack/publisher
/home/shaalekh/Desktop/ros2_ws/install/my_pack/lib/my_pack/subscriber
