[0.036s] Invoking command in '/home/shaalekh/Desktop/ros2_ws/build/custom_action_interfaces': CMAKE_PREFIX_PATH=${CMAKE_PREFIX_PATH}:/home/shaalekh/Desktop/ros2_ws/install/srvcli:/home/shaalekh/Desktop/ros2_ws/install/maha_params:/opt/ros/jazzy DEBUGINFOD_URLS=https://debuginfod.ubuntu.com /usr/bin/cmake --build /home/shaalekh/Desktop/ros2_ws/build/custom_action_interfaces -- -j4 -l4
[0.162s] [  2%] Built target custom_action_interfaces__rosidl_generator_type_description
[0.204s] [  2%] Built target ament_cmake_python_copy_custom_action_interfaces
[0.252s] [  5%] Built target custom_action_interfaces__cpp
[0.267s] [ 20%] Built target custom_action_interfaces__rosidl_generator_c
[0.378s] [ 29%] Built target custom_action_interfaces__rosidl_typesupport_c
[0.416s] [ 38%] Built target custom_action_interfaces__rosidl_typesupport_introspection_c
[0.422s] [ 47%] Built target custom_action_interfaces__rosidl_typesupport_cpp
[0.517s] [ 55%] Built target custom_action_interfaces__rosidl_typesupport_fastrtps_cpp
[0.575s] [ 64%] Built target custom_action_interfaces__rosidl_typesupport_fastrtps_c
[0.575s] [ 73%] Built target custom_action_interfaces__rosidl_typesupport_introspection_cpp
[0.676s] [ 73%] Built target custom_action_interfaces
[0.743s] [ 76%] Built target custom_action_interfaces__py
[0.803s] [ 82%] Built target custom_action_interfaces__rosidl_generator_py
[0.915s] [ 88%] Built target custom_action_interfaces_s__rosidl_typesupport_c
[0.932s] [ 94%] Built target custom_action_interfaces_s__rosidl_typesupport_introspection_c
[0.954s] [100%] Built target custom_action_interfaces_s__rosidl_typesupport_fastrtps_c
[1.078s] running egg_info
[1.112s] writing custom_action_interfaces.egg-info/PKG-INFO
[1.114s] writing dependency_links to custom_action_interfaces.egg-info/dependency_links.txt
[1.114s] writing top-level names to custom_action_interfaces.egg-info/top_level.txt
[1.218s] reading manifest file 'custom_action_interfaces.egg-info/SOURCES.txt'
[1.220s] writing manifest file 'custom_action_interfaces.egg-info/SOURCES.txt'
[1.374s] [100%] Built target ament_cmake_python_build_custom_action_interfaces_egg
[1.374s] Invoked command in '/home/shaalekh/Desktop/ros2_ws/build/custom_action_interfaces' returned '0': CMAKE_PREFIX_PATH=${CMAKE_PREFIX_PATH}:/home/shaalekh/Desktop/ros2_ws/install/srvcli:/home/shaalekh/Desktop/ros2_ws/install/maha_params:/opt/ros/jazzy DEBUGINFOD_URLS=https://debuginfod.ubuntu.com /usr/bin/cmake --build /home/shaalekh/Desktop/ros2_ws/build/custom_action_interfaces -- -j4 -l4
[1.374s] Invoking command in '/home/shaalekh/Desktop/ros2_ws/build/custom_action_interfaces': CMAKE_PREFIX_PATH=${CMAKE_PREFIX_PATH}:/home/shaalekh/Desktop/ros2_ws/install/srvcli:/home/shaalekh/Desktop/ros2_ws/install/maha_params:/opt/ros/jazzy DEBUGINFOD_URLS=https://debuginfod.ubuntu.com /usr/bin/cmake --install /home/shaalekh/Desktop/ros2_ws/build/custom_action_interfaces
[1.403s] -- Install configuration: ""
[1.403s] -- Up-to-date: /home/shaalekh/Desktop/ros2_ws/install/custom_action_interfaces/share/ament_index/resource_index/rosidl_interfaces/custom_action_interfaces
[1.406s] -- Up-to-date: /home/shaalekh/Desktop/ros2_ws/install/custom_action_interfaces/share/custom_action_interfaces/action/Fibonacci.json
[1.406s] -- Up-to-date: /home/shaalekh/Desktop/ros2_ws/install/custom_action_interfaces/include/custom_action_interfaces/custom_action_interfaces
[1.406s] -- Up-to-date: /home/shaalekh/Desktop/ros2_ws/install/custom_action_interfaces/include/custom_action_interfaces/custom_action_interfaces/action
[1.406s] -- Up-to-date: /home/shaalekh/Desktop/ros2_ws/install/custom_action_interfaces/include/custom_action_interfaces/custom_action_interfaces/action/detail
[1.406s] -- Up-to-date: /home/shaalekh/Desktop/ros2_ws/install/custom_action_interfaces/include/custom_action_interfaces/custom_action_interfaces/action/detail/fibonacci__functions.c
[1.407s] -- Up-to-date: /home/shaalekh/Desktop/ros2_ws/install/custom_action_interfaces/include/custom_action_interfaces/custom_action_interfaces/action/detail/fibonacci__functions.h
[1.407s] -- Up-to-date: /home/shaalekh/Desktop/ros2_ws/install/custom_action_interfaces/include/custom_action_interfaces/custom_action_interfaces/action/detail/fibonacci__type_support.h
[1.408s] -- Up-to-date: /home/shaalekh/Desktop/ros2_ws/install/custom_action_interfaces/include/custom_action_interfaces/custom_action_interfaces/action/detail/fibonacci__struct.h
[1.408s] -- Up-to-date: /home/shaalekh/Desktop/ros2_ws/install/custom_action_interfaces/include/custom_action_interfaces/custom_action_interfaces/action/detail/fibonacci__type_support.c
[1.408s] -- Up-to-date: /home/shaalekh/Desktop/ros2_ws/install/custom_action_interfaces/include/custom_action_interfaces/custom_action_interfaces/action/detail/fibonacci__description.c
[1.408s] -- Up-to-date: /home/shaalekh/Desktop/ros2_ws/install/custom_action_interfaces/include/custom_action_interfaces/custom_action_interfaces/action/fibonacci.h
[1.408s] -- Up-to-date: /home/shaalekh/Desktop/ros2_ws/install/custom_action_interfaces/include/custom_action_interfaces/custom_action_interfaces/msg
[1.408s] -- Up-to-date: /home/shaalekh/Desktop/ros2_ws/install/custom_action_interfaces/include/custom_action_interfaces/custom_action_interfaces/msg/rosidl_generator_c__visibility_control.h
[1.408s] -- Up-to-date: /home/shaalekh/Desktop/ros2_ws/install/custom_action_interfaces/share/custom_action_interfaces/environment/library_path.sh
[1.409s] -- Up-to-date: /home/shaalekh/Desktop/ros2_ws/install/custom_action_interfaces/share/custom_action_interfaces/environment/library_path.dsv
[1.409s] -- Up-to-date: /home/shaalekh/Desktop/ros2_ws/install/custom_action_interfaces/lib/libcustom_action_interfaces__rosidl_generator_c.so
[1.412s] -- Up-to-date: /home/shaalekh/Desktop/ros2_ws/install/custom_action_interfaces/include/custom_action_interfaces/custom_action_interfaces
[1.413s] -- Up-to-date: /home/shaalekh/Desktop/ros2_ws/install/custom_action_interfaces/include/custom_action_interfaces/custom_action_interfaces/action
[1.413s] -- Up-to-date: /home/shaalekh/Desktop/ros2_ws/install/custom_action_interfaces/include/custom_action_interfaces/custom_action_interfaces/action/detail
[1.416s] -- Up-to-date: /home/shaalekh/Desktop/ros2_ws/install/custom_action_interfaces/include/custom_action_interfaces/custom_action_interfaces/action/detail/fibonacci__rosidl_typesupport_fastrtps_c.h
[1.416s] -- Up-to-date: /home/shaalekh/Desktop/ros2_ws/install/custom_action_interfaces/include/custom_action_interfaces/custom_action_interfaces/msg
[1.417s] -- Up-to-date: /home/shaalekh/Desktop/ros2_ws/install/custom_action_interfaces/include/custom_action_interfaces/custom_action_interfaces/msg/rosidl_typesupport_fastrtps_c__visibility_control.h
[1.417s] -- Up-to-date: /home/shaalekh/Desktop/ros2_ws/install/custom_action_interfaces/lib/libcustom_action_interfaces__rosidl_typesupport_fastrtps_c.so
[1.417s] -- Up-to-date: /home/shaalekh/Desktop/ros2_ws/install/custom_action_interfaces/include/custom_action_interfaces/custom_action_interfaces
[1.417s] -- Up-to-date: /home/shaalekh/Desktop/ros2_ws/install/custom_action_interfaces/include/custom_action_interfaces/custom_action_interfaces/action
[1.418s] -- Up-to-date: /home/shaalekh/Desktop/ros2_ws/install/custom_action_interfaces/include/custom_action_interfaces/custom_action_interfaces/action/detail
[1.418s] -- Up-to-date: /home/shaalekh/Desktop/ros2_ws/install/custom_action_interfaces/include/custom_action_interfaces/custom_action_interfaces/action/detail/fibonacci__rosidl_typesupport_introspection_c.h
[1.418s] -- Up-to-date: /home/shaalekh/Desktop/ros2_ws/install/custom_action_interfaces/include/custom_action_interfaces/custom_action_interfaces/action/detail/fibonacci__type_support.c
[1.418s] -- Up-to-date: /home/shaalekh/Desktop/ros2_ws/install/custom_action_interfaces/include/custom_action_interfaces/custom_action_interfaces/msg
[1.418s] -- Up-to-date: /home/shaalekh/Desktop/ros2_ws/install/custom_action_interfaces/include/custom_action_interfaces/custom_action_interfaces/msg/rosidl_typesupport_introspection_c__visibility_control.h
[1.418s] -- Up-to-date: /home/shaalekh/Desktop/ros2_ws/install/custom_action_interfaces/lib/libcustom_action_interfaces__rosidl_typesupport_introspection_c.so
[1.418s] -- Up-to-date: /home/shaalekh/Desktop/ros2_ws/install/custom_action_interfaces/lib/libcustom_action_interfaces__rosidl_typesupport_c.so
[1.418s] -- Up-to-date: /home/shaalekh/Desktop/ros2_ws/install/custom_action_interfaces/include/custom_action_interfaces/custom_action_interfaces
[1.419s] -- Up-to-date: /home/shaalekh/Desktop/ros2_ws/install/custom_action_interfaces/include/custom_action_interfaces/custom_action_interfaces/action
[1.419s] -- Up-to-date: /home/shaalekh/Desktop/ros2_ws/install/custom_action_interfaces/include/custom_action_interfaces/custom_action_interfaces/action/detail
[1.426s] -- Up-to-date: /home/shaalekh/Desktop/ros2_ws/install/custom_action_interfaces/include/custom_action_interfaces/custom_action_interfaces/action/detail/fibonacci__type_support.hpp
[1.426s] -- Up-to-date: /home/shaalekh/Desktop/ros2_ws/install/custom_action_interfaces/include/custom_action_interfaces/custom_action_interfaces/action/detail/fibonacci__traits.hpp
[1.426s] -- Up-to-date: /home/shaalekh/Desktop/ros2_ws/install/custom_action_interfaces/include/custom_action_interfaces/custom_action_interfaces/action/detail/fibonacci__builder.hpp
[1.427s] -- Up-to-date: /home/shaalekh/Desktop/ros2_ws/install/custom_action_interfaces/include/custom_action_interfaces/custom_action_interfaces/action/detail/fibonacci__struct.hpp
[1.427s] -- Up-to-date: /home/shaalekh/Desktop/ros2_ws/install/custom_action_interfaces/include/custom_action_interfaces/custom_action_interfaces/action/fibonacci.hpp
[1.427s] -- Up-to-date: /home/shaalekh/Desktop/ros2_ws/install/custom_action_interfaces/include/custom_action_interfaces/custom_action_interfaces/msg
[1.427s] -- Up-to-date: /home/shaalekh/Desktop/ros2_ws/install/custom_action_interfaces/include/custom_action_interfaces/custom_action_interfaces/msg/rosidl_generator_cpp__visibility_control.hpp
[1.427s] -- Up-to-date: /home/shaalekh/Desktop/ros2_ws/install/custom_action_interfaces/include/custom_action_interfaces/custom_action_interfaces
[1.427s] -- Up-to-date: /home/shaalekh/Desktop/ros2_ws/install/custom_action_interfaces/include/custom_action_interfaces/custom_action_interfaces/action
[1.427s] -- Up-to-date: /home/shaalekh/Desktop/ros2_ws/install/custom_action_interfaces/include/custom_action_interfaces/custom_action_interfaces/action/detail
[1.427s] -- Up-to-date: /home/shaalekh/Desktop/ros2_ws/install/custom_action_interfaces/include/custom_action_interfaces/custom_action_interfaces/action/detail/dds_fastrtps
[1.435s] -- Up-to-date: /home/shaalekh/Desktop/ros2_ws/install/custom_action_interfaces/include/custom_action_interfaces/custom_action_interfaces/action/detail/fibonacci__rosidl_typesupport_fastrtps_cpp.hpp
[1.435s] -- Up-to-date: /home/shaalekh/Desktop/ros2_ws/install/custom_action_interfaces/include/custom_action_interfaces/custom_action_interfaces/msg
[1.436s] -- Up-to-date: /home/shaalekh/Desktop/ros2_ws/install/custom_action_interfaces/include/custom_action_interfaces/custom_action_interfaces/msg/rosidl_typesupport_fastrtps_cpp__visibility_control.h
[1.436s] -- Up-to-date: /home/shaalekh/Desktop/ros2_ws/install/custom_action_interfaces/lib/libcustom_action_interfaces__rosidl_typesupport_fastrtps_cpp.so
[1.436s] -- Up-to-date: /home/shaalekh/Desktop/ros2_ws/install/custom_action_interfaces/include/custom_action_interfaces/custom_action_interfaces
[1.436s] -- Up-to-date: /home/shaalekh/Desktop/ros2_ws/install/custom_action_interfaces/include/custom_action_interfaces/custom_action_interfaces/action
[1.436s] -- Up-to-date: /home/shaalekh/Desktop/ros2_ws/install/custom_action_interfaces/include/custom_action_interfaces/custom_action_interfaces/action/detail
[1.436s] -- Up-to-date: /home/shaalekh/Desktop/ros2_ws/install/custom_action_interfaces/include/custom_action_interfaces/custom_action_interfaces/action/detail/fibonacci__rosidl_typesupport_introspection_cpp.hpp
[1.436s] -- Up-to-date: /home/shaalekh/Desktop/ros2_ws/install/custom_action_interfaces/include/custom_action_interfaces/custom_action_interfaces/action/detail/fibonacci__type_support.cpp
[1.436s] -- Up-to-date: /home/shaalekh/Desktop/ros2_ws/install/custom_action_interfaces/lib/libcustom_action_interfaces__rosidl_typesupport_introspection_cpp.so
[1.436s] -- Up-to-date: /home/shaalekh/Desktop/ros2_ws/install/custom_action_interfaces/lib/libcustom_action_interfaces__rosidl_typesupport_cpp.so
[1.437s] -- Up-to-date: /home/shaalekh/Desktop/ros2_ws/install/custom_action_interfaces/share/custom_action_interfaces/environment/pythonpath.sh
[1.437s] -- Up-to-date: /home/shaalekh/Desktop/ros2_ws/install/custom_action_interfaces/share/custom_action_interfaces/environment/pythonpath.dsv
[1.440s] -- Up-to-date: /home/shaalekh/Desktop/ros2_ws/install/custom_action_interfaces/lib/python3.12/site-packages/custom_action_interfaces-0.0.0-py3.12.egg-info
[1.440s] -- Installing: /home/shaalekh/Desktop/ros2_ws/install/custom_action_interfaces/lib/python3.12/site-packages/custom_action_interfaces-0.0.0-py3.12.egg-info/dependency_links.txt
[1.441s] -- Installing: /home/shaalekh/Desktop/ros2_ws/install/custom_action_interfaces/lib/python3.12/site-packages/custom_action_interfaces-0.0.0-py3.12.egg-info/PKG-INFO
[1.441s] -- Installing: /home/shaalekh/Desktop/ros2_ws/install/custom_action_interfaces/lib/python3.12/site-packages/custom_action_interfaces-0.0.0-py3.12.egg-info/top_level.txt
[1.441s] -- Installing: /home/shaalekh/Desktop/ros2_ws/install/custom_action_interfaces/lib/python3.12/site-packages/custom_action_interfaces-0.0.0-py3.12.egg-info/SOURCES.txt
[1.446s] -- Up-to-date: /home/shaalekh/Desktop/ros2_ws/install/custom_action_interfaces/lib/python3.12/site-packages/custom_action_interfaces
[1.446s] -- Up-to-date: /home/shaalekh/Desktop/ros2_ws/install/custom_action_interfaces/lib/python3.12/site-packages/custom_action_interfaces/_custom_action_interfaces_s.ep.rosidl_typesupport_fastrtps_c.c
[1.446s] -- Up-to-date: /home/shaalekh/Desktop/ros2_ws/install/custom_action_interfaces/lib/python3.12/site-packages/custom_action_interfaces/action
[1.446s] -- Up-to-date: /home/shaalekh/Desktop/ros2_ws/install/custom_action_interfaces/lib/python3.12/site-packages/custom_action_interfaces/action/_fibonacci.py
[1.446s] -- Up-to-date: /home/shaalekh/Desktop/ros2_ws/install/custom_action_interfaces/lib/python3.12/site-packages/custom_action_interfaces/action/__init__.py
[1.446s] -- Up-to-date: /home/shaalekh/Desktop/ros2_ws/install/custom_action_interfaces/lib/python3.12/site-packages/custom_action_interfaces/action/_fibonacci_s.c
[1.446s] -- Up-to-date: /home/shaalekh/Desktop/ros2_ws/install/custom_action_interfaces/lib/python3.12/site-packages/custom_action_interfaces/_custom_action_interfaces_s.ep.rosidl_typesupport_c.c
[1.447s] -- Up-to-date: /home/shaalekh/Desktop/ros2_ws/install/custom_action_interfaces/lib/python3.12/site-packages/custom_action_interfaces/__init__.py
[1.447s] -- Up-to-date: /home/shaalekh/Desktop/ros2_ws/install/custom_action_interfaces/lib/python3.12/site-packages/custom_action_interfaces/custom_action_interfaces_s__rosidl_typesupport_c.so
[1.449s] -- Up-to-date: /home/shaalekh/Desktop/ros2_ws/install/custom_action_interfaces/lib/python3.12/site-packages/custom_action_interfaces/custom_action_interfaces_s__rosidl_typesupport_introspection_c.so
[1.449s] -- Up-to-date: /home/shaalekh/Desktop/ros2_ws/install/custom_action_interfaces/lib/python3.12/site-packages/custom_action_interfaces/custom_action_interfaces_s__rosidl_typesupport_fastrtps_c.so
[1.449s] -- Up-to-date: /home/shaalekh/Desktop/ros2_ws/install/custom_action_interfaces/lib/python3.12/site-packages/custom_action_interfaces/_custom_action_interfaces_s.ep.rosidl_typesupport_introspection_c.c
[1.513s] Listing '/home/shaalekh/Desktop/ros2_ws/install/custom_action_interfaces/lib/python3.12/site-packages/custom_action_interfaces'...
[1.513s] Listing '/home/shaalekh/Desktop/ros2_ws/install/custom_action_interfaces/lib/python3.12/site-packages/custom_action_interfaces/action'...
[1.534s] -- Up-to-date: /home/shaalekh/Desktop/ros2_ws/install/custom_action_interfaces/lib/python3.12/site-packages/custom_action_interfaces/custom_action_interfaces_s__rosidl_typesupport_fastrtps_c.so
[1.534s] -- Up-to-date: /home/shaalekh/Desktop/ros2_ws/install/custom_action_interfaces/lib/python3.12/site-packages/custom_action_interfaces/custom_action_interfaces_s__rosidl_typesupport_introspection_c.so
[1.534s] -- Up-to-date: /home/shaalekh/Desktop/ros2_ws/install/custom_action_interfaces/lib/python3.12/site-packages/custom_action_interfaces/custom_action_interfaces_s__rosidl_typesupport_c.so
[1.534s] -- Up-to-date: /home/shaalekh/Desktop/ros2_ws/install/custom_action_interfaces/lib/libcustom_action_interfaces__rosidl_generator_py.so
[1.535s] -- Up-to-date: /home/shaalekh/Desktop/ros2_ws/install/custom_action_interfaces/share/custom_action_interfaces/action/Fibonacci.idl
[1.535s] -- Up-to-date: /home/shaalekh/Desktop/ros2_ws/install/custom_action_interfaces/share/custom_action_interfaces/action/Fibonacci.action
[1.535s] -- Up-to-date: /home/shaalekh/Desktop/ros2_ws/install/custom_action_interfaces/share/ament_index/resource_index/package_run_dependencies/custom_action_interfaces
[1.535s] -- Up-to-date: /home/shaalekh/Desktop/ros2_ws/install/custom_action_interfaces/share/ament_index/resource_index/parent_prefix_path/custom_action_interfaces
[1.535s] -- Up-to-date: /home/shaalekh/Desktop/ros2_ws/install/custom_action_interfaces/share/custom_action_interfaces/environment/ament_prefix_path.sh
[1.535s] -- Up-to-date: /home/shaalekh/Desktop/ros2_ws/install/custom_action_interfaces/share/custom_action_interfaces/environment/ament_prefix_path.dsv
[1.535s] -- Up-to-date: /home/shaalekh/Desktop/ros2_ws/install/custom_action_interfaces/share/custom_action_interfaces/environment/path.sh
[1.535s] -- Up-to-date: /home/shaalekh/Desktop/ros2_ws/install/custom_action_interfaces/share/custom_action_interfaces/environment/path.dsv
[1.535s] -- Up-to-date: /home/shaalekh/Desktop/ros2_ws/install/custom_action_interfaces/share/custom_action_interfaces/local_setup.bash
[1.535s] -- Up-to-date: /home/shaalekh/Desktop/ros2_ws/install/custom_action_interfaces/share/custom_action_interfaces/local_setup.sh
[1.536s] -- Up-to-date: /home/shaalekh/Desktop/ros2_ws/install/custom_action_interfaces/share/custom_action_interfaces/local_setup.zsh
[1.536s] -- Up-to-date: /home/shaalekh/Desktop/ros2_ws/install/custom_action_interfaces/share/custom_action_interfaces/local_setup.dsv
[1.536s] -- Installing: /home/shaalekh/Desktop/ros2_ws/install/custom_action_interfaces/share/custom_action_interfaces/package.dsv
[1.537s] -- Up-to-date: /home/shaalekh/Desktop/ros2_ws/install/custom_action_interfaces/share/ament_index/resource_index/packages/custom_action_interfaces
[1.537s] -- Up-to-date: /home/shaalekh/Desktop/ros2_ws/install/custom_action_interfaces/share/custom_action_interfaces/cmake/export_custom_action_interfaces__rosidl_generator_cExport.cmake
[1.538s] -- Up-to-date: /home/shaalekh/Desktop/ros2_ws/install/custom_action_interfaces/share/custom_action_interfaces/cmake/export_custom_action_interfaces__rosidl_generator_cExport-noconfig.cmake
[1.538s] -- Up-to-date: /home/shaalekh/Desktop/ros2_ws/install/custom_action_interfaces/share/custom_action_interfaces/cmake/export_custom_action_interfaces__rosidl_typesupport_fastrtps_cExport.cmake
[1.538s] -- Up-to-date: /home/shaalekh/Desktop/ros2_ws/install/custom_action_interfaces/share/custom_action_interfaces/cmake/export_custom_action_interfaces__rosidl_typesupport_fastrtps_cExport-noconfig.cmake
[1.538s] -- Up-to-date: /home/shaalekh/Desktop/ros2_ws/install/custom_action_interfaces/share/custom_action_interfaces/cmake/custom_action_interfaces__rosidl_typesupport_introspection_cExport.cmake
[1.539s] -- Up-to-date: /home/shaalekh/Desktop/ros2_ws/install/custom_action_interfaces/share/custom_action_interfaces/cmake/custom_action_interfaces__rosidl_typesupport_introspection_cExport-noconfig.cmake
[1.539s] -- Up-to-date: /home/shaalekh/Desktop/ros2_ws/install/custom_action_interfaces/share/custom_action_interfaces/cmake/custom_action_interfaces__rosidl_typesupport_cExport.cmake
[1.540s] -- Up-to-date: /home/shaalekh/Desktop/ros2_ws/install/custom_action_interfaces/share/custom_action_interfaces/cmake/custom_action_interfaces__rosidl_typesupport_cExport-noconfig.cmake
[1.540s] -- Up-to-date: /home/shaalekh/Desktop/ros2_ws/install/custom_action_interfaces/share/custom_action_interfaces/cmake/export_custom_action_interfaces__rosidl_generator_cppExport.cmake
[1.540s] -- Up-to-date: /home/shaalekh/Desktop/ros2_ws/install/custom_action_interfaces/share/custom_action_interfaces/cmake/export_custom_action_interfaces__rosidl_typesupport_fastrtps_cppExport.cmake
[1.540s] -- Up-to-date: /home/shaalekh/Desktop/ros2_ws/install/custom_action_interfaces/share/custom_action_interfaces/cmake/export_custom_action_interfaces__rosidl_typesupport_fastrtps_cppExport-noconfig.cmake
[1.541s] -- Up-to-date: /home/shaalekh/Desktop/ros2_ws/install/custom_action_interfaces/share/custom_action_interfaces/cmake/custom_action_interfaces__rosidl_typesupport_introspection_cppExport.cmake
[1.541s] -- Up-to-date: /home/shaalekh/Desktop/ros2_ws/install/custom_action_interfaces/share/custom_action_interfaces/cmake/custom_action_interfaces__rosidl_typesupport_introspection_cppExport-noconfig.cmake
[1.543s] -- Up-to-date: /home/shaalekh/Desktop/ros2_ws/install/custom_action_interfaces/share/custom_action_interfaces/cmake/custom_action_interfaces__rosidl_typesupport_cppExport.cmake
[1.543s] -- Up-to-date: /home/shaalekh/Desktop/ros2_ws/install/custom_action_interfaces/share/custom_action_interfaces/cmake/custom_action_interfaces__rosidl_typesupport_cppExport-noconfig.cmake
[1.543s] -- Up-to-date: /home/shaalekh/Desktop/ros2_ws/install/custom_action_interfaces/share/custom_action_interfaces/cmake/export_custom_action_interfaces__rosidl_generator_pyExport.cmake
[1.543s] -- Up-to-date: /home/shaalekh/Desktop/ros2_ws/install/custom_action_interfaces/share/custom_action_interfaces/cmake/export_custom_action_interfaces__rosidl_generator_pyExport-noconfig.cmake
[1.543s] -- Up-to-date: /home/shaalekh/Desktop/ros2_ws/install/custom_action_interfaces/share/custom_action_interfaces/cmake/rosidl_cmake-extras.cmake
[1.544s] -- Up-to-date: /home/shaalekh/Desktop/ros2_ws/install/custom_action_interfaces/share/custom_action_interfaces/cmake/ament_cmake_export_dependencies-extras.cmake
[1.544s] -- Up-to-date: /home/shaalekh/Desktop/ros2_ws/install/custom_action_interfaces/share/custom_action_interfaces/cmake/ament_cmake_export_include_directories-extras.cmake
[1.544s] -- Up-to-date: /home/shaalekh/Desktop/ros2_ws/install/custom_action_interfaces/share/custom_action_interfaces/cmake/ament_cmake_export_libraries-extras.cmake
[1.545s] -- Up-to-date: /home/shaalekh/Desktop/ros2_ws/install/custom_action_interfaces/share/custom_action_interfaces/cmake/ament_cmake_export_targets-extras.cmake
[1.545s] -- Up-to-date: /home/shaalekh/Desktop/ros2_ws/install/custom_action_interfaces/share/custom_action_interfaces/cmake/rosidl_cmake_export_typesupport_targets-extras.cmake
[1.545s] -- Up-to-date: /home/shaalekh/Desktop/ros2_ws/install/custom_action_interfaces/share/custom_action_interfaces/cmake/rosidl_cmake_export_typesupport_libraries-extras.cmake
[1.545s] -- Up-to-date: /home/shaalekh/Desktop/ros2_ws/install/custom_action_interfaces/share/custom_action_interfaces/cmake/custom_action_interfacesConfig.cmake
[1.545s] -- Up-to-date: /home/shaalekh/Desktop/ros2_ws/install/custom_action_interfaces/share/custom_action_interfaces/cmake/custom_action_interfacesConfig-version.cmake
[1.546s] -- Up-to-date: /home/shaalekh/Desktop/ros2_ws/install/custom_action_interfaces/share/custom_action_interfaces/package.xml
[1.554s] Invoked command in '/home/shaalekh/Desktop/ros2_ws/build/custom_action_interfaces' returned '0': CMAKE_PREFIX_PATH=${CMAKE_PREFIX_PATH}:/home/shaalekh/Desktop/ros2_ws/install/srvcli:/home/shaalekh/Desktop/ros2_ws/install/maha_params:/opt/ros/jazzy DEBUGINFOD_URLS=https://debuginfod.ubuntu.com /usr/bin/cmake --install /home/shaalekh/Desktop/ros2_ws/build/custom_action_interfaces
