[1.779s] Invoking command in '/home/shaalekh/Desktop/ros2_ws/src/my_services': DEBUGINFOD_URLS=https://debuginfod.ubuntu.com PYTHONPATH=/home/shaalekh/Desktop/ros2_ws/build/my_services/prefix_override:/usr/lib/python3/dist-packages/colcon_core/task/python/colcon_distutils_commands:/home/shaalekh/Desktop/ros2_ws/install/my_services/lib/python3.12/site-packages:${PYTHONPATH} /usr/bin/python3 -W ignore:setup.py install is deprecated -W ignore:easy_install command is deprecated setup.py egg_info --egg-base ../../build/my_services build --build-base /home/shaalekh/Desktop/ros2_ws/build/my_services/build install --record /home/shaalekh/Desktop/ros2_ws/build/my_services/install.log --single-version-externally-managed install_data
[2.170s] running egg_info
[2.200s] writing ../../build/my_services/my_services.egg-info/PKG-INFO
[2.201s] writing dependency_links to ../../build/my_services/my_services.egg-info/dependency_links.txt
[2.201s] writing entry points to ../../build/my_services/my_services.egg-info/entry_points.txt
[2.204s] writing requirements to ../../build/my_services/my_services.egg-info/requires.txt
[2.204s] writing top-level names to ../../build/my_services/my_services.egg-info/top_level.txt
[2.258s] reading manifest file '../../build/my_services/my_services.egg-info/SOURCES.txt'
[2.260s] writing manifest file '../../build/my_services/my_services.egg-info/SOURCES.txt'
[2.260s] running build
[2.261s] running build_py
[2.261s] copying my_services/service_member.py -> /home/shaalekh/Desktop/ros2_ws/build/my_services/build/lib/my_services
[2.261s] running install
[2.272s] running install_lib
[2.304s] copying /home/shaalekh/Desktop/ros2_ws/build/my_services/build/lib/my_services/service_member.py -> /home/shaalekh/Desktop/ros2_ws/install/my_services/lib/python3.12/site-packages/my_services
[2.305s] byte-compiling /home/shaalekh/Desktop/ros2_ws/install/my_services/lib/python3.12/site-packages/my_services/service_member.py to service_member.cpython-312.pyc
[2.306s] running install_data
[2.306s] running install_egg_info
[2.334s] removing '/home/shaalekh/Desktop/ros2_ws/install/my_services/lib/python3.12/site-packages/my_services-0.0.0-py3.12.egg-info' (and everything under it)
[2.335s] Copying ../../build/my_services/my_services.egg-info to /home/shaalekh/Desktop/ros2_ws/install/my_services/lib/python3.12/site-packages/my_services-0.0.0-py3.12.egg-info
[2.354s] running install_scripts
[2.559s] Installing client script to /home/shaalekh/Desktop/ros2_ws/install/my_services/lib/my_services
[2.560s] Installing service script to /home/shaalekh/Desktop/ros2_ws/install/my_services/lib/my_services
[2.561s] writing list of installed files to '/home/shaalekh/Desktop/ros2_ws/build/my_services/install.log'
[2.726s] Invoked command in '/home/shaalekh/Desktop/ros2_ws/src/my_services' returned '0': DEBUGINFOD_URLS=https://debuginfod.ubuntu.com PYTHONPATH=/home/shaalekh/Desktop/ros2_ws/build/my_services/prefix_override:/usr/lib/python3/dist-packages/colcon_core/task/python/colcon_distutils_commands:/home/shaalekh/Desktop/ros2_ws/install/my_services/lib/python3.12/site-packages:${PYTHONPATH} /usr/bin/python3 -W ignore:setup.py install is deprecated -W ignore:easy_install command is deprecated setup.py egg_info --egg-base ../../build/my_services build --build-base /home/shaalekh/Desktop/ros2_ws/build/my_services/build install --record /home/shaalekh/Desktop/ros2_ws/build/my_services/install.log --single-version-externally-managed install_data
