[1.183s] Invoking command in '/home/shaalekh/Desktop/ros2_ws/src/maha_params': DEBUGINFOD_URLS=https://debuginfod.ubuntu.com PYTHONPATH=/home/shaalekh/Desktop/ros2_ws/build/maha_params/prefix_override:/usr/lib/python3/dist-packages/colcon_core/task/python/colcon_distutils_commands:/home/shaalekh/Desktop/ros2_ws/install/maha_params/lib/python3.12/site-packages:${PYTHONPATH} /usr/bin/python3 -W ignore:setup.py install is deprecated -W ignore:easy_install command is deprecated setup.py egg_info --egg-base ../../build/maha_params build --build-base /home/shaalekh/Desktop/ros2_ws/build/maha_params/build install --record /home/shaalekh/Desktop/ros2_ws/build/maha_params/install.log --single-version-externally-managed install_data
[1.549s] running egg_info
[1.572s] writing ../../build/maha_params/maha_params.egg-info/PKG-INFO
[1.573s] writing dependency_links to ../../build/maha_params/maha_params.egg-info/dependency_links.txt
[1.573s] writing entry points to ../../build/maha_params/maha_params.egg-info/entry_points.txt
[1.574s] writing requirements to ../../build/maha_params/maha_params.egg-info/requires.txt
[1.574s] writing top-level names to ../../build/maha_params/maha_params.egg-info/top_level.txt
[1.626s] reading manifest file '../../build/maha_params/maha_params.egg-info/SOURCES.txt'
[1.626s] adding license file 'LICENSE'
[1.627s] writing manifest file '../../build/maha_params/maha_params.egg-info/SOURCES.txt'
[1.627s] running build
[1.627s] running build_py
[1.627s] copying maha_params/param_timer_node.py -> /home/shaalekh/Desktop/ros2_ws/build/maha_params/build/lib/maha_params
[1.628s] running install
[1.638s] running install_lib
[1.662s] copying /home/shaalekh/Desktop/ros2_ws/build/maha_params/build/lib/maha_params/param_timer_node.py -> /home/shaalekh/Desktop/ros2_ws/install/maha_params/lib/python3.12/site-packages/maha_params
[1.663s] byte-compiling /home/shaalekh/Desktop/ros2_ws/install/maha_params/lib/python3.12/site-packages/maha_params/param_timer_node.py to param_timer_node.cpython-312.pyc
[1.663s] running install_data
[1.663s] running install_egg_info
[1.690s] removing '/home/shaalekh/Desktop/ros2_ws/install/maha_params/lib/python3.12/site-packages/maha_params-0.0.0-py3.12.egg-info' (and everything under it)
[1.690s] Copying ../../build/maha_params/maha_params.egg-info to /home/shaalekh/Desktop/ros2_ws/install/maha_params/lib/python3.12/site-packages/maha_params-0.0.0-py3.12.egg-info
[1.691s] running install_scripts
[1.868s] Installing my_parameter script to /home/shaalekh/Desktop/ros2_ws/install/maha_params/lib/maha_params
[1.868s] Installing param_node script to /home/shaalekh/Desktop/ros2_ws/install/maha_params/lib/maha_params
[1.869s] Installing param_timer_node script to /home/shaalekh/Desktop/ros2_ws/install/maha_params/lib/maha_params
[1.870s] writing list of installed files to '/home/shaalekh/Desktop/ros2_ws/build/maha_params/install.log'
[1.949s] Invoked command in '/home/shaalekh/Desktop/ros2_ws/src/maha_params' returned '0': DEBUGINFOD_URLS=https://debuginfod.ubuntu.com PYTHONPATH=/home/shaalekh/Desktop/ros2_ws/build/maha_params/prefix_override:/usr/lib/python3/dist-packages/colcon_core/task/python/colcon_distutils_commands:/home/shaalekh/Desktop/ros2_ws/install/maha_params/lib/python3.12/site-packages:${PYTHONPATH} /usr/bin/python3 -W ignore:setup.py install is deprecated -W ignore:easy_install command is deprecated setup.py egg_info --egg-base ../../build/maha_params build --build-base /home/shaalekh/Desktop/ros2_ws/build/maha_params/build install --record /home/shaalekh/Desktop/ros2_ws/build/maha_params/install.log --single-version-externally-managed install_data
