/home/shaalekh/Desktop/ros2_ws/install/maha_params/lib/python3.12/site-packages/maha_params/param_timer_node.py
/home/shaalekh/Desktop/ros2_ws/install/maha_params/lib/python3.12/site-packages/maha_params/py_parameter.py
/home/shaalekh/Desktop/ros2_ws/install/maha_params/lib/python3.12/site-packages/maha_params/__init__.py
/home/shaalekh/Desktop/ros2_ws/install/maha_params/lib/python3.12/site-packages/maha_params/param_node.py
/home/shaalekh/Desktop/ros2_ws/install/maha_params/lib/python3.12/site-packages/maha_params/__pycache__/param_timer_node.cpython-312.pyc
/home/shaalekh/Desktop/ros2_ws/install/maha_params/lib/python3.12/site-packages/maha_params/__pycache__/py_parameter.cpython-312.pyc
/home/shaalekh/Desktop/ros2_ws/install/maha_params/lib/python3.12/site-packages/maha_params/__pycache__/__init__.cpython-312.pyc
/home/shaalekh/Desktop/ros2_ws/install/maha_params/lib/python3.12/site-packages/maha_params/__pycache__/param_node.cpython-312.pyc
/home/shaalekh/Desktop/ros2_ws/install/maha_params/share/ament_index/resource_index/packages/maha_params
/home/shaalekh/Desktop/ros2_ws/install/maha_params/share/maha_params/package.xml
/home/shaalekh/Desktop/ros2_ws/install/maha_params/lib/python3.12/site-packages/maha_params-0.0.0-py3.12.egg-info/dependency_links.txt
/home/shaalekh/Desktop/ros2_ws/install/maha_params/lib/python3.12/site-packages/maha_params-0.0.0-py3.12.egg-info/PKG-INFO
/home/shaalekh/Desktop/ros2_ws/install/maha_params/lib/python3.12/site-packages/maha_params-0.0.0-py3.12.egg-info/entry_points.txt
/home/shaalekh/Desktop/ros2_ws/install/maha_params/lib/python3.12/site-packages/maha_params-0.0.0-py3.12.egg-info/requires.txt
/home/shaalekh/Desktop/ros2_ws/install/maha_params/lib/python3.12/site-packages/maha_params-0.0.0-py3.12.egg-info/top_level.txt
/home/shaalekh/Desktop/ros2_ws/install/maha_params/lib/python3.12/site-packages/maha_params-0.0.0-py3.12.egg-info/zip-safe
/home/shaalekh/Desktop/ros2_ws/install/maha_params/lib/python3.12/site-packages/maha_params-0.0.0-py3.12.egg-info/SOURCES.txt
/home/shaalekh/Desktop/ros2_ws/install/maha_params/lib/maha_params/my_parameter
/home/shaalekh/Desktop/ros2_ws/install/maha_params/lib/maha_params/param_node
/home/shaalekh/Desktop/ros2_ws/install/maha_params/lib/maha_params/param_timer_node
