running develop
Removing /home/shaalekh/Desktop/ros2_ws/install/my_services/lib/python3.12/site-packages/my-services.egg-link (link to .)
running egg_info
writing ../../build/my_services/my_services.egg-info/PKG-INFO
writing dependency_links to ../../build/my_services/my_services.egg-info/dependency_links.txt
writing entry points to ../../build/my_services/my_services.egg-info/entry_points.txt
writing requirements to ../../build/my_services/my_services.egg-info/requires.txt
writing top-level names to ../../build/my_services/my_services.egg-info/top_level.txt
reading manifest file '../../build/my_services/my_services.egg-info/SOURCES.txt'
writing manifest file '../../build/my_services/my_services.egg-info/SOURCES.txt'
running build
running build_py
creating /home/shaalekh/Desktop/ros2_ws/build/my_services/build
creating /home/shaalekh/Desktop/ros2_ws/build/my_services/build/lib
creating /home/shaalekh/Desktop/ros2_ws/build/my_services/build/lib/my_services
copying my_services/service_member.py -> /home/shaalekh/Desktop/ros2_ws/build/my_services/build/lib/my_services
copying my_services/__init__.py -> /home/shaalekh/Desktop/ros2_ws/build/my_services/build/lib/my_services
copying my_services/client_member.py -> /home/shaalekh/Desktop/ros2_ws/build/my_services/build/lib/my_services
running install
running install_lib
creating /home/shaalekh/Desktop/ros2_ws/install/my_services/lib/python3.12/site-packages/my_services
copying /home/shaalekh/Desktop/ros2_ws/build/my_services/build/lib/my_services/service_member.py -> /home/shaalekh/Desktop/ros2_ws/install/my_services/lib/python3.12/site-packages/my_services
copying /home/shaalekh/Desktop/ros2_ws/build/my_services/build/lib/my_services/__init__.py -> /home/shaalekh/Desktop/ros2_ws/install/my_services/lib/python3.12/site-packages/my_services
copying /home/shaalekh/Desktop/ros2_ws/build/my_services/build/lib/my_services/client_member.py -> /home/shaalekh/Desktop/ros2_ws/install/my_services/lib/python3.12/site-packages/my_services
byte-compiling /home/shaalekh/Desktop/ros2_ws/install/my_services/lib/python3.12/site-packages/my_services/service_member.py to service_member.cpython-312.pyc
byte-compiling /home/shaalekh/Desktop/ros2_ws/install/my_services/lib/python3.12/site-packages/my_services/__init__.py to __init__.cpython-312.pyc
byte-compiling /home/shaalekh/Desktop/ros2_ws/install/my_services/lib/python3.12/site-packages/my_services/client_member.py to client_member.cpython-312.pyc
running install_data
copying resource/my_services -> /home/shaalekh/Desktop/ros2_ws/install/my_services/share/ament_index/resource_index/packages
copying package.xml -> /home/shaalekh/Desktop/ros2_ws/install/my_services/share/my_services
running install_egg_info
Copying ../../build/my_services/my_services.egg-info to /home/shaalekh/Desktop/ros2_ws/install/my_services/lib/python3.12/site-packages/my_services-0.0.0-py3.12.egg-info
running install_scripts
Installing client script to /home/shaalekh/Desktop/ros2_ws/install/my_services/lib/my_services
Installing service script to /home/shaalekh/Desktop/ros2_ws/install/my_services/lib/my_services
writing list of installed files to '/home/shaalekh/Desktop/ros2_ws/build/my_services/install.log'
