[1.963s] Invoking command in '/home/shaalekh/Desktop/ros2_ws/build/my_services': DEBUGINFOD_URLS=https://debuginfod.ubuntu.com PYTHONPATH=/home/shaalekh/Desktop/ros2_ws/build/my_services/prefix_override:/usr/lib/python3/dist-packages/colcon_core/task/python/colcon_distutils_commands:/home/shaalekh/Desktop/ros2_ws/install/my_services/lib/python3.12/site-packages:${PYTHONPATH} /usr/bin/python3 -W ignore:setup.py install is deprecated -W ignore:easy_install command is deprecated setup.py develop --uninstall --editable --build-directory /home/shaalekh/Desktop/ros2_ws/build/my_services/build
[2.415s] running develop
[2.672s] Removing /home/shaalekh/Desktop/ros2_ws/install/my_services/lib/python3.12/site-packages/my-services.egg-link (link to .)
[2.851s] Invoked command in '/home/shaalekh/Desktop/ros2_ws/build/my_services' returned '0': DEBUGINFOD_URLS=https://debuginfod.ubuntu.com PYTHONPATH=/home/shaalekh/Desktop/ros2_ws/build/my_services/prefix_override:/usr/lib/python3/dist-packages/colcon_core/task/python/colcon_distutils_commands:/home/shaalekh/Desktop/ros2_ws/install/my_services/lib/python3.12/site-packages:${PYTHONPATH} /usr/bin/python3 -W ignore:setup.py install is deprecated -W ignore:easy_install command is deprecated setup.py develop --uninstall --editable --build-directory /home/shaalekh/Desktop/ros2_ws/build/my_services/build
[2.854s] Invoking command in '/home/shaalekh/Desktop/ros2_ws/src/my_services': DEBUGINFOD_URLS=https://debuginfod.ubuntu.com PYTHONPATH=/home/shaalekh/Desktop/ros2_ws/build/my_services/prefix_override:/usr/lib/python3/dist-packages/colcon_core/task/python/colcon_distutils_commands:/home/shaalekh/Desktop/ros2_ws/install/my_services/lib/python3.12/site-packages:${PYTHONPATH} /usr/bin/python3 -W ignore:setup.py install is deprecated -W ignore:easy_install command is deprecated setup.py egg_info --egg-base ../../build/my_services build --build-base /home/shaalekh/Desktop/ros2_ws/build/my_services/build install --record /home/shaalekh/Desktop/ros2_ws/build/my_services/install.log --single-version-externally-managed install_data --force
[3.227s] running egg_info
[3.251s] writing ../../build/my_services/my_services.egg-info/PKG-INFO
[3.253s] writing dependency_links to ../../build/my_services/my_services.egg-info/dependency_links.txt
[3.253s] writing entry points to ../../build/my_services/my_services.egg-info/entry_points.txt
[3.253s] writing requirements to ../../build/my_services/my_services.egg-info/requires.txt
[3.253s] writing top-level names to ../../build/my_services/my_services.egg-info/top_level.txt
[3.308s] reading manifest file '../../build/my_services/my_services.egg-info/SOURCES.txt'
[3.316s] writing manifest file '../../build/my_services/my_services.egg-info/SOURCES.txt'
[3.316s] running build
[3.316s] running build_py
[3.316s] creating /home/shaalekh/Desktop/ros2_ws/build/my_services/build
[3.316s] creating /home/shaalekh/Desktop/ros2_ws/build/my_services/build/lib
[3.316s] creating /home/shaalekh/Desktop/ros2_ws/build/my_services/build/lib/my_services
[3.316s] copying my_services/service_member.py -> /home/shaalekh/Desktop/ros2_ws/build/my_services/build/lib/my_services
[3.317s] copying my_services/__init__.py -> /home/shaalekh/Desktop/ros2_ws/build/my_services/build/lib/my_services
[3.317s] copying my_services/client_member.py -> /home/shaalekh/Desktop/ros2_ws/build/my_services/build/lib/my_services
[3.317s] running install
[3.327s] running install_lib
[3.352s] creating /home/shaalekh/Desktop/ros2_ws/install/my_services/lib/python3.12/site-packages/my_services
[3.352s] copying /home/shaalekh/Desktop/ros2_ws/build/my_services/build/lib/my_services/service_member.py -> /home/shaalekh/Desktop/ros2_ws/install/my_services/lib/python3.12/site-packages/my_services
[3.353s] copying /home/shaalekh/Desktop/ros2_ws/build/my_services/build/lib/my_services/__init__.py -> /home/shaalekh/Desktop/ros2_ws/install/my_services/lib/python3.12/site-packages/my_services
[3.354s] copying /home/shaalekh/Desktop/ros2_ws/build/my_services/build/lib/my_services/client_member.py -> /home/shaalekh/Desktop/ros2_ws/install/my_services/lib/python3.12/site-packages/my_services
[3.354s] byte-compiling /home/shaalekh/Desktop/ros2_ws/install/my_services/lib/python3.12/site-packages/my_services/service_member.py to service_member.cpython-312.pyc
[3.354s] byte-compiling /home/shaalekh/Desktop/ros2_ws/install/my_services/lib/python3.12/site-packages/my_services/__init__.py to __init__.cpython-312.pyc
[3.354s] byte-compiling /home/shaalekh/Desktop/ros2_ws/install/my_services/lib/python3.12/site-packages/my_services/client_member.py to client_member.cpython-312.pyc
[3.355s] running install_data
[3.355s] copying resource/my_services -> /home/shaalekh/Desktop/ros2_ws/install/my_services/share/ament_index/resource_index/packages
[3.356s] copying package.xml -> /home/shaalekh/Desktop/ros2_ws/install/my_services/share/my_services
[3.356s] running install_egg_info
[3.384s] Copying ../../build/my_services/my_services.egg-info to /home/shaalekh/Desktop/ros2_ws/install/my_services/lib/python3.12/site-packages/my_services-0.0.0-py3.12.egg-info
[3.394s] running install_scripts
[3.581s] Installing client script to /home/shaalekh/Desktop/ros2_ws/install/my_services/lib/my_services
[3.582s] Installing service script to /home/shaalekh/Desktop/ros2_ws/install/my_services/lib/my_services
[3.582s] writing list of installed files to '/home/shaalekh/Desktop/ros2_ws/build/my_services/install.log'
[3.725s] Invoked command in '/home/shaalekh/Desktop/ros2_ws/src/my_services' returned '0': DEBUGINFOD_URLS=https://debuginfod.ubuntu.com PYTHONPATH=/home/shaalekh/Desktop/ros2_ws/build/my_services/prefix_override:/usr/lib/python3/dist-packages/colcon_core/task/python/colcon_distutils_commands:/home/shaalekh/Desktop/ros2_ws/install/my_services/lib/python3.12/site-packages:${PYTHONPATH} /usr/bin/python3 -W ignore:setup.py install is deprecated -W ignore:easy_install command is deprecated setup.py egg_info --egg-base ../../build/my_services build --build-base /home/shaalekh/Desktop/ros2_ws/build/my_services/build install --record /home/shaalekh/Desktop/ros2_ws/build/my_services/install.log --single-version-externally-managed install_data --force
