[0.198s] DEBUG:colcon:Command line arguments: ['/usr/bin/colcon', 'build', '--packages-select', 'customs']
[0.198s] DEBUG:colcon:Parsed command line arguments: Namespace(log_base=None, log_level=None, verb_name='build', build_base='build', install_base='install', merge_install=False, symlink_install=False, test_result_base=None, continue_on_error=False, executor='parallel', parallel_workers=4, event_handlers=None, ignore_user_meta=False, metas=['./colcon.meta'], base_paths=['.'], packages_ignore=None, packages_ignore_regex=None, paths=None, packages_up_to=None, packages_up_to_regex=None, packages_above=None, packages_above_and_dependencies=None, packages_above_depth=None, packages_select_by_dep=None, packages_skip_by_dep=None, packages_skip_up_to=None, packages_select_build_failed=False, packages_skip_build_finished=False, packages_select_test_failures=False, packages_skip_test_passed=False, packages_select=['customs'], packages_skip=None, packages_select_regex=None, packages_skip_regex=None, packages_start=None, packages_end=None, cmake_args=None, cmake_target=None, cmake_target_skip_unavailable=False, cmake_clean_cache=False, cmake_clean_first=False, cmake_force_configure=False, ament_cmake_args=None, catkin_cmake_args=None, catkin_skip_building_tests=False, verb_parser=<colcon_defaults.argument_parser.defaults.DefaultArgumentsDecorator object at 0xffffab08c440>, verb_extension=<colcon_core.verb.build.BuildVerb object at 0xffffab3aa840>, main=<bound method BuildVerb.main of <colcon_core.verb.build.BuildVerb object at 0xffffab3aa840>>)
[0.263s] Level 1:colcon.colcon_core.package_discovery:discover_packages(colcon_meta) check parameters
[0.264s] Level 1:colcon.colcon_core.package_discovery:discover_packages(recursive) check parameters
[0.264s] Level 1:colcon.colcon_core.package_discovery:discover_packages(ignore) check parameters
[0.264s] Level 1:colcon.colcon_core.package_discovery:discover_packages(path) check parameters
[0.264s] Level 1:colcon.colcon_core.package_discovery:discover_packages(colcon_meta) discover
[0.264s] Level 1:colcon.colcon_core.package_discovery:discover_packages(recursive) discover
[0.264s] INFO:colcon.colcon_core.package_discovery:Crawling recursively for packages in '/home/shaalekh/Desktop/ros2_ws'
[0.264s] Level 1:colcon.colcon_core.package_identification:_identify(.) by extensions ['ignore', 'ignore_ament_install']
[0.264s] Level 1:colcon.colcon_core.package_identification:_identify(.) by extension 'ignore'
[0.264s] Level 1:colcon.colcon_core.package_identification:_identify(.) by extension 'ignore_ament_install'
[0.264s] Level 1:colcon.colcon_core.package_identification:_identify(.) by extensions ['colcon_pkg']
[0.264s] Level 1:colcon.colcon_core.package_identification:_identify(.) by extension 'colcon_pkg'
[0.265s] Level 1:colcon.colcon_core.package_identification:_identify(.) by extensions ['colcon_meta']
[0.265s] Level 1:colcon.colcon_core.package_identification:_identify(.) by extension 'colcon_meta'
[0.265s] Level 1:colcon.colcon_core.package_identification:_identify(.) by extensions ['ros']
[0.265s] Level 1:colcon.colcon_core.package_identification:_identify(.) by extension 'ros'
[0.301s] Level 1:colcon.colcon_core.package_identification:_identify(.) by extensions ['cmake', 'python']
[0.301s] Level 1:colcon.colcon_core.package_identification:_identify(.) by extension 'cmake'
[0.301s] Level 1:colcon.colcon_core.package_identification:_identify(.) by extension 'python'
[0.301s] Level 1:colcon.colcon_core.package_identification:_identify(.) by extensions ['python_setup_py']
[0.301s] Level 1:colcon.colcon_core.package_identification:_identify(.) by extension 'python_setup_py'
[0.302s] Level 1:colcon.colcon_core.package_identification:_identify(build) by extensions ['ignore', 'ignore_ament_install']
[0.302s] Level 1:colcon.colcon_core.package_identification:_identify(build) by extension 'ignore'
[0.302s] Level 1:colcon.colcon_core.package_identification:_identify(build) ignored
[0.302s] Level 1:colcon.colcon_core.package_identification:_identify(install) by extensions ['ignore', 'ignore_ament_install']
[0.302s] Level 1:colcon.colcon_core.package_identification:_identify(install) by extension 'ignore'
[0.302s] Level 1:colcon.colcon_core.package_identification:_identify(install) ignored
[0.302s] Level 1:colcon.colcon_core.package_identification:_identify(log) by extensions ['ignore', 'ignore_ament_install']
[0.302s] Level 1:colcon.colcon_core.package_identification:_identify(log) by extension 'ignore'
[0.302s] Level 1:colcon.colcon_core.package_identification:_identify(log) ignored
[0.302s] Level 1:colcon.colcon_core.package_identification:_identify(src) by extensions ['ignore', 'ignore_ament_install']
[0.303s] Level 1:colcon.colcon_core.package_identification:_identify(src) by extension 'ignore'
[0.303s] Level 1:colcon.colcon_core.package_identification:_identify(src) by extension 'ignore_ament_install'
[0.303s] Level 1:colcon.colcon_core.package_identification:_identify(src) by extensions ['colcon_pkg']
[0.303s] Level 1:colcon.colcon_core.package_identification:_identify(src) by extension 'colcon_pkg'
[0.303s] Level 1:colcon.colcon_core.package_identification:_identify(src) by extensions ['colcon_meta']
[0.303s] Level 1:colcon.colcon_core.package_identification:_identify(src) by extension 'colcon_meta'
[0.303s] Level 1:colcon.colcon_core.package_identification:_identify(src) by extensions ['ros']
[0.303s] Level 1:colcon.colcon_core.package_identification:_identify(src) by extension 'ros'
[0.303s] Level 1:colcon.colcon_core.package_identification:_identify(src) by extensions ['cmake', 'python']
[0.303s] Level 1:colcon.colcon_core.package_identification:_identify(src) by extension 'cmake'
[0.303s] Level 1:colcon.colcon_core.package_identification:_identify(src) by extension 'python'
[0.303s] Level 1:colcon.colcon_core.package_identification:_identify(src) by extensions ['python_setup_py']
[0.303s] Level 1:colcon.colcon_core.package_identification:_identify(src) by extension 'python_setup_py'
[0.303s] Level 1:colcon.colcon_core.package_identification:_identify(src/customs) by extensions ['ignore', 'ignore_ament_install']
[0.303s] Level 1:colcon.colcon_core.package_identification:_identify(src/customs) by extension 'ignore'
[0.303s] Level 1:colcon.colcon_core.package_identification:_identify(src/customs) by extension 'ignore_ament_install'
[0.303s] Level 1:colcon.colcon_core.package_identification:_identify(src/customs) by extensions ['colcon_pkg']
[0.304s] Level 1:colcon.colcon_core.package_identification:_identify(src/customs) by extension 'colcon_pkg'
[0.304s] Level 1:colcon.colcon_core.package_identification:_identify(src/customs) by extensions ['colcon_meta']
[0.304s] Level 1:colcon.colcon_core.package_identification:_identify(src/customs) by extension 'colcon_meta'
[0.304s] Level 1:colcon.colcon_core.package_identification:_identify(src/customs) by extensions ['ros']
[0.304s] Level 1:colcon.colcon_core.package_identification:_identify(src/customs) by extension 'ros'
[0.307s] DEBUG:colcon.colcon_core.package_identification:Package 'src/customs' with type 'ros.ament_cmake' and name 'customs'
[0.307s] Level 1:colcon.colcon_core.package_identification:_identify(src/my_pack) by extensions ['ignore', 'ignore_ament_install']
[0.307s] Level 1:colcon.colcon_core.package_identification:_identify(src/my_pack) by extension 'ignore'
[0.307s] Level 1:colcon.colcon_core.package_identification:_identify(src/my_pack) by extension 'ignore_ament_install'
[0.307s] Level 1:colcon.colcon_core.package_identification:_identify(src/my_pack) by extensions ['colcon_pkg']
[0.307s] Level 1:colcon.colcon_core.package_identification:_identify(src/my_pack) by extension 'colcon_pkg'
[0.307s] Level 1:colcon.colcon_core.package_identification:_identify(src/my_pack) by extensions ['colcon_meta']
[0.307s] Level 1:colcon.colcon_core.package_identification:_identify(src/my_pack) by extension 'colcon_meta'
[0.307s] Level 1:colcon.colcon_core.package_identification:_identify(src/my_pack) by extensions ['ros']
[0.307s] Level 1:colcon.colcon_core.package_identification:_identify(src/my_pack) by extension 'ros'
[0.308s] DEBUG:colcon.colcon_core.package_identification:Package 'src/my_pack' with type 'ros.ament_python' and name 'my_pack'
[0.308s] Level 1:colcon.colcon_core.package_identification:_identify(src/srvcli) by extensions ['ignore', 'ignore_ament_install']
[0.308s] Level 1:colcon.colcon_core.package_identification:_identify(src/srvcli) by extension 'ignore'
[0.308s] Level 1:colcon.colcon_core.package_identification:_identify(src/srvcli) by extension 'ignore_ament_install'
[0.308s] Level 1:colcon.colcon_core.package_identification:_identify(src/srvcli) by extensions ['colcon_pkg']
[0.308s] Level 1:colcon.colcon_core.package_identification:_identify(src/srvcli) by extension 'colcon_pkg'
[0.309s] Level 1:colcon.colcon_core.package_identification:_identify(src/srvcli) by extensions ['colcon_meta']
[0.309s] Level 1:colcon.colcon_core.package_identification:_identify(src/srvcli) by extension 'colcon_meta'
[0.309s] Level 1:colcon.colcon_core.package_identification:_identify(src/srvcli) by extensions ['ros']
[0.309s] Level 1:colcon.colcon_core.package_identification:_identify(src/srvcli) by extension 'ros'
[0.309s] DEBUG:colcon.colcon_core.package_identification:Package 'src/srvcli' with type 'ros.ament_python' and name 'srvcli'
[0.309s] Level 1:colcon.colcon_core.package_discovery:discover_packages(recursive) using defaults
[0.309s] Level 1:colcon.colcon_core.package_discovery:discover_packages(ignore) discover
[0.309s] Level 1:colcon.colcon_core.package_discovery:discover_packages(ignore) using defaults
[0.309s] Level 1:colcon.colcon_core.package_discovery:discover_packages(path) discover
[0.309s] Level 1:colcon.colcon_core.package_discovery:discover_packages(path) using defaults
[0.339s] INFO:colcon.colcon_core.package_selection:Skipping not selected package 'my_pack' in 'src/my_pack'
[0.339s] INFO:colcon.colcon_core.package_selection:Skipping not selected package 'srvcli' in 'src/srvcli'
[0.340s] Level 5:colcon.colcon_core.verb:set package 'customs' build argument 'cmake_args' from command line to 'None'
[0.340s] Level 5:colcon.colcon_core.verb:set package 'customs' build argument 'cmake_target' from command line to 'None'
[0.340s] Level 5:colcon.colcon_core.verb:set package 'customs' build argument 'cmake_target_skip_unavailable' from command line to 'False'
[0.340s] Level 5:colcon.colcon_core.verb:set package 'customs' build argument 'cmake_clean_cache' from command line to 'False'
[0.340s] Level 5:colcon.colcon_core.verb:set package 'customs' build argument 'cmake_clean_first' from command line to 'False'
[0.340s] Level 5:colcon.colcon_core.verb:set package 'customs' build argument 'cmake_force_configure' from command line to 'False'
[0.340s] Level 5:colcon.colcon_core.verb:set package 'customs' build argument 'ament_cmake_args' from command line to 'None'
[0.340s] Level 5:colcon.colcon_core.verb:set package 'customs' build argument 'catkin_cmake_args' from command line to 'None'
[0.340s] Level 5:colcon.colcon_core.verb:set package 'customs' build argument 'catkin_skip_building_tests' from command line to 'False'
[0.340s] DEBUG:colcon.colcon_core.verb:Building package 'customs' with the following arguments: {'ament_cmake_args': None, 'build_base': '/home/shaalekh/Desktop/ros2_ws/build/customs', 'catkin_cmake_args': None, 'catkin_skip_building_tests': False, 'cmake_args': None, 'cmake_clean_cache': False, 'cmake_clean_first': False, 'cmake_force_configure': False, 'cmake_target': None, 'cmake_target_skip_unavailable': False, 'install_base': '/home/shaalekh/Desktop/ros2_ws/install/customs', 'merge_install': False, 'path': '/home/shaalekh/Desktop/ros2_ws/src/customs', 'symlink_install': False, 'test_result_base': None}
[0.340s] INFO:colcon.colcon_core.executor:Executing jobs using 'parallel' executor
[0.342s] DEBUG:colcon.colcon_parallel_executor.executor.parallel:run_until_complete
[0.344s] INFO:colcon.colcon_ros.task.ament_cmake.build:Building ROS package in '/home/shaalekh/Desktop/ros2_ws/src/customs' with build type 'ament_cmake'
[0.344s] INFO:colcon.colcon_cmake.task.cmake.build:Building CMake package in '/home/shaalekh/Desktop/ros2_ws/src/customs'
[0.352s] INFO:colcon.colcon_core.plugin_system:Skipping extension 'colcon_core.shell.bat': Not used on non-Windows systems
[0.353s] DEBUG:colcon.colcon_core.shell:Skip shell extension 'dsv' for command environment
[0.370s] DEBUG:colcon.colcon_core.event_handler.log_command:Invoking command in '/home/shaalekh/Desktop/ros2_ws/build/customs': CMAKE_PREFIX_PATH=${CMAKE_PREFIX_PATH}:/opt/ros/jazzy DEBUGINFOD_URLS=https://debuginfod.ubuntu.com /usr/bin/cmake /home/shaalekh/Desktop/ros2_ws/src/customs -DCMAKE_INSTALL_PREFIX=/home/shaalekh/Desktop/ros2_ws/install/customs
[5.695s] DEBUG:colcon.colcon_core.event_handler.log_command:Invoked command in '/home/shaalekh/Desktop/ros2_ws/build/customs' returned '0': CMAKE_PREFIX_PATH=${CMAKE_PREFIX_PATH}:/opt/ros/jazzy DEBUGINFOD_URLS=https://debuginfod.ubuntu.com /usr/bin/cmake /home/shaalekh/Desktop/ros2_ws/src/customs -DCMAKE_INSTALL_PREFIX=/home/shaalekh/Desktop/ros2_ws/install/customs
[5.697s] DEBUG:colcon.colcon_core.event_handler.log_command:Invoking command in '/home/shaalekh/Desktop/ros2_ws/build/customs': CMAKE_PREFIX_PATH=${CMAKE_PREFIX_PATH}:/opt/ros/jazzy DEBUGINFOD_URLS=https://debuginfod.ubuntu.com /usr/bin/cmake --build /home/shaalekh/Desktop/ros2_ws/build/customs -- -j4 -l4
[13.349s] DEBUG:colcon.colcon_core.event_handler.log_command:Invoked command in '/home/shaalekh/Desktop/ros2_ws/build/customs' returned '0': CMAKE_PREFIX_PATH=${CMAKE_PREFIX_PATH}:/opt/ros/jazzy DEBUGINFOD_URLS=https://debuginfod.ubuntu.com /usr/bin/cmake --build /home/shaalekh/Desktop/ros2_ws/build/customs -- -j4 -l4
[13.367s] DEBUG:colcon.colcon_core.event_handler.log_command:Invoking command in '/home/shaalekh/Desktop/ros2_ws/build/customs': CMAKE_PREFIX_PATH=${CMAKE_PREFIX_PATH}:/opt/ros/jazzy DEBUGINFOD_URLS=https://debuginfod.ubuntu.com /usr/bin/cmake --install /home/shaalekh/Desktop/ros2_ws/build/customs
[13.519s] Level 1:colcon.colcon_core.environment:create_environment_scripts_only(customs)
[13.519s] DEBUG:colcon.colcon_core.event_handler.log_command:Invoked command in '/home/shaalekh/Desktop/ros2_ws/build/customs' returned '0': CMAKE_PREFIX_PATH=${CMAKE_PREFIX_PATH}:/opt/ros/jazzy DEBUGINFOD_URLS=https://debuginfod.ubuntu.com /usr/bin/cmake --install /home/shaalekh/Desktop/ros2_ws/build/customs
[13.525s] Level 1:colcon.colcon_core.environment:checking '/home/shaalekh/Desktop/ros2_ws/install/customs' for CMake module files
[13.526s] Level 1:colcon.colcon_core.environment:checking '/home/shaalekh/Desktop/ros2_ws/install/customs' for CMake config files
[13.527s] Level 1:colcon.colcon_core.shell:create_environment_hook('customs', 'cmake_prefix_path')
[13.527s] INFO:colcon.colcon_core.shell:Creating environment descriptor '/home/shaalekh/Desktop/ros2_ws/install/customs/share/customs/hook/cmake_prefix_path.dsv'
[13.528s] INFO:colcon.colcon_core.shell:Creating environment hook '/home/shaalekh/Desktop/ros2_ws/install/customs/share/customs/hook/cmake_prefix_path.sh'
[13.530s] Level 1:colcon.colcon_core.environment:checking '/home/shaalekh/Desktop/ros2_ws/install/customs/lib'
[13.530s] Level 1:colcon.colcon_core.shell:create_environment_hook('customs', 'ld_library_path_lib')
[13.530s] INFO:colcon.colcon_core.shell:Creating environment descriptor '/home/shaalekh/Desktop/ros2_ws/install/customs/share/customs/hook/ld_library_path_lib.dsv'
[13.530s] INFO:colcon.colcon_core.shell:Creating environment hook '/home/shaalekh/Desktop/ros2_ws/install/customs/share/customs/hook/ld_library_path_lib.sh'
[13.531s] Level 1:colcon.colcon_core.environment:checking '/home/shaalekh/Desktop/ros2_ws/install/customs/bin'
[13.531s] Level 1:colcon.colcon_core.environment:checking '/home/shaalekh/Desktop/ros2_ws/install/customs/lib/pkgconfig/customs.pc'
[13.535s] Level 1:colcon.colcon_core.environment:checking '/home/shaalekh/Desktop/ros2_ws/install/customs/lib/python3.12/site-packages'
[13.535s] Level 1:colcon.colcon_core.shell:create_environment_hook('customs', 'pythonpath')
[13.535s] INFO:colcon.colcon_core.shell:Creating environment descriptor '/home/shaalekh/Desktop/ros2_ws/install/customs/share/customs/hook/pythonpath.dsv'
[13.536s] INFO:colcon.colcon_core.shell:Creating environment hook '/home/shaalekh/Desktop/ros2_ws/install/customs/share/customs/hook/pythonpath.sh'
[13.536s] Level 1:colcon.colcon_core.environment:checking '/home/shaalekh/Desktop/ros2_ws/install/customs/bin'
[13.537s] INFO:colcon.colcon_core.shell:Creating package descriptor '/home/shaalekh/Desktop/ros2_ws/install/customs/share/customs/package.dsv'
[13.538s] INFO:colcon.colcon_core.shell:Creating package script '/home/shaalekh/Desktop/ros2_ws/install/customs/share/customs/package.sh'
[13.539s] INFO:colcon.colcon_core.shell:Creating package script '/home/shaalekh/Desktop/ros2_ws/install/customs/share/customs/package.bash'
[13.540s] INFO:colcon.colcon_core.shell:Creating package script '/home/shaalekh/Desktop/ros2_ws/install/customs/share/customs/package.zsh'
[13.541s] Level 1:colcon.colcon_core.environment:create_file_with_runtime_dependencies(/home/shaalekh/Desktop/ros2_ws/install/customs/share/colcon-core/packages/customs)
[13.542s] Level 1:colcon.colcon_core.environment:create_environment_scripts_only(customs)
[13.543s] Level 1:colcon.colcon_core.environment:checking '/home/shaalekh/Desktop/ros2_ws/install/customs' for CMake module files
[13.543s] Level 1:colcon.colcon_core.environment:checking '/home/shaalekh/Desktop/ros2_ws/install/customs' for CMake config files
[13.544s] Level 1:colcon.colcon_core.shell:create_environment_hook('customs', 'cmake_prefix_path')
[13.544s] INFO:colcon.colcon_core.shell:Creating environment descriptor '/home/shaalekh/Desktop/ros2_ws/install/customs/share/customs/hook/cmake_prefix_path.dsv'
[13.545s] INFO:colcon.colcon_core.shell:Creating environment hook '/home/shaalekh/Desktop/ros2_ws/install/customs/share/customs/hook/cmake_prefix_path.sh'
[13.546s] Level 1:colcon.colcon_core.environment:checking '/home/shaalekh/Desktop/ros2_ws/install/customs/lib'
[13.546s] Level 1:colcon.colcon_core.shell:create_environment_hook('customs', 'ld_library_path_lib')
[13.546s] INFO:colcon.colcon_core.shell:Creating environment descriptor '/home/shaalekh/Desktop/ros2_ws/install/customs/share/customs/hook/ld_library_path_lib.dsv'
[13.546s] INFO:colcon.colcon_core.shell:Creating environment hook '/home/shaalekh/Desktop/ros2_ws/install/customs/share/customs/hook/ld_library_path_lib.sh'
[13.547s] Level 1:colcon.colcon_core.environment:checking '/home/shaalekh/Desktop/ros2_ws/install/customs/bin'
[13.547s] Level 1:colcon.colcon_core.environment:checking '/home/shaalekh/Desktop/ros2_ws/install/customs/lib/pkgconfig/customs.pc'
[13.547s] Level 1:colcon.colcon_core.environment:checking '/home/shaalekh/Desktop/ros2_ws/install/customs/lib/python3.12/site-packages'
[13.547s] Level 1:colcon.colcon_core.shell:create_environment_hook('customs', 'pythonpath')
[13.548s] INFO:colcon.colcon_core.shell:Creating environment descriptor '/home/shaalekh/Desktop/ros2_ws/install/customs/share/customs/hook/pythonpath.dsv'
[13.548s] INFO:colcon.colcon_core.shell:Creating environment hook '/home/shaalekh/Desktop/ros2_ws/install/customs/share/customs/hook/pythonpath.sh'
[13.549s] Level 1:colcon.colcon_core.environment:checking '/home/shaalekh/Desktop/ros2_ws/install/customs/bin'
[13.549s] INFO:colcon.colcon_core.shell:Creating package descriptor '/home/shaalekh/Desktop/ros2_ws/install/customs/share/customs/package.dsv'
[13.550s] INFO:colcon.colcon_core.shell:Creating package script '/home/shaalekh/Desktop/ros2_ws/install/customs/share/customs/package.sh'
[13.551s] INFO:colcon.colcon_core.shell:Creating package script '/home/shaalekh/Desktop/ros2_ws/install/customs/share/customs/package.bash'
[13.551s] INFO:colcon.colcon_core.shell:Creating package script '/home/shaalekh/Desktop/ros2_ws/install/customs/share/customs/package.zsh'
[13.552s] Level 1:colcon.colcon_core.environment:create_file_with_runtime_dependencies(/home/shaalekh/Desktop/ros2_ws/install/customs/share/colcon-core/packages/customs)
[13.552s] DEBUG:colcon.colcon_parallel_executor.executor.parallel:closing loop
[13.553s] DEBUG:colcon.colcon_parallel_executor.executor.parallel:loop closed
[13.553s] DEBUG:colcon.colcon_parallel_executor.executor.parallel:run_until_complete finished with '0'
[13.553s] DEBUG:colcon.colcon_core.event_reactor:joining thread
[13.569s] INFO:colcon.colcon_core.plugin_system:Skipping extension 'colcon_notification.desktop_notification.terminal_notifier': Not used on non-Darwin systems
[13.570s] INFO:colcon.colcon_core.plugin_system:Skipping extension 'colcon_notification.desktop_notification.win32': Not used on non-Windows systems
[13.570s] INFO:colcon.colcon_notification.desktop_notification:Sending desktop notification using 'notify2'
[13.618s] DEBUG:colcon.colcon_core.event_reactor:joined thread
[13.619s] INFO:colcon.colcon_core.shell:Creating prefix script '/home/shaalekh/Desktop/ros2_ws/install/local_setup.sh'
[13.621s] INFO:colcon.colcon_core.shell:Creating prefix util module '/home/shaalekh/Desktop/ros2_ws/install/_local_setup_util_sh.py'
[13.623s] INFO:colcon.colcon_core.shell:Creating prefix chain script '/home/shaalekh/Desktop/ros2_ws/install/setup.sh'
[13.626s] INFO:colcon.colcon_core.shell:Creating prefix script '/home/shaalekh/Desktop/ros2_ws/install/local_setup.bash'
[13.627s] INFO:colcon.colcon_core.shell:Creating prefix chain script '/home/shaalekh/Desktop/ros2_ws/install/setup.bash'
[13.629s] INFO:colcon.colcon_core.shell:Creating prefix script '/home/shaalekh/Desktop/ros2_ws/install/local_setup.zsh'
[13.631s] INFO:colcon.colcon_core.shell:Creating prefix chain script '/home/shaalekh/Desktop/ros2_ws/install/setup.zsh'
