[1.800s] Invoking command in '/home/shaalekh/Desktop/ros2_ws/src/my_pack': DEBUGINFOD_URLS=https://debuginfod.ubuntu.com PYTHONPATH=/home/shaalekh/Desktop/ros2_ws/build/my_pack/prefix_override:/usr/lib/python3/dist-packages/colcon_core/task/python/colcon_distutils_commands:/home/shaalekh/Desktop/ros2_ws/install/my_pack/lib/python3.12/site-packages:${PYTHONPATH} /usr/bin/python3 -W ignore:setup.py install is deprecated -W ignore:easy_install command is deprecated setup.py egg_info --egg-base ../../build/my_pack build --build-base /home/shaalekh/Desktop/ros2_ws/build/my_pack/build install --record /home/shaalekh/Desktop/ros2_ws/build/my_pack/install.log --single-version-externally-managed install_data
[2.169s] running egg_info
[2.196s] writing ../../build/my_pack/my_pack.egg-info/PKG-INFO
[2.197s] writing dependency_links to ../../build/my_pack/my_pack.egg-info/dependency_links.txt
[2.197s] writing entry points to ../../build/my_pack/my_pack.egg-info/entry_points.txt
[2.198s] writing requirements to ../../build/my_pack/my_pack.egg-info/requires.txt
[2.198s] writing top-level names to ../../build/my_pack/my_pack.egg-info/top_level.txt
[2.248s] reading manifest file '../../build/my_pack/my_pack.egg-info/SOURCES.txt'
[2.249s] adding license file 'LICENSE'
[2.249s] writing manifest file '../../build/my_pack/my_pack.egg-info/SOURCES.txt'
[2.250s] running build
[2.250s] running build_py
[2.250s] copying my_pack/cust_publisher.py -> /home/shaalekh/Desktop/ros2_ws/build/my_pack/build/lib/my_pack
[2.250s] copying my_pack/cust_subscriber.py -> /home/shaalekh/Desktop/ros2_ws/build/my_pack/build/lib/my_pack
[2.251s] running install
[2.260s] running install_lib
[2.284s] copying /home/shaalekh/Desktop/ros2_ws/build/my_pack/build/lib/my_pack/cust_publisher.py -> /home/shaalekh/Desktop/ros2_ws/install/my_pack/lib/python3.12/site-packages/my_pack
[2.285s] copying /home/shaalekh/Desktop/ros2_ws/build/my_pack/build/lib/my_pack/cust_subscriber.py -> /home/shaalekh/Desktop/ros2_ws/install/my_pack/lib/python3.12/site-packages/my_pack
[2.286s] byte-compiling /home/shaalekh/Desktop/ros2_ws/install/my_pack/lib/python3.12/site-packages/my_pack/cust_publisher.py to cust_publisher.cpython-312.pyc
[2.287s] byte-compiling /home/shaalekh/Desktop/ros2_ws/install/my_pack/lib/python3.12/site-packages/my_pack/cust_subscriber.py to cust_subscriber.cpython-312.pyc
[2.287s] running install_data
[2.287s] running install_egg_info
[2.317s] removing '/home/shaalekh/Desktop/ros2_ws/install/my_pack/lib/python3.12/site-packages/my_pack-0.0.0-py3.12.egg-info' (and everything under it)
[2.317s] Copying ../../build/my_pack/my_pack.egg-info to /home/shaalekh/Desktop/ros2_ws/install/my_pack/lib/python3.12/site-packages/my_pack-0.0.0-py3.12.egg-info
[2.319s] running install_scripts
[2.504s] Installing hello_world script to /home/shaalekh/Desktop/ros2_ws/install/my_pack/lib/my_pack
[2.504s] Installing publisher script to /home/shaalekh/Desktop/ros2_ws/install/my_pack/lib/my_pack
[2.505s] Installing subscriber script to /home/shaalekh/Desktop/ros2_ws/install/my_pack/lib/my_pack
[2.506s] writing list of installed files to '/home/shaalekh/Desktop/ros2_ws/build/my_pack/install.log'
[2.605s] Invoked command in '/home/shaalekh/Desktop/ros2_ws/src/my_pack' returned '0': DEBUGINFOD_URLS=https://debuginfod.ubuntu.com PYTHONPATH=/home/shaalekh/Desktop/ros2_ws/build/my_pack/prefix_override:/usr/lib/python3/dist-packages/colcon_core/task/python/colcon_distutils_commands:/home/shaalekh/Desktop/ros2_ws/install/my_pack/lib/python3.12/site-packages:${PYTHONPATH} /usr/bin/python3 -W ignore:setup.py install is deprecated -W ignore:easy_install command is deprecated setup.py egg_info --egg-base ../../build/my_pack build --build-base /home/shaalekh/Desktop/ros2_ws/build/my_pack/build install --record /home/shaalekh/Desktop/ros2_ws/build/my_pack/install.log --single-version-externally-managed install_data
