[0.031s] Invoking command in '/home/shaalekh/Desktop/ros2_ws/build/customs': CMAKE_PREFIX_PATH=${CMAKE_PREFIX_PATH}:/opt/ros/jazzy DEBUGINFOD_URLS=https://debuginfod.ubuntu.com /usr/bin/cmake --build /home/shaalekh/Desktop/ros2_ws/build/customs -- -j4 -l4
[0.089s] -- Found ament_cmake: 2.5.4 (/opt/ros/jazzy/share/ament_cmake/cmake)
[0.133s] -- Found Python3: /usr/bin/python3 (found version "3.12.3") found components: Interpreter 
[0.267s] -- Found geometry_msgs: 5.3.6 (/opt/ros/jazzy/share/geometry_msgs/cmake)
[0.306s] -- Found rosidl_generator_c: 4.6.5 (/opt/ros/jazzy/share/rosidl_generator_c/cmake)
[0.319s] -- Found rosidl_generator_cpp: 4.6.5 (/opt/ros/jazzy/share/rosidl_generator_cpp/cmake)
[0.335s] -- Using all available rosidl_typesupport_c: rosidl_typesupport_fastrtps_c;rosidl_typesupport_introspection_c
[0.355s] -- Using all available rosidl_typesupport_cpp: rosidl_typesupport_fastrtps_cpp;rosidl_typesupport_introspection_cpp
[0.412s] -- Found rosidl_default_generators: 1.6.0 (/opt/ros/jazzy/share/rosidl_default_generators/cmake)
[0.424s] -- Found rosidl_adapter: 4.6.5 (/opt/ros/jazzy/share/rosidl_adapter/cmake)
[0.927s] -- Found ament_cmake_ros: 0.12.0 (/opt/ros/jazzy/share/ament_cmake_ros/cmake)
[1.387s] -- Using all available rosidl_typesupport_c: rosidl_typesupport_fastrtps_c;rosidl_typesupport_introspection_c
[1.565s] -- Using all available rosidl_typesupport_cpp: rosidl_typesupport_fastrtps_cpp;rosidl_typesupport_introspection_cpp
[1.566s] -- Found python_cmake_module: 0.11.1 (/opt/ros/jazzy/share/python_cmake_module/cmake)
[2.019s] -- Found Python3: /usr/bin/python3 (found version "3.12.3") found components: Interpreter Development NumPy Development.Module Development.Embed 
[2.079s] -- Found ament_lint_auto: 0.17.2 (/opt/ros/jazzy/share/ament_lint_auto/cmake)
[2.124s] -- Added test 'cppcheck' to perform static code analysis on C / C++ code
[2.124s] -- Configured cppcheck include dirs: 
[2.124s] -- Configured cppcheck exclude dirs and/or files: 
[2.129s] -- Added test 'flake8' to check Python code syntax and style conventions
[2.129s] -- Configured 'flake8' exclude dirs and/or files: 
[2.137s] -- Added test 'lint_cmake' to check CMake code style
[2.141s] -- Added test 'pep257' to check Python code against some of the docstring style conventions in PEP 257
[2.169s] -- Added test 'uncrustify' to check C / C++ code style
[2.169s] -- Configured uncrustify additional arguments: 
[2.173s] -- Added test 'xmllint' to check XML markup files
[2.178s] -- Configuring done (2.1s)
[2.334s] -- Generating done (0.1s)
[2.365s] -- Build files have been written to: /home/shaalekh/Desktop/ros2_ws/build/customs
[2.438s] [  1%] [34m[1mGenerating type hashes for ROS interfaces[0m
[2.467s] [  1%] Built target ament_cmake_python_copy_customs
[2.792s] running egg_info
[2.822s] [  1%] Built target customs__rosidl_generator_type_description
[2.827s] writing customs.egg-info/PKG-INFO
[2.827s] writing dependency_links to customs.egg-info/dependency_links.txt
[2.827s] writing top-level names to customs.egg-info/top_level.txt
[2.845s] [  3%] [34m[1mGenerating C code for ROS interfaces[0m
[2.868s] [  4%] [34m[1mGenerating C++ code for ROS interfaces[0m
[2.921s] reading manifest file 'customs.egg-info/SOURCES.txt'
[2.923s] writing manifest file 'customs.egg-info/SOURCES.txt'
[3.013s] [  4%] Built target ament_cmake_python_build_customs_egg
[3.607s] [  4%] Built target customs__cpp
[3.839s] [  9%] [32mBuilding C object CMakeFiles/customs__rosidl_generator_c.dir/rosidl_generator_c/customs/msg/detail/num__functions.c.o[0m
[3.839s] [  9%] [32mBuilding C object CMakeFiles/customs__rosidl_generator_c.dir/rosidl_generator_c/customs/msg/detail/num__type_support.c.o[0m
[3.840s] [  9%] [32mBuilding C object CMakeFiles/customs__rosidl_generator_c.dir/rosidl_generator_c/customs/msg/detail/num__description.c.o[0m
[3.842s] [ 10%] [32mBuilding C object CMakeFiles/customs__rosidl_generator_c.dir/rosidl_generator_c/customs/msg/detail/sphere__description.c.o[0m
[3.954s] [ 12%] [32mBuilding C object CMakeFiles/customs__rosidl_generator_c.dir/rosidl_generator_c/customs/msg/detail/sphere__functions.c.o[0m
[3.976s] [ 14%] [32mBuilding C object CMakeFiles/customs__rosidl_generator_c.dir/rosidl_generator_c/customs/msg/detail/sphere__type_support.c.o[0m
[3.979s] [ 15%] [32mBuilding C object CMakeFiles/customs__rosidl_generator_c.dir/rosidl_generator_c/customs/msg/detail/address_book__description.c.o[0m
[3.992s] [ 17%] [32mBuilding C object CMakeFiles/customs__rosidl_generator_c.dir/rosidl_generator_c/customs/msg/detail/address_book__functions.c.o[0m
[4.054s] [ 18%] [32mBuilding C object CMakeFiles/customs__rosidl_generator_c.dir/rosidl_generator_c/customs/msg/detail/address_book__type_support.c.o[0m
[4.074s] [ 20%] [32mBuilding C object CMakeFiles/customs__rosidl_generator_c.dir/rosidl_generator_c/customs/srv/detail/add_three_ints__description.c.o[0m
[4.076s] [ 21%] [32mBuilding C object CMakeFiles/customs__rosidl_generator_c.dir/rosidl_generator_c/customs/srv/detail/add_three_ints__functions.c.o[0m
[4.123s] [ 23%] [32mBuilding C object CMakeFiles/customs__rosidl_generator_c.dir/rosidl_generator_c/customs/srv/detail/add_three_ints__type_support.c.o[0m
[4.224s] [ 25%] [32m[1mLinking C shared library libcustoms__rosidl_generator_c.so[0m
[4.304s] [ 25%] Built target customs__rosidl_generator_c
[4.334s] [ 29%] [34m[1mGenerating C introspection for ROS interfaces[0m
[4.334s] [ 29%] [34m[1mGenerating C type support for eProsima Fast-RTPS[0m
[4.334s] [ 29%] [34m[1mGenerating C++ type support dispatch for ROS interfaces[0m
[4.334s] [ 31%] [34m[1mGenerating C++ type support for eProsima Fast-RTPS[0m
[4.936s] [ 32%] [32mBuilding CXX object CMakeFiles/customs__rosidl_typesupport_cpp.dir/rosidl_typesupport_cpp/customs/msg/num__type_support.cpp.o[0m
[5.117s] [ 34%] [32mBuilding C object CMakeFiles/customs__rosidl_typesupport_introspection_c.dir/rosidl_typesupport_introspection_c/customs/msg/detail/num__type_support.c.o[0m
[5.202s] [ 35%] [32mBuilding C object CMakeFiles/customs__rosidl_typesupport_introspection_c.dir/rosidl_typesupport_introspection_c/customs/msg/detail/sphere__type_support.c.o[0m
[5.213s] [ 37%] [32mBuilding CXX object CMakeFiles/customs__rosidl_typesupport_fastrtps_cpp.dir/rosidl_typesupport_fastrtps_cpp/customs/msg/detail/dds_fastrtps/num__type_support.cpp.o[0m
[5.294s] [ 39%] [32mBuilding CXX object CMakeFiles/customs__rosidl_typesupport_fastrtps_c.dir/rosidl_typesupport_fastrtps_c/customs/msg/detail/num__type_support_c.cpp.o[0m
[5.347s] [ 40%] [32mBuilding C object CMakeFiles/customs__rosidl_typesupport_introspection_c.dir/rosidl_typesupport_introspection_c/customs/msg/detail/address_book__type_support.c.o[0m
[5.431s] [ 42%] [32mBuilding C object CMakeFiles/customs__rosidl_typesupport_introspection_c.dir/rosidl_typesupport_introspection_c/customs/srv/detail/add_three_ints__type_support.c.o[0m
[5.549s] [ 43%] [32m[1mLinking C shared library libcustoms__rosidl_typesupport_introspection_c.so[0m
[5.636s] [ 43%] Built target customs__rosidl_typesupport_introspection_c
[5.658s] [ 45%] [32mBuilding CXX object CMakeFiles/customs__rosidl_typesupport_fastrtps_c.dir/rosidl_typesupport_fastrtps_c/customs/msg/detail/sphere__type_support_c.cpp.o[0m
[5.773s] [ 46%] [32mBuilding CXX object CMakeFiles/customs__rosidl_typesupport_cpp.dir/rosidl_typesupport_cpp/customs/msg/sphere__type_support.cpp.o[0m
[6.301s] [ 48%] [32mBuilding CXX object CMakeFiles/customs__rosidl_typesupport_fastrtps_cpp.dir/rosidl_typesupport_fastrtps_cpp/customs/msg/detail/dds_fastrtps/sphere__type_support.cpp.o[0m
[6.315s] [ 50%] [34m[1mGenerating C type support dispatch for ROS interfaces[0m
[6.480s] [ 51%] [32mBuilding CXX object CMakeFiles/customs__rosidl_typesupport_cpp.dir/rosidl_typesupport_cpp/customs/msg/address_book__type_support.cpp.o[0m
[6.722s] [ 53%] [32mBuilding CXX object CMakeFiles/customs__rosidl_typesupport_fastrtps_c.dir/rosidl_typesupport_fastrtps_c/customs/msg/detail/address_book__type_support_c.cpp.o[0m
[7.007s] [ 54%] [32mBuilding CXX object CMakeFiles/customs__rosidl_typesupport_c.dir/rosidl_typesupport_c/customs/msg/num__type_support.cpp.o[0m
[7.105s] [ 56%] [32mBuilding CXX object CMakeFiles/customs__rosidl_typesupport_c.dir/rosidl_typesupport_c/customs/msg/sphere__type_support.cpp.o[0m
[7.208s] [ 57%] [32mBuilding CXX object CMakeFiles/customs__rosidl_typesupport_c.dir/rosidl_typesupport_c/customs/msg/address_book__type_support.cpp.o[0m
[7.216s] [ 59%] [32mBuilding CXX object CMakeFiles/customs__rosidl_typesupport_cpp.dir/rosidl_typesupport_cpp/customs/srv/add_three_ints__type_support.cpp.o[0m
[7.300s] [ 60%] [32mBuilding CXX object CMakeFiles/customs__rosidl_typesupport_c.dir/rosidl_typesupport_c/customs/srv/add_three_ints__type_support.cpp.o[0m
[7.408s] [ 62%] [32m[1mLinking CXX shared library libcustoms__rosidl_typesupport_c.so[0m
[7.460s] [ 64%] [32mBuilding CXX object CMakeFiles/customs__rosidl_typesupport_fastrtps_cpp.dir/rosidl_typesupport_fastrtps_cpp/customs/msg/detail/dds_fastrtps/address_book__type_support.cpp.o[0m
[7.519s] [ 64%] Built target customs__rosidl_typesupport_c
[7.544s] [ 65%] [32mBuilding CXX object CMakeFiles/customs__rosidl_typesupport_fastrtps_cpp.dir/rosidl_typesupport_fastrtps_cpp/customs/srv/detail/dds_fastrtps/add_three_ints__type_support.cpp.o[0m
[7.806s] [ 67%] [32mBuilding CXX object CMakeFiles/customs__rosidl_typesupport_fastrtps_c.dir/rosidl_typesupport_fastrtps_c/customs/srv/detail/add_three_ints__type_support_c.cpp.o[0m
[8.127s] [ 68%] [32m[1mLinking CXX shared library libcustoms__rosidl_typesupport_cpp.so[0m
[8.385s] [ 68%] Built target customs__rosidl_typesupport_cpp
[8.411s] [ 70%] [34m[1mGenerating C++ introspection for ROS interfaces[0m
[8.925s] [ 71%] [32m[1mLinking CXX shared library libcustoms__rosidl_typesupport_fastrtps_c.so[0m
[8.968s] [ 73%] [32m[1mLinking CXX shared library libcustoms__rosidl_typesupport_fastrtps_cpp.so[0m
[9.171s] [ 73%] Built target customs__rosidl_typesupport_fastrtps_c
[9.201s] [ 73%] Built target customs__rosidl_typesupport_fastrtps_cpp
[9.201s] [ 78%] [32mBuilding CXX object CMakeFiles/customs__rosidl_typesupport_introspection_cpp.dir/rosidl_typesupport_introspection_cpp/customs/msg/detail/address_book__type_support.cpp.o[0m
[9.201s] [ 78%] [32mBuilding CXX object CMakeFiles/customs__rosidl_typesupport_introspection_cpp.dir/rosidl_typesupport_introspection_cpp/customs/msg/detail/num__type_support.cpp.o[0m
[9.201s] [ 78%] [32mBuilding CXX object CMakeFiles/customs__rosidl_typesupport_introspection_cpp.dir/rosidl_typesupport_introspection_cpp/customs/msg/detail/sphere__type_support.cpp.o[0m
[9.222s] [ 79%] [32mBuilding CXX object CMakeFiles/customs__rosidl_typesupport_introspection_cpp.dir/rosidl_typesupport_introspection_cpp/customs/srv/detail/add_three_ints__type_support.cpp.o[0m
[10.039s] [ 81%] [32m[1mLinking CXX shared library libcustoms__rosidl_typesupport_introspection_cpp.so[0m
[10.200s] [ 81%] Built target customs__rosidl_typesupport_introspection_cpp
[10.237s] [ 81%] Built target customs
[10.280s] [ 82%] [34m[1mGenerating Python code for ROS interfaces[0m
[11.124s] [ 82%] Built target customs__py
[11.172s] [ 87%] [32mBuilding C object CMakeFiles/customs__rosidl_generator_py.dir/rosidl_generator_py/customs/msg/_sphere_s.c.o[0m
[11.173s] [ 89%] [32mBuilding C object CMakeFiles/customs__rosidl_generator_py.dir/rosidl_generator_py/customs/msg/_num_s.c.o[0m
[11.174s] [ 89%] [32mBuilding C object CMakeFiles/customs__rosidl_generator_py.dir/rosidl_generator_py/customs/msg/_address_book_s.c.o[0m
[11.179s] [ 89%] [32mBuilding C object CMakeFiles/customs__rosidl_generator_py.dir/rosidl_generator_py/customs/srv/_add_three_ints_s.c.o[0m
[11.531s] [ 90%] [32m[1mLinking C shared library libcustoms__rosidl_generator_py.so[0m
[11.623s] [ 90%] Built target customs__rosidl_generator_py
[11.667s] [ 95%] [32mBuilding C object CMakeFiles/customs_s__rosidl_typesupport_introspection_c.dir/rosidl_generator_py/customs/_customs_s.ep.rosidl_typesupport_introspection_c.c.o[0m
[11.667s] [ 95%] [32mBuilding C object CMakeFiles/customs_s__rosidl_typesupport_fastrtps_c.dir/rosidl_generator_py/customs/_customs_s.ep.rosidl_typesupport_fastrtps_c.c.o[0m
[11.667s] [ 95%] [32mBuilding C object CMakeFiles/customs_s__rosidl_typesupport_c.dir/rosidl_generator_py/customs/_customs_s.ep.rosidl_typesupport_c.c.o[0m
[11.877s] [ 96%] [32m[1mLinking C shared module rosidl_generator_py/customs/customs_s__rosidl_typesupport_c.so[0m
[11.893s] [ 98%] [32m[1mLinking C shared module rosidl_generator_py/customs/customs_s__rosidl_typesupport_introspection_c.so[0m
[11.893s] [100%] [32m[1mLinking C shared module rosidl_generator_py/customs/customs_s__rosidl_typesupport_fastrtps_c.so[0m
[11.950s] [100%] Built target customs_s__rosidl_typesupport_c
[11.954s] [100%] Built target customs_s__rosidl_typesupport_introspection_c
[11.955s] [100%] Built target customs_s__rosidl_typesupport_fastrtps_c
[11.977s] Invoked command in '/home/shaalekh/Desktop/ros2_ws/build/customs' returned '0': CMAKE_PREFIX_PATH=${CMAKE_PREFIX_PATH}:/opt/ros/jazzy DEBUGINFOD_URLS=https://debuginfod.ubuntu.com /usr/bin/cmake --build /home/shaalekh/Desktop/ros2_ws/build/customs -- -j4 -l4
[12.000s] Invoking command in '/home/shaalekh/Desktop/ros2_ws/build/customs': CMAKE_PREFIX_PATH=${CMAKE_PREFIX_PATH}:/opt/ros/jazzy DEBUGINFOD_URLS=https://debuginfod.ubuntu.com /usr/bin/cmake --install /home/shaalekh/Desktop/ros2_ws/build/customs
[12.014s] -- Install configuration: ""
[12.015s] -- Installing: /home/shaalekh/Desktop/ros2_ws/install/customs/share/ament_index/resource_index/rosidl_interfaces/customs
[12.015s] -- Installing: /home/shaalekh/Desktop/ros2_ws/install/customs/share/customs/msg/Num.json
[12.015s] -- Installing: /home/shaalekh/Desktop/ros2_ws/install/customs/share/customs/msg/Sphere.json
[12.016s] -- Installing: /home/shaalekh/Desktop/ros2_ws/install/customs/share/customs/msg/AddressBook.json
[12.016s] -- Installing: /home/shaalekh/Desktop/ros2_ws/install/customs/share/customs/srv/AddThreeInts.json
[12.017s] -- Up-to-date: /home/shaalekh/Desktop/ros2_ws/install/customs/include/customs/customs
[12.017s] -- Up-to-date: /home/shaalekh/Desktop/ros2_ws/install/customs/include/customs/customs/srv
[12.017s] -- Installing: /home/shaalekh/Desktop/ros2_ws/install/customs/include/customs/customs/srv/add_three_ints.h
[12.018s] -- Up-to-date: /home/shaalekh/Desktop/ros2_ws/install/customs/include/customs/customs/srv/detail
[12.018s] -- Installing: /home/shaalekh/Desktop/ros2_ws/install/customs/include/customs/customs/srv/detail/add_three_ints__description.c
[12.018s] -- Installing: /home/shaalekh/Desktop/ros2_ws/install/customs/include/customs/customs/srv/detail/add_three_ints__functions.c
[12.018s] -- Installing: /home/shaalekh/Desktop/ros2_ws/install/customs/include/customs/customs/srv/detail/add_three_ints__type_support.h
[12.018s] -- Installing: /home/shaalekh/Desktop/ros2_ws/install/customs/include/customs/customs/srv/detail/add_three_ints__struct.h
[12.018s] -- Installing: /home/shaalekh/Desktop/ros2_ws/install/customs/include/customs/customs/srv/detail/add_three_ints__functions.h
[12.019s] -- Installing: /home/shaalekh/Desktop/ros2_ws/install/customs/include/customs/customs/srv/detail/add_three_ints__type_support.c
[12.019s] -- Up-to-date: /home/shaalekh/Desktop/ros2_ws/install/customs/include/customs/customs/msg
[12.019s] -- Up-to-date: /home/shaalekh/Desktop/ros2_ws/install/customs/include/customs/customs/msg/rosidl_generator_c__visibility_control.h
[12.019s] -- Up-to-date: /home/shaalekh/Desktop/ros2_ws/install/customs/include/customs/customs/msg/detail
[12.019s] -- Installing: /home/shaalekh/Desktop/ros2_ws/install/customs/include/customs/customs/msg/detail/num__struct.h
[12.020s] -- Installing: /home/shaalekh/Desktop/ros2_ws/install/customs/include/customs/customs/msg/detail/num__functions.h
[12.020s] -- Installing: /home/shaalekh/Desktop/ros2_ws/install/customs/include/customs/customs/msg/detail/sphere__type_support.c
[12.020s] -- Installing: /home/shaalekh/Desktop/ros2_ws/install/customs/include/customs/customs/msg/detail/num__type_support.h
[12.020s] -- Installing: /home/shaalekh/Desktop/ros2_ws/install/customs/include/customs/customs/msg/detail/address_book__functions.h
[12.020s] -- Installing: /home/shaalekh/Desktop/ros2_ws/install/customs/include/customs/customs/msg/detail/address_book__description.c
[12.020s] -- Installing: /home/shaalekh/Desktop/ros2_ws/install/customs/include/customs/customs/msg/detail/address_book__type_support.h
[12.020s] -- Installing: /home/shaalekh/Desktop/ros2_ws/install/customs/include/customs/customs/msg/detail/num__functions.c
[12.021s] -- Installing: /home/shaalekh/Desktop/ros2_ws/install/customs/include/customs/customs/msg/detail/address_book__struct.h
[12.021s] -- Installing: /home/shaalekh/Desktop/ros2_ws/install/customs/include/customs/customs/msg/detail/num__description.c
[12.021s] -- Installing: /home/shaalekh/Desktop/ros2_ws/install/customs/include/customs/customs/msg/detail/sphere__type_support.h
[12.021s] -- Installing: /home/shaalekh/Desktop/ros2_ws/install/customs/include/customs/customs/msg/detail/address_book__type_support.c
[12.021s] -- Installing: /home/shaalekh/Desktop/ros2_ws/install/customs/include/customs/customs/msg/detail/sphere__struct.h
[12.021s] -- Installing: /home/shaalekh/Desktop/ros2_ws/install/customs/include/customs/customs/msg/detail/sphere__functions.c
[12.021s] -- Installing: /home/shaalekh/Desktop/ros2_ws/install/customs/include/customs/customs/msg/detail/address_book__functions.c
[12.022s] -- Installing: /home/shaalekh/Desktop/ros2_ws/install/customs/include/customs/customs/msg/detail/sphere__functions.h
[12.022s] -- Installing: /home/shaalekh/Desktop/ros2_ws/install/customs/include/customs/customs/msg/detail/num__type_support.c
[12.022s] -- Installing: /home/shaalekh/Desktop/ros2_ws/install/customs/include/customs/customs/msg/detail/sphere__description.c
[12.022s] -- Installing: /home/shaalekh/Desktop/ros2_ws/install/customs/include/customs/customs/msg/num.h
[12.022s] -- Installing: /home/shaalekh/Desktop/ros2_ws/install/customs/include/customs/customs/msg/address_book.h
[12.022s] -- Installing: /home/shaalekh/Desktop/ros2_ws/install/customs/include/customs/customs/msg/sphere.h
[12.023s] -- Up-to-date: /home/shaalekh/Desktop/ros2_ws/install/customs/share/customs/environment/library_path.sh
[12.023s] -- Up-to-date: /home/shaalekh/Desktop/ros2_ws/install/customs/share/customs/environment/library_path.dsv
[12.024s] -- Installing: /home/shaalekh/Desktop/ros2_ws/install/customs/lib/libcustoms__rosidl_generator_c.so
[12.025s] -- Set non-toolchain portion of runtime path of "/home/shaalekh/Desktop/ros2_ws/install/customs/lib/libcustoms__rosidl_generator_c.so" to ""
[12.025s] -- Up-to-date: /home/shaalekh/Desktop/ros2_ws/install/customs/include/customs/customs
[12.025s] -- Up-to-date: /home/shaalekh/Desktop/ros2_ws/install/customs/include/customs/customs/srv
[12.025s] -- Up-to-date: /home/shaalekh/Desktop/ros2_ws/install/customs/include/customs/customs/srv/detail
[12.025s] -- Installing: /home/shaalekh/Desktop/ros2_ws/install/customs/include/customs/customs/srv/detail/add_three_ints__rosidl_typesupport_fastrtps_c.h
[12.025s] -- Up-to-date: /home/shaalekh/Desktop/ros2_ws/install/customs/include/customs/customs/msg
[12.025s] -- Up-to-date: /home/shaalekh/Desktop/ros2_ws/install/customs/include/customs/customs/msg/rosidl_typesupport_fastrtps_c__visibility_control.h
[12.026s] -- Up-to-date: /home/shaalekh/Desktop/ros2_ws/install/customs/include/customs/customs/msg/detail
[12.026s] -- Installing: /home/shaalekh/Desktop/ros2_ws/install/customs/include/customs/customs/msg/detail/sphere__rosidl_typesupport_fastrtps_c.h
[12.026s] -- Installing: /home/shaalekh/Desktop/ros2_ws/install/customs/include/customs/customs/msg/detail/address_book__rosidl_typesupport_fastrtps_c.h
[12.026s] -- Installing: /home/shaalekh/Desktop/ros2_ws/install/customs/include/customs/customs/msg/detail/num__rosidl_typesupport_fastrtps_c.h
[12.027s] -- Installing: /home/shaalekh/Desktop/ros2_ws/install/customs/lib/libcustoms__rosidl_typesupport_fastrtps_c.so
[12.028s] -- Set non-toolchain portion of runtime path of "/home/shaalekh/Desktop/ros2_ws/install/customs/lib/libcustoms__rosidl_typesupport_fastrtps_c.so" to ""
[12.028s] -- Up-to-date: /home/shaalekh/Desktop/ros2_ws/install/customs/include/customs/customs
[12.028s] -- Up-to-date: /home/shaalekh/Desktop/ros2_ws/install/customs/include/customs/customs/srv
[12.028s] -- Up-to-date: /home/shaalekh/Desktop/ros2_ws/install/customs/include/customs/customs/srv/detail
[12.028s] -- Installing: /home/shaalekh/Desktop/ros2_ws/install/customs/include/customs/customs/srv/detail/add_three_ints__builder.hpp
[12.028s] -- Installing: /home/shaalekh/Desktop/ros2_ws/install/customs/include/customs/customs/srv/detail/add_three_ints__struct.hpp
[12.028s] -- Installing: /home/shaalekh/Desktop/ros2_ws/install/customs/include/customs/customs/srv/detail/add_three_ints__type_support.hpp
[12.029s] -- Installing: /home/shaalekh/Desktop/ros2_ws/install/customs/include/customs/customs/srv/detail/add_three_ints__traits.hpp
[12.029s] -- Installing: /home/shaalekh/Desktop/ros2_ws/install/customs/include/customs/customs/srv/add_three_ints.hpp
[12.029s] -- Up-to-date: /home/shaalekh/Desktop/ros2_ws/install/customs/include/customs/customs/msg
[12.029s] -- Installing: /home/shaalekh/Desktop/ros2_ws/install/customs/include/customs/customs/msg/sphere.hpp
[12.029s] -- Up-to-date: /home/shaalekh/Desktop/ros2_ws/install/customs/include/customs/customs/msg/detail
[12.029s] -- Installing: /home/shaalekh/Desktop/ros2_ws/install/customs/include/customs/customs/msg/detail/sphere__traits.hpp
[12.029s] -- Installing: /home/shaalekh/Desktop/ros2_ws/install/customs/include/customs/customs/msg/detail/sphere__builder.hpp
[12.030s] -- Installing: /home/shaalekh/Desktop/ros2_ws/install/customs/include/customs/customs/msg/detail/address_book__traits.hpp
[12.030s] -- Installing: /home/shaalekh/Desktop/ros2_ws/install/customs/include/customs/customs/msg/detail/sphere__struct.hpp
[12.030s] -- Installing: /home/shaalekh/Desktop/ros2_ws/install/customs/include/customs/customs/msg/detail/address_book__builder.hpp
[12.030s] -- Installing: /home/shaalekh/Desktop/ros2_ws/install/customs/include/customs/customs/msg/detail/address_book__type_support.hpp
[12.030s] -- Installing: /home/shaalekh/Desktop/ros2_ws/install/customs/include/customs/customs/msg/detail/num__struct.hpp
[12.030s] -- Installing: /home/shaalekh/Desktop/ros2_ws/install/customs/include/customs/customs/msg/detail/num__builder.hpp
[12.031s] -- Installing: /home/shaalekh/Desktop/ros2_ws/install/customs/include/customs/customs/msg/detail/num__type_support.hpp
[12.031s] -- Installing: /home/shaalekh/Desktop/ros2_ws/install/customs/include/customs/customs/msg/detail/sphere__type_support.hpp
[12.031s] -- Installing: /home/shaalekh/Desktop/ros2_ws/install/customs/include/customs/customs/msg/detail/address_book__struct.hpp
[12.031s] -- Installing: /home/shaalekh/Desktop/ros2_ws/install/customs/include/customs/customs/msg/detail/num__traits.hpp
[12.031s] -- Installing: /home/shaalekh/Desktop/ros2_ws/install/customs/include/customs/customs/msg/address_book.hpp
[12.031s] -- Installing: /home/shaalekh/Desktop/ros2_ws/install/customs/include/customs/customs/msg/num.hpp
[12.032s] -- Installing: /home/shaalekh/Desktop/ros2_ws/install/customs/include/customs/customs/msg/rosidl_generator_cpp__visibility_control.hpp
[12.032s] -- Up-to-date: /home/shaalekh/Desktop/ros2_ws/install/customs/include/customs/customs
[12.032s] -- Up-to-date: /home/shaalekh/Desktop/ros2_ws/install/customs/include/customs/customs/srv
[12.032s] -- Up-to-date: /home/shaalekh/Desktop/ros2_ws/install/customs/include/customs/customs/srv/detail
[12.032s] -- Installing: /home/shaalekh/Desktop/ros2_ws/install/customs/include/customs/customs/srv/detail/add_three_ints__rosidl_typesupport_fastrtps_cpp.hpp
[12.032s] -- Up-to-date: /home/shaalekh/Desktop/ros2_ws/install/customs/include/customs/customs/srv/detail/dds_fastrtps
[12.032s] -- Up-to-date: /home/shaalekh/Desktop/ros2_ws/install/customs/include/customs/customs/msg
[12.032s] -- Up-to-date: /home/shaalekh/Desktop/ros2_ws/install/customs/include/customs/customs/msg/detail
[12.033s] -- Installing: /home/shaalekh/Desktop/ros2_ws/install/customs/include/customs/customs/msg/detail/address_book__rosidl_typesupport_fastrtps_cpp.hpp
[12.033s] -- Installing: /home/shaalekh/Desktop/ros2_ws/install/customs/include/customs/customs/msg/detail/num__rosidl_typesupport_fastrtps_cpp.hpp
[12.033s] -- Up-to-date: /home/shaalekh/Desktop/ros2_ws/install/customs/include/customs/customs/msg/detail/dds_fastrtps
[12.033s] -- Installing: /home/shaalekh/Desktop/ros2_ws/install/customs/include/customs/customs/msg/detail/sphere__rosidl_typesupport_fastrtps_cpp.hpp
[12.033s] -- Up-to-date: /home/shaalekh/Desktop/ros2_ws/install/customs/include/customs/customs/msg/rosidl_typesupport_fastrtps_cpp__visibility_control.h
[12.034s] -- Installing: /home/shaalekh/Desktop/ros2_ws/install/customs/lib/libcustoms__rosidl_typesupport_fastrtps_cpp.so
[12.035s] -- Set non-toolchain portion of runtime path of "/home/shaalekh/Desktop/ros2_ws/install/customs/lib/libcustoms__rosidl_typesupport_fastrtps_cpp.so" to ""
[12.035s] -- Up-to-date: /home/shaalekh/Desktop/ros2_ws/install/customs/include/customs/customs
[12.035s] -- Up-to-date: /home/shaalekh/Desktop/ros2_ws/install/customs/include/customs/customs/srv
[12.035s] -- Up-to-date: /home/shaalekh/Desktop/ros2_ws/install/customs/include/customs/customs/srv/detail
[12.035s] -- Installing: /home/shaalekh/Desktop/ros2_ws/install/customs/include/customs/customs/srv/detail/add_three_ints__rosidl_typesupport_introspection_c.h
[12.036s] -- Installing: /home/shaalekh/Desktop/ros2_ws/install/customs/include/customs/customs/srv/detail/add_three_ints__type_support.c
[12.036s] -- Up-to-date: /home/shaalekh/Desktop/ros2_ws/install/customs/include/customs/customs/msg
[12.036s] -- Up-to-date: /home/shaalekh/Desktop/ros2_ws/install/customs/include/customs/customs/msg/detail
[12.036s] -- Installing: /home/shaalekh/Desktop/ros2_ws/install/customs/include/customs/customs/msg/detail/sphere__rosidl_typesupport_introspection_c.h
[12.036s] -- Installing: /home/shaalekh/Desktop/ros2_ws/install/customs/include/customs/customs/msg/detail/num__rosidl_typesupport_introspection_c.h
[12.036s] -- Installing: /home/shaalekh/Desktop/ros2_ws/install/customs/include/customs/customs/msg/detail/sphere__type_support.c
[12.036s] -- Installing: /home/shaalekh/Desktop/ros2_ws/install/customs/include/customs/customs/msg/detail/address_book__rosidl_typesupport_introspection_c.h
[12.036s] -- Installing: /home/shaalekh/Desktop/ros2_ws/install/customs/include/customs/customs/msg/detail/address_book__type_support.c
[12.037s] -- Installing: /home/shaalekh/Desktop/ros2_ws/install/customs/include/customs/customs/msg/detail/num__type_support.c
[12.037s] -- Up-to-date: /home/shaalekh/Desktop/ros2_ws/install/customs/include/customs/customs/msg/rosidl_typesupport_introspection_c__visibility_control.h
[12.038s] -- Installing: /home/shaalekh/Desktop/ros2_ws/install/customs/lib/libcustoms__rosidl_typesupport_introspection_c.so
[12.039s] -- Set non-toolchain portion of runtime path of "/home/shaalekh/Desktop/ros2_ws/install/customs/lib/libcustoms__rosidl_typesupport_introspection_c.so" to ""
[12.040s] -- Installing: /home/shaalekh/Desktop/ros2_ws/install/customs/lib/libcustoms__rosidl_typesupport_c.so
[12.041s] -- Set non-toolchain portion of runtime path of "/home/shaalekh/Desktop/ros2_ws/install/customs/lib/libcustoms__rosidl_typesupport_c.so" to ""
[12.041s] -- Up-to-date: /home/shaalekh/Desktop/ros2_ws/install/customs/include/customs/customs
[12.041s] -- Up-to-date: /home/shaalekh/Desktop/ros2_ws/install/customs/include/customs/customs/srv
[12.041s] -- Up-to-date: /home/shaalekh/Desktop/ros2_ws/install/customs/include/customs/customs/srv/detail
[12.041s] -- Installing: /home/shaalekh/Desktop/ros2_ws/install/customs/include/customs/customs/srv/detail/add_three_ints__type_support.cpp
[12.041s] -- Installing: /home/shaalekh/Desktop/ros2_ws/install/customs/include/customs/customs/srv/detail/add_three_ints__rosidl_typesupport_introspection_cpp.hpp
[12.041s] -- Up-to-date: /home/shaalekh/Desktop/ros2_ws/install/customs/include/customs/customs/msg
[12.041s] -- Up-to-date: /home/shaalekh/Desktop/ros2_ws/install/customs/include/customs/customs/msg/detail
[12.042s] -- Installing: /home/shaalekh/Desktop/ros2_ws/install/customs/include/customs/customs/msg/detail/address_book__type_support.cpp
[12.042s] -- Installing: /home/shaalekh/Desktop/ros2_ws/install/customs/include/customs/customs/msg/detail/num__rosidl_typesupport_introspection_cpp.hpp
[12.042s] -- Installing: /home/shaalekh/Desktop/ros2_ws/install/customs/include/customs/customs/msg/detail/num__type_support.cpp
[12.042s] -- Installing: /home/shaalekh/Desktop/ros2_ws/install/customs/include/customs/customs/msg/detail/sphere__rosidl_typesupport_introspection_cpp.hpp
[12.042s] -- Installing: /home/shaalekh/Desktop/ros2_ws/install/customs/include/customs/customs/msg/detail/address_book__rosidl_typesupport_introspection_cpp.hpp
[12.042s] -- Installing: /home/shaalekh/Desktop/ros2_ws/install/customs/include/customs/customs/msg/detail/sphere__type_support.cpp
[12.044s] -- Installing: /home/shaalekh/Desktop/ros2_ws/install/customs/lib/libcustoms__rosidl_typesupport_introspection_cpp.so
[12.044s] -- Set non-toolchain portion of runtime path of "/home/shaalekh/Desktop/ros2_ws/install/customs/lib/libcustoms__rosidl_typesupport_introspection_cpp.so" to ""
[12.046s] -- Installing: /home/shaalekh/Desktop/ros2_ws/install/customs/lib/libcustoms__rosidl_typesupport_cpp.so
[12.046s] -- Set non-toolchain portion of runtime path of "/home/shaalekh/Desktop/ros2_ws/install/customs/lib/libcustoms__rosidl_typesupport_cpp.so" to ""
[12.047s] -- Up-to-date: /home/shaalekh/Desktop/ros2_ws/install/customs/share/customs/environment/pythonpath.sh
[12.047s] -- Up-to-date: /home/shaalekh/Desktop/ros2_ws/install/customs/share/customs/environment/pythonpath.dsv
[12.047s] -- Up-to-date: /home/shaalekh/Desktop/ros2_ws/install/customs/lib/python3.12/site-packages/customs-0.0.0-py3.12.egg-info
[12.047s] -- Installing: /home/shaalekh/Desktop/ros2_ws/install/customs/lib/python3.12/site-packages/customs-0.0.0-py3.12.egg-info/dependency_links.txt
[12.047s] -- Installing: /home/shaalekh/Desktop/ros2_ws/install/customs/lib/python3.12/site-packages/customs-0.0.0-py3.12.egg-info/PKG-INFO
[12.047s] -- Installing: /home/shaalekh/Desktop/ros2_ws/install/customs/lib/python3.12/site-packages/customs-0.0.0-py3.12.egg-info/top_level.txt
[12.047s] -- Installing: /home/shaalekh/Desktop/ros2_ws/install/customs/lib/python3.12/site-packages/customs-0.0.0-py3.12.egg-info/SOURCES.txt
[12.048s] -- Up-to-date: /home/shaalekh/Desktop/ros2_ws/install/customs/lib/python3.12/site-packages/customs
[12.048s] -- Installing: /home/shaalekh/Desktop/ros2_ws/install/customs/lib/python3.12/site-packages/customs/_customs_s.ep.rosidl_typesupport_introspection_c.c
[12.048s] -- Installing: /home/shaalekh/Desktop/ros2_ws/install/customs/lib/python3.12/site-packages/customs/customs_s__rosidl_typesupport_fastrtps_c.so
[12.048s] -- Up-to-date: /home/shaalekh/Desktop/ros2_ws/install/customs/lib/python3.12/site-packages/customs/srv
[12.049s] -- Installing: /home/shaalekh/Desktop/ros2_ws/install/customs/lib/python3.12/site-packages/customs/srv/_add_three_ints.py
[12.049s] -- Installing: /home/shaalekh/Desktop/ros2_ws/install/customs/lib/python3.12/site-packages/customs/srv/_add_three_ints_s.c
[12.049s] -- Installing: /home/shaalekh/Desktop/ros2_ws/install/customs/lib/python3.12/site-packages/customs/srv/__init__.py
[12.049s] -- Installing: /home/shaalekh/Desktop/ros2_ws/install/customs/lib/python3.12/site-packages/customs/_customs_s.ep.rosidl_typesupport_fastrtps_c.c
[12.049s] -- Installing: /home/shaalekh/Desktop/ros2_ws/install/customs/lib/python3.12/site-packages/customs/customs_s__rosidl_typesupport_c.so
[12.050s] -- Installing: /home/shaalekh/Desktop/ros2_ws/install/customs/lib/python3.12/site-packages/customs/__init__.py
[12.050s] -- Installing: /home/shaalekh/Desktop/ros2_ws/install/customs/lib/python3.12/site-packages/customs/_customs_s.ep.rosidl_typesupport_c.c
[12.050s] -- Up-to-date: /home/shaalekh/Desktop/ros2_ws/install/customs/lib/python3.12/site-packages/customs/msg
[12.050s] -- Installing: /home/shaalekh/Desktop/ros2_ws/install/customs/lib/python3.12/site-packages/customs/msg/_address_book_s.c
[12.050s] -- Installing: /home/shaalekh/Desktop/ros2_ws/install/customs/lib/python3.12/site-packages/customs/msg/_sphere_s.c
[12.050s] -- Installing: /home/shaalekh/Desktop/ros2_ws/install/customs/lib/python3.12/site-packages/customs/msg/_num_s.c
[12.051s] -- Installing: /home/shaalekh/Desktop/ros2_ws/install/customs/lib/python3.12/site-packages/customs/msg/_sphere.py
[12.051s] -- Installing: /home/shaalekh/Desktop/ros2_ws/install/customs/lib/python3.12/site-packages/customs/msg/__init__.py
[12.051s] -- Installing: /home/shaalekh/Desktop/ros2_ws/install/customs/lib/python3.12/site-packages/customs/msg/_address_book.py
[12.051s] -- Installing: /home/shaalekh/Desktop/ros2_ws/install/customs/lib/python3.12/site-packages/customs/msg/_num.py
[12.051s] -- Installing: /home/shaalekh/Desktop/ros2_ws/install/customs/lib/python3.12/site-packages/customs/customs_s__rosidl_typesupport_introspection_c.so
[12.129s] Listing '/home/shaalekh/Desktop/ros2_ws/install/customs/lib/python3.12/site-packages/customs'...
[12.130s] Compiling '/home/shaalekh/Desktop/ros2_ws/install/customs/lib/python3.12/site-packages/customs/__init__.py'...
[12.130s] Listing '/home/shaalekh/Desktop/ros2_ws/install/customs/lib/python3.12/site-packages/customs/msg'...
[12.130s] Compiling '/home/shaalekh/Desktop/ros2_ws/install/customs/lib/python3.12/site-packages/customs/msg/__init__.py'...
[12.130s] Compiling '/home/shaalekh/Desktop/ros2_ws/install/customs/lib/python3.12/site-packages/customs/msg/_address_book.py'...
[12.130s] Compiling '/home/shaalekh/Desktop/ros2_ws/install/customs/lib/python3.12/site-packages/customs/msg/_num.py'...
[12.130s] Compiling '/home/shaalekh/Desktop/ros2_ws/install/customs/lib/python3.12/site-packages/customs/msg/_sphere.py'...
[12.130s] Listing '/home/shaalekh/Desktop/ros2_ws/install/customs/lib/python3.12/site-packages/customs/srv'...
[12.130s] Compiling '/home/shaalekh/Desktop/ros2_ws/install/customs/lib/python3.12/site-packages/customs/srv/__init__.py'...
[12.130s] Compiling '/home/shaalekh/Desktop/ros2_ws/install/customs/lib/python3.12/site-packages/customs/srv/_add_three_ints.py'...
[12.142s] -- Installing: /home/shaalekh/Desktop/ros2_ws/install/customs/lib/python3.12/site-packages/customs/customs_s__rosidl_typesupport_fastrtps_c.so
[12.143s] -- Set non-toolchain portion of runtime path of "/home/shaalekh/Desktop/ros2_ws/install/customs/lib/python3.12/site-packages/customs/customs_s__rosidl_typesupport_fastrtps_c.so" to ""
[12.143s] -- Installing: /home/shaalekh/Desktop/ros2_ws/install/customs/lib/python3.12/site-packages/customs/customs_s__rosidl_typesupport_introspection_c.so
[12.144s] -- Set non-toolchain portion of runtime path of "/home/shaalekh/Desktop/ros2_ws/install/customs/lib/python3.12/site-packages/customs/customs_s__rosidl_typesupport_introspection_c.so" to ""
[12.144s] -- Installing: /home/shaalekh/Desktop/ros2_ws/install/customs/lib/python3.12/site-packages/customs/customs_s__rosidl_typesupport_c.so
[12.144s] -- Set non-toolchain portion of runtime path of "/home/shaalekh/Desktop/ros2_ws/install/customs/lib/python3.12/site-packages/customs/customs_s__rosidl_typesupport_c.so" to ""
[12.146s] -- Installing: /home/shaalekh/Desktop/ros2_ws/install/customs/lib/libcustoms__rosidl_generator_py.so
[12.146s] -- Set non-toolchain portion of runtime path of "/home/shaalekh/Desktop/ros2_ws/install/customs/lib/libcustoms__rosidl_generator_py.so" to ""
[12.147s] -- Up-to-date: /home/shaalekh/Desktop/ros2_ws/install/customs/share/customs/msg/Num.idl
[12.147s] -- Up-to-date: /home/shaalekh/Desktop/ros2_ws/install/customs/share/customs/msg/Sphere.idl
[12.147s] -- Installing: /home/shaalekh/Desktop/ros2_ws/install/customs/share/customs/msg/AddressBook.idl
[12.147s] -- Up-to-date: /home/shaalekh/Desktop/ros2_ws/install/customs/share/customs/srv/AddThreeInts.idl
[12.147s] -- Up-to-date: /home/shaalekh/Desktop/ros2_ws/install/customs/share/customs/msg/Num.msg
[12.147s] -- Up-to-date: /home/shaalekh/Desktop/ros2_ws/install/customs/share/customs/msg/Sphere.msg
[12.147s] -- Installing: /home/shaalekh/Desktop/ros2_ws/install/customs/share/customs/msg/AddressBook.msg
[12.147s] -- Up-to-date: /home/shaalekh/Desktop/ros2_ws/install/customs/share/customs/srv/AddThreeInts.srv
[12.148s] -- Up-to-date: /home/shaalekh/Desktop/ros2_ws/install/customs/share/ament_index/resource_index/package_run_dependencies/customs
[12.148s] -- Up-to-date: /home/shaalekh/Desktop/ros2_ws/install/customs/share/ament_index/resource_index/parent_prefix_path/customs
[12.148s] -- Up-to-date: /home/shaalekh/Desktop/ros2_ws/install/customs/share/customs/environment/ament_prefix_path.sh
[12.148s] -- Up-to-date: /home/shaalekh/Desktop/ros2_ws/install/customs/share/customs/environment/ament_prefix_path.dsv
[12.148s] -- Up-to-date: /home/shaalekh/Desktop/ros2_ws/install/customs/share/customs/environment/path.sh
[12.148s] -- Up-to-date: /home/shaalekh/Desktop/ros2_ws/install/customs/share/customs/environment/path.dsv
[12.149s] -- Up-to-date: /home/shaalekh/Desktop/ros2_ws/install/customs/share/customs/local_setup.bash
[12.149s] -- Up-to-date: /home/shaalekh/Desktop/ros2_ws/install/customs/share/customs/local_setup.sh
[12.149s] -- Up-to-date: /home/shaalekh/Desktop/ros2_ws/install/customs/share/customs/local_setup.zsh
[12.149s] -- Up-to-date: /home/shaalekh/Desktop/ros2_ws/install/customs/share/customs/local_setup.dsv
[12.149s] -- Installing: /home/shaalekh/Desktop/ros2_ws/install/customs/share/customs/package.dsv
[12.149s] -- Up-to-date: /home/shaalekh/Desktop/ros2_ws/install/customs/share/ament_index/resource_index/packages/customs
[12.150s] -- Up-to-date: /home/shaalekh/Desktop/ros2_ws/install/customs/share/customs/cmake/export_customs__rosidl_generator_cExport.cmake
[12.150s] -- Up-to-date: /home/shaalekh/Desktop/ros2_ws/install/customs/share/customs/cmake/export_customs__rosidl_generator_cExport-noconfig.cmake
[12.150s] -- Up-to-date: /home/shaalekh/Desktop/ros2_ws/install/customs/share/customs/cmake/export_customs__rosidl_typesupport_fastrtps_cExport.cmake
[12.151s] -- Up-to-date: /home/shaalekh/Desktop/ros2_ws/install/customs/share/customs/cmake/export_customs__rosidl_typesupport_fastrtps_cExport-noconfig.cmake
[12.151s] -- Up-to-date: /home/shaalekh/Desktop/ros2_ws/install/customs/share/customs/cmake/export_customs__rosidl_generator_cppExport.cmake
[12.151s] -- Up-to-date: /home/shaalekh/Desktop/ros2_ws/install/customs/share/customs/cmake/export_customs__rosidl_typesupport_fastrtps_cppExport.cmake
[12.152s] -- Up-to-date: /home/shaalekh/Desktop/ros2_ws/install/customs/share/customs/cmake/export_customs__rosidl_typesupport_fastrtps_cppExport-noconfig.cmake
[12.152s] -- Up-to-date: /home/shaalekh/Desktop/ros2_ws/install/customs/share/customs/cmake/customs__rosidl_typesupport_introspection_cExport.cmake
[12.152s] -- Up-to-date: /home/shaalekh/Desktop/ros2_ws/install/customs/share/customs/cmake/customs__rosidl_typesupport_introspection_cExport-noconfig.cmake
[12.152s] -- Up-to-date: /home/shaalekh/Desktop/ros2_ws/install/customs/share/customs/cmake/customs__rosidl_typesupport_cExport.cmake
[12.153s] -- Up-to-date: /home/shaalekh/Desktop/ros2_ws/install/customs/share/customs/cmake/customs__rosidl_typesupport_cExport-noconfig.cmake
[12.153s] -- Up-to-date: /home/shaalekh/Desktop/ros2_ws/install/customs/share/customs/cmake/customs__rosidl_typesupport_introspection_cppExport.cmake
[12.153s] -- Up-to-date: /home/shaalekh/Desktop/ros2_ws/install/customs/share/customs/cmake/customs__rosidl_typesupport_introspection_cppExport-noconfig.cmake
[12.154s] -- Up-to-date: /home/shaalekh/Desktop/ros2_ws/install/customs/share/customs/cmake/customs__rosidl_typesupport_cppExport.cmake
[12.154s] -- Up-to-date: /home/shaalekh/Desktop/ros2_ws/install/customs/share/customs/cmake/customs__rosidl_typesupport_cppExport-noconfig.cmake
[12.154s] -- Up-to-date: /home/shaalekh/Desktop/ros2_ws/install/customs/share/customs/cmake/export_customs__rosidl_generator_pyExport.cmake
[12.154s] -- Up-to-date: /home/shaalekh/Desktop/ros2_ws/install/customs/share/customs/cmake/export_customs__rosidl_generator_pyExport-noconfig.cmake
[12.154s] -- Installing: /home/shaalekh/Desktop/ros2_ws/install/customs/share/customs/cmake/rosidl_cmake-extras.cmake
[12.154s] -- Up-to-date: /home/shaalekh/Desktop/ros2_ws/install/customs/share/customs/cmake/ament_cmake_export_dependencies-extras.cmake
[12.154s] -- Up-to-date: /home/shaalekh/Desktop/ros2_ws/install/customs/share/customs/cmake/ament_cmake_export_include_directories-extras.cmake
[12.155s] -- Up-to-date: /home/shaalekh/Desktop/ros2_ws/install/customs/share/customs/cmake/ament_cmake_export_libraries-extras.cmake
[12.155s] -- Up-to-date: /home/shaalekh/Desktop/ros2_ws/install/customs/share/customs/cmake/ament_cmake_export_targets-extras.cmake
[12.155s] -- Up-to-date: /home/shaalekh/Desktop/ros2_ws/install/customs/share/customs/cmake/rosidl_cmake_export_typesupport_targets-extras.cmake
[12.155s] -- Up-to-date: /home/shaalekh/Desktop/ros2_ws/install/customs/share/customs/cmake/rosidl_cmake_export_typesupport_libraries-extras.cmake
[12.155s] -- Up-to-date: /home/shaalekh/Desktop/ros2_ws/install/customs/share/customs/cmake/customsConfig.cmake
[12.155s] -- Up-to-date: /home/shaalekh/Desktop/ros2_ws/install/customs/share/customs/cmake/customsConfig-version.cmake
[12.155s] -- Up-to-date: /home/shaalekh/Desktop/ros2_ws/install/customs/share/customs/package.xml
[12.159s] Invoked command in '/home/shaalekh/Desktop/ros2_ws/build/customs' returned '0': CMAKE_PREFIX_PATH=${CMAKE_PREFIX_PATH}:/opt/ros/jazzy DEBUGINFOD_URLS=https://debuginfod.ubuntu.com /usr/bin/cmake --install /home/shaalekh/Desktop/ros2_ws/build/customs
