running egg_info
writing ../../build/learning_tf2/learning_tf2.egg-info/PKG-INFO
writing dependency_links to ../../build/learning_tf2/learning_tf2.egg-info/dependency_links.txt
writing entry points to ../../build/learning_tf2/learning_tf2.egg-info/entry_points.txt
writing requirements to ../../build/learning_tf2/learning_tf2.egg-info/requires.txt
writing top-level names to ../../build/learning_tf2/learning_tf2.egg-info/top_level.txt
reading manifest file '../../build/learning_tf2/learning_tf2.egg-info/SOURCES.txt'
adding license file 'LICENSE'
writing manifest file '../../build/learning_tf2/learning_tf2.egg-info/SOURCES.txt'
running build
running build_py
copying learning_tf2/fixed_frame_tf2_broadcaster.py -> /home/shaalekh/Desktop/ros2_ws/build/learning_tf2/build/lib/learning_tf2
running install
running install_lib
copying /home/shaalekh/Desktop/ros2_ws/build/learning_tf2/build/lib/learning_tf2/fixed_frame_tf2_broadcaster.py -> /home/shaalekh/Desktop/ros2_ws/install/learning_tf2/lib/python3.12/site-packages/learning_tf2
byte-compiling /home/shaalekh/Desktop/ros2_ws/install/learning_tf2/lib/python3.12/site-packages/learning_tf2/fixed_frame_tf2_broadcaster.py to fixed_frame_tf2_broadcaster.cpython-312.pyc
running install_data
copying launch/turtle_tf2_fixed_frame_demo.launch.py -> /home/shaalekh/Desktop/ros2_ws/install/learning_tf2/share/learning_tf2/launch
running install_egg_info
removing '/home/shaalekh/Desktop/ros2_ws/install/learning_tf2/lib/python3.12/site-packages/learning_tf2-0.0.0-py3.12.egg-info' (and everything under it)
Copying ../../build/learning_tf2/learning_tf2.egg-info to /home/shaalekh/Desktop/ros2_ws/install/learning_tf2/lib/python3.12/site-packages/learning_tf2-0.0.0-py3.12.egg-info
running install_scripts
Installing fixed_frame_tf2_broadcaster script to /home/shaalekh/Desktop/ros2_ws/install/learning_tf2/lib/learning_tf2
Installing static_turtle_tf2_broadcaster script to /home/shaalekh/Desktop/ros2_ws/install/learning_tf2/lib/learning_tf2
Installing turtle_tf2_broadcaster script to /home/shaalekh/Desktop/ros2_ws/install/learning_tf2/lib/learning_tf2
Installing turtle_tf2_listener script to /home/shaalekh/Desktop/ros2_ws/install/learning_tf2/lib/learning_tf2
writing list of installed files to '/home/shaalekh/Desktop/ros2_ws/build/learning_tf2/install.log'
