/home/shaalekh/Desktop/ros2_ws/install/srvcli/lib/python3.12/site-packages/srvcli/cust_client.py
/home/shaalekh/Desktop/ros2_ws/install/srvcli/lib/python3.12/site-packages/srvcli/fibonacci_action_server.py
/home/shaalekh/Desktop/ros2_ws/install/srvcli/lib/python3.12/site-packages/srvcli/service_agent.py
/home/shaalekh/Desktop/ros2_ws/install/srvcli/lib/python3.12/site-packages/srvcli/client_agent_2.py
/home/shaalekh/Desktop/ros2_ws/install/srvcli/lib/python3.12/site-packages/srvcli/__init__.py
/home/shaalekh/Desktop/ros2_ws/install/srvcli/lib/python3.12/site-packages/srvcli/client_agent.py
/home/shaalekh/Desktop/ros2_ws/install/srvcli/lib/python3.12/site-packages/srvcli/cust_service.py
/home/shaalekh/Desktop/ros2_ws/install/srvcli/lib/python3.12/site-packages/srvcli/__pycache__/cust_client.cpython-312.pyc
/home/shaalekh/Desktop/ros2_ws/install/srvcli/lib/python3.12/site-packages/srvcli/__pycache__/fibonacci_action_server.cpython-312.pyc
/home/shaalekh/Desktop/ros2_ws/install/srvcli/lib/python3.12/site-packages/srvcli/__pycache__/service_agent.cpython-312.pyc
/home/shaalekh/Desktop/ros2_ws/install/srvcli/lib/python3.12/site-packages/srvcli/__pycache__/client_agent_2.cpython-312.pyc
/home/shaalekh/Desktop/ros2_ws/install/srvcli/lib/python3.12/site-packages/srvcli/__pycache__/__init__.cpython-312.pyc
/home/shaalekh/Desktop/ros2_ws/install/srvcli/lib/python3.12/site-packages/srvcli/__pycache__/client_agent.cpython-312.pyc
/home/shaalekh/Desktop/ros2_ws/install/srvcli/lib/python3.12/site-packages/srvcli/__pycache__/cust_service.cpython-312.pyc
/home/shaalekh/Desktop/ros2_ws/install/srvcli/share/ament_index/resource_index/packages/srvcli
/home/shaalekh/Desktop/ros2_ws/install/srvcli/share/srvcli/package.xml
/home/shaalekh/Desktop/ros2_ws/install/srvcli/lib/python3.12/site-packages/srvcli-0.0.0-py3.12.egg-info/dependency_links.txt
/home/shaalekh/Desktop/ros2_ws/install/srvcli/lib/python3.12/site-packages/srvcli-0.0.0-py3.12.egg-info/PKG-INFO
/home/shaalekh/Desktop/ros2_ws/install/srvcli/lib/python3.12/site-packages/srvcli-0.0.0-py3.12.egg-info/entry_points.txt
/home/shaalekh/Desktop/ros2_ws/install/srvcli/lib/python3.12/site-packages/srvcli-0.0.0-py3.12.egg-info/requires.txt
/home/shaalekh/Desktop/ros2_ws/install/srvcli/lib/python3.12/site-packages/srvcli-0.0.0-py3.12.egg-info/top_level.txt
/home/shaalekh/Desktop/ros2_ws/install/srvcli/lib/python3.12/site-packages/srvcli-0.0.0-py3.12.egg-info/zip-safe
/home/shaalekh/Desktop/ros2_ws/install/srvcli/lib/python3.12/site-packages/srvcli-0.0.0-py3.12.egg-info/SOURCES.txt
/home/shaalekh/Desktop/ros2_ws/install/srvcli/lib/srvcli/client
/home/shaalekh/Desktop/ros2_ws/install/srvcli/lib/srvcli/service
