[1.703s] Invoking command in '/home/shaalekh/Desktop/ros2_ws/src/my_services': DEBUGINFOD_URLS=https://debuginfod.ubuntu.com PYTHONPATH=/home/shaalekh/Desktop/ros2_ws/build/my_services/prefix_override:/usr/lib/python3/dist-packages/colcon_core/task/python/colcon_distutils_commands:/home/shaalekh/Desktop/ros2_ws/install/my_services/lib/python3.12/site-packages:${PYTHONPATH} /usr/bin/python3 -W ignore:setup.py install is deprecated -W ignore:easy_install command is deprecated setup.py egg_info --egg-base ../../build/my_services build --build-base /home/shaalekh/Desktop/ros2_ws/build/my_services/build install --record /home/shaalekh/Desktop/ros2_ws/build/my_services/install.log --single-version-externally-managed install_data
[2.077s] running egg_info
[2.105s] writing ../../build/my_services/my_services.egg-info/PKG-INFO
[2.106s] writing dependency_links to ../../build/my_services/my_services.egg-info/dependency_links.txt
[2.106s] writing entry points to ../../build/my_services/my_services.egg-info/entry_points.txt
[2.106s] writing requirements to ../../build/my_services/my_services.egg-info/requires.txt
[2.107s] writing top-level names to ../../build/my_services/my_services.egg-info/top_level.txt
[2.160s] reading manifest file '../../build/my_services/my_services.egg-info/SOURCES.txt'
[2.162s] writing manifest file '../../build/my_services/my_services.egg-info/SOURCES.txt'
[2.162s] running build
[2.162s] running build_py
[2.162s] copying my_services/service_member.py -> /home/shaalekh/Desktop/ros2_ws/build/my_services/build/lib/my_services
[2.164s] running install
[2.176s] running install_lib
[2.203s] copying /home/shaalekh/Desktop/ros2_ws/build/my_services/build/lib/my_services/service_member.py -> /home/shaalekh/Desktop/ros2_ws/install/my_services/lib/python3.12/site-packages/my_services
[2.206s] byte-compiling /home/shaalekh/Desktop/ros2_ws/install/my_services/lib/python3.12/site-packages/my_services/service_member.py to service_member.cpython-312.pyc
[2.207s] running install_data
[2.207s] running install_egg_info
[2.235s] removing '/home/shaalekh/Desktop/ros2_ws/install/my_services/lib/python3.12/site-packages/my_services-0.0.0-py3.12.egg-info' (and everything under it)
[2.236s] Copying ../../build/my_services/my_services.egg-info to /home/shaalekh/Desktop/ros2_ws/install/my_services/lib/python3.12/site-packages/my_services-0.0.0-py3.12.egg-info
[2.264s] running install_scripts
[2.465s] Installing client script to /home/shaalekh/Desktop/ros2_ws/install/my_services/lib/my_services
[2.466s] Installing service script to /home/shaalekh/Desktop/ros2_ws/install/my_services/lib/my_services
[2.467s] writing list of installed files to '/home/shaalekh/Desktop/ros2_ws/build/my_services/install.log'
[2.608s] Invoked command in '/home/shaalekh/Desktop/ros2_ws/src/my_services' returned '0': DEBUGINFOD_URLS=https://debuginfod.ubuntu.com PYTHONPATH=/home/shaalekh/Desktop/ros2_ws/build/my_services/prefix_override:/usr/lib/python3/dist-packages/colcon_core/task/python/colcon_distutils_commands:/home/shaalekh/Desktop/ros2_ws/install/my_services/lib/python3.12/site-packages:${PYTHONPATH} /usr/bin/python3 -W ignore:setup.py install is deprecated -W ignore:easy_install command is deprecated setup.py egg_info --egg-base ../../build/my_services build --build-base /home/shaalekh/Desktop/ros2_ws/build/my_services/build install --record /home/shaalekh/Desktop/ros2_ws/build/my_services/install.log --single-version-externally-managed install_data
