/home/shaalekh/Desktop/ros2_ws/install/learning_tf2/lib/python3.12/site-packages/learning_tf2/turtle_tf2_broadcaster.py
/home/shaalekh/Desktop/ros2_ws/install/learning_tf2/lib/python3.12/site-packages/learning_tf2/fixed_frame_tf2_broadcaster.py
/home/shaalekh/Desktop/ros2_ws/install/learning_tf2/lib/python3.12/site-packages/learning_tf2/turtle_tf2_listener.py
/home/shaalekh/Desktop/ros2_ws/install/learning_tf2/lib/python3.12/site-packages/learning_tf2/__init__.py
/home/shaalekh/Desktop/ros2_ws/install/learning_tf2/lib/python3.12/site-packages/learning_tf2/static_turtle_tf2_broadcaster.py
/home/shaalekh/Desktop/ros2_ws/install/learning_tf2/lib/python3.12/site-packages/learning_tf2/__pycache__/turtle_tf2_broadcaster.cpython-312.pyc
/home/shaalekh/Desktop/ros2_ws/install/learning_tf2/lib/python3.12/site-packages/learning_tf2/__pycache__/fixed_frame_tf2_broadcaster.cpython-312.pyc
/home/shaalekh/Desktop/ros2_ws/install/learning_tf2/lib/python3.12/site-packages/learning_tf2/__pycache__/turtle_tf2_listener.cpython-312.pyc
/home/shaalekh/Desktop/ros2_ws/install/learning_tf2/lib/python3.12/site-packages/learning_tf2/__pycache__/__init__.cpython-312.pyc
/home/shaalekh/Desktop/ros2_ws/install/learning_tf2/lib/python3.12/site-packages/learning_tf2/__pycache__/static_turtle_tf2_broadcaster.cpython-312.pyc
/home/shaalekh/Desktop/ros2_ws/install/learning_tf2/share/ament_index/resource_index/packages/learning_tf2
/home/shaalekh/Desktop/ros2_ws/install/learning_tf2/share/learning_tf2/package.xml
/home/shaalekh/Desktop/ros2_ws/install/learning_tf2/share/learning_tf2/launch/turtle_tf2_fixed_frame_demo.launch.py
/home/shaalekh/Desktop/ros2_ws/install/learning_tf2/share/learning_tf2/launch/turtle_tf2_demo.launch.py
/home/shaalekh/Desktop/ros2_ws/install/learning_tf2/lib/python3.12/site-packages/learning_tf2-0.0.0-py3.12.egg-info/dependency_links.txt
/home/shaalekh/Desktop/ros2_ws/install/learning_tf2/lib/python3.12/site-packages/learning_tf2-0.0.0-py3.12.egg-info/PKG-INFO
/home/shaalekh/Desktop/ros2_ws/install/learning_tf2/lib/python3.12/site-packages/learning_tf2-0.0.0-py3.12.egg-info/entry_points.txt
/home/shaalekh/Desktop/ros2_ws/install/learning_tf2/lib/python3.12/site-packages/learning_tf2-0.0.0-py3.12.egg-info/requires.txt
/home/shaalekh/Desktop/ros2_ws/install/learning_tf2/lib/python3.12/site-packages/learning_tf2-0.0.0-py3.12.egg-info/top_level.txt
/home/shaalekh/Desktop/ros2_ws/install/learning_tf2/lib/python3.12/site-packages/learning_tf2-0.0.0-py3.12.egg-info/zip-safe
/home/shaalekh/Desktop/ros2_ws/install/learning_tf2/lib/python3.12/site-packages/learning_tf2-0.0.0-py3.12.egg-info/SOURCES.txt
/home/shaalekh/Desktop/ros2_ws/install/learning_tf2/lib/learning_tf2/fixed_frame_tf2_broadcaster
/home/shaalekh/Desktop/ros2_ws/install/learning_tf2/lib/learning_tf2/static_turtle_tf2_broadcaster
/home/shaalekh/Desktop/ros2_ws/install/learning_tf2/lib/learning_tf2/turtle_tf2_broadcaster
/home/shaalekh/Desktop/ros2_ws/install/learning_tf2/lib/learning_tf2/turtle_tf2_listener
