[1.195s] Invoking command in '/home/shaalekh/Desktop/ros2_ws/src/maha_params': DEBUGINFOD_URLS=https://debuginfod.ubuntu.com PYTHONPATH=/home/shaalekh/Desktop/ros2_ws/build/maha_params/prefix_override:/usr/lib/python3/dist-packages/colcon_core/task/python/colcon_distutils_commands:/home/shaalekh/Desktop/ros2_ws/install/maha_params/lib/python3.12/site-packages:${PYTHONPATH} /usr/bin/python3 -W ignore:setup.py install is deprecated -W ignore:easy_install command is deprecated setup.py egg_info --egg-base ../../build/maha_params build --build-base /home/shaalekh/Desktop/ros2_ws/build/maha_params/build install --record /home/shaalekh/Desktop/ros2_ws/build/maha_params/install.log --single-version-externally-managed install_data
[1.555s] running egg_info
[1.555s] creating ../../build/maha_params/maha_params.egg-info
[1.579s] writing ../../build/maha_params/maha_params.egg-info/PKG-INFO
[1.579s] writing dependency_links to ../../build/maha_params/maha_params.egg-info/dependency_links.txt
[1.579s] writing entry points to ../../build/maha_params/maha_params.egg-info/entry_points.txt
[1.579s] writing requirements to ../../build/maha_params/maha_params.egg-info/requires.txt
[1.579s] writing top-level names to ../../build/maha_params/maha_params.egg-info/top_level.txt
[1.580s] writing manifest file '../../build/maha_params/maha_params.egg-info/SOURCES.txt'
[1.631s] reading manifest file '../../build/maha_params/maha_params.egg-info/SOURCES.txt'
[1.631s] adding license file 'LICENSE'
[1.632s] writing manifest file '../../build/maha_params/maha_params.egg-info/SOURCES.txt'
[1.632s] running build
[1.632s] running build_py
[1.632s] creating /home/shaalekh/Desktop/ros2_ws/build/maha_params/build
[1.633s] creating /home/shaalekh/Desktop/ros2_ws/build/maha_params/build/lib
[1.633s] creating /home/shaalekh/Desktop/ros2_ws/build/maha_params/build/lib/maha_params
[1.633s] copying maha_params/py_parameter.py -> /home/shaalekh/Desktop/ros2_ws/build/maha_params/build/lib/maha_params
[1.633s] copying maha_params/__init__.py -> /home/shaalekh/Desktop/ros2_ws/build/maha_params/build/lib/maha_params
[1.633s] copying maha_params/param_node.py -> /home/shaalekh/Desktop/ros2_ws/build/maha_params/build/lib/maha_params
[1.633s] running install
[1.643s] running install_lib
[1.667s] creating /home/shaalekh/Desktop/ros2_ws/install/maha_params/lib/python3.12/site-packages/maha_params
[1.667s] copying /home/shaalekh/Desktop/ros2_ws/build/maha_params/build/lib/maha_params/py_parameter.py -> /home/shaalekh/Desktop/ros2_ws/install/maha_params/lib/python3.12/site-packages/maha_params
[1.667s] copying /home/shaalekh/Desktop/ros2_ws/build/maha_params/build/lib/maha_params/__init__.py -> /home/shaalekh/Desktop/ros2_ws/install/maha_params/lib/python3.12/site-packages/maha_params
[1.667s] copying /home/shaalekh/Desktop/ros2_ws/build/maha_params/build/lib/maha_params/param_node.py -> /home/shaalekh/Desktop/ros2_ws/install/maha_params/lib/python3.12/site-packages/maha_params
[1.668s] byte-compiling /home/shaalekh/Desktop/ros2_ws/install/maha_params/lib/python3.12/site-packages/maha_params/py_parameter.py to py_parameter.cpython-312.pyc
[1.668s] byte-compiling /home/shaalekh/Desktop/ros2_ws/install/maha_params/lib/python3.12/site-packages/maha_params/__init__.py to __init__.cpython-312.pyc
[1.669s] byte-compiling /home/shaalekh/Desktop/ros2_ws/install/maha_params/lib/python3.12/site-packages/maha_params/param_node.py to param_node.cpython-312.pyc
[1.669s] running install_data
[1.669s] creating /home/shaalekh/Desktop/ros2_ws/install/maha_params/share/ament_index
[1.669s] creating /home/shaalekh/Desktop/ros2_ws/install/maha_params/share/ament_index/resource_index
[1.669s] creating /home/shaalekh/Desktop/ros2_ws/install/maha_params/share/ament_index/resource_index/packages
[1.669s] copying resource/maha_params -> /home/shaalekh/Desktop/ros2_ws/install/maha_params/share/ament_index/resource_index/packages
[1.670s] copying package.xml -> /home/shaalekh/Desktop/ros2_ws/install/maha_params/share/maha_params
[1.670s] running install_egg_info
[1.695s] Copying ../../build/maha_params/maha_params.egg-info to /home/shaalekh/Desktop/ros2_ws/install/maha_params/lib/python3.12/site-packages/maha_params-0.0.0-py3.12.egg-info
[1.696s] running install_scripts
[1.872s] Installing param_node script to /home/shaalekh/Desktop/ros2_ws/install/maha_params/lib/maha_params
[1.872s] writing list of installed files to '/home/shaalekh/Desktop/ros2_ws/build/maha_params/install.log'
[1.952s] Invoked command in '/home/shaalekh/Desktop/ros2_ws/src/maha_params' returned '0': DEBUGINFOD_URLS=https://debuginfod.ubuntu.com PYTHONPATH=/home/shaalekh/Desktop/ros2_ws/build/maha_params/prefix_override:/usr/lib/python3/dist-packages/colcon_core/task/python/colcon_distutils_commands:/home/shaalekh/Desktop/ros2_ws/install/maha_params/lib/python3.12/site-packages:${PYTHONPATH} /usr/bin/python3 -W ignore:setup.py install is deprecated -W ignore:easy_install command is deprecated setup.py egg_info --egg-base ../../build/maha_params build --build-base /home/shaalekh/Desktop/ros2_ws/build/maha_params/build install --record /home/shaalekh/Desktop/ros2_ws/build/maha_params/install.log --single-version-externally-managed install_data
