[1.733s] Invoking command in '/home/shaalekh/Desktop/ros2_ws/build/my_services': DEBUGINFOD_URLS=https://debuginfod.ubuntu.com PYTHONPATH=/home/shaalekh/Desktop/ros2_ws/build/my_services/prefix_override:/usr/lib/python3/dist-packages/colcon_core/task/python/colcon_distutils_commands:/home/shaalekh/Desktop/ros2_ws/install/my_services/lib/python3.12/site-packages:${PYTHONPATH} /usr/bin/python3 -W ignore:setup.py install is deprecated -W ignore:easy_install command is deprecated setup.py develop --editable --build-directory /home/shaalekh/Desktop/ros2_ws/build/my_services/build --no-deps symlink_data
[2.190s] running develop
[2.446s] running egg_info
[2.446s] creating my_services.egg-info
[2.470s] writing my_services.egg-info/PKG-INFO
[2.470s] writing dependency_links to my_services.egg-info/dependency_links.txt
[2.470s] writing requirements to my_services.egg-info/requires.txt
[2.470s] writing top-level names to my_services.egg-info/top_level.txt
[2.471s] writing manifest file 'my_services.egg-info/SOURCES.txt'
[2.524s] reading manifest file 'my_services.egg-info/SOURCES.txt'
[2.526s] writing manifest file 'my_services.egg-info/SOURCES.txt'
[2.554s] running build_ext
[2.554s] Creating /home/shaalekh/Desktop/ros2_ws/install/my_services/lib/python3.12/site-packages/my-services.egg-link (link to .)
[2.555s] 
[2.555s] Installed /home/shaalekh/Desktop/ros2_ws/build/my_services
[2.555s] running symlink_data
[2.555s] creating /home/shaalekh/Desktop/ros2_ws/install/my_services/share/ament_index
[2.555s] creating /home/shaalekh/Desktop/ros2_ws/install/my_services/share/ament_index/resource_index
[2.555s] creating /home/shaalekh/Desktop/ros2_ws/install/my_services/share/ament_index/resource_index/packages
[2.555s] symbolically linking /home/shaalekh/Desktop/ros2_ws/build/my_services/resource/my_services -> /home/shaalekh/Desktop/ros2_ws/install/my_services/share/ament_index/resource_index/packages
[2.556s] symbolically linking /home/shaalekh/Desktop/ros2_ws/build/my_services/package.xml -> /home/shaalekh/Desktop/ros2_ws/install/my_services/share/my_services
[2.677s] Invoked command in '/home/shaalekh/Desktop/ros2_ws/build/my_services' returned '0': DEBUGINFOD_URLS=https://debuginfod.ubuntu.com PYTHONPATH=/home/shaalekh/Desktop/ros2_ws/build/my_services/prefix_override:/usr/lib/python3/dist-packages/colcon_core/task/python/colcon_distutils_commands:/home/shaalekh/Desktop/ros2_ws/install/my_services/lib/python3.12/site-packages:${PYTHONPATH} /usr/bin/python3 -W ignore:setup.py install is deprecated -W ignore:easy_install command is deprecated setup.py develop --editable --build-directory /home/shaalekh/Desktop/ros2_ws/build/my_services/build --no-deps symlink_data
