[1.802s] Invoking command in '/home/shaalekh/Desktop/ros2_ws/src/srvcli': DEBUGINFOD_URLS=https://debuginfod.ubuntu.com PYTHONPATH=/home/shaalekh/Desktop/ros2_ws/build/srvcli/prefix_override:/usr/lib/python3/dist-packages/colcon_core/task/python/colcon_distutils_commands:/home/shaalekh/Desktop/ros2_ws/install/srvcli/lib/python3.12/site-packages:${PYTHONPATH} /usr/bin/python3 -W ignore:setup.py install is deprecated -W ignore:easy_install command is deprecated setup.py egg_info --egg-base ../../build/srvcli build --build-base /home/shaalekh/Desktop/ros2_ws/build/srvcli/build install --record /home/shaalekh/Desktop/ros2_ws/build/srvcli/install.log --single-version-externally-managed install_data
[2.174s] running egg_info
[2.201s] writing ../../build/srvcli/srvcli.egg-info/PKG-INFO
[2.202s] writing dependency_links to ../../build/srvcli/srvcli.egg-info/dependency_links.txt
[2.202s] writing entry points to ../../build/srvcli/srvcli.egg-info/entry_points.txt
[2.203s] writing requirements to ../../build/srvcli/srvcli.egg-info/requires.txt
[2.203s] writing top-level names to ../../build/srvcli/srvcli.egg-info/top_level.txt
[2.253s] reading manifest file '../../build/srvcli/srvcli.egg-info/SOURCES.txt'
[2.253s] adding license file 'LICENSE'
[2.254s] writing manifest file '../../build/srvcli/srvcli.egg-info/SOURCES.txt'
[2.254s] running build
[2.254s] running build_py
[2.255s] running install
[2.264s] running install_lib
[2.293s] running install_data
[2.293s] running install_egg_info
[2.319s] removing '/home/shaalekh/Desktop/ros2_ws/install/srvcli/lib/python3.12/site-packages/srvcli-0.0.0-py3.12.egg-info' (and everything under it)
[2.319s] Copying ../../build/srvcli/srvcli.egg-info to /home/shaalekh/Desktop/ros2_ws/install/srvcli/lib/python3.12/site-packages/srvcli-0.0.0-py3.12.egg-info
[2.320s] running install_scripts
[2.506s] Installing client script to /home/shaalekh/Desktop/ros2_ws/install/srvcli/lib/srvcli
[2.507s] Installing service script to /home/shaalekh/Desktop/ros2_ws/install/srvcli/lib/srvcli
[2.508s] writing list of installed files to '/home/shaalekh/Desktop/ros2_ws/build/srvcli/install.log'
[2.612s] Invoked command in '/home/shaalekh/Desktop/ros2_ws/src/srvcli' returned '0': DEBUGINFOD_URLS=https://debuginfod.ubuntu.com PYTHONPATH=/home/shaalekh/Desktop/ros2_ws/build/srvcli/prefix_override:/usr/lib/python3/dist-packages/colcon_core/task/python/colcon_distutils_commands:/home/shaalekh/Desktop/ros2_ws/install/srvcli/lib/python3.12/site-packages:${PYTHONPATH} /usr/bin/python3 -W ignore:setup.py install is deprecated -W ignore:easy_install command is deprecated setup.py egg_info --egg-base ../../build/srvcli build --build-base /home/shaalekh/Desktop/ros2_ws/build/srvcli/build install --record /home/shaalekh/Desktop/ros2_ws/build/srvcli/install.log --single-version-externally-managed install_data
