[0.029s] Invoking command in '/home/shaalekh/Desktop/ros2_ws/build/customs': CMAKE_PREFIX_PATH=${CMAKE_PREFIX_PATH}:/home/shaalekh/Desktop/ros2_ws/install/srvcli:/home/shaalekh/Desktop/ros2_ws/install/maha_params:/opt/ros/jazzy DEBUGINFOD_URLS=https://debuginfod.ubuntu.com /usr/bin/cmake --build /home/shaalekh/Desktop/ros2_ws/build/customs -- -j4 -l4
[0.170s] [  1%] Built target customs__rosidl_generator_type_description
[0.214s] [  1%] Built target ament_cmake_python_copy_customs
[0.270s] [  3%] Built target customs__cpp
[0.294s] [ 25%] Built target customs__rosidl_generator_c
[0.433s] [ 34%] Built target customs__rosidl_typesupport_cpp
[0.452s] [ 43%] Built target customs__rosidl_typesupport_fastrtps_c
[0.510s] [ 53%] Built target customs__rosidl_typesupport_fastrtps_cpp
[0.567s] [ 62%] Built target customs__rosidl_typesupport_introspection_c
[0.609s] [ 71%] Built target customs__rosidl_typesupport_c
[0.646s] [ 81%] Built target customs__rosidl_typesupport_introspection_cpp
[0.736s] [ 81%] Built target customs
[0.831s] [ 82%] Built target customs__py
[0.942s] running egg_info
[0.956s] [ 90%] Built target customs__rosidl_generator_py
[0.976s] writing customs.egg-info/PKG-INFO
[0.977s] writing dependency_links to customs.egg-info/dependency_links.txt
[0.977s] writing top-level names to customs.egg-info/top_level.txt
[1.020s] [ 93%] Built target customs_s__rosidl_typesupport_introspection_c
[1.071s] [ 96%] Built target customs_s__rosidl_typesupport_fastrtps_c
[1.084s] [100%] Built target customs_s__rosidl_typesupport_c
[1.095s] reading manifest file 'customs.egg-info/SOURCES.txt'
[1.096s] writing manifest file 'customs.egg-info/SOURCES.txt'
[1.199s] [100%] Built target ament_cmake_python_build_customs_egg
[1.241s] Invoked command in '/home/shaalekh/Desktop/ros2_ws/build/customs' returned '0': CMAKE_PREFIX_PATH=${CMAKE_PREFIX_PATH}:/home/shaalekh/Desktop/ros2_ws/install/srvcli:/home/shaalekh/Desktop/ros2_ws/install/maha_params:/opt/ros/jazzy DEBUGINFOD_URLS=https://debuginfod.ubuntu.com /usr/bin/cmake --build /home/shaalekh/Desktop/ros2_ws/build/customs -- -j4 -l4
[1.270s] Invoking command in '/home/shaalekh/Desktop/ros2_ws/build/customs': CMAKE_PREFIX_PATH=${CMAKE_PREFIX_PATH}:/home/shaalekh/Desktop/ros2_ws/install/srvcli:/home/shaalekh/Desktop/ros2_ws/install/maha_params:/opt/ros/jazzy DEBUGINFOD_URLS=https://debuginfod.ubuntu.com /usr/bin/cmake --install /home/shaalekh/Desktop/ros2_ws/build/customs
[1.290s] -- Install configuration: ""
[1.293s] -- Up-to-date: /home/shaalekh/Desktop/ros2_ws/install/customs/share/ament_index/resource_index/rosidl_interfaces/customs
[1.295s] -- Up-to-date: /home/shaalekh/Desktop/ros2_ws/install/customs/share/customs/msg/Num.json
[1.298s] -- Up-to-date: /home/shaalekh/Desktop/ros2_ws/install/customs/share/customs/msg/Sphere.json
[1.298s] -- Up-to-date: /home/shaalekh/Desktop/ros2_ws/install/customs/share/customs/msg/AddressBook.json
[1.299s] -- Up-to-date: /home/shaalekh/Desktop/ros2_ws/install/customs/share/customs/srv/AddThreeInts.json
[1.301s] -- Up-to-date: /home/shaalekh/Desktop/ros2_ws/install/customs/include/customs/customs
[1.303s] -- Up-to-date: /home/shaalekh/Desktop/ros2_ws/install/customs/include/customs/customs/srv
[1.303s] -- Up-to-date: /home/shaalekh/Desktop/ros2_ws/install/customs/include/customs/customs/srv/add_three_ints.h
[1.304s] -- Up-to-date: /home/shaalekh/Desktop/ros2_ws/install/customs/include/customs/customs/srv/detail
[1.304s] -- Up-to-date: /home/shaalekh/Desktop/ros2_ws/install/customs/include/customs/customs/srv/detail/add_three_ints__description.c
[1.304s] -- Up-to-date: /home/shaalekh/Desktop/ros2_ws/install/customs/include/customs/customs/srv/detail/add_three_ints__functions.c
[1.307s] -- Up-to-date: /home/shaalekh/Desktop/ros2_ws/install/customs/include/customs/customs/srv/detail/add_three_ints__type_support.h
[1.308s] -- Up-to-date: /home/shaalekh/Desktop/ros2_ws/install/customs/include/customs/customs/srv/detail/add_three_ints__struct.h
[1.308s] -- Up-to-date: /home/shaalekh/Desktop/ros2_ws/install/customs/include/customs/customs/srv/detail/add_three_ints__functions.h
[1.308s] -- Installing: /home/shaalekh/Desktop/ros2_ws/install/customs/include/customs/customs/srv/detail/add_three_ints__type_support.c
[1.308s] -- Up-to-date: /home/shaalekh/Desktop/ros2_ws/install/customs/include/customs/customs/msg
[1.308s] -- Up-to-date: /home/shaalekh/Desktop/ros2_ws/install/customs/include/customs/customs/msg/rosidl_generator_c__visibility_control.h
[1.308s] -- Up-to-date: /home/shaalekh/Desktop/ros2_ws/install/customs/include/customs/customs/msg/detail
[1.308s] -- Up-to-date: /home/shaalekh/Desktop/ros2_ws/install/customs/include/customs/customs/msg/detail/num__struct.h
[1.309s] -- Up-to-date: /home/shaalekh/Desktop/ros2_ws/install/customs/include/customs/customs/msg/detail/num__functions.h
[1.309s] -- Installing: /home/shaalekh/Desktop/ros2_ws/install/customs/include/customs/customs/msg/detail/sphere__type_support.c
[1.309s] -- Up-to-date: /home/shaalekh/Desktop/ros2_ws/install/customs/include/customs/customs/msg/detail/num__type_support.h
[1.309s] -- Up-to-date: /home/shaalekh/Desktop/ros2_ws/install/customs/include/customs/customs/msg/detail/address_book__functions.h
[1.309s] -- Up-to-date: /home/shaalekh/Desktop/ros2_ws/install/customs/include/customs/customs/msg/detail/address_book__description.c
[1.309s] -- Up-to-date: /home/shaalekh/Desktop/ros2_ws/install/customs/include/customs/customs/msg/detail/address_book__type_support.h
[1.310s] -- Up-to-date: /home/shaalekh/Desktop/ros2_ws/install/customs/include/customs/customs/msg/detail/num__functions.c
[1.310s] -- Up-to-date: /home/shaalekh/Desktop/ros2_ws/install/customs/include/customs/customs/msg/detail/address_book__struct.h
[1.319s] -- Up-to-date: /home/shaalekh/Desktop/ros2_ws/install/customs/include/customs/customs/msg/detail/num__description.c
[1.319s] -- Up-to-date: /home/shaalekh/Desktop/ros2_ws/install/customs/include/customs/customs/msg/detail/sphere__type_support.h
[1.319s] -- Installing: /home/shaalekh/Desktop/ros2_ws/install/customs/include/customs/customs/msg/detail/address_book__type_support.c
[1.319s] -- Up-to-date: /home/shaalekh/Desktop/ros2_ws/install/customs/include/customs/customs/msg/detail/sphere__struct.h
[1.319s] -- Up-to-date: /home/shaalekh/Desktop/ros2_ws/install/customs/include/customs/customs/msg/detail/sphere__functions.c
[1.319s] -- Up-to-date: /home/shaalekh/Desktop/ros2_ws/install/customs/include/customs/customs/msg/detail/address_book__functions.c
[1.320s] -- Up-to-date: /home/shaalekh/Desktop/ros2_ws/install/customs/include/customs/customs/msg/detail/sphere__functions.h
[1.320s] -- Installing: /home/shaalekh/Desktop/ros2_ws/install/customs/include/customs/customs/msg/detail/num__type_support.c
[1.320s] -- Up-to-date: /home/shaalekh/Desktop/ros2_ws/install/customs/include/customs/customs/msg/detail/sphere__description.c
[1.320s] -- Up-to-date: /home/shaalekh/Desktop/ros2_ws/install/customs/include/customs/customs/msg/num.h
[1.320s] -- Up-to-date: /home/shaalekh/Desktop/ros2_ws/install/customs/include/customs/customs/msg/address_book.h
[1.320s] -- Up-to-date: /home/shaalekh/Desktop/ros2_ws/install/customs/include/customs/customs/msg/sphere.h
[1.320s] -- Up-to-date: /home/shaalekh/Desktop/ros2_ws/install/customs/share/customs/environment/library_path.sh
[1.320s] -- Up-to-date: /home/shaalekh/Desktop/ros2_ws/install/customs/share/customs/environment/library_path.dsv
[1.320s] -- Up-to-date: /home/shaalekh/Desktop/ros2_ws/install/customs/lib/libcustoms__rosidl_generator_c.so
[1.321s] -- Up-to-date: /home/shaalekh/Desktop/ros2_ws/install/customs/include/customs/customs
[1.321s] -- Up-to-date: /home/shaalekh/Desktop/ros2_ws/install/customs/include/customs/customs/srv
[1.321s] -- Up-to-date: /home/shaalekh/Desktop/ros2_ws/install/customs/include/customs/customs/srv/detail
[1.321s] -- Up-to-date: /home/shaalekh/Desktop/ros2_ws/install/customs/include/customs/customs/srv/detail/add_three_ints__rosidl_typesupport_fastrtps_c.h
[1.330s] -- Up-to-date: /home/shaalekh/Desktop/ros2_ws/install/customs/include/customs/customs/msg
[1.330s] -- Up-to-date: /home/shaalekh/Desktop/ros2_ws/install/customs/include/customs/customs/msg/rosidl_typesupport_fastrtps_c__visibility_control.h
[1.330s] -- Up-to-date: /home/shaalekh/Desktop/ros2_ws/install/customs/include/customs/customs/msg/detail
[1.330s] -- Up-to-date: /home/shaalekh/Desktop/ros2_ws/install/customs/include/customs/customs/msg/detail/sphere__rosidl_typesupport_fastrtps_c.h
[1.330s] -- Up-to-date: /home/shaalekh/Desktop/ros2_ws/install/customs/include/customs/customs/msg/detail/address_book__rosidl_typesupport_fastrtps_c.h
[1.331s] -- Up-to-date: /home/shaalekh/Desktop/ros2_ws/install/customs/include/customs/customs/msg/detail/num__rosidl_typesupport_fastrtps_c.h
[1.331s] -- Up-to-date: /home/shaalekh/Desktop/ros2_ws/install/customs/lib/libcustoms__rosidl_typesupport_fastrtps_c.so
[1.331s] -- Up-to-date: /home/shaalekh/Desktop/ros2_ws/install/customs/include/customs/customs
[1.331s] -- Up-to-date: /home/shaalekh/Desktop/ros2_ws/install/customs/include/customs/customs/srv
[1.331s] -- Up-to-date: /home/shaalekh/Desktop/ros2_ws/install/customs/include/customs/customs/srv/detail
[1.331s] -- Up-to-date: /home/shaalekh/Desktop/ros2_ws/install/customs/include/customs/customs/srv/detail/add_three_ints__builder.hpp
[1.331s] -- Up-to-date: /home/shaalekh/Desktop/ros2_ws/install/customs/include/customs/customs/srv/detail/add_three_ints__struct.hpp
[1.331s] -- Up-to-date: /home/shaalekh/Desktop/ros2_ws/install/customs/include/customs/customs/srv/detail/add_three_ints__type_support.hpp
[1.332s] -- Up-to-date: /home/shaalekh/Desktop/ros2_ws/install/customs/include/customs/customs/srv/detail/add_three_ints__traits.hpp
[1.332s] -- Up-to-date: /home/shaalekh/Desktop/ros2_ws/install/customs/include/customs/customs/srv/add_three_ints.hpp
[1.332s] -- Up-to-date: /home/shaalekh/Desktop/ros2_ws/install/customs/include/customs/customs/msg
[1.339s] -- Up-to-date: /home/shaalekh/Desktop/ros2_ws/install/customs/include/customs/customs/msg/sphere.hpp
[1.339s] -- Up-to-date: /home/shaalekh/Desktop/ros2_ws/install/customs/include/customs/customs/msg/detail
[1.339s] -- Up-to-date: /home/shaalekh/Desktop/ros2_ws/install/customs/include/customs/customs/msg/detail/sphere__traits.hpp
[1.340s] -- Up-to-date: /home/shaalekh/Desktop/ros2_ws/install/customs/include/customs/customs/msg/detail/sphere__builder.hpp
[1.340s] -- Up-to-date: /home/shaalekh/Desktop/ros2_ws/install/customs/include/customs/customs/msg/detail/address_book__traits.hpp
[1.340s] -- Up-to-date: /home/shaalekh/Desktop/ros2_ws/install/customs/include/customs/customs/msg/detail/sphere__struct.hpp
[1.340s] -- Up-to-date: /home/shaalekh/Desktop/ros2_ws/install/customs/include/customs/customs/msg/detail/address_book__builder.hpp
[1.340s] -- Up-to-date: /home/shaalekh/Desktop/ros2_ws/install/customs/include/customs/customs/msg/detail/address_book__type_support.hpp
[1.340s] -- Up-to-date: /home/shaalekh/Desktop/ros2_ws/install/customs/include/customs/customs/msg/detail/num__struct.hpp
[1.340s] -- Up-to-date: /home/shaalekh/Desktop/ros2_ws/install/customs/include/customs/customs/msg/detail/num__builder.hpp
[1.340s] -- Up-to-date: /home/shaalekh/Desktop/ros2_ws/install/customs/include/customs/customs/msg/detail/num__type_support.hpp
[1.340s] -- Up-to-date: /home/shaalekh/Desktop/ros2_ws/install/customs/include/customs/customs/msg/detail/sphere__type_support.hpp
[1.340s] -- Up-to-date: /home/shaalekh/Desktop/ros2_ws/install/customs/include/customs/customs/msg/detail/address_book__struct.hpp
[1.340s] -- Up-to-date: /home/shaalekh/Desktop/ros2_ws/install/customs/include/customs/customs/msg/detail/num__traits.hpp
[1.341s] -- Up-to-date: /home/shaalekh/Desktop/ros2_ws/install/customs/include/customs/customs/msg/address_book.hpp
[1.341s] -- Up-to-date: /home/shaalekh/Desktop/ros2_ws/install/customs/include/customs/customs/msg/num.hpp
[1.341s] -- Up-to-date: /home/shaalekh/Desktop/ros2_ws/install/customs/include/customs/customs/msg/rosidl_generator_cpp__visibility_control.hpp
[1.341s] -- Up-to-date: /home/shaalekh/Desktop/ros2_ws/install/customs/include/customs/customs
[1.341s] -- Up-to-date: /home/shaalekh/Desktop/ros2_ws/install/customs/include/customs/customs/srv
[1.341s] -- Up-to-date: /home/shaalekh/Desktop/ros2_ws/install/customs/include/customs/customs/srv/detail
[1.341s] -- Up-to-date: /home/shaalekh/Desktop/ros2_ws/install/customs/include/customs/customs/srv/detail/add_three_ints__rosidl_typesupport_fastrtps_cpp.hpp
[1.341s] -- Up-to-date: /home/shaalekh/Desktop/ros2_ws/install/customs/include/customs/customs/srv/detail/dds_fastrtps
[1.341s] -- Up-to-date: /home/shaalekh/Desktop/ros2_ws/install/customs/include/customs/customs/msg
[1.341s] -- Up-to-date: /home/shaalekh/Desktop/ros2_ws/install/customs/include/customs/customs/msg/detail
[1.342s] -- Up-to-date: /home/shaalekh/Desktop/ros2_ws/install/customs/include/customs/customs/msg/detail/address_book__rosidl_typesupport_fastrtps_cpp.hpp
[1.342s] -- Up-to-date: /home/shaalekh/Desktop/ros2_ws/install/customs/include/customs/customs/msg/detail/num__rosidl_typesupport_fastrtps_cpp.hpp
[1.342s] -- Up-to-date: /home/shaalekh/Desktop/ros2_ws/install/customs/include/customs/customs/msg/detail/dds_fastrtps
[1.342s] -- Up-to-date: /home/shaalekh/Desktop/ros2_ws/install/customs/include/customs/customs/msg/detail/sphere__rosidl_typesupport_fastrtps_cpp.hpp
[1.348s] -- Up-to-date: /home/shaalekh/Desktop/ros2_ws/install/customs/include/customs/customs/msg/rosidl_typesupport_fastrtps_cpp__visibility_control.h
[1.348s] -- Up-to-date: /home/shaalekh/Desktop/ros2_ws/install/customs/lib/libcustoms__rosidl_typesupport_fastrtps_cpp.so
[1.348s] -- Up-to-date: /home/shaalekh/Desktop/ros2_ws/install/customs/include/customs/customs
[1.348s] -- Up-to-date: /home/shaalekh/Desktop/ros2_ws/install/customs/include/customs/customs/srv
[1.348s] -- Up-to-date: /home/shaalekh/Desktop/ros2_ws/install/customs/include/customs/customs/srv/detail
[1.349s] -- Up-to-date: /home/shaalekh/Desktop/ros2_ws/install/customs/include/customs/customs/srv/detail/add_three_ints__rosidl_typesupport_introspection_c.h
[1.349s] -- Installing: /home/shaalekh/Desktop/ros2_ws/install/customs/include/customs/customs/srv/detail/add_three_ints__type_support.c
[1.349s] -- Up-to-date: /home/shaalekh/Desktop/ros2_ws/install/customs/include/customs/customs/msg
[1.349s] -- Up-to-date: /home/shaalekh/Desktop/ros2_ws/install/customs/include/customs/customs/msg/detail
[1.349s] -- Up-to-date: /home/shaalekh/Desktop/ros2_ws/install/customs/include/customs/customs/msg/detail/sphere__rosidl_typesupport_introspection_c.h
[1.349s] -- Up-to-date: /home/shaalekh/Desktop/ros2_ws/install/customs/include/customs/customs/msg/detail/num__rosidl_typesupport_introspection_c.h
[1.349s] -- Installing: /home/shaalekh/Desktop/ros2_ws/install/customs/include/customs/customs/msg/detail/sphere__type_support.c
[1.349s] -- Up-to-date: /home/shaalekh/Desktop/ros2_ws/install/customs/include/customs/customs/msg/detail/address_book__rosidl_typesupport_introspection_c.h
[1.349s] -- Installing: /home/shaalekh/Desktop/ros2_ws/install/customs/include/customs/customs/msg/detail/address_book__type_support.c
[1.350s] -- Installing: /home/shaalekh/Desktop/ros2_ws/install/customs/include/customs/customs/msg/detail/num__type_support.c
[1.350s] -- Up-to-date: /home/shaalekh/Desktop/ros2_ws/install/customs/include/customs/customs/msg/rosidl_typesupport_introspection_c__visibility_control.h
[1.350s] -- Up-to-date: /home/shaalekh/Desktop/ros2_ws/install/customs/lib/libcustoms__rosidl_typesupport_introspection_c.so
[1.350s] -- Up-to-date: /home/shaalekh/Desktop/ros2_ws/install/customs/lib/libcustoms__rosidl_typesupport_c.so
[1.350s] -- Up-to-date: /home/shaalekh/Desktop/ros2_ws/install/customs/include/customs/customs
[1.350s] -- Up-to-date: /home/shaalekh/Desktop/ros2_ws/install/customs/include/customs/customs/srv
[1.353s] -- Up-to-date: /home/shaalekh/Desktop/ros2_ws/install/customs/include/customs/customs/srv/detail
[1.353s] -- Up-to-date: /home/shaalekh/Desktop/ros2_ws/install/customs/include/customs/customs/srv/detail/add_three_ints__type_support.cpp
[1.353s] -- Up-to-date: /home/shaalekh/Desktop/ros2_ws/install/customs/include/customs/customs/srv/detail/add_three_ints__rosidl_typesupport_introspection_cpp.hpp
[1.353s] -- Up-to-date: /home/shaalekh/Desktop/ros2_ws/install/customs/include/customs/customs/msg
[1.353s] -- Up-to-date: /home/shaalekh/Desktop/ros2_ws/install/customs/include/customs/customs/msg/detail
[1.354s] -- Up-to-date: /home/shaalekh/Desktop/ros2_ws/install/customs/include/customs/customs/msg/detail/address_book__type_support.cpp
[1.354s] -- Up-to-date: /home/shaalekh/Desktop/ros2_ws/install/customs/include/customs/customs/msg/detail/num__rosidl_typesupport_introspection_cpp.hpp
[1.354s] -- Up-to-date: /home/shaalekh/Desktop/ros2_ws/install/customs/include/customs/customs/msg/detail/num__type_support.cpp
[1.354s] -- Up-to-date: /home/shaalekh/Desktop/ros2_ws/install/customs/include/customs/customs/msg/detail/sphere__rosidl_typesupport_introspection_cpp.hpp
[1.356s] -- Up-to-date: /home/shaalekh/Desktop/ros2_ws/install/customs/include/customs/customs/msg/detail/address_book__rosidl_typesupport_introspection_cpp.hpp
[1.357s] -- Up-to-date: /home/shaalekh/Desktop/ros2_ws/install/customs/include/customs/customs/msg/detail/sphere__type_support.cpp
[1.357s] -- Up-to-date: /home/shaalekh/Desktop/ros2_ws/install/customs/lib/libcustoms__rosidl_typesupport_introspection_cpp.so
[1.357s] -- Up-to-date: /home/shaalekh/Desktop/ros2_ws/install/customs/lib/libcustoms__rosidl_typesupport_cpp.so
[1.357s] -- Up-to-date: /home/shaalekh/Desktop/ros2_ws/install/customs/share/customs/environment/pythonpath.sh
[1.357s] -- Up-to-date: /home/shaalekh/Desktop/ros2_ws/install/customs/share/customs/environment/pythonpath.dsv
[1.357s] -- Up-to-date: /home/shaalekh/Desktop/ros2_ws/install/customs/lib/python3.12/site-packages/customs-0.0.0-py3.12.egg-info
[1.358s] -- Installing: /home/shaalekh/Desktop/ros2_ws/install/customs/lib/python3.12/site-packages/customs-0.0.0-py3.12.egg-info/dependency_links.txt
[1.358s] -- Installing: /home/shaalekh/Desktop/ros2_ws/install/customs/lib/python3.12/site-packages/customs-0.0.0-py3.12.egg-info/PKG-INFO
[1.358s] -- Installing: /home/shaalekh/Desktop/ros2_ws/install/customs/lib/python3.12/site-packages/customs-0.0.0-py3.12.egg-info/top_level.txt
[1.358s] -- Installing: /home/shaalekh/Desktop/ros2_ws/install/customs/lib/python3.12/site-packages/customs-0.0.0-py3.12.egg-info/SOURCES.txt
[1.358s] -- Up-to-date: /home/shaalekh/Desktop/ros2_ws/install/customs/lib/python3.12/site-packages/customs
[1.358s] -- Up-to-date: /home/shaalekh/Desktop/ros2_ws/install/customs/lib/python3.12/site-packages/customs/_customs_s.ep.rosidl_typesupport_introspection_c.c
[1.358s] -- Up-to-date: /home/shaalekh/Desktop/ros2_ws/install/customs/lib/python3.12/site-packages/customs/customs_s__rosidl_typesupport_fastrtps_c.so
[1.358s] -- Up-to-date: /home/shaalekh/Desktop/ros2_ws/install/customs/lib/python3.12/site-packages/customs/srv
[1.359s] -- Up-to-date: /home/shaalekh/Desktop/ros2_ws/install/customs/lib/python3.12/site-packages/customs/srv/_add_three_ints.py
[1.359s] -- Up-to-date: /home/shaalekh/Desktop/ros2_ws/install/customs/lib/python3.12/site-packages/customs/srv/_add_three_ints_s.c
[1.359s] -- Up-to-date: /home/shaalekh/Desktop/ros2_ws/install/customs/lib/python3.12/site-packages/customs/srv/__init__.py
[1.359s] -- Up-to-date: /home/shaalekh/Desktop/ros2_ws/install/customs/lib/python3.12/site-packages/customs/_customs_s.ep.rosidl_typesupport_fastrtps_c.c
[1.359s] -- Up-to-date: /home/shaalekh/Desktop/ros2_ws/install/customs/lib/python3.12/site-packages/customs/customs_s__rosidl_typesupport_c.so
[1.359s] -- Up-to-date: /home/shaalekh/Desktop/ros2_ws/install/customs/lib/python3.12/site-packages/customs/__init__.py
[1.359s] -- Up-to-date: /home/shaalekh/Desktop/ros2_ws/install/customs/lib/python3.12/site-packages/customs/_customs_s.ep.rosidl_typesupport_c.c
[1.359s] -- Up-to-date: /home/shaalekh/Desktop/ros2_ws/install/customs/lib/python3.12/site-packages/customs/msg
[1.359s] -- Up-to-date: /home/shaalekh/Desktop/ros2_ws/install/customs/lib/python3.12/site-packages/customs/msg/_address_book_s.c
[1.359s] -- Up-to-date: /home/shaalekh/Desktop/ros2_ws/install/customs/lib/python3.12/site-packages/customs/msg/_sphere_s.c
[1.360s] -- Up-to-date: /home/shaalekh/Desktop/ros2_ws/install/customs/lib/python3.12/site-packages/customs/msg/_num_s.c
[1.360s] -- Up-to-date: /home/shaalekh/Desktop/ros2_ws/install/customs/lib/python3.12/site-packages/customs/msg/_sphere.py
[1.360s] -- Up-to-date: /home/shaalekh/Desktop/ros2_ws/install/customs/lib/python3.12/site-packages/customs/msg/__init__.py
[1.360s] -- Up-to-date: /home/shaalekh/Desktop/ros2_ws/install/customs/lib/python3.12/site-packages/customs/msg/_address_book.py
[1.360s] -- Up-to-date: /home/shaalekh/Desktop/ros2_ws/install/customs/lib/python3.12/site-packages/customs/msg/_num.py
[1.361s] -- Up-to-date: /home/shaalekh/Desktop/ros2_ws/install/customs/lib/python3.12/site-packages/customs/customs_s__rosidl_typesupport_introspection_c.so
[1.379s] Listing '/home/shaalekh/Desktop/ros2_ws/install/customs/lib/python3.12/site-packages/customs'...
[1.379s] Listing '/home/shaalekh/Desktop/ros2_ws/install/customs/lib/python3.12/site-packages/customs/msg'...
[1.380s] Listing '/home/shaalekh/Desktop/ros2_ws/install/customs/lib/python3.12/site-packages/customs/srv'...
[1.396s] -- Up-to-date: /home/shaalekh/Desktop/ros2_ws/install/customs/lib/python3.12/site-packages/customs/customs_s__rosidl_typesupport_fastrtps_c.so
[1.396s] -- Up-to-date: /home/shaalekh/Desktop/ros2_ws/install/customs/lib/python3.12/site-packages/customs/customs_s__rosidl_typesupport_introspection_c.so
[1.397s] -- Up-to-date: /home/shaalekh/Desktop/ros2_ws/install/customs/lib/python3.12/site-packages/customs/customs_s__rosidl_typesupport_c.so
[1.397s] -- Up-to-date: /home/shaalekh/Desktop/ros2_ws/install/customs/lib/libcustoms__rosidl_generator_py.so
[1.397s] -- Up-to-date: /home/shaalekh/Desktop/ros2_ws/install/customs/share/customs/msg/Num.idl
[1.397s] -- Up-to-date: /home/shaalekh/Desktop/ros2_ws/install/customs/share/customs/msg/Sphere.idl
[1.398s] -- Up-to-date: /home/shaalekh/Desktop/ros2_ws/install/customs/share/customs/msg/AddressBook.idl
[1.398s] -- Up-to-date: /home/shaalekh/Desktop/ros2_ws/install/customs/share/customs/srv/AddThreeInts.idl
[1.398s] -- Up-to-date: /home/shaalekh/Desktop/ros2_ws/install/customs/share/customs/msg/Num.msg
[1.398s] -- Up-to-date: /home/shaalekh/Desktop/ros2_ws/install/customs/share/customs/msg/Sphere.msg
[1.399s] -- Up-to-date: /home/shaalekh/Desktop/ros2_ws/install/customs/share/customs/msg/AddressBook.msg
[1.399s] -- Up-to-date: /home/shaalekh/Desktop/ros2_ws/install/customs/share/customs/srv/AddThreeInts.srv
[1.399s] -- Up-to-date: /home/shaalekh/Desktop/ros2_ws/install/customs/share/ament_index/resource_index/package_run_dependencies/customs
[1.399s] -- Up-to-date: /home/shaalekh/Desktop/ros2_ws/install/customs/share/ament_index/resource_index/parent_prefix_path/customs
[1.400s] -- Up-to-date: /home/shaalekh/Desktop/ros2_ws/install/customs/share/customs/environment/ament_prefix_path.sh
[1.400s] -- Up-to-date: /home/shaalekh/Desktop/ros2_ws/install/customs/share/customs/environment/ament_prefix_path.dsv
[1.403s] -- Up-to-date: /home/shaalekh/Desktop/ros2_ws/install/customs/share/customs/environment/path.sh
[1.403s] -- Up-to-date: /home/shaalekh/Desktop/ros2_ws/install/customs/share/customs/environment/path.dsv
[1.403s] -- Up-to-date: /home/shaalekh/Desktop/ros2_ws/install/customs/share/customs/local_setup.bash
[1.404s] -- Up-to-date: /home/shaalekh/Desktop/ros2_ws/install/customs/share/customs/local_setup.sh
[1.404s] -- Up-to-date: /home/shaalekh/Desktop/ros2_ws/install/customs/share/customs/local_setup.zsh
[1.404s] -- Up-to-date: /home/shaalekh/Desktop/ros2_ws/install/customs/share/customs/local_setup.dsv
[1.404s] -- Installing: /home/shaalekh/Desktop/ros2_ws/install/customs/share/customs/package.dsv
[1.404s] -- Up-to-date: /home/shaalekh/Desktop/ros2_ws/install/customs/share/ament_index/resource_index/packages/customs
[1.404s] -- Up-to-date: /home/shaalekh/Desktop/ros2_ws/install/customs/share/customs/cmake/export_customs__rosidl_generator_cExport.cmake
[1.414s] -- Up-to-date: /home/shaalekh/Desktop/ros2_ws/install/customs/share/customs/cmake/export_customs__rosidl_generator_cExport-noconfig.cmake
[1.415s] -- Up-to-date: /home/shaalekh/Desktop/ros2_ws/install/customs/share/customs/cmake/export_customs__rosidl_typesupport_fastrtps_cExport.cmake
[1.422s] -- Up-to-date: /home/shaalekh/Desktop/ros2_ws/install/customs/share/customs/cmake/export_customs__rosidl_typesupport_fastrtps_cExport-noconfig.cmake
[1.422s] -- Up-to-date: /home/shaalekh/Desktop/ros2_ws/install/customs/share/customs/cmake/export_customs__rosidl_generator_cppExport.cmake
[1.422s] -- Up-to-date: /home/shaalekh/Desktop/ros2_ws/install/customs/share/customs/cmake/export_customs__rosidl_typesupport_fastrtps_cppExport.cmake
[1.422s] -- Up-to-date: /home/shaalekh/Desktop/ros2_ws/install/customs/share/customs/cmake/export_customs__rosidl_typesupport_fastrtps_cppExport-noconfig.cmake
[1.422s] -- Up-to-date: /home/shaalekh/Desktop/ros2_ws/install/customs/share/customs/cmake/customs__rosidl_typesupport_introspection_cExport.cmake
[1.422s] -- Up-to-date: /home/shaalekh/Desktop/ros2_ws/install/customs/share/customs/cmake/customs__rosidl_typesupport_introspection_cExport-noconfig.cmake
[1.422s] -- Up-to-date: /home/shaalekh/Desktop/ros2_ws/install/customs/share/customs/cmake/customs__rosidl_typesupport_cExport.cmake
[1.428s] -- Up-to-date: /home/shaalekh/Desktop/ros2_ws/install/customs/share/customs/cmake/customs__rosidl_typesupport_cExport-noconfig.cmake
[1.428s] -- Up-to-date: /home/shaalekh/Desktop/ros2_ws/install/customs/share/customs/cmake/customs__rosidl_typesupport_introspection_cppExport.cmake
[1.428s] -- Up-to-date: /home/shaalekh/Desktop/ros2_ws/install/customs/share/customs/cmake/customs__rosidl_typesupport_introspection_cppExport-noconfig.cmake
[1.429s] -- Up-to-date: /home/shaalekh/Desktop/ros2_ws/install/customs/share/customs/cmake/customs__rosidl_typesupport_cppExport.cmake
[1.429s] -- Up-to-date: /home/shaalekh/Desktop/ros2_ws/install/customs/share/customs/cmake/customs__rosidl_typesupport_cppExport-noconfig.cmake
[1.429s] -- Up-to-date: /home/shaalekh/Desktop/ros2_ws/install/customs/share/customs/cmake/export_customs__rosidl_generator_pyExport.cmake
[1.429s] -- Up-to-date: /home/shaalekh/Desktop/ros2_ws/install/customs/share/customs/cmake/export_customs__rosidl_generator_pyExport-noconfig.cmake
[1.429s] -- Up-to-date: /home/shaalekh/Desktop/ros2_ws/install/customs/share/customs/cmake/rosidl_cmake-extras.cmake
[1.429s] -- Up-to-date: /home/shaalekh/Desktop/ros2_ws/install/customs/share/customs/cmake/ament_cmake_export_dependencies-extras.cmake
[1.429s] -- Up-to-date: /home/shaalekh/Desktop/ros2_ws/install/customs/share/customs/cmake/ament_cmake_export_include_directories-extras.cmake
[1.429s] -- Up-to-date: /home/shaalekh/Desktop/ros2_ws/install/customs/share/customs/cmake/ament_cmake_export_libraries-extras.cmake
[1.429s] -- Up-to-date: /home/shaalekh/Desktop/ros2_ws/install/customs/share/customs/cmake/ament_cmake_export_targets-extras.cmake
[1.430s] -- Up-to-date: /home/shaalekh/Desktop/ros2_ws/install/customs/share/customs/cmake/rosidl_cmake_export_typesupport_targets-extras.cmake
[1.430s] -- Up-to-date: /home/shaalekh/Desktop/ros2_ws/install/customs/share/customs/cmake/rosidl_cmake_export_typesupport_libraries-extras.cmake
[1.430s] -- Up-to-date: /home/shaalekh/Desktop/ros2_ws/install/customs/share/customs/cmake/customsConfig.cmake
[1.430s] -- Up-to-date: /home/shaalekh/Desktop/ros2_ws/install/customs/share/customs/cmake/customsConfig-version.cmake
[1.433s] -- Up-to-date: /home/shaalekh/Desktop/ros2_ws/install/customs/share/customs/package.xml
[1.437s] Invoked command in '/home/shaalekh/Desktop/ros2_ws/build/customs' returned '0': CMAKE_PREFIX_PATH=${CMAKE_PREFIX_PATH}:/home/shaalekh/Desktop/ros2_ws/install/srvcli:/home/shaalekh/Desktop/ros2_ws/install/maha_params:/opt/ros/jazzy DEBUGINFOD_URLS=https://debuginfod.ubuntu.com /usr/bin/cmake --install /home/shaalekh/Desktop/ros2_ws/build/customs
