[0.136s] DEBUG:colcon:Command line arguments: ['/usr/bin/colcon', 'build']
[0.136s] DEBUG:colcon:Parsed command line arguments: Namespace(log_base=None, log_level=None, verb_name='build', build_base='build', install_base='install', merge_install=False, symlink_install=False, test_result_base=None, continue_on_error=False, executor='parallel', parallel_workers=4, event_handlers=None, ignore_user_meta=False, metas=['./colcon.meta'], base_paths=['.'], packages_ignore=None, packages_ignore_regex=None, paths=None, packages_up_to=None, packages_up_to_regex=None, packages_above=None, packages_above_and_dependencies=None, packages_above_depth=None, packages_select_by_dep=None, packages_skip_by_dep=None, packages_skip_up_to=None, packages_select_build_failed=False, packages_skip_build_finished=False, packages_select_test_failures=False, packages_skip_test_passed=False, packages_select=None, packages_skip=None, packages_select_regex=None, packages_skip_regex=None, packages_start=None, packages_end=None, allow_overriding=[], cmake_args=None, cmake_target=None, cmake_target_skip_unavailable=False, cmake_clean_cache=False, cmake_clean_first=False, cmake_force_configure=False, ament_cmake_args=None, catkin_cmake_args=None, catkin_skip_building_tests=False, verb_parser=<colcon_defaults.argument_parser.defaults.DefaultArgumentsDecorator object at 0xffff9424cb30>, verb_extension=<colcon_core.verb.build.BuildVerb object at 0xffff943f57f0>, main=<bound method BuildVerb.main of <colcon_core.verb.build.BuildVerb object at 0xffff943f57f0>>)
[0.192s] Level 1:colcon.colcon_core.package_discovery:discover_packages(colcon_meta) check parameters
[0.192s] Level 1:colcon.colcon_core.package_discovery:discover_packages(recursive) check parameters
[0.192s] Level 1:colcon.colcon_core.package_discovery:discover_packages(ignore) check parameters
[0.192s] Level 1:colcon.colcon_core.package_discovery:discover_packages(path) check parameters
[0.192s] Level 1:colcon.colcon_core.package_discovery:discover_packages(colcon_meta) discover
[0.192s] Level 1:colcon.colcon_core.package_discovery:discover_packages(recursive) discover
[0.192s] INFO:colcon.colcon_core.package_discovery:Crawling recursively for packages in '/home/shaalekh/Desktop/ros2_ws'
[0.192s] Level 1:colcon.colcon_core.package_identification:_identify(.) by extensions ['ignore', 'ignore_ament_install']
[0.193s] Level 1:colcon.colcon_core.package_identification:_identify(.) by extension 'ignore'
[0.193s] Level 1:colcon.colcon_core.package_identification:_identify(.) by extension 'ignore_ament_install'
[0.193s] Level 1:colcon.colcon_core.package_identification:_identify(.) by extensions ['colcon_pkg']
[0.193s] Level 1:colcon.colcon_core.package_identification:_identify(.) by extension 'colcon_pkg'
[0.193s] Level 1:colcon.colcon_core.package_identification:_identify(.) by extensions ['colcon_meta']
[0.193s] Level 1:colcon.colcon_core.package_identification:_identify(.) by extension 'colcon_meta'
[0.193s] Level 1:colcon.colcon_core.package_identification:_identify(.) by extensions ['ros']
[0.193s] Level 1:colcon.colcon_core.package_identification:_identify(.) by extension 'ros'
[0.229s] Level 1:colcon.colcon_core.package_identification:_identify(.) by extensions ['cmake', 'python']
[0.230s] Level 1:colcon.colcon_core.package_identification:_identify(.) by extension 'cmake'
[0.230s] Level 1:colcon.colcon_core.package_identification:_identify(.) by extension 'python'
[0.230s] Level 1:colcon.colcon_core.package_identification:_identify(.) by extensions ['python_setup_py']
[0.230s] Level 1:colcon.colcon_core.package_identification:_identify(.) by extension 'python_setup_py'
[0.230s] Level 1:colcon.colcon_core.package_identification:_identify(build) by extensions ['ignore', 'ignore_ament_install']
[0.230s] Level 1:colcon.colcon_core.package_identification:_identify(build) by extension 'ignore'
[0.230s] Level 1:colcon.colcon_core.package_identification:_identify(build) ignored
[0.230s] Level 1:colcon.colcon_core.package_identification:_identify(install) by extensions ['ignore', 'ignore_ament_install']
[0.230s] Level 1:colcon.colcon_core.package_identification:_identify(install) by extension 'ignore'
[0.230s] Level 1:colcon.colcon_core.package_identification:_identify(install) ignored
[0.230s] Level 1:colcon.colcon_core.package_identification:_identify(log) by extensions ['ignore', 'ignore_ament_install']
[0.231s] Level 1:colcon.colcon_core.package_identification:_identify(log) by extension 'ignore'
[0.231s] Level 1:colcon.colcon_core.package_identification:_identify(log) ignored
[0.231s] Level 1:colcon.colcon_core.package_identification:_identify(src) by extensions ['ignore', 'ignore_ament_install']
[0.231s] Level 1:colcon.colcon_core.package_identification:_identify(src) by extension 'ignore'
[0.231s] Level 1:colcon.colcon_core.package_identification:_identify(src) by extension 'ignore_ament_install'
[0.231s] Level 1:colcon.colcon_core.package_identification:_identify(src) by extensions ['colcon_pkg']
[0.231s] Level 1:colcon.colcon_core.package_identification:_identify(src) by extension 'colcon_pkg'
[0.231s] Level 1:colcon.colcon_core.package_identification:_identify(src) by extensions ['colcon_meta']
[0.231s] Level 1:colcon.colcon_core.package_identification:_identify(src) by extension 'colcon_meta'
[0.231s] Level 1:colcon.colcon_core.package_identification:_identify(src) by extensions ['ros']
[0.231s] Level 1:colcon.colcon_core.package_identification:_identify(src) by extension 'ros'
[0.231s] Level 1:colcon.colcon_core.package_identification:_identify(src) by extensions ['cmake', 'python']
[0.231s] Level 1:colcon.colcon_core.package_identification:_identify(src) by extension 'cmake'
[0.231s] Level 1:colcon.colcon_core.package_identification:_identify(src) by extension 'python'
[0.231s] Level 1:colcon.colcon_core.package_identification:_identify(src) by extensions ['python_setup_py']
[0.231s] Level 1:colcon.colcon_core.package_identification:_identify(src) by extension 'python_setup_py'
[0.231s] Level 1:colcon.colcon_core.package_identification:_identify(src/custom_action_interfaces) by extensions ['ignore', 'ignore_ament_install']
[0.231s] Level 1:colcon.colcon_core.package_identification:_identify(src/custom_action_interfaces) by extension 'ignore'
[0.232s] Level 1:colcon.colcon_core.package_identification:_identify(src/custom_action_interfaces) by extension 'ignore_ament_install'
[0.232s] Level 1:colcon.colcon_core.package_identification:_identify(src/custom_action_interfaces) by extensions ['colcon_pkg']
[0.232s] Level 1:colcon.colcon_core.package_identification:_identify(src/custom_action_interfaces) by extension 'colcon_pkg'
[0.232s] Level 1:colcon.colcon_core.package_identification:_identify(src/custom_action_interfaces) by extensions ['colcon_meta']
[0.232s] Level 1:colcon.colcon_core.package_identification:_identify(src/custom_action_interfaces) by extension 'colcon_meta'
[0.232s] Level 1:colcon.colcon_core.package_identification:_identify(src/custom_action_interfaces) by extensions ['ros']
[0.232s] Level 1:colcon.colcon_core.package_identification:_identify(src/custom_action_interfaces) by extension 'ros'
[0.237s] DEBUG:colcon.colcon_core.package_identification:Package 'src/custom_action_interfaces' with type 'ros.ament_cmake' and name 'custom_action_interfaces'
[0.237s] Level 1:colcon.colcon_core.package_identification:_identify(src/customs) by extensions ['ignore', 'ignore_ament_install']
[0.237s] Level 1:colcon.colcon_core.package_identification:_identify(src/customs) by extension 'ignore'
[0.237s] Level 1:colcon.colcon_core.package_identification:_identify(src/customs) by extension 'ignore_ament_install'
[0.237s] Level 1:colcon.colcon_core.package_identification:_identify(src/customs) by extensions ['colcon_pkg']
[0.237s] Level 1:colcon.colcon_core.package_identification:_identify(src/customs) by extension 'colcon_pkg'
[0.237s] Level 1:colcon.colcon_core.package_identification:_identify(src/customs) by extensions ['colcon_meta']
[0.237s] Level 1:colcon.colcon_core.package_identification:_identify(src/customs) by extension 'colcon_meta'
[0.237s] Level 1:colcon.colcon_core.package_identification:_identify(src/customs) by extensions ['ros']
[0.237s] Level 1:colcon.colcon_core.package_identification:_identify(src/customs) by extension 'ros'
[0.238s] DEBUG:colcon.colcon_core.package_identification:Package 'src/customs' with type 'ros.ament_cmake' and name 'customs'
[0.238s] Level 1:colcon.colcon_core.package_identification:_identify(src/maha_params) by extensions ['ignore', 'ignore_ament_install']
[0.238s] Level 1:colcon.colcon_core.package_identification:_identify(src/maha_params) by extension 'ignore'
[0.238s] Level 1:colcon.colcon_core.package_identification:_identify(src/maha_params) by extension 'ignore_ament_install'
[0.238s] Level 1:colcon.colcon_core.package_identification:_identify(src/maha_params) by extensions ['colcon_pkg']
[0.238s] Level 1:colcon.colcon_core.package_identification:_identify(src/maha_params) by extension 'colcon_pkg'
[0.238s] Level 1:colcon.colcon_core.package_identification:_identify(src/maha_params) by extensions ['colcon_meta']
[0.238s] Level 1:colcon.colcon_core.package_identification:_identify(src/maha_params) by extension 'colcon_meta'
[0.238s] Level 1:colcon.colcon_core.package_identification:_identify(src/maha_params) by extensions ['ros']
[0.239s] Level 1:colcon.colcon_core.package_identification:_identify(src/maha_params) by extension 'ros'
[0.239s] DEBUG:colcon.colcon_core.package_identification:Package 'src/maha_params' with type 'ros.ament_python' and name 'maha_params'
[0.239s] Level 1:colcon.colcon_core.package_identification:_identify(src/srvcli) by extensions ['ignore', 'ignore_ament_install']
[0.239s] Level 1:colcon.colcon_core.package_identification:_identify(src/srvcli) by extension 'ignore'
[0.239s] Level 1:colcon.colcon_core.package_identification:_identify(src/srvcli) by extension 'ignore_ament_install'
[0.239s] Level 1:colcon.colcon_core.package_identification:_identify(src/srvcli) by extensions ['colcon_pkg']
[0.239s] Level 1:colcon.colcon_core.package_identification:_identify(src/srvcli) by extension 'colcon_pkg'
[0.239s] Level 1:colcon.colcon_core.package_identification:_identify(src/srvcli) by extensions ['colcon_meta']
[0.240s] Level 1:colcon.colcon_core.package_identification:_identify(src/srvcli) by extension 'colcon_meta'
[0.240s] Level 1:colcon.colcon_core.package_identification:_identify(src/srvcli) by extensions ['ros']
[0.240s] Level 1:colcon.colcon_core.package_identification:_identify(src/srvcli) by extension 'ros'
[0.240s] DEBUG:colcon.colcon_core.package_identification:Package 'src/srvcli' with type 'ros.ament_python' and name 'srvcli'
[0.240s] Level 1:colcon.colcon_core.package_discovery:discover_packages(recursive) using defaults
[0.240s] Level 1:colcon.colcon_core.package_discovery:discover_packages(ignore) discover
[0.240s] Level 1:colcon.colcon_core.package_discovery:discover_packages(ignore) using defaults
[0.241s] Level 1:colcon.colcon_core.package_discovery:discover_packages(path) discover
[0.241s] Level 1:colcon.colcon_core.package_discovery:discover_packages(path) using defaults
[0.264s] Level 1:colcon.colcon_core.package_discovery:discover_packages(prefix_path) check parameters
[0.264s] Level 1:colcon.colcon_core.package_discovery:discover_packages(prefix_path) discover
[0.267s] DEBUG:colcon.colcon_installed_package_information.package_discovery:Found 285 installed packages in /opt/ros/jazzy
[0.268s] Level 1:colcon.colcon_core.package_discovery:discover_packages(prefix_path) using defaults
[0.327s] Level 5:colcon.colcon_core.verb:set package 'custom_action_interfaces' build argument 'cmake_args' from command line to 'None'
[0.327s] Level 5:colcon.colcon_core.verb:set package 'custom_action_interfaces' build argument 'cmake_target' from command line to 'None'
[0.327s] Level 5:colcon.colcon_core.verb:set package 'custom_action_interfaces' build argument 'cmake_target_skip_unavailable' from command line to 'False'
[0.327s] Level 5:colcon.colcon_core.verb:set package 'custom_action_interfaces' build argument 'cmake_clean_cache' from command line to 'False'
[0.327s] Level 5:colcon.colcon_core.verb:set package 'custom_action_interfaces' build argument 'cmake_clean_first' from command line to 'False'
[0.327s] Level 5:colcon.colcon_core.verb:set package 'custom_action_interfaces' build argument 'cmake_force_configure' from command line to 'False'
[0.327s] Level 5:colcon.colcon_core.verb:set package 'custom_action_interfaces' build argument 'ament_cmake_args' from command line to 'None'
[0.327s] Level 5:colcon.colcon_core.verb:set package 'custom_action_interfaces' build argument 'catkin_cmake_args' from command line to 'None'
[0.327s] Level 5:colcon.colcon_core.verb:set package 'custom_action_interfaces' build argument 'catkin_skip_building_tests' from command line to 'False'
[0.327s] DEBUG:colcon.colcon_core.verb:Building package 'custom_action_interfaces' with the following arguments: {'ament_cmake_args': None, 'build_base': '/home/shaalekh/Desktop/ros2_ws/build/custom_action_interfaces', 'catkin_cmake_args': None, 'catkin_skip_building_tests': False, 'cmake_args': None, 'cmake_clean_cache': False, 'cmake_clean_first': False, 'cmake_force_configure': False, 'cmake_target': None, 'cmake_target_skip_unavailable': False, 'install_base': '/home/shaalekh/Desktop/ros2_ws/install/custom_action_interfaces', 'merge_install': False, 'path': '/home/shaalekh/Desktop/ros2_ws/src/custom_action_interfaces', 'symlink_install': False, 'test_result_base': None}
[0.327s] Level 5:colcon.colcon_core.verb:set package 'customs' build argument 'cmake_args' from command line to 'None'
[0.328s] Level 5:colcon.colcon_core.verb:set package 'customs' build argument 'cmake_target' from command line to 'None'
[0.328s] Level 5:colcon.colcon_core.verb:set package 'customs' build argument 'cmake_target_skip_unavailable' from command line to 'False'
[0.328s] Level 5:colcon.colcon_core.verb:set package 'customs' build argument 'cmake_clean_cache' from command line to 'False'
[0.328s] Level 5:colcon.colcon_core.verb:set package 'customs' build argument 'cmake_clean_first' from command line to 'False'
[0.328s] Level 5:colcon.colcon_core.verb:set package 'customs' build argument 'cmake_force_configure' from command line to 'False'
[0.328s] Level 5:colcon.colcon_core.verb:set package 'customs' build argument 'ament_cmake_args' from command line to 'None'
[0.328s] Level 5:colcon.colcon_core.verb:set package 'customs' build argument 'catkin_cmake_args' from command line to 'None'
[0.328s] Level 5:colcon.colcon_core.verb:set package 'customs' build argument 'catkin_skip_building_tests' from command line to 'False'
[0.328s] DEBUG:colcon.colcon_core.verb:Building package 'customs' with the following arguments: {'ament_cmake_args': None, 'build_base': '/home/shaalekh/Desktop/ros2_ws/build/customs', 'catkin_cmake_args': None, 'catkin_skip_building_tests': False, 'cmake_args': None, 'cmake_clean_cache': False, 'cmake_clean_first': False, 'cmake_force_configure': False, 'cmake_target': None, 'cmake_target_skip_unavailable': False, 'install_base': '/home/shaalekh/Desktop/ros2_ws/install/customs', 'merge_install': False, 'path': '/home/shaalekh/Desktop/ros2_ws/src/customs', 'symlink_install': False, 'test_result_base': None}
[0.328s] Level 5:colcon.colcon_core.verb:set package 'maha_params' build argument 'cmake_args' from command line to 'None'
[0.328s] Level 5:colcon.colcon_core.verb:set package 'maha_params' build argument 'cmake_target' from command line to 'None'
[0.328s] Level 5:colcon.colcon_core.verb:set package 'maha_params' build argument 'cmake_target_skip_unavailable' from command line to 'False'
[0.328s] Level 5:colcon.colcon_core.verb:set package 'maha_params' build argument 'cmake_clean_cache' from command line to 'False'
[0.328s] Level 5:colcon.colcon_core.verb:set package 'maha_params' build argument 'cmake_clean_first' from command line to 'False'
[0.328s] Level 5:colcon.colcon_core.verb:set package 'maha_params' build argument 'cmake_force_configure' from command line to 'False'
[0.328s] Level 5:colcon.colcon_core.verb:set package 'maha_params' build argument 'ament_cmake_args' from command line to 'None'
[0.328s] Level 5:colcon.colcon_core.verb:set package 'maha_params' build argument 'catkin_cmake_args' from command line to 'None'
[0.328s] Level 5:colcon.colcon_core.verb:set package 'maha_params' build argument 'catkin_skip_building_tests' from command line to 'False'
[0.328s] DEBUG:colcon.colcon_core.verb:Building package 'maha_params' with the following arguments: {'ament_cmake_args': None, 'build_base': '/home/shaalekh/Desktop/ros2_ws/build/maha_params', 'catkin_cmake_args': None, 'catkin_skip_building_tests': False, 'cmake_args': None, 'cmake_clean_cache': False, 'cmake_clean_first': False, 'cmake_force_configure': False, 'cmake_target': None, 'cmake_target_skip_unavailable': False, 'install_base': '/home/shaalekh/Desktop/ros2_ws/install/maha_params', 'merge_install': False, 'path': '/home/shaalekh/Desktop/ros2_ws/src/maha_params', 'symlink_install': False, 'test_result_base': None}
[0.329s] Level 5:colcon.colcon_core.verb:set package 'srvcli' build argument 'cmake_args' from command line to 'None'
[0.329s] Level 5:colcon.colcon_core.verb:set package 'srvcli' build argument 'cmake_target' from command line to 'None'
[0.329s] Level 5:colcon.colcon_core.verb:set package 'srvcli' build argument 'cmake_target_skip_unavailable' from command line to 'False'
[0.329s] Level 5:colcon.colcon_core.verb:set package 'srvcli' build argument 'cmake_clean_cache' from command line to 'False'
[0.329s] Level 5:colcon.colcon_core.verb:set package 'srvcli' build argument 'cmake_clean_first' from command line to 'False'
[0.329s] Level 5:colcon.colcon_core.verb:set package 'srvcli' build argument 'cmake_force_configure' from command line to 'False'
[0.329s] Level 5:colcon.colcon_core.verb:set package 'srvcli' build argument 'ament_cmake_args' from command line to 'None'
[0.329s] Level 5:colcon.colcon_core.verb:set package 'srvcli' build argument 'catkin_cmake_args' from command line to 'None'
[0.329s] Level 5:colcon.colcon_core.verb:set package 'srvcli' build argument 'catkin_skip_building_tests' from command line to 'False'
[0.329s] DEBUG:colcon.colcon_core.verb:Building package 'srvcli' with the following arguments: {'ament_cmake_args': None, 'build_base': '/home/shaalekh/Desktop/ros2_ws/build/srvcli', 'catkin_cmake_args': None, 'catkin_skip_building_tests': False, 'cmake_args': None, 'cmake_clean_cache': False, 'cmake_clean_first': False, 'cmake_force_configure': False, 'cmake_target': None, 'cmake_target_skip_unavailable': False, 'install_base': '/home/shaalekh/Desktop/ros2_ws/install/srvcli', 'merge_install': False, 'path': '/home/shaalekh/Desktop/ros2_ws/src/srvcli', 'symlink_install': False, 'test_result_base': None}
[0.329s] INFO:colcon.colcon_core.executor:Executing jobs using 'parallel' executor
[0.330s] DEBUG:colcon.colcon_parallel_executor.executor.parallel:run_until_complete
[0.331s] INFO:colcon.colcon_ros.task.ament_cmake.build:Building ROS package in '/home/shaalekh/Desktop/ros2_ws/src/custom_action_interfaces' with build type 'ament_cmake'
[0.332s] INFO:colcon.colcon_cmake.task.cmake.build:Building CMake package in '/home/shaalekh/Desktop/ros2_ws/src/custom_action_interfaces'
[0.337s] INFO:colcon.colcon_core.plugin_system:Skipping extension 'colcon_core.shell.bat': Not used on non-Windows systems
[0.337s] INFO:colcon.colcon_core.shell:Skip shell extension 'powershell' for command environment: Not usable outside of PowerShell
[0.337s] DEBUG:colcon.colcon_core.shell:Skip shell extension 'dsv' for command environment
[0.345s] INFO:colcon.colcon_ros.task.ament_cmake.build:Building ROS package in '/home/shaalekh/Desktop/ros2_ws/src/customs' with build type 'ament_cmake'
[0.345s] INFO:colcon.colcon_cmake.task.cmake.build:Building CMake package in '/home/shaalekh/Desktop/ros2_ws/src/customs'
[0.345s] INFO:colcon.colcon_core.shell:Skip shell extension 'powershell' for command environment: Not usable outside of PowerShell
[0.345s] DEBUG:colcon.colcon_core.shell:Skip shell extension 'dsv' for command environment
[0.349s] INFO:colcon.colcon_ros.task.ament_python.build:Building ROS package in '/home/shaalekh/Desktop/ros2_ws/src/maha_params' with build type 'ament_python'
[0.350s] Level 1:colcon.colcon_core.shell:create_environment_hook('maha_params', 'ament_prefix_path')
[0.350s] INFO:colcon.colcon_core.shell:Creating environment hook '/home/shaalekh/Desktop/ros2_ws/install/maha_params/share/maha_params/hook/ament_prefix_path.ps1'
[0.351s] INFO:colcon.colcon_core.shell:Creating environment descriptor '/home/shaalekh/Desktop/ros2_ws/install/maha_params/share/maha_params/hook/ament_prefix_path.dsv'
[0.351s] INFO:colcon.colcon_core.shell:Creating environment hook '/home/shaalekh/Desktop/ros2_ws/install/maha_params/share/maha_params/hook/ament_prefix_path.sh'
[0.352s] INFO:colcon.colcon_core.shell:Skip shell extension 'powershell' for command environment: Not usable outside of PowerShell
[0.352s] DEBUG:colcon.colcon_core.shell:Skip shell extension 'dsv' for command environment
[0.356s] INFO:colcon.colcon_ros.task.ament_python.build:Building ROS package in '/home/shaalekh/Desktop/ros2_ws/src/srvcli' with build type 'ament_python'
[0.356s] Level 1:colcon.colcon_core.shell:create_environment_hook('srvcli', 'ament_prefix_path')
[0.356s] INFO:colcon.colcon_core.shell:Creating environment hook '/home/shaalekh/Desktop/ros2_ws/install/srvcli/share/srvcli/hook/ament_prefix_path.ps1'
[0.357s] INFO:colcon.colcon_core.shell:Creating environment descriptor '/home/shaalekh/Desktop/ros2_ws/install/srvcli/share/srvcli/hook/ament_prefix_path.dsv'
[0.359s] INFO:colcon.colcon_core.shell:Creating environment hook '/home/shaalekh/Desktop/ros2_ws/install/srvcli/share/srvcli/hook/ament_prefix_path.sh'
[0.360s] INFO:colcon.colcon_core.shell:Skip shell extension 'powershell' for command environment: Not usable outside of PowerShell
[0.360s] DEBUG:colcon.colcon_core.shell:Skip shell extension 'dsv' for command environment
[0.373s] DEBUG:colcon.colcon_core.event_handler.log_command:Invoking command in '/home/shaalekh/Desktop/ros2_ws/build/custom_action_interfaces': CMAKE_PREFIX_PATH=${CMAKE_PREFIX_PATH}:/opt/ros/jazzy DEBUGINFOD_URLS=https://debuginfod.ubuntu.com /usr/bin/cmake /home/shaalekh/Desktop/ros2_ws/src/custom_action_interfaces -DCMAKE_INSTALL_PREFIX=/home/shaalekh/Desktop/ros2_ws/install/custom_action_interfaces
[0.379s] DEBUG:colcon.colcon_core.event_handler.log_command:Invoking command in '/home/shaalekh/Desktop/ros2_ws/build/customs': CMAKE_PREFIX_PATH=${CMAKE_PREFIX_PATH}:/opt/ros/jazzy DEBUGINFOD_URLS=https://debuginfod.ubuntu.com /usr/bin/cmake /home/shaalekh/Desktop/ros2_ws/src/customs -DCMAKE_INSTALL_PREFIX=/home/shaalekh/Desktop/ros2_ws/install/customs
[0.900s] INFO:colcon.colcon_core.task.python.build:Building Python package in '/home/shaalekh/Desktop/ros2_ws/src/maha_params'
[0.901s] INFO:colcon.colcon_core.shell:Skip shell extension 'powershell' for command environment: Not usable outside of PowerShell
[0.901s] DEBUG:colcon.colcon_core.shell:Skip shell extension 'dsv' for command environment
[1.404s] INFO:colcon.colcon_core.task.python.build:Building Python package in '/home/shaalekh/Desktop/ros2_ws/src/srvcli'
[1.405s] INFO:colcon.colcon_core.shell:Skip shell extension 'powershell' for command environment: Not usable outside of PowerShell
[1.405s] DEBUG:colcon.colcon_core.shell:Skip shell extension 'dsv' for command environment
[2.751s] DEBUG:colcon.colcon_core.event_handler.log_command:Invoking command in '/home/shaalekh/Desktop/ros2_ws/src/maha_params': DEBUGINFOD_URLS=https://debuginfod.ubuntu.com PYTHONPATH=/home/shaalekh/Desktop/ros2_ws/build/maha_params/prefix_override:/usr/lib/python3/dist-packages/colcon_core/task/python/colcon_distutils_commands:/home/shaalekh/Desktop/ros2_ws/install/maha_params/lib/python3.12/site-packages:${PYTHONPATH} /usr/bin/python3 -W ignore:setup.py install is deprecated -W ignore:easy_install command is deprecated setup.py egg_info --egg-base ../../build/maha_params build --build-base /home/shaalekh/Desktop/ros2_ws/build/maha_params/build install --record /home/shaalekh/Desktop/ros2_ws/build/maha_params/install.log --single-version-externally-managed install_data
[2.783s] DEBUG:colcon.colcon_core.event_handler.log_command:Invoking command in '/home/shaalekh/Desktop/ros2_ws/src/srvcli': DEBUGINFOD_URLS=https://debuginfod.ubuntu.com PYTHONPATH=/home/shaalekh/Desktop/ros2_ws/build/srvcli/prefix_override:/usr/lib/python3/dist-packages/colcon_core/task/python/colcon_distutils_commands:/home/shaalekh/Desktop/ros2_ws/install/srvcli/lib/python3.12/site-packages:${PYTHONPATH} /usr/bin/python3 -W ignore:setup.py install is deprecated -W ignore:easy_install command is deprecated setup.py egg_info --egg-base ../../build/srvcli build --build-base /home/shaalekh/Desktop/ros2_ws/build/srvcli/build install --record /home/shaalekh/Desktop/ros2_ws/build/srvcli/install.log --single-version-externally-managed install_data
[4.059s] DEBUG:colcon.colcon_core.event_handler.log_command:Invoked command in '/home/shaalekh/Desktop/ros2_ws/src/srvcli' returned '0': DEBUGINFOD_URLS=https://debuginfod.ubuntu.com PYTHONPATH=/home/shaalekh/Desktop/ros2_ws/build/srvcli/prefix_override:/usr/lib/python3/dist-packages/colcon_core/task/python/colcon_distutils_commands:/home/shaalekh/Desktop/ros2_ws/install/srvcli/lib/python3.12/site-packages:${PYTHONPATH} /usr/bin/python3 -W ignore:setup.py install is deprecated -W ignore:easy_install command is deprecated setup.py egg_info --egg-base ../../build/srvcli build --build-base /home/shaalekh/Desktop/ros2_ws/build/srvcli/build install --record /home/shaalekh/Desktop/ros2_ws/build/srvcli/install.log --single-version-externally-managed install_data
[4.061s] Level 1:colcon.colcon_core.environment:checking '/home/shaalekh/Desktop/ros2_ws/install/srvcli' for CMake module files
[4.062s] Level 1:colcon.colcon_core.environment:checking '/home/shaalekh/Desktop/ros2_ws/install/srvcli' for CMake config files
[4.065s] Level 1:colcon.colcon_core.environment:checking '/home/shaalekh/Desktop/ros2_ws/install/srvcli/lib'
[4.066s] Level 1:colcon.colcon_core.environment:checking '/home/shaalekh/Desktop/ros2_ws/install/srvcli/bin'
[4.066s] Level 1:colcon.colcon_core.environment:checking '/home/shaalekh/Desktop/ros2_ws/install/srvcli/lib/pkgconfig/srvcli.pc'
[4.067s] Level 1:colcon.colcon_core.environment:checking '/home/shaalekh/Desktop/ros2_ws/install/srvcli/lib/python3.12/site-packages'
[4.067s] Level 1:colcon.colcon_core.shell:create_environment_hook('srvcli', 'pythonpath')
[4.067s] INFO:colcon.colcon_core.shell:Creating environment hook '/home/shaalekh/Desktop/ros2_ws/install/srvcli/share/srvcli/hook/pythonpath.ps1'
[4.068s] INFO:colcon.colcon_core.shell:Creating environment descriptor '/home/shaalekh/Desktop/ros2_ws/install/srvcli/share/srvcli/hook/pythonpath.dsv'
[4.069s] INFO:colcon.colcon_core.shell:Creating environment hook '/home/shaalekh/Desktop/ros2_ws/install/srvcli/share/srvcli/hook/pythonpath.sh'
[4.073s] Level 1:colcon.colcon_core.environment:checking '/home/shaalekh/Desktop/ros2_ws/install/srvcli/bin'
[4.073s] Level 1:colcon.colcon_core.environment:create_environment_scripts_only(srvcli)
[4.073s] INFO:colcon.colcon_core.shell:Creating package script '/home/shaalekh/Desktop/ros2_ws/install/srvcli/share/srvcli/package.ps1'
[4.075s] INFO:colcon.colcon_core.shell:Creating package descriptor '/home/shaalekh/Desktop/ros2_ws/install/srvcli/share/srvcli/package.dsv'
[4.077s] INFO:colcon.colcon_core.shell:Creating package script '/home/shaalekh/Desktop/ros2_ws/install/srvcli/share/srvcli/package.sh'
[4.078s] INFO:colcon.colcon_core.shell:Creating package script '/home/shaalekh/Desktop/ros2_ws/install/srvcli/share/srvcli/package.bash'
[4.079s] INFO:colcon.colcon_core.shell:Creating package script '/home/shaalekh/Desktop/ros2_ws/install/srvcli/share/srvcli/package.zsh'
[4.080s] Level 1:colcon.colcon_core.environment:create_file_with_runtime_dependencies(/home/shaalekh/Desktop/ros2_ws/install/srvcli/share/colcon-core/packages/srvcli)
[4.082s] Level 1:colcon.colcon_core.environment:checking '/home/shaalekh/Desktop/ros2_ws/install/maha_params' for CMake module files
[4.083s] DEBUG:colcon.colcon_core.event_handler.log_command:Invoked command in '/home/shaalekh/Desktop/ros2_ws/src/maha_params' returned '0': DEBUGINFOD_URLS=https://debuginfod.ubuntu.com PYTHONPATH=/home/shaalekh/Desktop/ros2_ws/build/maha_params/prefix_override:/usr/lib/python3/dist-packages/colcon_core/task/python/colcon_distutils_commands:/home/shaalekh/Desktop/ros2_ws/install/maha_params/lib/python3.12/site-packages:${PYTHONPATH} /usr/bin/python3 -W ignore:setup.py install is deprecated -W ignore:easy_install command is deprecated setup.py egg_info --egg-base ../../build/maha_params build --build-base /home/shaalekh/Desktop/ros2_ws/build/maha_params/build install --record /home/shaalekh/Desktop/ros2_ws/build/maha_params/install.log --single-version-externally-managed install_data
[4.084s] Level 1:colcon.colcon_core.environment:checking '/home/shaalekh/Desktop/ros2_ws/install/maha_params' for CMake config files
[4.085s] Level 1:colcon.colcon_core.environment:checking '/home/shaalekh/Desktop/ros2_ws/install/maha_params/lib'
[4.085s] Level 1:colcon.colcon_core.environment:checking '/home/shaalekh/Desktop/ros2_ws/install/maha_params/bin'
[4.085s] Level 1:colcon.colcon_core.environment:checking '/home/shaalekh/Desktop/ros2_ws/install/maha_params/lib/pkgconfig/maha_params.pc'
[4.085s] Level 1:colcon.colcon_core.environment:checking '/home/shaalekh/Desktop/ros2_ws/install/maha_params/lib/python3.12/site-packages'
[4.085s] Level 1:colcon.colcon_core.shell:create_environment_hook('maha_params', 'pythonpath')
[4.086s] INFO:colcon.colcon_core.shell:Creating environment hook '/home/shaalekh/Desktop/ros2_ws/install/maha_params/share/maha_params/hook/pythonpath.ps1'
[4.086s] INFO:colcon.colcon_core.shell:Creating environment descriptor '/home/shaalekh/Desktop/ros2_ws/install/maha_params/share/maha_params/hook/pythonpath.dsv'
[4.087s] INFO:colcon.colcon_core.shell:Creating environment hook '/home/shaalekh/Desktop/ros2_ws/install/maha_params/share/maha_params/hook/pythonpath.sh'
[4.087s] Level 1:colcon.colcon_core.environment:checking '/home/shaalekh/Desktop/ros2_ws/install/maha_params/bin'
[4.087s] Level 1:colcon.colcon_core.environment:create_environment_scripts_only(maha_params)
[4.088s] INFO:colcon.colcon_core.shell:Creating package script '/home/shaalekh/Desktop/ros2_ws/install/maha_params/share/maha_params/package.ps1'
[4.089s] INFO:colcon.colcon_core.shell:Creating package descriptor '/home/shaalekh/Desktop/ros2_ws/install/maha_params/share/maha_params/package.dsv'
[4.089s] INFO:colcon.colcon_core.shell:Creating package script '/home/shaalekh/Desktop/ros2_ws/install/maha_params/share/maha_params/package.sh'
[4.090s] INFO:colcon.colcon_core.shell:Creating package script '/home/shaalekh/Desktop/ros2_ws/install/maha_params/share/maha_params/package.bash'
[4.091s] INFO:colcon.colcon_core.shell:Creating package script '/home/shaalekh/Desktop/ros2_ws/install/maha_params/share/maha_params/package.zsh'
[4.091s] Level 1:colcon.colcon_core.environment:create_file_with_runtime_dependencies(/home/shaalekh/Desktop/ros2_ws/install/maha_params/share/colcon-core/packages/maha_params)
[6.937s] DEBUG:colcon.colcon_core.event_handler.log_command:Invoked command in '/home/shaalekh/Desktop/ros2_ws/build/custom_action_interfaces' returned '0': CMAKE_PREFIX_PATH=${CMAKE_PREFIX_PATH}:/opt/ros/jazzy DEBUGINFOD_URLS=https://debuginfod.ubuntu.com /usr/bin/cmake /home/shaalekh/Desktop/ros2_ws/src/custom_action_interfaces -DCMAKE_INSTALL_PREFIX=/home/shaalekh/Desktop/ros2_ws/install/custom_action_interfaces
[6.940s] DEBUG:colcon.colcon_core.event_handler.log_command:Invoking command in '/home/shaalekh/Desktop/ros2_ws/build/custom_action_interfaces': CMAKE_PREFIX_PATH=${CMAKE_PREFIX_PATH}:/opt/ros/jazzy DEBUGINFOD_URLS=https://debuginfod.ubuntu.com /usr/bin/cmake --build /home/shaalekh/Desktop/ros2_ws/build/custom_action_interfaces -- -j4 -l4
[7.549s] DEBUG:colcon.colcon_core.event_handler.log_command:Invoked command in '/home/shaalekh/Desktop/ros2_ws/build/customs' returned '0': CMAKE_PREFIX_PATH=${CMAKE_PREFIX_PATH}:/opt/ros/jazzy DEBUGINFOD_URLS=https://debuginfod.ubuntu.com /usr/bin/cmake /home/shaalekh/Desktop/ros2_ws/src/customs -DCMAKE_INSTALL_PREFIX=/home/shaalekh/Desktop/ros2_ws/install/customs
[7.551s] DEBUG:colcon.colcon_core.event_handler.log_command:Invoking command in '/home/shaalekh/Desktop/ros2_ws/build/customs': CMAKE_PREFIX_PATH=${CMAKE_PREFIX_PATH}:/opt/ros/jazzy DEBUGINFOD_URLS=https://debuginfod.ubuntu.com /usr/bin/cmake --build /home/shaalekh/Desktop/ros2_ws/build/customs -- -j4 -l4
[20.607s] DEBUG:colcon.colcon_core.event_handler.log_command:Invoked command in '/home/shaalekh/Desktop/ros2_ws/build/custom_action_interfaces' returned '0': CMAKE_PREFIX_PATH=${CMAKE_PREFIX_PATH}:/opt/ros/jazzy DEBUGINFOD_URLS=https://debuginfod.ubuntu.com /usr/bin/cmake --build /home/shaalekh/Desktop/ros2_ws/build/custom_action_interfaces -- -j4 -l4
[20.627s] DEBUG:colcon.colcon_core.event_handler.log_command:Invoking command in '/home/shaalekh/Desktop/ros2_ws/build/custom_action_interfaces': CMAKE_PREFIX_PATH=${CMAKE_PREFIX_PATH}:/opt/ros/jazzy DEBUGINFOD_URLS=https://debuginfod.ubuntu.com /usr/bin/cmake --install /home/shaalekh/Desktop/ros2_ws/build/custom_action_interfaces
[20.798s] Level 1:colcon.colcon_core.environment:create_environment_scripts_only(custom_action_interfaces)
[20.798s] Level 1:colcon.colcon_core.environment:checking '/home/shaalekh/Desktop/ros2_ws/install/custom_action_interfaces' for CMake module files
[20.799s] DEBUG:colcon.colcon_core.event_handler.log_command:Invoked command in '/home/shaalekh/Desktop/ros2_ws/build/custom_action_interfaces' returned '0': CMAKE_PREFIX_PATH=${CMAKE_PREFIX_PATH}:/opt/ros/jazzy DEBUGINFOD_URLS=https://debuginfod.ubuntu.com /usr/bin/cmake --install /home/shaalekh/Desktop/ros2_ws/build/custom_action_interfaces
[20.800s] Level 1:colcon.colcon_core.environment:checking '/home/shaalekh/Desktop/ros2_ws/install/custom_action_interfaces' for CMake config files
[20.800s] Level 1:colcon.colcon_core.shell:create_environment_hook('custom_action_interfaces', 'cmake_prefix_path')
[20.800s] INFO:colcon.colcon_core.shell:Creating environment hook '/home/shaalekh/Desktop/ros2_ws/install/custom_action_interfaces/share/custom_action_interfaces/hook/cmake_prefix_path.ps1'
[20.801s] INFO:colcon.colcon_core.shell:Creating environment descriptor '/home/shaalekh/Desktop/ros2_ws/install/custom_action_interfaces/share/custom_action_interfaces/hook/cmake_prefix_path.dsv'
[20.802s] INFO:colcon.colcon_core.shell:Creating environment hook '/home/shaalekh/Desktop/ros2_ws/install/custom_action_interfaces/share/custom_action_interfaces/hook/cmake_prefix_path.sh'
[20.802s] Level 1:colcon.colcon_core.environment:checking '/home/shaalekh/Desktop/ros2_ws/install/custom_action_interfaces/lib'
[20.802s] Level 1:colcon.colcon_core.shell:create_environment_hook('custom_action_interfaces', 'ld_library_path_lib')
[20.803s] INFO:colcon.colcon_core.shell:Creating environment hook '/home/shaalekh/Desktop/ros2_ws/install/custom_action_interfaces/share/custom_action_interfaces/hook/ld_library_path_lib.ps1'
[20.803s] INFO:colcon.colcon_core.shell:Creating environment descriptor '/home/shaalekh/Desktop/ros2_ws/install/custom_action_interfaces/share/custom_action_interfaces/hook/ld_library_path_lib.dsv'
[20.804s] INFO:colcon.colcon_core.shell:Creating environment hook '/home/shaalekh/Desktop/ros2_ws/install/custom_action_interfaces/share/custom_action_interfaces/hook/ld_library_path_lib.sh'
[20.804s] Level 1:colcon.colcon_core.environment:checking '/home/shaalekh/Desktop/ros2_ws/install/custom_action_interfaces/bin'
[20.804s] Level 1:colcon.colcon_core.environment:checking '/home/shaalekh/Desktop/ros2_ws/install/custom_action_interfaces/lib/pkgconfig/custom_action_interfaces.pc'
[20.805s] Level 1:colcon.colcon_core.environment:checking '/home/shaalekh/Desktop/ros2_ws/install/custom_action_interfaces/lib/python3.12/site-packages'
[20.805s] Level 1:colcon.colcon_core.shell:create_environment_hook('custom_action_interfaces', 'pythonpath')
[20.805s] INFO:colcon.colcon_core.shell:Creating environment hook '/home/shaalekh/Desktop/ros2_ws/install/custom_action_interfaces/share/custom_action_interfaces/hook/pythonpath.ps1'
[20.806s] INFO:colcon.colcon_core.shell:Creating environment descriptor '/home/shaalekh/Desktop/ros2_ws/install/custom_action_interfaces/share/custom_action_interfaces/hook/pythonpath.dsv'
[20.806s] INFO:colcon.colcon_core.shell:Creating environment hook '/home/shaalekh/Desktop/ros2_ws/install/custom_action_interfaces/share/custom_action_interfaces/hook/pythonpath.sh'
[20.807s] Level 1:colcon.colcon_core.environment:checking '/home/shaalekh/Desktop/ros2_ws/install/custom_action_interfaces/bin'
[20.807s] INFO:colcon.colcon_core.shell:Creating package script '/home/shaalekh/Desktop/ros2_ws/install/custom_action_interfaces/share/custom_action_interfaces/package.ps1'
[20.808s] INFO:colcon.colcon_core.shell:Creating package descriptor '/home/shaalekh/Desktop/ros2_ws/install/custom_action_interfaces/share/custom_action_interfaces/package.dsv'
[20.809s] INFO:colcon.colcon_core.shell:Creating package script '/home/shaalekh/Desktop/ros2_ws/install/custom_action_interfaces/share/custom_action_interfaces/package.sh'
[20.809s] INFO:colcon.colcon_core.shell:Creating package script '/home/shaalekh/Desktop/ros2_ws/install/custom_action_interfaces/share/custom_action_interfaces/package.bash'
[20.810s] INFO:colcon.colcon_core.shell:Creating package script '/home/shaalekh/Desktop/ros2_ws/install/custom_action_interfaces/share/custom_action_interfaces/package.zsh'
[20.810s] Level 1:colcon.colcon_core.environment:create_file_with_runtime_dependencies(/home/shaalekh/Desktop/ros2_ws/install/custom_action_interfaces/share/colcon-core/packages/custom_action_interfaces)
[20.811s] Level 1:colcon.colcon_core.environment:create_environment_scripts_only(custom_action_interfaces)
[20.811s] Level 1:colcon.colcon_core.environment:checking '/home/shaalekh/Desktop/ros2_ws/install/custom_action_interfaces' for CMake module files
[20.812s] Level 1:colcon.colcon_core.environment:checking '/home/shaalekh/Desktop/ros2_ws/install/custom_action_interfaces' for CMake config files
[20.813s] Level 1:colcon.colcon_core.shell:create_environment_hook('custom_action_interfaces', 'cmake_prefix_path')
[20.813s] INFO:colcon.colcon_core.shell:Creating environment hook '/home/shaalekh/Desktop/ros2_ws/install/custom_action_interfaces/share/custom_action_interfaces/hook/cmake_prefix_path.ps1'
[20.814s] INFO:colcon.colcon_core.shell:Creating environment descriptor '/home/shaalekh/Desktop/ros2_ws/install/custom_action_interfaces/share/custom_action_interfaces/hook/cmake_prefix_path.dsv'
[20.814s] INFO:colcon.colcon_core.shell:Creating environment hook '/home/shaalekh/Desktop/ros2_ws/install/custom_action_interfaces/share/custom_action_interfaces/hook/cmake_prefix_path.sh'
[20.815s] Level 1:colcon.colcon_core.environment:checking '/home/shaalekh/Desktop/ros2_ws/install/custom_action_interfaces/lib'
[20.815s] Level 1:colcon.colcon_core.shell:create_environment_hook('custom_action_interfaces', 'ld_library_path_lib')
[20.816s] INFO:colcon.colcon_core.shell:Creating environment hook '/home/shaalekh/Desktop/ros2_ws/install/custom_action_interfaces/share/custom_action_interfaces/hook/ld_library_path_lib.ps1'
[20.816s] INFO:colcon.colcon_core.shell:Creating environment descriptor '/home/shaalekh/Desktop/ros2_ws/install/custom_action_interfaces/share/custom_action_interfaces/hook/ld_library_path_lib.dsv'
[20.817s] INFO:colcon.colcon_core.shell:Creating environment hook '/home/shaalekh/Desktop/ros2_ws/install/custom_action_interfaces/share/custom_action_interfaces/hook/ld_library_path_lib.sh'
[20.818s] Level 1:colcon.colcon_core.environment:checking '/home/shaalekh/Desktop/ros2_ws/install/custom_action_interfaces/bin'
[20.818s] Level 1:colcon.colcon_core.environment:checking '/home/shaalekh/Desktop/ros2_ws/install/custom_action_interfaces/lib/pkgconfig/custom_action_interfaces.pc'
[20.818s] Level 1:colcon.colcon_core.environment:checking '/home/shaalekh/Desktop/ros2_ws/install/custom_action_interfaces/lib/python3.12/site-packages'
[20.818s] Level 1:colcon.colcon_core.shell:create_environment_hook('custom_action_interfaces', 'pythonpath')
[20.818s] INFO:colcon.colcon_core.shell:Creating environment hook '/home/shaalekh/Desktop/ros2_ws/install/custom_action_interfaces/share/custom_action_interfaces/hook/pythonpath.ps1'
[20.819s] INFO:colcon.colcon_core.shell:Creating environment descriptor '/home/shaalekh/Desktop/ros2_ws/install/custom_action_interfaces/share/custom_action_interfaces/hook/pythonpath.dsv'
[20.820s] INFO:colcon.colcon_core.shell:Creating environment hook '/home/shaalekh/Desktop/ros2_ws/install/custom_action_interfaces/share/custom_action_interfaces/hook/pythonpath.sh'
[20.820s] Level 1:colcon.colcon_core.environment:checking '/home/shaalekh/Desktop/ros2_ws/install/custom_action_interfaces/bin'
[20.821s] INFO:colcon.colcon_core.shell:Creating package script '/home/shaalekh/Desktop/ros2_ws/install/custom_action_interfaces/share/custom_action_interfaces/package.ps1'
[20.822s] INFO:colcon.colcon_core.shell:Creating package descriptor '/home/shaalekh/Desktop/ros2_ws/install/custom_action_interfaces/share/custom_action_interfaces/package.dsv'
[20.822s] INFO:colcon.colcon_core.shell:Creating package script '/home/shaalekh/Desktop/ros2_ws/install/custom_action_interfaces/share/custom_action_interfaces/package.sh'
[20.823s] INFO:colcon.colcon_core.shell:Creating package script '/home/shaalekh/Desktop/ros2_ws/install/custom_action_interfaces/share/custom_action_interfaces/package.bash'
[20.823s] INFO:colcon.colcon_core.shell:Creating package script '/home/shaalekh/Desktop/ros2_ws/install/custom_action_interfaces/share/custom_action_interfaces/package.zsh'
[20.824s] Level 1:colcon.colcon_core.environment:create_file_with_runtime_dependencies(/home/shaalekh/Desktop/ros2_ws/install/custom_action_interfaces/share/colcon-core/packages/custom_action_interfaces)
[22.506s] DEBUG:colcon.colcon_core.event_handler.log_command:Invoked command in '/home/shaalekh/Desktop/ros2_ws/build/customs' returned '0': CMAKE_PREFIX_PATH=${CMAKE_PREFIX_PATH}:/opt/ros/jazzy DEBUGINFOD_URLS=https://debuginfod.ubuntu.com /usr/bin/cmake --build /home/shaalekh/Desktop/ros2_ws/build/customs -- -j4 -l4
[22.508s] DEBUG:colcon.colcon_core.event_handler.log_command:Invoking command in '/home/shaalekh/Desktop/ros2_ws/build/customs': CMAKE_PREFIX_PATH=${CMAKE_PREFIX_PATH}:/opt/ros/jazzy DEBUGINFOD_URLS=https://debuginfod.ubuntu.com /usr/bin/cmake --install /home/shaalekh/Desktop/ros2_ws/build/customs
[22.648s] Level 1:colcon.colcon_core.environment:create_environment_scripts_only(customs)
[22.648s] Level 1:colcon.colcon_core.environment:checking '/home/shaalekh/Desktop/ros2_ws/install/customs' for CMake module files
[22.649s] DEBUG:colcon.colcon_core.event_handler.log_command:Invoked command in '/home/shaalekh/Desktop/ros2_ws/build/customs' returned '0': CMAKE_PREFIX_PATH=${CMAKE_PREFIX_PATH}:/opt/ros/jazzy DEBUGINFOD_URLS=https://debuginfod.ubuntu.com /usr/bin/cmake --install /home/shaalekh/Desktop/ros2_ws/build/customs
[22.650s] Level 1:colcon.colcon_core.environment:checking '/home/shaalekh/Desktop/ros2_ws/install/customs' for CMake config files
[22.650s] Level 1:colcon.colcon_core.shell:create_environment_hook('customs', 'cmake_prefix_path')
[22.650s] INFO:colcon.colcon_core.shell:Creating environment hook '/home/shaalekh/Desktop/ros2_ws/install/customs/share/customs/hook/cmake_prefix_path.ps1'
[22.651s] INFO:colcon.colcon_core.shell:Creating environment descriptor '/home/shaalekh/Desktop/ros2_ws/install/customs/share/customs/hook/cmake_prefix_path.dsv'
[22.651s] INFO:colcon.colcon_core.shell:Creating environment hook '/home/shaalekh/Desktop/ros2_ws/install/customs/share/customs/hook/cmake_prefix_path.sh'
[22.652s] Level 1:colcon.colcon_core.environment:checking '/home/shaalekh/Desktop/ros2_ws/install/customs/lib'
[22.652s] Level 1:colcon.colcon_core.shell:create_environment_hook('customs', 'ld_library_path_lib')
[22.652s] INFO:colcon.colcon_core.shell:Creating environment hook '/home/shaalekh/Desktop/ros2_ws/install/customs/share/customs/hook/ld_library_path_lib.ps1'
[22.653s] INFO:colcon.colcon_core.shell:Creating environment descriptor '/home/shaalekh/Desktop/ros2_ws/install/customs/share/customs/hook/ld_library_path_lib.dsv'
[22.653s] INFO:colcon.colcon_core.shell:Creating environment hook '/home/shaalekh/Desktop/ros2_ws/install/customs/share/customs/hook/ld_library_path_lib.sh'
[22.654s] Level 1:colcon.colcon_core.environment:checking '/home/shaalekh/Desktop/ros2_ws/install/customs/bin'
[22.654s] Level 1:colcon.colcon_core.environment:checking '/home/shaalekh/Desktop/ros2_ws/install/customs/lib/pkgconfig/customs.pc'
[22.654s] Level 1:colcon.colcon_core.environment:checking '/home/shaalekh/Desktop/ros2_ws/install/customs/lib/python3.12/site-packages'
[22.654s] Level 1:colcon.colcon_core.shell:create_environment_hook('customs', 'pythonpath')
[22.654s] INFO:colcon.colcon_core.shell:Creating environment hook '/home/shaalekh/Desktop/ros2_ws/install/customs/share/customs/hook/pythonpath.ps1'
[22.655s] INFO:colcon.colcon_core.shell:Creating environment descriptor '/home/shaalekh/Desktop/ros2_ws/install/customs/share/customs/hook/pythonpath.dsv'
[22.655s] INFO:colcon.colcon_core.shell:Creating environment hook '/home/shaalekh/Desktop/ros2_ws/install/customs/share/customs/hook/pythonpath.sh'
[22.656s] Level 1:colcon.colcon_core.environment:checking '/home/shaalekh/Desktop/ros2_ws/install/customs/bin'
[22.656s] INFO:colcon.colcon_core.shell:Creating package script '/home/shaalekh/Desktop/ros2_ws/install/customs/share/customs/package.ps1'
[22.657s] INFO:colcon.colcon_core.shell:Creating package descriptor '/home/shaalekh/Desktop/ros2_ws/install/customs/share/customs/package.dsv'
[22.658s] INFO:colcon.colcon_core.shell:Creating package script '/home/shaalekh/Desktop/ros2_ws/install/customs/share/customs/package.sh'
[22.660s] INFO:colcon.colcon_core.shell:Creating package script '/home/shaalekh/Desktop/ros2_ws/install/customs/share/customs/package.bash'
[22.662s] INFO:colcon.colcon_core.shell:Creating package script '/home/shaalekh/Desktop/ros2_ws/install/customs/share/customs/package.zsh'
[22.664s] Level 1:colcon.colcon_core.environment:create_file_with_runtime_dependencies(/home/shaalekh/Desktop/ros2_ws/install/customs/share/colcon-core/packages/customs)
[22.665s] Level 1:colcon.colcon_core.environment:create_environment_scripts_only(customs)
[22.666s] Level 1:colcon.colcon_core.environment:checking '/home/shaalekh/Desktop/ros2_ws/install/customs' for CMake module files
[22.667s] Level 1:colcon.colcon_core.environment:checking '/home/shaalekh/Desktop/ros2_ws/install/customs' for CMake config files
[22.667s] Level 1:colcon.colcon_core.shell:create_environment_hook('customs', 'cmake_prefix_path')
[22.667s] INFO:colcon.colcon_core.shell:Creating environment hook '/home/shaalekh/Desktop/ros2_ws/install/customs/share/customs/hook/cmake_prefix_path.ps1'
[22.668s] INFO:colcon.colcon_core.shell:Creating environment descriptor '/home/shaalekh/Desktop/ros2_ws/install/customs/share/customs/hook/cmake_prefix_path.dsv'
[22.669s] INFO:colcon.colcon_core.shell:Creating environment hook '/home/shaalekh/Desktop/ros2_ws/install/customs/share/customs/hook/cmake_prefix_path.sh'
[22.669s] Level 1:colcon.colcon_core.environment:checking '/home/shaalekh/Desktop/ros2_ws/install/customs/lib'
[22.669s] Level 1:colcon.colcon_core.shell:create_environment_hook('customs', 'ld_library_path_lib')
[22.670s] INFO:colcon.colcon_core.shell:Creating environment hook '/home/shaalekh/Desktop/ros2_ws/install/customs/share/customs/hook/ld_library_path_lib.ps1'
[22.670s] INFO:colcon.colcon_core.shell:Creating environment descriptor '/home/shaalekh/Desktop/ros2_ws/install/customs/share/customs/hook/ld_library_path_lib.dsv'
[22.671s] INFO:colcon.colcon_core.shell:Creating environment hook '/home/shaalekh/Desktop/ros2_ws/install/customs/share/customs/hook/ld_library_path_lib.sh'
[22.671s] Level 1:colcon.colcon_core.environment:checking '/home/shaalekh/Desktop/ros2_ws/install/customs/bin'
[22.671s] Level 1:colcon.colcon_core.environment:checking '/home/shaalekh/Desktop/ros2_ws/install/customs/lib/pkgconfig/customs.pc'
[22.672s] Level 1:colcon.colcon_core.environment:checking '/home/shaalekh/Desktop/ros2_ws/install/customs/lib/python3.12/site-packages'
[22.672s] Level 1:colcon.colcon_core.shell:create_environment_hook('customs', 'pythonpath')
[22.672s] INFO:colcon.colcon_core.shell:Creating environment hook '/home/shaalekh/Desktop/ros2_ws/install/customs/share/customs/hook/pythonpath.ps1'
[22.673s] INFO:colcon.colcon_core.shell:Creating environment descriptor '/home/shaalekh/Desktop/ros2_ws/install/customs/share/customs/hook/pythonpath.dsv'
[22.674s] INFO:colcon.colcon_core.shell:Creating environment hook '/home/shaalekh/Desktop/ros2_ws/install/customs/share/customs/hook/pythonpath.sh'
[22.675s] Level 1:colcon.colcon_core.environment:checking '/home/shaalekh/Desktop/ros2_ws/install/customs/bin'
[22.675s] INFO:colcon.colcon_core.shell:Creating package script '/home/shaalekh/Desktop/ros2_ws/install/customs/share/customs/package.ps1'
[22.676s] INFO:colcon.colcon_core.shell:Creating package descriptor '/home/shaalekh/Desktop/ros2_ws/install/customs/share/customs/package.dsv'
[22.677s] INFO:colcon.colcon_core.shell:Creating package script '/home/shaalekh/Desktop/ros2_ws/install/customs/share/customs/package.sh'
[22.678s] INFO:colcon.colcon_core.shell:Creating package script '/home/shaalekh/Desktop/ros2_ws/install/customs/share/customs/package.bash'
[22.678s] INFO:colcon.colcon_core.shell:Creating package script '/home/shaalekh/Desktop/ros2_ws/install/customs/share/customs/package.zsh'
[22.678s] Level 1:colcon.colcon_core.environment:create_file_with_runtime_dependencies(/home/shaalekh/Desktop/ros2_ws/install/customs/share/colcon-core/packages/customs)
[22.679s] DEBUG:colcon.colcon_parallel_executor.executor.parallel:closing loop
[22.679s] DEBUG:colcon.colcon_parallel_executor.executor.parallel:loop closed
[22.680s] DEBUG:colcon.colcon_parallel_executor.executor.parallel:run_until_complete finished with '0'
[22.680s] DEBUG:colcon.colcon_core.event_reactor:joining thread
[22.691s] INFO:colcon.colcon_core.plugin_system:Skipping extension 'colcon_notification.desktop_notification.terminal_notifier': Not used on non-Darwin systems
[22.691s] INFO:colcon.colcon_core.plugin_system:Skipping extension 'colcon_notification.desktop_notification.win32': Not used on non-Windows systems
[22.691s] INFO:colcon.colcon_notification.desktop_notification:Sending desktop notification using 'notify2'
[22.715s] DEBUG:colcon.colcon_core.event_reactor:joined thread
[22.716s] INFO:colcon.colcon_core.shell:Creating prefix script '/home/shaalekh/Desktop/ros2_ws/install/local_setup.ps1'
[22.717s] INFO:colcon.colcon_core.shell:Creating prefix util module '/home/shaalekh/Desktop/ros2_ws/install/_local_setup_util_ps1.py'
[22.718s] INFO:colcon.colcon_core.shell:Creating prefix chain script '/home/shaalekh/Desktop/ros2_ws/install/setup.ps1'
[22.720s] INFO:colcon.colcon_core.shell:Creating prefix script '/home/shaalekh/Desktop/ros2_ws/install/local_setup.sh'
[22.721s] INFO:colcon.colcon_core.shell:Creating prefix util module '/home/shaalekh/Desktop/ros2_ws/install/_local_setup_util_sh.py'
[22.722s] INFO:colcon.colcon_core.shell:Creating prefix chain script '/home/shaalekh/Desktop/ros2_ws/install/setup.sh'
[22.723s] INFO:colcon.colcon_core.shell:Creating prefix script '/home/shaalekh/Desktop/ros2_ws/install/local_setup.bash'
[22.723s] INFO:colcon.colcon_core.shell:Creating prefix chain script '/home/shaalekh/Desktop/ros2_ws/install/setup.bash'
[22.724s] INFO:colcon.colcon_core.shell:Creating prefix script '/home/shaalekh/Desktop/ros2_ws/install/local_setup.zsh'
[22.725s] INFO:colcon.colcon_core.shell:Creating prefix chain script '/home/shaalekh/Desktop/ros2_ws/install/setup.zsh'
