[0.194s] DEBUG:colcon:Command line arguments: ['/usr/bin/colcon', 'build', '--packages-select', 'learning_tf2']
[0.194s] DEBUG:colcon:Parsed command line arguments: Namespace(log_base=None, log_level=None, verb_name='build', build_base='build', install_base='install', merge_install=False, symlink_install=False, test_result_base=None, continue_on_error=False, executor='parallel', parallel_workers=4, event_handlers=None, ignore_user_meta=False, metas=['./colcon.meta'], base_paths=['.'], packages_ignore=None, packages_ignore_regex=None, paths=None, packages_up_to=None, packages_up_to_regex=None, packages_above=None, packages_above_and_dependencies=None, packages_above_depth=None, packages_select_by_dep=None, packages_skip_by_dep=None, packages_skip_up_to=None, packages_select_build_failed=False, packages_skip_build_finished=False, packages_select_test_failures=False, packages_skip_test_passed=False, packages_select=['learning_tf2'], packages_skip=None, packages_select_regex=None, packages_skip_regex=None, packages_start=None, packages_end=None, allow_overriding=[], cmake_args=None, cmake_target=None, cmake_target_skip_unavailable=False, cmake_clean_cache=False, cmake_clean_first=False, cmake_force_configure=False, ament_cmake_args=None, catkin_cmake_args=None, catkin_skip_building_tests=False, verb_parser=<colcon_defaults.argument_parser.defaults.DefaultArgumentsDecorator object at 0xffff8c5397c0>, verb_extension=<colcon_core.verb.build.BuildVerb object at 0xffff8c72a900>, main=<bound method BuildVerb.main of <colcon_core.verb.build.BuildVerb object at 0xffff8c72a900>>)
[0.300s] Level 1:colcon.colcon_core.package_discovery:discover_packages(colcon_meta) check parameters
[0.301s] Level 1:colcon.colcon_core.package_discovery:discover_packages(recursive) check parameters
[0.301s] Level 1:colcon.colcon_core.package_discovery:discover_packages(ignore) check parameters
[0.301s] Level 1:colcon.colcon_core.package_discovery:discover_packages(path) check parameters
[0.301s] Level 1:colcon.colcon_core.package_discovery:discover_packages(colcon_meta) discover
[0.301s] Level 1:colcon.colcon_core.package_discovery:discover_packages(recursive) discover
[0.301s] INFO:colcon.colcon_core.package_discovery:Crawling recursively for packages in '/home/shaalekh/Desktop/ros2_ws'
[0.301s] Level 1:colcon.colcon_core.package_identification:_identify(.) by extensions ['ignore', 'ignore_ament_install']
[0.301s] Level 1:colcon.colcon_core.package_identification:_identify(.) by extension 'ignore'
[0.301s] Level 1:colcon.colcon_core.package_identification:_identify(.) by extension 'ignore_ament_install'
[0.302s] Level 1:colcon.colcon_core.package_identification:_identify(.) by extensions ['colcon_pkg']
[0.302s] Level 1:colcon.colcon_core.package_identification:_identify(.) by extension 'colcon_pkg'
[0.302s] Level 1:colcon.colcon_core.package_identification:_identify(.) by extensions ['colcon_meta']
[0.302s] Level 1:colcon.colcon_core.package_identification:_identify(.) by extension 'colcon_meta'
[0.302s] Level 1:colcon.colcon_core.package_identification:_identify(.) by extensions ['ros']
[0.302s] Level 1:colcon.colcon_core.package_identification:_identify(.) by extension 'ros'
[0.357s] Level 1:colcon.colcon_core.package_identification:_identify(.) by extensions ['cmake', 'python']
[0.357s] Level 1:colcon.colcon_core.package_identification:_identify(.) by extension 'cmake'
[0.357s] Level 1:colcon.colcon_core.package_identification:_identify(.) by extension 'python'
[0.358s] Level 1:colcon.colcon_core.package_identification:_identify(.) by extensions ['python_setup_py']
[0.358s] Level 1:colcon.colcon_core.package_identification:_identify(.) by extension 'python_setup_py'
[0.358s] Level 1:colcon.colcon_core.package_identification:_identify(build) by extensions ['ignore', 'ignore_ament_install']
[0.358s] Level 1:colcon.colcon_core.package_identification:_identify(build) by extension 'ignore'
[0.358s] Level 1:colcon.colcon_core.package_identification:_identify(build) ignored
[0.358s] Level 1:colcon.colcon_core.package_identification:_identify(install) by extensions ['ignore', 'ignore_ament_install']
[0.358s] Level 1:colcon.colcon_core.package_identification:_identify(install) by extension 'ignore'
[0.358s] Level 1:colcon.colcon_core.package_identification:_identify(install) ignored
[0.358s] Level 1:colcon.colcon_core.package_identification:_identify(log) by extensions ['ignore', 'ignore_ament_install']
[0.359s] Level 1:colcon.colcon_core.package_identification:_identify(log) by extension 'ignore'
[0.359s] Level 1:colcon.colcon_core.package_identification:_identify(log) ignored
[0.359s] Level 1:colcon.colcon_core.package_identification:_identify(src) by extensions ['ignore', 'ignore_ament_install']
[0.359s] Level 1:colcon.colcon_core.package_identification:_identify(src) by extension 'ignore'
[0.359s] Level 1:colcon.colcon_core.package_identification:_identify(src) by extension 'ignore_ament_install'
[0.359s] Level 1:colcon.colcon_core.package_identification:_identify(src) by extensions ['colcon_pkg']
[0.359s] Level 1:colcon.colcon_core.package_identification:_identify(src) by extension 'colcon_pkg'
[0.359s] Level 1:colcon.colcon_core.package_identification:_identify(src) by extensions ['colcon_meta']
[0.359s] Level 1:colcon.colcon_core.package_identification:_identify(src) by extension 'colcon_meta'
[0.359s] Level 1:colcon.colcon_core.package_identification:_identify(src) by extensions ['ros']
[0.359s] Level 1:colcon.colcon_core.package_identification:_identify(src) by extension 'ros'
[0.359s] Level 1:colcon.colcon_core.package_identification:_identify(src) by extensions ['cmake', 'python']
[0.359s] Level 1:colcon.colcon_core.package_identification:_identify(src) by extension 'cmake'
[0.359s] Level 1:colcon.colcon_core.package_identification:_identify(src) by extension 'python'
[0.359s] Level 1:colcon.colcon_core.package_identification:_identify(src) by extensions ['python_setup_py']
[0.359s] Level 1:colcon.colcon_core.package_identification:_identify(src) by extension 'python_setup_py'
[0.360s] Level 1:colcon.colcon_core.package_identification:_identify(src/custom_action_interfaces) by extensions ['ignore', 'ignore_ament_install']
[0.360s] Level 1:colcon.colcon_core.package_identification:_identify(src/custom_action_interfaces) by extension 'ignore'
[0.360s] Level 1:colcon.colcon_core.package_identification:_identify(src/custom_action_interfaces) by extension 'ignore_ament_install'
[0.360s] Level 1:colcon.colcon_core.package_identification:_identify(src/custom_action_interfaces) by extensions ['colcon_pkg']
[0.360s] Level 1:colcon.colcon_core.package_identification:_identify(src/custom_action_interfaces) by extension 'colcon_pkg'
[0.360s] Level 1:colcon.colcon_core.package_identification:_identify(src/custom_action_interfaces) by extensions ['colcon_meta']
[0.360s] Level 1:colcon.colcon_core.package_identification:_identify(src/custom_action_interfaces) by extension 'colcon_meta'
[0.360s] Level 1:colcon.colcon_core.package_identification:_identify(src/custom_action_interfaces) by extensions ['ros']
[0.360s] Level 1:colcon.colcon_core.package_identification:_identify(src/custom_action_interfaces) by extension 'ros'
[0.367s] DEBUG:colcon.colcon_core.package_identification:Package 'src/custom_action_interfaces' with type 'ros.ament_cmake' and name 'custom_action_interfaces'
[0.368s] Level 1:colcon.colcon_core.package_identification:_identify(src/customs) by extensions ['ignore', 'ignore_ament_install']
[0.368s] Level 1:colcon.colcon_core.package_identification:_identify(src/customs) by extension 'ignore'
[0.368s] Level 1:colcon.colcon_core.package_identification:_identify(src/customs) by extension 'ignore_ament_install'
[0.368s] Level 1:colcon.colcon_core.package_identification:_identify(src/customs) by extensions ['colcon_pkg']
[0.368s] Level 1:colcon.colcon_core.package_identification:_identify(src/customs) by extension 'colcon_pkg'
[0.368s] Level 1:colcon.colcon_core.package_identification:_identify(src/customs) by extensions ['colcon_meta']
[0.368s] Level 1:colcon.colcon_core.package_identification:_identify(src/customs) by extension 'colcon_meta'
[0.368s] Level 1:colcon.colcon_core.package_identification:_identify(src/customs) by extensions ['ros']
[0.368s] Level 1:colcon.colcon_core.package_identification:_identify(src/customs) by extension 'ros'
[0.369s] DEBUG:colcon.colcon_core.package_identification:Package 'src/customs' with type 'ros.ament_cmake' and name 'customs'
[0.370s] Level 1:colcon.colcon_core.package_identification:_identify(src/learning_tf2) by extensions ['ignore', 'ignore_ament_install']
[0.370s] Level 1:colcon.colcon_core.package_identification:_identify(src/learning_tf2) by extension 'ignore'
[0.370s] Level 1:colcon.colcon_core.package_identification:_identify(src/learning_tf2) by extension 'ignore_ament_install'
[0.370s] Level 1:colcon.colcon_core.package_identification:_identify(src/learning_tf2) by extensions ['colcon_pkg']
[0.370s] Level 1:colcon.colcon_core.package_identification:_identify(src/learning_tf2) by extension 'colcon_pkg'
[0.370s] Level 1:colcon.colcon_core.package_identification:_identify(src/learning_tf2) by extensions ['colcon_meta']
[0.370s] Level 1:colcon.colcon_core.package_identification:_identify(src/learning_tf2) by extension 'colcon_meta'
[0.370s] Level 1:colcon.colcon_core.package_identification:_identify(src/learning_tf2) by extensions ['ros']
[0.370s] Level 1:colcon.colcon_core.package_identification:_identify(src/learning_tf2) by extension 'ros'
[0.371s] DEBUG:colcon.colcon_core.package_identification:Package 'src/learning_tf2' with type 'ros.ament_python' and name 'learning_tf2'
[0.371s] Level 1:colcon.colcon_core.package_identification:_identify(src/maha_params) by extensions ['ignore', 'ignore_ament_install']
[0.371s] Level 1:colcon.colcon_core.package_identification:_identify(src/maha_params) by extension 'ignore'
[0.371s] Level 1:colcon.colcon_core.package_identification:_identify(src/maha_params) by extension 'ignore_ament_install'
[0.371s] Level 1:colcon.colcon_core.package_identification:_identify(src/maha_params) by extensions ['colcon_pkg']
[0.371s] Level 1:colcon.colcon_core.package_identification:_identify(src/maha_params) by extension 'colcon_pkg'
[0.371s] Level 1:colcon.colcon_core.package_identification:_identify(src/maha_params) by extensions ['colcon_meta']
[0.371s] Level 1:colcon.colcon_core.package_identification:_identify(src/maha_params) by extension 'colcon_meta'
[0.371s] Level 1:colcon.colcon_core.package_identification:_identify(src/maha_params) by extensions ['ros']
[0.371s] Level 1:colcon.colcon_core.package_identification:_identify(src/maha_params) by extension 'ros'
[0.372s] DEBUG:colcon.colcon_core.package_identification:Package 'src/maha_params' with type 'ros.ament_python' and name 'maha_params'
[0.372s] Level 1:colcon.colcon_core.package_identification:_identify(src/my_pack) by extensions ['ignore', 'ignore_ament_install']
[0.372s] Level 1:colcon.colcon_core.package_identification:_identify(src/my_pack) by extension 'ignore'
[0.373s] Level 1:colcon.colcon_core.package_identification:_identify(src/my_pack) by extension 'ignore_ament_install'
[0.373s] Level 1:colcon.colcon_core.package_identification:_identify(src/my_pack) by extensions ['colcon_pkg']
[0.373s] Level 1:colcon.colcon_core.package_identification:_identify(src/my_pack) by extension 'colcon_pkg'
[0.373s] Level 1:colcon.colcon_core.package_identification:_identify(src/my_pack) by extensions ['colcon_meta']
[0.373s] Level 1:colcon.colcon_core.package_identification:_identify(src/my_pack) by extension 'colcon_meta'
[0.373s] Level 1:colcon.colcon_core.package_identification:_identify(src/my_pack) by extensions ['ros']
[0.373s] Level 1:colcon.colcon_core.package_identification:_identify(src/my_pack) by extension 'ros'
[0.374s] DEBUG:colcon.colcon_core.package_identification:Package 'src/my_pack' with type 'ros.ament_python' and name 'my_pack'
[0.374s] Level 1:colcon.colcon_core.package_identification:_identify(src/srvcli) by extensions ['ignore', 'ignore_ament_install']
[0.374s] Level 1:colcon.colcon_core.package_identification:_identify(src/srvcli) by extension 'ignore'
[0.374s] Level 1:colcon.colcon_core.package_identification:_identify(src/srvcli) by extension 'ignore_ament_install'
[0.374s] Level 1:colcon.colcon_core.package_identification:_identify(src/srvcli) by extensions ['colcon_pkg']
[0.374s] Level 1:colcon.colcon_core.package_identification:_identify(src/srvcli) by extension 'colcon_pkg'
[0.374s] Level 1:colcon.colcon_core.package_identification:_identify(src/srvcli) by extensions ['colcon_meta']
[0.374s] Level 1:colcon.colcon_core.package_identification:_identify(src/srvcli) by extension 'colcon_meta'
[0.374s] Level 1:colcon.colcon_core.package_identification:_identify(src/srvcli) by extensions ['ros']
[0.374s] Level 1:colcon.colcon_core.package_identification:_identify(src/srvcli) by extension 'ros'
[0.375s] DEBUG:colcon.colcon_core.package_identification:Package 'src/srvcli' with type 'ros.ament_python' and name 'srvcli'
[0.375s] Level 1:colcon.colcon_core.package_discovery:discover_packages(recursive) using defaults
[0.376s] Level 1:colcon.colcon_core.package_discovery:discover_packages(ignore) discover
[0.376s] Level 1:colcon.colcon_core.package_discovery:discover_packages(ignore) using defaults
[0.376s] Level 1:colcon.colcon_core.package_discovery:discover_packages(path) discover
[0.376s] Level 1:colcon.colcon_core.package_discovery:discover_packages(path) using defaults
[0.414s] INFO:colcon.colcon_core.package_selection:Skipping not selected package 'custom_action_interfaces' in 'src/custom_action_interfaces'
[0.414s] INFO:colcon.colcon_core.package_selection:Skipping not selected package 'customs' in 'src/customs'
[0.414s] INFO:colcon.colcon_core.package_selection:Skipping not selected package 'maha_params' in 'src/maha_params'
[0.414s] INFO:colcon.colcon_core.package_selection:Skipping not selected package 'my_pack' in 'src/my_pack'
[0.414s] INFO:colcon.colcon_core.package_selection:Skipping not selected package 'srvcli' in 'src/srvcli'
[0.415s] Level 1:colcon.colcon_core.package_discovery:discover_packages(prefix_path) check parameters
[0.415s] Level 1:colcon.colcon_core.package_discovery:discover_packages(prefix_path) discover
[0.421s] DEBUG:colcon.colcon_installed_package_information.package_discovery:Found 286 installed packages in /opt/ros/jazzy
[0.422s] Level 1:colcon.colcon_core.package_discovery:discover_packages(prefix_path) using defaults
[0.487s] Level 5:colcon.colcon_core.verb:set package 'learning_tf2' build argument 'cmake_args' from command line to 'None'
[0.487s] Level 5:colcon.colcon_core.verb:set package 'learning_tf2' build argument 'cmake_target' from command line to 'None'
[0.487s] Level 5:colcon.colcon_core.verb:set package 'learning_tf2' build argument 'cmake_target_skip_unavailable' from command line to 'False'
[0.487s] Level 5:colcon.colcon_core.verb:set package 'learning_tf2' build argument 'cmake_clean_cache' from command line to 'False'
[0.487s] Level 5:colcon.colcon_core.verb:set package 'learning_tf2' build argument 'cmake_clean_first' from command line to 'False'
[0.487s] Level 5:colcon.colcon_core.verb:set package 'learning_tf2' build argument 'cmake_force_configure' from command line to 'False'
[0.487s] Level 5:colcon.colcon_core.verb:set package 'learning_tf2' build argument 'ament_cmake_args' from command line to 'None'
[0.487s] Level 5:colcon.colcon_core.verb:set package 'learning_tf2' build argument 'catkin_cmake_args' from command line to 'None'
[0.487s] Level 5:colcon.colcon_core.verb:set package 'learning_tf2' build argument 'catkin_skip_building_tests' from command line to 'False'
[0.487s] DEBUG:colcon.colcon_core.verb:Building package 'learning_tf2' with the following arguments: {'ament_cmake_args': None, 'build_base': '/home/shaalekh/Desktop/ros2_ws/build/learning_tf2', 'catkin_cmake_args': None, 'catkin_skip_building_tests': False, 'cmake_args': None, 'cmake_clean_cache': False, 'cmake_clean_first': False, 'cmake_force_configure': False, 'cmake_target': None, 'cmake_target_skip_unavailable': False, 'install_base': '/home/shaalekh/Desktop/ros2_ws/install/learning_tf2', 'merge_install': False, 'path': '/home/shaalekh/Desktop/ros2_ws/src/learning_tf2', 'symlink_install': False, 'test_result_base': None}
[0.488s] INFO:colcon.colcon_core.executor:Executing jobs using 'parallel' executor
[0.489s] DEBUG:colcon.colcon_parallel_executor.executor.parallel:run_until_complete
[0.489s] INFO:colcon.colcon_ros.task.ament_python.build:Building ROS package in '/home/shaalekh/Desktop/ros2_ws/src/learning_tf2' with build type 'ament_python'
[0.491s] Level 1:colcon.colcon_core.shell:create_environment_hook('learning_tf2', 'ament_prefix_path')
[0.506s] INFO:colcon.colcon_core.plugin_system:Skipping extension 'colcon_core.shell.bat': Not used on non-Windows systems
[0.507s] INFO:colcon.colcon_core.shell:Creating environment hook '/home/shaalekh/Desktop/ros2_ws/install/learning_tf2/share/learning_tf2/hook/ament_prefix_path.ps1'
[0.509s] INFO:colcon.colcon_core.shell:Creating environment descriptor '/home/shaalekh/Desktop/ros2_ws/install/learning_tf2/share/learning_tf2/hook/ament_prefix_path.dsv'
[0.510s] INFO:colcon.colcon_core.shell:Creating environment hook '/home/shaalekh/Desktop/ros2_ws/install/learning_tf2/share/learning_tf2/hook/ament_prefix_path.sh'
[0.512s] INFO:colcon.colcon_core.shell:Skip shell extension 'powershell' for command environment: Not usable outside of PowerShell
[0.512s] DEBUG:colcon.colcon_core.shell:Skip shell extension 'dsv' for command environment
[0.858s] INFO:colcon.colcon_core.task.python.build:Building Python package in '/home/shaalekh/Desktop/ros2_ws/src/learning_tf2'
[0.859s] INFO:colcon.colcon_core.shell:Skip shell extension 'powershell' for command environment: Not usable outside of PowerShell
[0.859s] DEBUG:colcon.colcon_core.shell:Skip shell extension 'dsv' for command environment
[2.055s] DEBUG:colcon.colcon_core.event_handler.log_command:Invoking command in '/home/shaalekh/Desktop/ros2_ws/src/learning_tf2': DEBUGINFOD_URLS=https://debuginfod.ubuntu.com PYTHONPATH=/home/shaalekh/Desktop/ros2_ws/build/learning_tf2/prefix_override:/usr/lib/python3/dist-packages/colcon_core/task/python/colcon_distutils_commands:/home/shaalekh/Desktop/ros2_ws/install/learning_tf2/lib/python3.12/site-packages:${PYTHONPATH} /usr/bin/python3 -W ignore:setup.py install is deprecated -W ignore:easy_install command is deprecated setup.py egg_info --egg-base ../../build/learning_tf2 build --build-base /home/shaalekh/Desktop/ros2_ws/build/learning_tf2/build install --record /home/shaalekh/Desktop/ros2_ws/build/learning_tf2/install.log --single-version-externally-managed install_data
[2.905s] DEBUG:colcon.colcon_core.event_handler.log_command:Invoked command in '/home/shaalekh/Desktop/ros2_ws/src/learning_tf2' returned '0': DEBUGINFOD_URLS=https://debuginfod.ubuntu.com PYTHONPATH=/home/shaalekh/Desktop/ros2_ws/build/learning_tf2/prefix_override:/usr/lib/python3/dist-packages/colcon_core/task/python/colcon_distutils_commands:/home/shaalekh/Desktop/ros2_ws/install/learning_tf2/lib/python3.12/site-packages:${PYTHONPATH} /usr/bin/python3 -W ignore:setup.py install is deprecated -W ignore:easy_install command is deprecated setup.py egg_info --egg-base ../../build/learning_tf2 build --build-base /home/shaalekh/Desktop/ros2_ws/build/learning_tf2/build install --record /home/shaalekh/Desktop/ros2_ws/build/learning_tf2/install.log --single-version-externally-managed install_data
[2.911s] Level 1:colcon.colcon_core.environment:checking '/home/shaalekh/Desktop/ros2_ws/install/learning_tf2' for CMake module files
[2.912s] Level 1:colcon.colcon_core.environment:checking '/home/shaalekh/Desktop/ros2_ws/install/learning_tf2' for CMake config files
[2.913s] Level 1:colcon.colcon_core.environment:checking '/home/shaalekh/Desktop/ros2_ws/install/learning_tf2/lib'
[2.913s] Level 1:colcon.colcon_core.environment:checking '/home/shaalekh/Desktop/ros2_ws/install/learning_tf2/bin'
[2.913s] Level 1:colcon.colcon_core.environment:checking '/home/shaalekh/Desktop/ros2_ws/install/learning_tf2/lib/pkgconfig/learning_tf2.pc'
[2.914s] Level 1:colcon.colcon_core.environment:checking '/home/shaalekh/Desktop/ros2_ws/install/learning_tf2/lib/python3.12/site-packages'
[2.914s] Level 1:colcon.colcon_core.shell:create_environment_hook('learning_tf2', 'pythonpath')
[2.914s] INFO:colcon.colcon_core.shell:Creating environment hook '/home/shaalekh/Desktop/ros2_ws/install/learning_tf2/share/learning_tf2/hook/pythonpath.ps1'
[2.915s] INFO:colcon.colcon_core.shell:Creating environment descriptor '/home/shaalekh/Desktop/ros2_ws/install/learning_tf2/share/learning_tf2/hook/pythonpath.dsv'
[2.915s] INFO:colcon.colcon_core.shell:Creating environment hook '/home/shaalekh/Desktop/ros2_ws/install/learning_tf2/share/learning_tf2/hook/pythonpath.sh'
[2.916s] Level 1:colcon.colcon_core.environment:checking '/home/shaalekh/Desktop/ros2_ws/install/learning_tf2/bin'
[2.916s] Level 1:colcon.colcon_core.environment:create_environment_scripts_only(learning_tf2)
[2.917s] INFO:colcon.colcon_core.shell:Creating package script '/home/shaalekh/Desktop/ros2_ws/install/learning_tf2/share/learning_tf2/package.ps1'
[2.918s] INFO:colcon.colcon_core.shell:Creating package descriptor '/home/shaalekh/Desktop/ros2_ws/install/learning_tf2/share/learning_tf2/package.dsv'
[2.919s] INFO:colcon.colcon_core.shell:Creating package script '/home/shaalekh/Desktop/ros2_ws/install/learning_tf2/share/learning_tf2/package.sh'
[2.921s] INFO:colcon.colcon_core.shell:Creating package script '/home/shaalekh/Desktop/ros2_ws/install/learning_tf2/share/learning_tf2/package.bash'
[2.923s] INFO:colcon.colcon_core.shell:Creating package script '/home/shaalekh/Desktop/ros2_ws/install/learning_tf2/share/learning_tf2/package.zsh'
[2.925s] Level 1:colcon.colcon_core.environment:create_file_with_runtime_dependencies(/home/shaalekh/Desktop/ros2_ws/install/learning_tf2/share/colcon-core/packages/learning_tf2)
[2.925s] DEBUG:colcon.colcon_parallel_executor.executor.parallel:closing loop
[2.926s] DEBUG:colcon.colcon_parallel_executor.executor.parallel:loop closed
[2.926s] DEBUG:colcon.colcon_parallel_executor.executor.parallel:run_until_complete finished with '0'
[2.927s] DEBUG:colcon.colcon_core.event_reactor:joining thread
[2.941s] INFO:colcon.colcon_core.plugin_system:Skipping extension 'colcon_notification.desktop_notification.terminal_notifier': Not used on non-Darwin systems
[2.941s] INFO:colcon.colcon_core.plugin_system:Skipping extension 'colcon_notification.desktop_notification.win32': Not used on non-Windows systems
[2.941s] INFO:colcon.colcon_notification.desktop_notification:Sending desktop notification using 'notify2'
[2.977s] DEBUG:colcon.colcon_core.event_reactor:joined thread
[2.977s] INFO:colcon.colcon_core.shell:Creating prefix script '/home/shaalekh/Desktop/ros2_ws/install/local_setup.ps1'
[2.979s] INFO:colcon.colcon_core.shell:Creating prefix util module '/home/shaalekh/Desktop/ros2_ws/install/_local_setup_util_ps1.py'
[2.982s] INFO:colcon.colcon_core.shell:Creating prefix chain script '/home/shaalekh/Desktop/ros2_ws/install/setup.ps1'
[2.984s] INFO:colcon.colcon_core.shell:Creating prefix script '/home/shaalekh/Desktop/ros2_ws/install/local_setup.sh'
[2.986s] INFO:colcon.colcon_core.shell:Creating prefix util module '/home/shaalekh/Desktop/ros2_ws/install/_local_setup_util_sh.py'
[2.987s] INFO:colcon.colcon_core.shell:Creating prefix chain script '/home/shaalekh/Desktop/ros2_ws/install/setup.sh'
[2.989s] INFO:colcon.colcon_core.shell:Creating prefix script '/home/shaalekh/Desktop/ros2_ws/install/local_setup.bash'
[2.990s] INFO:colcon.colcon_core.shell:Creating prefix chain script '/home/shaalekh/Desktop/ros2_ws/install/setup.bash'
[2.993s] INFO:colcon.colcon_core.shell:Creating prefix script '/home/shaalekh/Desktop/ros2_ws/install/local_setup.zsh'
[2.995s] INFO:colcon.colcon_core.shell:Creating prefix chain script '/home/shaalekh/Desktop/ros2_ws/install/setup.zsh'
