[0.051s] Invoking command in '/home/shaalekh/Desktop/ros2_ws/build/custom_action_interfaces': CMAKE_PREFIX_PATH=${CMAKE_PREFIX_PATH}:/home/shaalekh/Desktop/ros2_ws/install/srvcli:/home/shaalekh/Desktop/ros2_ws/install/maha_params:/opt/ros/jazzy DEBUGINFOD_URLS=https://debuginfod.ubuntu.com /usr/bin/cmake --build /home/shaalekh/Desktop/ros2_ws/build/custom_action_interfaces -- -j4 -l4
[0.386s] [  2%] Built target custom_action_interfaces__rosidl_generator_type_description
[0.483s] [  2%] Built target ament_cmake_python_copy_custom_action_interfaces
[0.500s] [  5%] Built target custom_action_interfaces__cpp
[0.524s] [ 20%] Built target custom_action_interfaces__rosidl_generator_c
[0.671s] [ 29%] Built target custom_action_interfaces__rosidl_typesupport_introspection_c
[0.677s] [ 38%] Built target custom_action_interfaces__rosidl_typesupport_cpp
[0.689s] [ 47%] Built target custom_action_interfaces__rosidl_typesupport_c
[0.832s] [ 55%] Built target custom_action_interfaces__rosidl_typesupport_fastrtps_c
[0.836s] [ 64%] Built target custom_action_interfaces__rosidl_typesupport_introspection_cpp
[0.841s] [ 73%] Built target custom_action_interfaces__rosidl_typesupport_fastrtps_cpp
[0.942s] [ 73%] Built target custom_action_interfaces
[1.039s] [ 76%] Built target custom_action_interfaces__py
[1.121s] [ 82%] Built target custom_action_interfaces__rosidl_generator_py
[1.224s] running egg_info
[1.252s] [ 88%] Built target custom_action_interfaces_s__rosidl_typesupport_c
[1.253s] [ 94%] Built target custom_action_interfaces_s__rosidl_typesupport_fastrtps_c
[1.263s] [100%] Built target custom_action_interfaces_s__rosidl_typesupport_introspection_c
[1.280s] writing custom_action_interfaces.egg-info/PKG-INFO
[1.282s] writing dependency_links to custom_action_interfaces.egg-info/dependency_links.txt
[1.282s] writing top-level names to custom_action_interfaces.egg-info/top_level.txt
[1.368s] reading manifest file 'custom_action_interfaces.egg-info/SOURCES.txt'
[1.370s] writing manifest file 'custom_action_interfaces.egg-info/SOURCES.txt'
[1.473s] [100%] Built target ament_cmake_python_build_custom_action_interfaces_egg
[1.517s] Invoked command in '/home/shaalekh/Desktop/ros2_ws/build/custom_action_interfaces' returned '0': CMAKE_PREFIX_PATH=${CMAKE_PREFIX_PATH}:/home/shaalekh/Desktop/ros2_ws/install/srvcli:/home/shaalekh/Desktop/ros2_ws/install/maha_params:/opt/ros/jazzy DEBUGINFOD_URLS=https://debuginfod.ubuntu.com /usr/bin/cmake --build /home/shaalekh/Desktop/ros2_ws/build/custom_action_interfaces -- -j4 -l4
[1.543s] Invoking command in '/home/shaalekh/Desktop/ros2_ws/build/custom_action_interfaces': CMAKE_PREFIX_PATH=${CMAKE_PREFIX_PATH}:/home/shaalekh/Desktop/ros2_ws/install/srvcli:/home/shaalekh/Desktop/ros2_ws/install/maha_params:/opt/ros/jazzy DEBUGINFOD_URLS=https://debuginfod.ubuntu.com /usr/bin/cmake --install /home/shaalekh/Desktop/ros2_ws/build/custom_action_interfaces
[1.561s] -- Install configuration: ""
[1.561s] -- Up-to-date: /home/shaalekh/Desktop/ros2_ws/install/custom_action_interfaces/share/ament_index/resource_index/rosidl_interfaces/custom_action_interfaces
[1.561s] -- Up-to-date: /home/shaalekh/Desktop/ros2_ws/install/custom_action_interfaces/share/custom_action_interfaces/action/Fibonacci.json
[1.562s] -- Up-to-date: /home/shaalekh/Desktop/ros2_ws/install/custom_action_interfaces/include/custom_action_interfaces/custom_action_interfaces
[1.562s] -- Up-to-date: /home/shaalekh/Desktop/ros2_ws/install/custom_action_interfaces/include/custom_action_interfaces/custom_action_interfaces/action
[1.565s] -- Up-to-date: /home/shaalekh/Desktop/ros2_ws/install/custom_action_interfaces/include/custom_action_interfaces/custom_action_interfaces/action/detail
[1.565s] -- Up-to-date: /home/shaalekh/Desktop/ros2_ws/install/custom_action_interfaces/include/custom_action_interfaces/custom_action_interfaces/action/detail/fibonacci__functions.c
[1.565s] -- Up-to-date: /home/shaalekh/Desktop/ros2_ws/install/custom_action_interfaces/include/custom_action_interfaces/custom_action_interfaces/action/detail/fibonacci__functions.h
[1.566s] -- Up-to-date: /home/shaalekh/Desktop/ros2_ws/install/custom_action_interfaces/include/custom_action_interfaces/custom_action_interfaces/action/detail/fibonacci__type_support.h
[1.566s] -- Up-to-date: /home/shaalekh/Desktop/ros2_ws/install/custom_action_interfaces/include/custom_action_interfaces/custom_action_interfaces/action/detail/fibonacci__struct.h
[1.566s] -- Up-to-date: /home/shaalekh/Desktop/ros2_ws/install/custom_action_interfaces/include/custom_action_interfaces/custom_action_interfaces/action/detail/fibonacci__type_support.c
[1.566s] -- Up-to-date: /home/shaalekh/Desktop/ros2_ws/install/custom_action_interfaces/include/custom_action_interfaces/custom_action_interfaces/action/detail/fibonacci__description.c
[1.566s] -- Up-to-date: /home/shaalekh/Desktop/ros2_ws/install/custom_action_interfaces/include/custom_action_interfaces/custom_action_interfaces/action/fibonacci.h
[1.566s] -- Up-to-date: /home/shaalekh/Desktop/ros2_ws/install/custom_action_interfaces/include/custom_action_interfaces/custom_action_interfaces/msg
[1.566s] -- Up-to-date: /home/shaalekh/Desktop/ros2_ws/install/custom_action_interfaces/include/custom_action_interfaces/custom_action_interfaces/msg/rosidl_generator_c__visibility_control.h
[1.567s] -- Up-to-date: /home/shaalekh/Desktop/ros2_ws/install/custom_action_interfaces/share/custom_action_interfaces/environment/library_path.sh
[1.567s] -- Up-to-date: /home/shaalekh/Desktop/ros2_ws/install/custom_action_interfaces/share/custom_action_interfaces/environment/library_path.dsv
[1.567s] -- Up-to-date: /home/shaalekh/Desktop/ros2_ws/install/custom_action_interfaces/lib/libcustom_action_interfaces__rosidl_generator_c.so
[1.567s] -- Up-to-date: /home/shaalekh/Desktop/ros2_ws/install/custom_action_interfaces/include/custom_action_interfaces/custom_action_interfaces
[1.567s] -- Up-to-date: /home/shaalekh/Desktop/ros2_ws/install/custom_action_interfaces/include/custom_action_interfaces/custom_action_interfaces/action
[1.567s] -- Up-to-date: /home/shaalekh/Desktop/ros2_ws/install/custom_action_interfaces/include/custom_action_interfaces/custom_action_interfaces/action/detail
[1.567s] -- Up-to-date: /home/shaalekh/Desktop/ros2_ws/install/custom_action_interfaces/include/custom_action_interfaces/custom_action_interfaces/action/detail/fibonacci__rosidl_typesupport_fastrtps_c.h
[1.567s] -- Up-to-date: /home/shaalekh/Desktop/ros2_ws/install/custom_action_interfaces/include/custom_action_interfaces/custom_action_interfaces/msg
[1.567s] -- Up-to-date: /home/shaalekh/Desktop/ros2_ws/install/custom_action_interfaces/include/custom_action_interfaces/custom_action_interfaces/msg/rosidl_typesupport_fastrtps_c__visibility_control.h
[1.568s] -- Up-to-date: /home/shaalekh/Desktop/ros2_ws/install/custom_action_interfaces/lib/libcustom_action_interfaces__rosidl_typesupport_fastrtps_c.so
[1.570s] -- Up-to-date: /home/shaalekh/Desktop/ros2_ws/install/custom_action_interfaces/include/custom_action_interfaces/custom_action_interfaces
[1.570s] -- Up-to-date: /home/shaalekh/Desktop/ros2_ws/install/custom_action_interfaces/include/custom_action_interfaces/custom_action_interfaces/action
[1.570s] -- Up-to-date: /home/shaalekh/Desktop/ros2_ws/install/custom_action_interfaces/include/custom_action_interfaces/custom_action_interfaces/action/detail
[1.571s] -- Up-to-date: /home/shaalekh/Desktop/ros2_ws/install/custom_action_interfaces/include/custom_action_interfaces/custom_action_interfaces/action/detail/fibonacci__rosidl_typesupport_introspection_c.h
[1.571s] -- Up-to-date: /home/shaalekh/Desktop/ros2_ws/install/custom_action_interfaces/include/custom_action_interfaces/custom_action_interfaces/action/detail/fibonacci__type_support.c
[1.571s] -- Up-to-date: /home/shaalekh/Desktop/ros2_ws/install/custom_action_interfaces/include/custom_action_interfaces/custom_action_interfaces/msg
[1.571s] -- Up-to-date: /home/shaalekh/Desktop/ros2_ws/install/custom_action_interfaces/include/custom_action_interfaces/custom_action_interfaces/msg/rosidl_typesupport_introspection_c__visibility_control.h
[1.571s] -- Up-to-date: /home/shaalekh/Desktop/ros2_ws/install/custom_action_interfaces/lib/libcustom_action_interfaces__rosidl_typesupport_introspection_c.so
[1.572s] -- Up-to-date: /home/shaalekh/Desktop/ros2_ws/install/custom_action_interfaces/lib/libcustom_action_interfaces__rosidl_typesupport_c.so
[1.572s] -- Up-to-date: /home/shaalekh/Desktop/ros2_ws/install/custom_action_interfaces/include/custom_action_interfaces/custom_action_interfaces
[1.572s] -- Up-to-date: /home/shaalekh/Desktop/ros2_ws/install/custom_action_interfaces/include/custom_action_interfaces/custom_action_interfaces/action
[1.572s] -- Up-to-date: /home/shaalekh/Desktop/ros2_ws/install/custom_action_interfaces/include/custom_action_interfaces/custom_action_interfaces/action/detail
[1.572s] -- Up-to-date: /home/shaalekh/Desktop/ros2_ws/install/custom_action_interfaces/include/custom_action_interfaces/custom_action_interfaces/action/detail/fibonacci__type_support.hpp
[1.573s] -- Up-to-date: /home/shaalekh/Desktop/ros2_ws/install/custom_action_interfaces/include/custom_action_interfaces/custom_action_interfaces/action/detail/fibonacci__traits.hpp
[1.576s] -- Up-to-date: /home/shaalekh/Desktop/ros2_ws/install/custom_action_interfaces/include/custom_action_interfaces/custom_action_interfaces/action/detail/fibonacci__builder.hpp
[1.576s] -- Up-to-date: /home/shaalekh/Desktop/ros2_ws/install/custom_action_interfaces/include/custom_action_interfaces/custom_action_interfaces/action/detail/fibonacci__struct.hpp
[1.576s] -- Up-to-date: /home/shaalekh/Desktop/ros2_ws/install/custom_action_interfaces/include/custom_action_interfaces/custom_action_interfaces/action/fibonacci.hpp
[1.576s] -- Up-to-date: /home/shaalekh/Desktop/ros2_ws/install/custom_action_interfaces/include/custom_action_interfaces/custom_action_interfaces/msg
[1.577s] -- Up-to-date: /home/shaalekh/Desktop/ros2_ws/install/custom_action_interfaces/include/custom_action_interfaces/custom_action_interfaces/msg/rosidl_generator_cpp__visibility_control.hpp
[1.577s] -- Up-to-date: /home/shaalekh/Desktop/ros2_ws/install/custom_action_interfaces/include/custom_action_interfaces/custom_action_interfaces
[1.577s] -- Up-to-date: /home/shaalekh/Desktop/ros2_ws/install/custom_action_interfaces/include/custom_action_interfaces/custom_action_interfaces/action
[1.577s] -- Up-to-date: /home/shaalekh/Desktop/ros2_ws/install/custom_action_interfaces/include/custom_action_interfaces/custom_action_interfaces/action/detail
[1.577s] -- Up-to-date: /home/shaalekh/Desktop/ros2_ws/install/custom_action_interfaces/include/custom_action_interfaces/custom_action_interfaces/action/detail/dds_fastrtps
[1.577s] -- Up-to-date: /home/shaalekh/Desktop/ros2_ws/install/custom_action_interfaces/include/custom_action_interfaces/custom_action_interfaces/action/detail/fibonacci__rosidl_typesupport_fastrtps_cpp.hpp
[1.577s] -- Up-to-date: /home/shaalekh/Desktop/ros2_ws/install/custom_action_interfaces/include/custom_action_interfaces/custom_action_interfaces/msg
[1.577s] -- Up-to-date: /home/shaalekh/Desktop/ros2_ws/install/custom_action_interfaces/include/custom_action_interfaces/custom_action_interfaces/msg/rosidl_typesupport_fastrtps_cpp__visibility_control.h
[1.577s] -- Up-to-date: /home/shaalekh/Desktop/ros2_ws/install/custom_action_interfaces/lib/libcustom_action_interfaces__rosidl_typesupport_fastrtps_cpp.so
[1.578s] -- Up-to-date: /home/shaalekh/Desktop/ros2_ws/install/custom_action_interfaces/include/custom_action_interfaces/custom_action_interfaces
[1.578s] -- Up-to-date: /home/shaalekh/Desktop/ros2_ws/install/custom_action_interfaces/include/custom_action_interfaces/custom_action_interfaces/action
[1.578s] -- Up-to-date: /home/shaalekh/Desktop/ros2_ws/install/custom_action_interfaces/include/custom_action_interfaces/custom_action_interfaces/action/detail
[1.578s] -- Up-to-date: /home/shaalekh/Desktop/ros2_ws/install/custom_action_interfaces/include/custom_action_interfaces/custom_action_interfaces/action/detail/fibonacci__rosidl_typesupport_introspection_cpp.hpp
[1.578s] -- Up-to-date: /home/shaalekh/Desktop/ros2_ws/install/custom_action_interfaces/include/custom_action_interfaces/custom_action_interfaces/action/detail/fibonacci__type_support.cpp
[1.578s] -- Up-to-date: /home/shaalekh/Desktop/ros2_ws/install/custom_action_interfaces/lib/libcustom_action_interfaces__rosidl_typesupport_introspection_cpp.so
[1.578s] -- Up-to-date: /home/shaalekh/Desktop/ros2_ws/install/custom_action_interfaces/lib/libcustom_action_interfaces__rosidl_typesupport_cpp.so
[1.578s] -- Up-to-date: /home/shaalekh/Desktop/ros2_ws/install/custom_action_interfaces/share/custom_action_interfaces/environment/pythonpath.sh
[1.578s] -- Up-to-date: /home/shaalekh/Desktop/ros2_ws/install/custom_action_interfaces/share/custom_action_interfaces/environment/pythonpath.dsv
[1.578s] -- Up-to-date: /home/shaalekh/Desktop/ros2_ws/install/custom_action_interfaces/lib/python3.12/site-packages/custom_action_interfaces-0.0.0-py3.12.egg-info
[1.578s] -- Installing: /home/shaalekh/Desktop/ros2_ws/install/custom_action_interfaces/lib/python3.12/site-packages/custom_action_interfaces-0.0.0-py3.12.egg-info/dependency_links.txt
[1.579s] -- Installing: /home/shaalekh/Desktop/ros2_ws/install/custom_action_interfaces/lib/python3.12/site-packages/custom_action_interfaces-0.0.0-py3.12.egg-info/PKG-INFO
[1.582s] -- Installing: /home/shaalekh/Desktop/ros2_ws/install/custom_action_interfaces/lib/python3.12/site-packages/custom_action_interfaces-0.0.0-py3.12.egg-info/top_level.txt
[1.583s] -- Installing: /home/shaalekh/Desktop/ros2_ws/install/custom_action_interfaces/lib/python3.12/site-packages/custom_action_interfaces-0.0.0-py3.12.egg-info/SOURCES.txt
[1.583s] -- Up-to-date: /home/shaalekh/Desktop/ros2_ws/install/custom_action_interfaces/lib/python3.12/site-packages/custom_action_interfaces
[1.583s] -- Up-to-date: /home/shaalekh/Desktop/ros2_ws/install/custom_action_interfaces/lib/python3.12/site-packages/custom_action_interfaces/_custom_action_interfaces_s.ep.rosidl_typesupport_fastrtps_c.c
[1.583s] -- Up-to-date: /home/shaalekh/Desktop/ros2_ws/install/custom_action_interfaces/lib/python3.12/site-packages/custom_action_interfaces/action
[1.583s] -- Up-to-date: /home/shaalekh/Desktop/ros2_ws/install/custom_action_interfaces/lib/python3.12/site-packages/custom_action_interfaces/action/_fibonacci.py
[1.583s] -- Up-to-date: /home/shaalekh/Desktop/ros2_ws/install/custom_action_interfaces/lib/python3.12/site-packages/custom_action_interfaces/action/__init__.py
[1.583s] -- Up-to-date: /home/shaalekh/Desktop/ros2_ws/install/custom_action_interfaces/lib/python3.12/site-packages/custom_action_interfaces/action/_fibonacci_s.c
[1.584s] -- Up-to-date: /home/shaalekh/Desktop/ros2_ws/install/custom_action_interfaces/lib/python3.12/site-packages/custom_action_interfaces/_custom_action_interfaces_s.ep.rosidl_typesupport_c.c
[1.584s] -- Up-to-date: /home/shaalekh/Desktop/ros2_ws/install/custom_action_interfaces/lib/python3.12/site-packages/custom_action_interfaces/__init__.py
[1.584s] -- Up-to-date: /home/shaalekh/Desktop/ros2_ws/install/custom_action_interfaces/lib/python3.12/site-packages/custom_action_interfaces/custom_action_interfaces_s__rosidl_typesupport_c.so
[1.584s] -- Up-to-date: /home/shaalekh/Desktop/ros2_ws/install/custom_action_interfaces/lib/python3.12/site-packages/custom_action_interfaces/custom_action_interfaces_s__rosidl_typesupport_introspection_c.so
[1.584s] -- Up-to-date: /home/shaalekh/Desktop/ros2_ws/install/custom_action_interfaces/lib/python3.12/site-packages/custom_action_interfaces/custom_action_interfaces_s__rosidl_typesupport_fastrtps_c.so
[1.584s] -- Up-to-date: /home/shaalekh/Desktop/ros2_ws/install/custom_action_interfaces/lib/python3.12/site-packages/custom_action_interfaces/_custom_action_interfaces_s.ep.rosidl_typesupport_introspection_c.c
[1.689s] Listing '/home/shaalekh/Desktop/ros2_ws/install/custom_action_interfaces/lib/python3.12/site-packages/custom_action_interfaces'...
[1.689s] Listing '/home/shaalekh/Desktop/ros2_ws/install/custom_action_interfaces/lib/python3.12/site-packages/custom_action_interfaces/action'...
[1.734s] -- Up-to-date: /home/shaalekh/Desktop/ros2_ws/install/custom_action_interfaces/lib/python3.12/site-packages/custom_action_interfaces/custom_action_interfaces_s__rosidl_typesupport_fastrtps_c.so
[1.738s] -- Up-to-date: /home/shaalekh/Desktop/ros2_ws/install/custom_action_interfaces/lib/python3.12/site-packages/custom_action_interfaces/custom_action_interfaces_s__rosidl_typesupport_introspection_c.so
[1.738s] -- Up-to-date: /home/shaalekh/Desktop/ros2_ws/install/custom_action_interfaces/lib/python3.12/site-packages/custom_action_interfaces/custom_action_interfaces_s__rosidl_typesupport_c.so
[1.740s] -- Up-to-date: /home/shaalekh/Desktop/ros2_ws/install/custom_action_interfaces/lib/libcustom_action_interfaces__rosidl_generator_py.so
[1.740s] -- Up-to-date: /home/shaalekh/Desktop/ros2_ws/install/custom_action_interfaces/share/custom_action_interfaces/action/Fibonacci.idl
[1.740s] -- Up-to-date: /home/shaalekh/Desktop/ros2_ws/install/custom_action_interfaces/share/custom_action_interfaces/action/Fibonacci.action
[1.740s] -- Up-to-date: /home/shaalekh/Desktop/ros2_ws/install/custom_action_interfaces/share/ament_index/resource_index/package_run_dependencies/custom_action_interfaces
[1.740s] -- Up-to-date: /home/shaalekh/Desktop/ros2_ws/install/custom_action_interfaces/share/ament_index/resource_index/parent_prefix_path/custom_action_interfaces
[1.741s] -- Up-to-date: /home/shaalekh/Desktop/ros2_ws/install/custom_action_interfaces/share/custom_action_interfaces/environment/ament_prefix_path.sh
[1.741s] -- Up-to-date: /home/shaalekh/Desktop/ros2_ws/install/custom_action_interfaces/share/custom_action_interfaces/environment/ament_prefix_path.dsv
[1.741s] -- Up-to-date: /home/shaalekh/Desktop/ros2_ws/install/custom_action_interfaces/share/custom_action_interfaces/environment/path.sh
[1.741s] -- Up-to-date: /home/shaalekh/Desktop/ros2_ws/install/custom_action_interfaces/share/custom_action_interfaces/environment/path.dsv
[1.741s] -- Up-to-date: /home/shaalekh/Desktop/ros2_ws/install/custom_action_interfaces/share/custom_action_interfaces/local_setup.bash
[1.741s] -- Up-to-date: /home/shaalekh/Desktop/ros2_ws/install/custom_action_interfaces/share/custom_action_interfaces/local_setup.sh
[1.741s] -- Up-to-date: /home/shaalekh/Desktop/ros2_ws/install/custom_action_interfaces/share/custom_action_interfaces/local_setup.zsh
[1.744s] -- Up-to-date: /home/shaalekh/Desktop/ros2_ws/install/custom_action_interfaces/share/custom_action_interfaces/local_setup.dsv
[1.744s] -- Installing: /home/shaalekh/Desktop/ros2_ws/install/custom_action_interfaces/share/custom_action_interfaces/package.dsv
[1.745s] -- Up-to-date: /home/shaalekh/Desktop/ros2_ws/install/custom_action_interfaces/share/ament_index/resource_index/packages/custom_action_interfaces
[1.748s] -- Up-to-date: /home/shaalekh/Desktop/ros2_ws/install/custom_action_interfaces/share/custom_action_interfaces/cmake/export_custom_action_interfaces__rosidl_generator_cExport.cmake
[1.748s] -- Up-to-date: /home/shaalekh/Desktop/ros2_ws/install/custom_action_interfaces/share/custom_action_interfaces/cmake/export_custom_action_interfaces__rosidl_generator_cExport-noconfig.cmake
[1.750s] -- Up-to-date: /home/shaalekh/Desktop/ros2_ws/install/custom_action_interfaces/share/custom_action_interfaces/cmake/export_custom_action_interfaces__rosidl_typesupport_fastrtps_cExport.cmake
[1.752s] -- Up-to-date: /home/shaalekh/Desktop/ros2_ws/install/custom_action_interfaces/share/custom_action_interfaces/cmake/export_custom_action_interfaces__rosidl_typesupport_fastrtps_cExport-noconfig.cmake
[1.761s] -- Up-to-date: /home/shaalekh/Desktop/ros2_ws/install/custom_action_interfaces/share/custom_action_interfaces/cmake/custom_action_interfaces__rosidl_typesupport_introspection_cExport.cmake
[1.761s] -- Up-to-date: /home/shaalekh/Desktop/ros2_ws/install/custom_action_interfaces/share/custom_action_interfaces/cmake/custom_action_interfaces__rosidl_typesupport_introspection_cExport-noconfig.cmake
[1.763s] -- Up-to-date: /home/shaalekh/Desktop/ros2_ws/install/custom_action_interfaces/share/custom_action_interfaces/cmake/custom_action_interfaces__rosidl_typesupport_cExport.cmake
[1.763s] -- Up-to-date: /home/shaalekh/Desktop/ros2_ws/install/custom_action_interfaces/share/custom_action_interfaces/cmake/custom_action_interfaces__rosidl_typesupport_cExport-noconfig.cmake
[1.770s] -- Up-to-date: /home/shaalekh/Desktop/ros2_ws/install/custom_action_interfaces/share/custom_action_interfaces/cmake/export_custom_action_interfaces__rosidl_generator_cppExport.cmake
[1.771s] -- Up-to-date: /home/shaalekh/Desktop/ros2_ws/install/custom_action_interfaces/share/custom_action_interfaces/cmake/export_custom_action_interfaces__rosidl_typesupport_fastrtps_cppExport.cmake
[1.771s] -- Up-to-date: /home/shaalekh/Desktop/ros2_ws/install/custom_action_interfaces/share/custom_action_interfaces/cmake/export_custom_action_interfaces__rosidl_typesupport_fastrtps_cppExport-noconfig.cmake
[1.777s] -- Up-to-date: /home/shaalekh/Desktop/ros2_ws/install/custom_action_interfaces/share/custom_action_interfaces/cmake/custom_action_interfaces__rosidl_typesupport_introspection_cppExport.cmake
[1.777s] -- Up-to-date: /home/shaalekh/Desktop/ros2_ws/install/custom_action_interfaces/share/custom_action_interfaces/cmake/custom_action_interfaces__rosidl_typesupport_introspection_cppExport-noconfig.cmake
[1.780s] -- Up-to-date: /home/shaalekh/Desktop/ros2_ws/install/custom_action_interfaces/share/custom_action_interfaces/cmake/custom_action_interfaces__rosidl_typesupport_cppExport.cmake
[1.780s] -- Up-to-date: /home/shaalekh/Desktop/ros2_ws/install/custom_action_interfaces/share/custom_action_interfaces/cmake/custom_action_interfaces__rosidl_typesupport_cppExport-noconfig.cmake
[1.782s] -- Up-to-date: /home/shaalekh/Desktop/ros2_ws/install/custom_action_interfaces/share/custom_action_interfaces/cmake/export_custom_action_interfaces__rosidl_generator_pyExport.cmake
[1.782s] -- Up-to-date: /home/shaalekh/Desktop/ros2_ws/install/custom_action_interfaces/share/custom_action_interfaces/cmake/export_custom_action_interfaces__rosidl_generator_pyExport-noconfig.cmake
[1.782s] -- Up-to-date: /home/shaalekh/Desktop/ros2_ws/install/custom_action_interfaces/share/custom_action_interfaces/cmake/rosidl_cmake-extras.cmake
[1.782s] -- Up-to-date: /home/shaalekh/Desktop/ros2_ws/install/custom_action_interfaces/share/custom_action_interfaces/cmake/ament_cmake_export_dependencies-extras.cmake
[1.782s] -- Up-to-date: /home/shaalekh/Desktop/ros2_ws/install/custom_action_interfaces/share/custom_action_interfaces/cmake/ament_cmake_export_include_directories-extras.cmake
[1.783s] -- Up-to-date: /home/shaalekh/Desktop/ros2_ws/install/custom_action_interfaces/share/custom_action_interfaces/cmake/ament_cmake_export_libraries-extras.cmake
[1.783s] -- Up-to-date: /home/shaalekh/Desktop/ros2_ws/install/custom_action_interfaces/share/custom_action_interfaces/cmake/ament_cmake_export_targets-extras.cmake
[1.783s] -- Up-to-date: /home/shaalekh/Desktop/ros2_ws/install/custom_action_interfaces/share/custom_action_interfaces/cmake/rosidl_cmake_export_typesupport_targets-extras.cmake
[1.783s] -- Up-to-date: /home/shaalekh/Desktop/ros2_ws/install/custom_action_interfaces/share/custom_action_interfaces/cmake/rosidl_cmake_export_typesupport_libraries-extras.cmake
[1.783s] -- Up-to-date: /home/shaalekh/Desktop/ros2_ws/install/custom_action_interfaces/share/custom_action_interfaces/cmake/custom_action_interfacesConfig.cmake
[1.783s] -- Up-to-date: /home/shaalekh/Desktop/ros2_ws/install/custom_action_interfaces/share/custom_action_interfaces/cmake/custom_action_interfacesConfig-version.cmake
[1.783s] -- Up-to-date: /home/shaalekh/Desktop/ros2_ws/install/custom_action_interfaces/share/custom_action_interfaces/package.xml
[1.806s] Invoked command in '/home/shaalekh/Desktop/ros2_ws/build/custom_action_interfaces' returned '0': CMAKE_PREFIX_PATH=${CMAKE_PREFIX_PATH}:/home/shaalekh/Desktop/ros2_ws/install/srvcli:/home/shaalekh/Desktop/ros2_ws/install/maha_params:/opt/ros/jazzy DEBUGINFOD_URLS=https://debuginfod.ubuntu.com /usr/bin/cmake --install /home/shaalekh/Desktop/ros2_ws/build/custom_action_interfaces
