[  1%] Built target customs__rosidl_generator_type_description
[  1%] Built target ament_cmake_python_copy_customs
[  3%] Built target customs__cpp
[ 24%] Built target customs__rosidl_generator_c
[ 33%] Built target customs__rosidl_typesupport_introspection_c
[ 42%] Built target customs__rosidl_typesupport_fastrtps_c
[ 51%] Built target customs__rosidl_typesupport_fastrtps_cpp
[ 61%] Built target customs__rosidl_typesupport_c
[ 79%] Built target customs__rosidl_typesupport_cpp
[ 79%] Built target customs__rosidl_typesupport_introspection_cpp
[ 79%] Built target customs
[ 81%] Built target customs__py
[ 88%] Built target customs__rosidl_generator_py
[ 92%] Built target customs_s__rosidl_typesupport_c
[ 96%] Built target customs_s__rosidl_typesupport_fastrtps_c
[100%] Built target customs_s__rosidl_typesupport_introspection_c
running egg_info
writing customs.egg-info/PKG-INFO
writing dependency_links to customs.egg-info/dependency_links.txt
writing top-level names to customs.egg-info/top_level.txt
reading manifest file 'customs.egg-info/SOURCES.txt'
writing manifest file 'customs.egg-info/SOURCES.txt'
[100%] Built target ament_cmake_python_build_customs_egg
-- Install configuration: ""
-- Up-to-date: /home/shaalekh/Desktop/ros2_ws/install/customs/share/ament_index/resource_index/rosidl_interfaces/customs
-- Up-to-date: /home/shaalekh/Desktop/ros2_ws/install/customs/share/customs/msg/Num.json
-- Up-to-date: /home/shaalekh/Desktop/ros2_ws/install/customs/share/customs/msg/Sphere.json
-- Up-to-date: /home/shaalekh/Desktop/ros2_ws/install/customs/share/customs/srv/AddThreeInts.json
-- Up-to-date: /home/shaalekh/Desktop/ros2_ws/install/customs/include/customs/customs
-- Up-to-date: /home/shaalekh/Desktop/ros2_ws/install/customs/include/customs/customs/srv
-- Up-to-date: /home/shaalekh/Desktop/ros2_ws/install/customs/include/customs/customs/srv/add_three_ints.h
-- Up-to-date: /home/shaalekh/Desktop/ros2_ws/install/customs/include/customs/customs/srv/detail
-- Up-to-date: /home/shaalekh/Desktop/ros2_ws/install/customs/include/customs/customs/srv/detail/add_three_ints__description.c
-- Up-to-date: /home/shaalekh/Desktop/ros2_ws/install/customs/include/customs/customs/srv/detail/add_three_ints__functions.c
-- Up-to-date: /home/shaalekh/Desktop/ros2_ws/install/customs/include/customs/customs/srv/detail/add_three_ints__type_support.h
-- Up-to-date: /home/shaalekh/Desktop/ros2_ws/install/customs/include/customs/customs/srv/detail/add_three_ints__struct.h
-- Up-to-date: /home/shaalekh/Desktop/ros2_ws/install/customs/include/customs/customs/srv/detail/add_three_ints__functions.h
-- Up-to-date: /home/shaalekh/Desktop/ros2_ws/install/customs/include/customs/customs/srv/detail/add_three_ints__type_support.c
-- Up-to-date: /home/shaalekh/Desktop/ros2_ws/install/customs/include/customs/customs/msg
-- Up-to-date: /home/shaalekh/Desktop/ros2_ws/install/customs/include/customs/customs/msg/rosidl_generator_c__visibility_control.h
-- Up-to-date: /home/shaalekh/Desktop/ros2_ws/install/customs/include/customs/customs/msg/detail
-- Up-to-date: /home/shaalekh/Desktop/ros2_ws/install/customs/include/customs/customs/msg/detail/num__struct.h
-- Up-to-date: /home/shaalekh/Desktop/ros2_ws/install/customs/include/customs/customs/msg/detail/num__functions.h
-- Up-to-date: /home/shaalekh/Desktop/ros2_ws/install/customs/include/customs/customs/msg/detail/sphere__type_support.c
-- Up-to-date: /home/shaalekh/Desktop/ros2_ws/install/customs/include/customs/customs/msg/detail/num__type_support.h
-- Up-to-date: /home/shaalekh/Desktop/ros2_ws/install/customs/include/customs/customs/msg/detail/num__functions.c
-- Up-to-date: /home/shaalekh/Desktop/ros2_ws/install/customs/include/customs/customs/msg/detail/num__description.c
-- Up-to-date: /home/shaalekh/Desktop/ros2_ws/install/customs/include/customs/customs/msg/detail/sphere__type_support.h
-- Up-to-date: /home/shaalekh/Desktop/ros2_ws/install/customs/include/customs/customs/msg/detail/sphere__struct.h
-- Up-to-date: /home/shaalekh/Desktop/ros2_ws/install/customs/include/customs/customs/msg/detail/sphere__functions.c
-- Up-to-date: /home/shaalekh/Desktop/ros2_ws/install/customs/include/customs/customs/msg/detail/sphere__functions.h
-- Up-to-date: /home/shaalekh/Desktop/ros2_ws/install/customs/include/customs/customs/msg/detail/num__type_support.c
-- Up-to-date: /home/shaalekh/Desktop/ros2_ws/install/customs/include/customs/customs/msg/detail/sphere__description.c
-- Up-to-date: /home/shaalekh/Desktop/ros2_ws/install/customs/include/customs/customs/msg/num.h
-- Up-to-date: /home/shaalekh/Desktop/ros2_ws/install/customs/include/customs/customs/msg/sphere.h
-- Up-to-date: /home/shaalekh/Desktop/ros2_ws/install/customs/share/customs/environment/library_path.sh
-- Up-to-date: /home/shaalekh/Desktop/ros2_ws/install/customs/share/customs/environment/library_path.dsv
-- Up-to-date: /home/shaalekh/Desktop/ros2_ws/install/customs/lib/libcustoms__rosidl_generator_c.so
-- Up-to-date: /home/shaalekh/Desktop/ros2_ws/install/customs/include/customs/customs
-- Up-to-date: /home/shaalekh/Desktop/ros2_ws/install/customs/include/customs/customs/srv
-- Up-to-date: /home/shaalekh/Desktop/ros2_ws/install/customs/include/customs/customs/srv/detail
-- Up-to-date: /home/shaalekh/Desktop/ros2_ws/install/customs/include/customs/customs/srv/detail/add_three_ints__rosidl_typesupport_fastrtps_c.h
-- Up-to-date: /home/shaalekh/Desktop/ros2_ws/install/customs/include/customs/customs/msg
-- Up-to-date: /home/shaalekh/Desktop/ros2_ws/install/customs/include/customs/customs/msg/rosidl_typesupport_fastrtps_c__visibility_control.h
-- Up-to-date: /home/shaalekh/Desktop/ros2_ws/install/customs/include/customs/customs/msg/detail
-- Up-to-date: /home/shaalekh/Desktop/ros2_ws/install/customs/include/customs/customs/msg/detail/sphere__rosidl_typesupport_fastrtps_c.h
-- Up-to-date: /home/shaalekh/Desktop/ros2_ws/install/customs/include/customs/customs/msg/detail/num__rosidl_typesupport_fastrtps_c.h
-- Up-to-date: /home/shaalekh/Desktop/ros2_ws/install/customs/lib/libcustoms__rosidl_typesupport_fastrtps_c.so
-- Up-to-date: /home/shaalekh/Desktop/ros2_ws/install/customs/include/customs/customs
-- Up-to-date: /home/shaalekh/Desktop/ros2_ws/install/customs/include/customs/customs/srv
-- Up-to-date: /home/shaalekh/Desktop/ros2_ws/install/customs/include/customs/customs/srv/detail
-- Up-to-date: /home/shaalekh/Desktop/ros2_ws/install/customs/include/customs/customs/srv/detail/add_three_ints__builder.hpp
-- Up-to-date: /home/shaalekh/Desktop/ros2_ws/install/customs/include/customs/customs/srv/detail/add_three_ints__struct.hpp
-- Up-to-date: /home/shaalekh/Desktop/ros2_ws/install/customs/include/customs/customs/srv/detail/add_three_ints__type_support.hpp
-- Up-to-date: /home/shaalekh/Desktop/ros2_ws/install/customs/include/customs/customs/srv/detail/add_three_ints__traits.hpp
-- Up-to-date: /home/shaalekh/Desktop/ros2_ws/install/customs/include/customs/customs/srv/add_three_ints.hpp
-- Up-to-date: /home/shaalekh/Desktop/ros2_ws/install/customs/include/customs/customs/msg
-- Up-to-date: /home/shaalekh/Desktop/ros2_ws/install/customs/include/customs/customs/msg/sphere.hpp
-- Up-to-date: /home/shaalekh/Desktop/ros2_ws/install/customs/include/customs/customs/msg/detail
-- Up-to-date: /home/shaalekh/Desktop/ros2_ws/install/customs/include/customs/customs/msg/detail/sphere__traits.hpp
-- Up-to-date: /home/shaalekh/Desktop/ros2_ws/install/customs/include/customs/customs/msg/detail/sphere__builder.hpp
-- Up-to-date: /home/shaalekh/Desktop/ros2_ws/install/customs/include/customs/customs/msg/detail/sphere__struct.hpp
-- Up-to-date: /home/shaalekh/Desktop/ros2_ws/install/customs/include/customs/customs/msg/detail/num__struct.hpp
-- Up-to-date: /home/shaalekh/Desktop/ros2_ws/install/customs/include/customs/customs/msg/detail/num__builder.hpp
-- Up-to-date: /home/shaalekh/Desktop/ros2_ws/install/customs/include/customs/customs/msg/detail/num__type_support.hpp
-- Up-to-date: /home/shaalekh/Desktop/ros2_ws/install/customs/include/customs/customs/msg/detail/sphere__type_support.hpp
-- Up-to-date: /home/shaalekh/Desktop/ros2_ws/install/customs/include/customs/customs/msg/detail/num__traits.hpp
-- Up-to-date: /home/shaalekh/Desktop/ros2_ws/install/customs/include/customs/customs/msg/num.hpp
-- Up-to-date: /home/shaalekh/Desktop/ros2_ws/install/customs/include/customs/customs/msg/rosidl_generator_cpp__visibility_control.hpp
-- Up-to-date: /home/shaalekh/Desktop/ros2_ws/install/customs/include/customs/customs
-- Up-to-date: /home/shaalekh/Desktop/ros2_ws/install/customs/include/customs/customs/srv
-- Up-to-date: /home/shaalekh/Desktop/ros2_ws/install/customs/include/customs/customs/srv/detail
-- Up-to-date: /home/shaalekh/Desktop/ros2_ws/install/customs/include/customs/customs/srv/detail/add_three_ints__rosidl_typesupport_fastrtps_cpp.hpp
-- Up-to-date: /home/shaalekh/Desktop/ros2_ws/install/customs/include/customs/customs/srv/detail/dds_fastrtps
-- Up-to-date: /home/shaalekh/Desktop/ros2_ws/install/customs/include/customs/customs/msg
-- Up-to-date: /home/shaalekh/Desktop/ros2_ws/install/customs/include/customs/customs/msg/detail
-- Up-to-date: /home/shaalekh/Desktop/ros2_ws/install/customs/include/customs/customs/msg/detail/num__rosidl_typesupport_fastrtps_cpp.hpp
-- Up-to-date: /home/shaalekh/Desktop/ros2_ws/install/customs/include/customs/customs/msg/detail/dds_fastrtps
-- Up-to-date: /home/shaalekh/Desktop/ros2_ws/install/customs/include/customs/customs/msg/detail/sphere__rosidl_typesupport_fastrtps_cpp.hpp
-- Up-to-date: /home/shaalekh/Desktop/ros2_ws/install/customs/include/customs/customs/msg/rosidl_typesupport_fastrtps_cpp__visibility_control.h
-- Up-to-date: /home/shaalekh/Desktop/ros2_ws/install/customs/lib/libcustoms__rosidl_typesupport_fastrtps_cpp.so
-- Up-to-date: /home/shaalekh/Desktop/ros2_ws/install/customs/include/customs/customs
-- Up-to-date: /home/shaalekh/Desktop/ros2_ws/install/customs/include/customs/customs/srv
-- Up-to-date: /home/shaalekh/Desktop/ros2_ws/install/customs/include/customs/customs/srv/detail
-- Up-to-date: /home/shaalekh/Desktop/ros2_ws/install/customs/include/customs/customs/srv/detail/add_three_ints__rosidl_typesupport_introspection_c.h
-- Up-to-date: /home/shaalekh/Desktop/ros2_ws/install/customs/include/customs/customs/srv/detail/add_three_ints__type_support.c
-- Up-to-date: /home/shaalekh/Desktop/ros2_ws/install/customs/include/customs/customs/msg
-- Up-to-date: /home/shaalekh/Desktop/ros2_ws/install/customs/include/customs/customs/msg/detail
-- Up-to-date: /home/shaalekh/Desktop/ros2_ws/install/customs/include/customs/customs/msg/detail/sphere__rosidl_typesupport_introspection_c.h
-- Up-to-date: /home/shaalekh/Desktop/ros2_ws/install/customs/include/customs/customs/msg/detail/num__rosidl_typesupport_introspection_c.h
-- Up-to-date: /home/shaalekh/Desktop/ros2_ws/install/customs/include/customs/customs/msg/detail/sphere__type_support.c
-- Up-to-date: /home/shaalekh/Desktop/ros2_ws/install/customs/include/customs/customs/msg/detail/num__type_support.c
-- Up-to-date: /home/shaalekh/Desktop/ros2_ws/install/customs/include/customs/customs/msg/rosidl_typesupport_introspection_c__visibility_control.h
-- Up-to-date: /home/shaalekh/Desktop/ros2_ws/install/customs/lib/libcustoms__rosidl_typesupport_introspection_c.so
-- Up-to-date: /home/shaalekh/Desktop/ros2_ws/install/customs/lib/libcustoms__rosidl_typesupport_c.so
-- Up-to-date: /home/shaalekh/Desktop/ros2_ws/install/customs/include/customs/customs
-- Up-to-date: /home/shaalekh/Desktop/ros2_ws/install/customs/include/customs/customs/srv
-- Up-to-date: /home/shaalekh/Desktop/ros2_ws/install/customs/include/customs/customs/srv/detail
-- Up-to-date: /home/shaalekh/Desktop/ros2_ws/install/customs/include/customs/customs/srv/detail/add_three_ints__type_support.cpp
-- Up-to-date: /home/shaalekh/Desktop/ros2_ws/install/customs/include/customs/customs/srv/detail/add_three_ints__rosidl_typesupport_introspection_cpp.hpp
-- Up-to-date: /home/shaalekh/Desktop/ros2_ws/install/customs/include/customs/customs/msg
-- Up-to-date: /home/shaalekh/Desktop/ros2_ws/install/customs/include/customs/customs/msg/detail
-- Up-to-date: /home/shaalekh/Desktop/ros2_ws/install/customs/include/customs/customs/msg/detail/num__rosidl_typesupport_introspection_cpp.hpp
-- Up-to-date: /home/shaalekh/Desktop/ros2_ws/install/customs/include/customs/customs/msg/detail/num__type_support.cpp
-- Up-to-date: /home/shaalekh/Desktop/ros2_ws/install/customs/include/customs/customs/msg/detail/sphere__rosidl_typesupport_introspection_cpp.hpp
-- Up-to-date: /home/shaalekh/Desktop/ros2_ws/install/customs/include/customs/customs/msg/detail/sphere__type_support.cpp
-- Up-to-date: /home/shaalekh/Desktop/ros2_ws/install/customs/lib/libcustoms__rosidl_typesupport_introspection_cpp.so
-- Up-to-date: /home/shaalekh/Desktop/ros2_ws/install/customs/lib/libcustoms__rosidl_typesupport_cpp.so
-- Up-to-date: /home/shaalekh/Desktop/ros2_ws/install/customs/share/customs/environment/pythonpath.sh
-- Up-to-date: /home/shaalekh/Desktop/ros2_ws/install/customs/share/customs/environment/pythonpath.dsv
-- Up-to-date: /home/shaalekh/Desktop/ros2_ws/install/customs/lib/python3.12/site-packages/customs-0.0.0-py3.12.egg-info
-- Installing: /home/shaalekh/Desktop/ros2_ws/install/customs/lib/python3.12/site-packages/customs-0.0.0-py3.12.egg-info/dependency_links.txt
-- Installing: /home/shaalekh/Desktop/ros2_ws/install/customs/lib/python3.12/site-packages/customs-0.0.0-py3.12.egg-info/PKG-INFO
-- Installing: /home/shaalekh/Desktop/ros2_ws/install/customs/lib/python3.12/site-packages/customs-0.0.0-py3.12.egg-info/top_level.txt
-- Installing: /home/shaalekh/Desktop/ros2_ws/install/customs/lib/python3.12/site-packages/customs-0.0.0-py3.12.egg-info/SOURCES.txt
-- Up-to-date: /home/shaalekh/Desktop/ros2_ws/install/customs/lib/python3.12/site-packages/customs
-- Up-to-date: /home/shaalekh/Desktop/ros2_ws/install/customs/lib/python3.12/site-packages/customs/_customs_s.ep.rosidl_typesupport_introspection_c.c
-- Up-to-date: /home/shaalekh/Desktop/ros2_ws/install/customs/lib/python3.12/site-packages/customs/customs_s__rosidl_typesupport_fastrtps_c.so
-- Up-to-date: /home/shaalekh/Desktop/ros2_ws/install/customs/lib/python3.12/site-packages/customs/srv
-- Up-to-date: /home/shaalekh/Desktop/ros2_ws/install/customs/lib/python3.12/site-packages/customs/srv/_add_three_ints.py
-- Up-to-date: /home/shaalekh/Desktop/ros2_ws/install/customs/lib/python3.12/site-packages/customs/srv/_add_three_ints_s.c
-- Up-to-date: /home/shaalekh/Desktop/ros2_ws/install/customs/lib/python3.12/site-packages/customs/srv/__init__.py
-- Up-to-date: /home/shaalekh/Desktop/ros2_ws/install/customs/lib/python3.12/site-packages/customs/_customs_s.ep.rosidl_typesupport_fastrtps_c.c
-- Up-to-date: /home/shaalekh/Desktop/ros2_ws/install/customs/lib/python3.12/site-packages/customs/customs_s__rosidl_typesupport_c.so
-- Up-to-date: /home/shaalekh/Desktop/ros2_ws/install/customs/lib/python3.12/site-packages/customs/__init__.py
-- Up-to-date: /home/shaalekh/Desktop/ros2_ws/install/customs/lib/python3.12/site-packages/customs/_customs_s.ep.rosidl_typesupport_c.c
-- Up-to-date: /home/shaalekh/Desktop/ros2_ws/install/customs/lib/python3.12/site-packages/customs/msg
-- Up-to-date: /home/shaalekh/Desktop/ros2_ws/install/customs/lib/python3.12/site-packages/customs/msg/_sphere_s.c
-- Up-to-date: /home/shaalekh/Desktop/ros2_ws/install/customs/lib/python3.12/site-packages/customs/msg/_num_s.c
-- Up-to-date: /home/shaalekh/Desktop/ros2_ws/install/customs/lib/python3.12/site-packages/customs/msg/_sphere.py
-- Up-to-date: /home/shaalekh/Desktop/ros2_ws/install/customs/lib/python3.12/site-packages/customs/msg/__init__.py
-- Up-to-date: /home/shaalekh/Desktop/ros2_ws/install/customs/lib/python3.12/site-packages/customs/msg/_num.py
-- Up-to-date: /home/shaalekh/Desktop/ros2_ws/install/customs/lib/python3.12/site-packages/customs/customs_s__rosidl_typesupport_introspection_c.so
Listing '/home/shaalekh/Desktop/ros2_ws/install/customs/lib/python3.12/site-packages/customs'...
Listing '/home/shaalekh/Desktop/ros2_ws/install/customs/lib/python3.12/site-packages/customs/msg'...
Listing '/home/shaalekh/Desktop/ros2_ws/install/customs/lib/python3.12/site-packages/customs/srv'...
-- Up-to-date: /home/shaalekh/Desktop/ros2_ws/install/customs/lib/python3.12/site-packages/customs/customs_s__rosidl_typesupport_fastrtps_c.so
-- Up-to-date: /home/shaalekh/Desktop/ros2_ws/install/customs/lib/python3.12/site-packages/customs/customs_s__rosidl_typesupport_introspection_c.so
-- Up-to-date: /home/shaalekh/Desktop/ros2_ws/install/customs/lib/python3.12/site-packages/customs/customs_s__rosidl_typesupport_c.so
-- Up-to-date: /home/shaalekh/Desktop/ros2_ws/install/customs/lib/libcustoms__rosidl_generator_py.so
-- Up-to-date: /home/shaalekh/Desktop/ros2_ws/install/customs/share/customs/msg/Num.idl
-- Up-to-date: /home/shaalekh/Desktop/ros2_ws/install/customs/share/customs/msg/Sphere.idl
-- Up-to-date: /home/shaalekh/Desktop/ros2_ws/install/customs/share/customs/srv/AddThreeInts.idl
-- Up-to-date: /home/shaalekh/Desktop/ros2_ws/install/customs/share/customs/msg/Num.msg
-- Up-to-date: /home/shaalekh/Desktop/ros2_ws/install/customs/share/customs/msg/Sphere.msg
-- Up-to-date: /home/shaalekh/Desktop/ros2_ws/install/customs/share/customs/srv/AddThreeInts.srv
-- Up-to-date: /home/shaalekh/Desktop/ros2_ws/install/customs/share/ament_index/resource_index/package_run_dependencies/customs
-- Up-to-date: /home/shaalekh/Desktop/ros2_ws/install/customs/share/ament_index/resource_index/parent_prefix_path/customs
-- Up-to-date: /home/shaalekh/Desktop/ros2_ws/install/customs/share/customs/environment/ament_prefix_path.sh
-- Up-to-date: /home/shaalekh/Desktop/ros2_ws/install/customs/share/customs/environment/ament_prefix_path.dsv
-- Up-to-date: /home/shaalekh/Desktop/ros2_ws/install/customs/share/customs/environment/path.sh
-- Up-to-date: /home/shaalekh/Desktop/ros2_ws/install/customs/share/customs/environment/path.dsv
-- Up-to-date: /home/shaalekh/Desktop/ros2_ws/install/customs/share/customs/local_setup.bash
-- Up-to-date: /home/shaalekh/Desktop/ros2_ws/install/customs/share/customs/local_setup.sh
-- Up-to-date: /home/shaalekh/Desktop/ros2_ws/install/customs/share/customs/local_setup.zsh
-- Up-to-date: /home/shaalekh/Desktop/ros2_ws/install/customs/share/customs/local_setup.dsv
-- Installing: /home/shaalekh/Desktop/ros2_ws/install/customs/share/customs/package.dsv
-- Up-to-date: /home/shaalekh/Desktop/ros2_ws/install/customs/share/ament_index/resource_index/packages/customs
-- Up-to-date: /home/shaalekh/Desktop/ros2_ws/install/customs/share/customs/cmake/export_customs__rosidl_generator_cExport.cmake
-- Up-to-date: /home/shaalekh/Desktop/ros2_ws/install/customs/share/customs/cmake/export_customs__rosidl_generator_cExport-noconfig.cmake
-- Up-to-date: /home/shaalekh/Desktop/ros2_ws/install/customs/share/customs/cmake/export_customs__rosidl_typesupport_fastrtps_cExport.cmake
-- Up-to-date: /home/shaalekh/Desktop/ros2_ws/install/customs/share/customs/cmake/export_customs__rosidl_typesupport_fastrtps_cExport-noconfig.cmake
-- Up-to-date: /home/shaalekh/Desktop/ros2_ws/install/customs/share/customs/cmake/export_customs__rosidl_generator_cppExport.cmake
-- Up-to-date: /home/shaalekh/Desktop/ros2_ws/install/customs/share/customs/cmake/export_customs__rosidl_typesupport_fastrtps_cppExport.cmake
-- Up-to-date: /home/shaalekh/Desktop/ros2_ws/install/customs/share/customs/cmake/export_customs__rosidl_typesupport_fastrtps_cppExport-noconfig.cmake
-- Up-to-date: /home/shaalekh/Desktop/ros2_ws/install/customs/share/customs/cmake/customs__rosidl_typesupport_introspection_cExport.cmake
-- Up-to-date: /home/shaalekh/Desktop/ros2_ws/install/customs/share/customs/cmake/customs__rosidl_typesupport_introspection_cExport-noconfig.cmake
-- Up-to-date: /home/shaalekh/Desktop/ros2_ws/install/customs/share/customs/cmake/customs__rosidl_typesupport_cExport.cmake
-- Up-to-date: /home/shaalekh/Desktop/ros2_ws/install/customs/share/customs/cmake/customs__rosidl_typesupport_cExport-noconfig.cmake
-- Up-to-date: /home/shaalekh/Desktop/ros2_ws/install/customs/share/customs/cmake/customs__rosidl_typesupport_introspection_cppExport.cmake
-- Up-to-date: /home/shaalekh/Desktop/ros2_ws/install/customs/share/customs/cmake/customs__rosidl_typesupport_introspection_cppExport-noconfig.cmake
-- Up-to-date: /home/shaalekh/Desktop/ros2_ws/install/customs/share/customs/cmake/customs__rosidl_typesupport_cppExport.cmake
-- Up-to-date: /home/shaalekh/Desktop/ros2_ws/install/customs/share/customs/cmake/customs__rosidl_typesupport_cppExport-noconfig.cmake
-- Up-to-date: /home/shaalekh/Desktop/ros2_ws/install/customs/share/customs/cmake/export_customs__rosidl_generator_pyExport.cmake
-- Up-to-date: /home/shaalekh/Desktop/ros2_ws/install/customs/share/customs/cmake/export_customs__rosidl_generator_pyExport-noconfig.cmake
-- Up-to-date: /home/shaalekh/Desktop/ros2_ws/install/customs/share/customs/cmake/rosidl_cmake-extras.cmake
-- Up-to-date: /home/shaalekh/Desktop/ros2_ws/install/customs/share/customs/cmake/ament_cmake_export_dependencies-extras.cmake
-- Up-to-date: /home/shaalekh/Desktop/ros2_ws/install/customs/share/customs/cmake/ament_cmake_export_include_directories-extras.cmake
-- Up-to-date: /home/shaalekh/Desktop/ros2_ws/install/customs/share/customs/cmake/ament_cmake_export_libraries-extras.cmake
-- Up-to-date: /home/shaalekh/Desktop/ros2_ws/install/customs/share/customs/cmake/ament_cmake_export_targets-extras.cmake
-- Up-to-date: /home/shaalekh/Desktop/ros2_ws/install/customs/share/customs/cmake/rosidl_cmake_export_typesupport_targets-extras.cmake
-- Up-to-date: /home/shaalekh/Desktop/ros2_ws/install/customs/share/customs/cmake/rosidl_cmake_export_typesupport_libraries-extras.cmake
-- Up-to-date: /home/shaalekh/Desktop/ros2_ws/install/customs/share/customs/cmake/customsConfig.cmake
-- Up-to-date: /home/shaalekh/Desktop/ros2_ws/install/customs/share/customs/cmake/customsConfig-version.cmake
-- Up-to-date: /home/shaalekh/Desktop/ros2_ws/install/customs/share/customs/package.xml
