[2.214s] Invoking command in '/home/shaalekh/Desktop/ros2_ws/src/maha_params': DEBUGINFOD_URLS=https://debuginfod.ubuntu.com PYTHONPATH=/home/shaalekh/Desktop/ros2_ws/build/maha_params/prefix_override:/usr/lib/python3/dist-packages/colcon_core/task/python/colcon_distutils_commands:/home/shaalekh/Desktop/ros2_ws/install/maha_params/lib/python3.12/site-packages:${PYTHONPATH} /usr/bin/python3 -W ignore:setup.py install is deprecated -W ignore:easy_install command is deprecated setup.py egg_info --egg-base ../../build/maha_params build --build-base /home/shaalekh/Desktop/ros2_ws/build/maha_params/build install --record /home/shaalekh/Desktop/ros2_ws/build/maha_params/install.log --single-version-externally-managed install_data
[2.588s] running egg_info
[2.611s] writing ../../build/maha_params/maha_params.egg-info/PKG-INFO
[2.612s] writing dependency_links to ../../build/maha_params/maha_params.egg-info/dependency_links.txt
[2.613s] writing entry points to ../../build/maha_params/maha_params.egg-info/entry_points.txt
[2.613s] writing requirements to ../../build/maha_params/maha_params.egg-info/requires.txt
[2.614s] writing top-level names to ../../build/maha_params/maha_params.egg-info/top_level.txt
[2.670s] reading manifest file '../../build/maha_params/maha_params.egg-info/SOURCES.txt'
[2.670s] adding license file 'LICENSE'
[2.671s] writing manifest file '../../build/maha_params/maha_params.egg-info/SOURCES.txt'
[2.671s] running build
[2.671s] running build_py
[2.672s] running install
[2.682s] running install_lib
[2.706s] running install_data
[2.706s] running install_egg_info
[2.738s] removing '/home/shaalekh/Desktop/ros2_ws/install/maha_params/lib/python3.12/site-packages/maha_params-0.0.0-py3.12.egg-info' (and everything under it)
[2.739s] Copying ../../build/maha_params/maha_params.egg-info to /home/shaalekh/Desktop/ros2_ws/install/maha_params/lib/python3.12/site-packages/maha_params-0.0.0-py3.12.egg-info
[2.740s] running install_scripts
[2.940s] Installing my_parameter script to /home/shaalekh/Desktop/ros2_ws/install/maha_params/lib/maha_params
[2.941s] Installing param_node script to /home/shaalekh/Desktop/ros2_ws/install/maha_params/lib/maha_params
[2.942s] Installing param_timer_node script to /home/shaalekh/Desktop/ros2_ws/install/maha_params/lib/maha_params
[2.943s] writing list of installed files to '/home/shaalekh/Desktop/ros2_ws/build/maha_params/install.log'
[3.055s] Invoked command in '/home/shaalekh/Desktop/ros2_ws/src/maha_params' returned '0': DEBUGINFOD_URLS=https://debuginfod.ubuntu.com PYTHONPATH=/home/shaalekh/Desktop/ros2_ws/build/maha_params/prefix_override:/usr/lib/python3/dist-packages/colcon_core/task/python/colcon_distutils_commands:/home/shaalekh/Desktop/ros2_ws/install/maha_params/lib/python3.12/site-packages:${PYTHONPATH} /usr/bin/python3 -W ignore:setup.py install is deprecated -W ignore:easy_install command is deprecated setup.py egg_info --egg-base ../../build/maha_params build --build-base /home/shaalekh/Desktop/ros2_ws/build/maha_params/build install --record /home/shaalekh/Desktop/ros2_ws/build/maha_params/install.log --single-version-externally-managed install_data
