running egg_info
creating ../../build/learning_tf2/learning_tf2.egg-info
writing ../../build/learning_tf2/learning_tf2.egg-info/PKG-INFO
writing dependency_links to ../../build/learning_tf2/learning_tf2.egg-info/dependency_links.txt
writing entry points to ../../build/learning_tf2/learning_tf2.egg-info/entry_points.txt
writing requirements to ../../build/learning_tf2/learning_tf2.egg-info/requires.txt
writing top-level names to ../../build/learning_tf2/learning_tf2.egg-info/top_level.txt
writing manifest file '../../build/learning_tf2/learning_tf2.egg-info/SOURCES.txt'
reading manifest file '../../build/learning_tf2/learning_tf2.egg-info/SOURCES.txt'
adding license file 'LICENSE'
writing manifest file '../../build/learning_tf2/learning_tf2.egg-info/SOURCES.txt'
running build
running build_py
creating /home/shaalekh/Desktop/ros2_ws/build/learning_tf2/build
creating /home/shaalekh/Desktop/ros2_ws/build/learning_tf2/build/lib
creating /home/shaalekh/Desktop/ros2_ws/build/learning_tf2/build/lib/learning_tf2
copying learning_tf2/__init__.py -> /home/shaalekh/Desktop/ros2_ws/build/learning_tf2/build/lib/learning_tf2
copying learning_tf2/static_turtle_tf2_broadcaster.py -> /home/shaalekh/Desktop/ros2_ws/build/learning_tf2/build/lib/learning_tf2
running install
running install_lib
creating /home/shaalekh/Desktop/ros2_ws/install/learning_tf2/lib/python3.12/site-packages/learning_tf2
copying /home/shaalekh/Desktop/ros2_ws/build/learning_tf2/build/lib/learning_tf2/__init__.py -> /home/shaalekh/Desktop/ros2_ws/install/learning_tf2/lib/python3.12/site-packages/learning_tf2
copying /home/shaalekh/Desktop/ros2_ws/build/learning_tf2/build/lib/learning_tf2/static_turtle_tf2_broadcaster.py -> /home/shaalekh/Desktop/ros2_ws/install/learning_tf2/lib/python3.12/site-packages/learning_tf2
byte-compiling /home/shaalekh/Desktop/ros2_ws/install/learning_tf2/lib/python3.12/site-packages/learning_tf2/__init__.py to __init__.cpython-312.pyc
byte-compiling /home/shaalekh/Desktop/ros2_ws/install/learning_tf2/lib/python3.12/site-packages/learning_tf2/static_turtle_tf2_broadcaster.py to static_turtle_tf2_broadcaster.cpython-312.pyc
running install_data
creating /home/shaalekh/Desktop/ros2_ws/install/learning_tf2/share/ament_index
creating /home/shaalekh/Desktop/ros2_ws/install/learning_tf2/share/ament_index/resource_index
creating /home/shaalekh/Desktop/ros2_ws/install/learning_tf2/share/ament_index/resource_index/packages
copying resource/learning_tf2 -> /home/shaalekh/Desktop/ros2_ws/install/learning_tf2/share/ament_index/resource_index/packages
copying package.xml -> /home/shaalekh/Desktop/ros2_ws/install/learning_tf2/share/learning_tf2
running install_egg_info
Copying ../../build/learning_tf2/learning_tf2.egg-info to /home/shaalekh/Desktop/ros2_ws/install/learning_tf2/lib/python3.12/site-packages/learning_tf2-0.0.0-py3.12.egg-info
running install_scripts
Installing static_turtle_tf2_broadcaster script to /home/shaalekh/Desktop/ros2_ws/install/learning_tf2/lib/learning_tf2
writing list of installed files to '/home/shaalekh/Desktop/ros2_ws/build/learning_tf2/install.log'
