[1.478s] Invoking command in '/home/shaalekh/Desktop/ros2_ws/src/learning_tf2': DEBUGINFOD_URLS=https://debuginfod.ubuntu.com PYTHONPATH=/home/shaalekh/Desktop/ros2_ws/build/learning_tf2/prefix_override:/usr/lib/python3/dist-packages/colcon_core/task/python/colcon_distutils_commands:/home/shaalekh/Desktop/ros2_ws/install/learning_tf2/lib/python3.12/site-packages:${PYTHONPATH} /usr/bin/python3 -W ignore:setup.py install is deprecated -W ignore:easy_install command is deprecated setup.py egg_info --egg-base ../../build/learning_tf2 build --build-base /home/shaalekh/Desktop/ros2_ws/build/learning_tf2/build install --record /home/shaalekh/Desktop/ros2_ws/build/learning_tf2/install.log --single-version-externally-managed install_data
[1.861s] running egg_info
[1.862s] creating ../../build/learning_tf2/learning_tf2.egg-info
[1.885s] writing ../../build/learning_tf2/learning_tf2.egg-info/PKG-INFO
[1.886s] writing dependency_links to ../../build/learning_tf2/learning_tf2.egg-info/dependency_links.txt
[1.886s] writing entry points to ../../build/learning_tf2/learning_tf2.egg-info/entry_points.txt
[1.886s] writing requirements to ../../build/learning_tf2/learning_tf2.egg-info/requires.txt
[1.886s] writing top-level names to ../../build/learning_tf2/learning_tf2.egg-info/top_level.txt
[1.887s] writing manifest file '../../build/learning_tf2/learning_tf2.egg-info/SOURCES.txt'
[1.944s] reading manifest file '../../build/learning_tf2/learning_tf2.egg-info/SOURCES.txt'
[1.944s] adding license file 'LICENSE'
[1.945s] writing manifest file '../../build/learning_tf2/learning_tf2.egg-info/SOURCES.txt'
[1.945s] running build
[1.945s] running build_py
[1.946s] creating /home/shaalekh/Desktop/ros2_ws/build/learning_tf2/build
[1.946s] creating /home/shaalekh/Desktop/ros2_ws/build/learning_tf2/build/lib
[1.946s] creating /home/shaalekh/Desktop/ros2_ws/build/learning_tf2/build/lib/learning_tf2
[1.946s] copying learning_tf2/__init__.py -> /home/shaalekh/Desktop/ros2_ws/build/learning_tf2/build/lib/learning_tf2
[1.946s] copying learning_tf2/static_turtle_tf2_broadcaster.py -> /home/shaalekh/Desktop/ros2_ws/build/learning_tf2/build/lib/learning_tf2
[1.947s] running install
[1.957s] running install_lib
[1.983s] creating /home/shaalekh/Desktop/ros2_ws/install/learning_tf2/lib/python3.12/site-packages/learning_tf2
[1.983s] copying /home/shaalekh/Desktop/ros2_ws/build/learning_tf2/build/lib/learning_tf2/__init__.py -> /home/shaalekh/Desktop/ros2_ws/install/learning_tf2/lib/python3.12/site-packages/learning_tf2
[1.983s] copying /home/shaalekh/Desktop/ros2_ws/build/learning_tf2/build/lib/learning_tf2/static_turtle_tf2_broadcaster.py -> /home/shaalekh/Desktop/ros2_ws/install/learning_tf2/lib/python3.12/site-packages/learning_tf2
[1.984s] byte-compiling /home/shaalekh/Desktop/ros2_ws/install/learning_tf2/lib/python3.12/site-packages/learning_tf2/__init__.py to __init__.cpython-312.pyc
[1.984s] byte-compiling /home/shaalekh/Desktop/ros2_ws/install/learning_tf2/lib/python3.12/site-packages/learning_tf2/static_turtle_tf2_broadcaster.py to static_turtle_tf2_broadcaster.cpython-312.pyc
[1.985s] running install_data
[1.986s] creating /home/shaalekh/Desktop/ros2_ws/install/learning_tf2/share/ament_index
[1.986s] creating /home/shaalekh/Desktop/ros2_ws/install/learning_tf2/share/ament_index/resource_index
[1.986s] creating /home/shaalekh/Desktop/ros2_ws/install/learning_tf2/share/ament_index/resource_index/packages
[1.987s] copying resource/learning_tf2 -> /home/shaalekh/Desktop/ros2_ws/install/learning_tf2/share/ament_index/resource_index/packages
[1.987s] copying package.xml -> /home/shaalekh/Desktop/ros2_ws/install/learning_tf2/share/learning_tf2
[1.987s] running install_egg_info
[2.017s] Copying ../../build/learning_tf2/learning_tf2.egg-info to /home/shaalekh/Desktop/ros2_ws/install/learning_tf2/lib/python3.12/site-packages/learning_tf2-0.0.0-py3.12.egg-info
[2.019s] running install_scripts
[2.206s] Installing static_turtle_tf2_broadcaster script to /home/shaalekh/Desktop/ros2_ws/install/learning_tf2/lib/learning_tf2
[2.210s] writing list of installed files to '/home/shaalekh/Desktop/ros2_ws/build/learning_tf2/install.log'
[2.292s] Invoked command in '/home/shaalekh/Desktop/ros2_ws/src/learning_tf2' returned '0': DEBUGINFOD_URLS=https://debuginfod.ubuntu.com PYTHONPATH=/home/shaalekh/Desktop/ros2_ws/build/learning_tf2/prefix_override:/usr/lib/python3/dist-packages/colcon_core/task/python/colcon_distutils_commands:/home/shaalekh/Desktop/ros2_ws/install/learning_tf2/lib/python3.12/site-packages:${PYTHONPATH} /usr/bin/python3 -W ignore:setup.py install is deprecated -W ignore:easy_install command is deprecated setup.py egg_info --egg-base ../../build/learning_tf2 build --build-base /home/shaalekh/Desktop/ros2_ws/build/learning_tf2/build install --record /home/shaalekh/Desktop/ros2_ws/build/learning_tf2/install.log --single-version-externally-managed install_data
