[0.159s] DEBUG:colcon:Command line arguments: ['/usr/bin/colcon', 'build', '--packages-select', 'maha_params']
[0.159s] DEBUG:colcon:Parsed command line arguments: Namespace(log_base=None, log_level=None, verb_name='build', build_base='build', install_base='install', merge_install=False, symlink_install=False, test_result_base=None, continue_on_error=False, executor='parallel', parallel_workers=4, event_handlers=None, ignore_user_meta=False, metas=['./colcon.meta'], base_paths=['.'], packages_ignore=None, packages_ignore_regex=None, paths=None, packages_up_to=None, packages_up_to_regex=None, packages_above=None, packages_above_and_dependencies=None, packages_above_depth=None, packages_select_by_dep=None, packages_skip_by_dep=None, packages_skip_up_to=None, packages_select_build_failed=False, packages_skip_build_finished=False, packages_select_test_failures=False, packages_skip_test_passed=False, packages_select=['maha_params'], packages_skip=None, packages_select_regex=None, packages_skip_regex=None, packages_start=None, packages_end=None, cmake_args=None, cmake_target=None, cmake_target_skip_unavailable=False, cmake_clean_cache=False, cmake_clean_first=False, cmake_force_configure=False, ament_cmake_args=None, catkin_cmake_args=None, catkin_skip_building_tests=False, verb_parser=<colcon_defaults.argument_parser.defaults.DefaultArgumentsDecorator object at 0xffff90d0c3e0>, verb_extension=<colcon_core.verb.build.BuildVerb object at 0xffff90f1c5f0>, main=<bound method BuildVerb.main of <colcon_core.verb.build.BuildVerb object at 0xffff90f1c5f0>>)
[0.216s] Level 1:colcon.colcon_core.package_discovery:discover_packages(colcon_meta) check parameters
[0.216s] Level 1:colcon.colcon_core.package_discovery:discover_packages(recursive) check parameters
[0.216s] Level 1:colcon.colcon_core.package_discovery:discover_packages(ignore) check parameters
[0.217s] Level 1:colcon.colcon_core.package_discovery:discover_packages(path) check parameters
[0.217s] Level 1:colcon.colcon_core.package_discovery:discover_packages(colcon_meta) discover
[0.217s] Level 1:colcon.colcon_core.package_discovery:discover_packages(recursive) discover
[0.217s] INFO:colcon.colcon_core.package_discovery:Crawling recursively for packages in '/home/shaalekh/Desktop/ros2_ws'
[0.217s] Level 1:colcon.colcon_core.package_identification:_identify(.) by extensions ['ignore', 'ignore_ament_install']
[0.217s] Level 1:colcon.colcon_core.package_identification:_identify(.) by extension 'ignore'
[0.217s] Level 1:colcon.colcon_core.package_identification:_identify(.) by extension 'ignore_ament_install'
[0.217s] Level 1:colcon.colcon_core.package_identification:_identify(.) by extensions ['colcon_pkg']
[0.217s] Level 1:colcon.colcon_core.package_identification:_identify(.) by extension 'colcon_pkg'
[0.217s] Level 1:colcon.colcon_core.package_identification:_identify(.) by extensions ['colcon_meta']
[0.217s] Level 1:colcon.colcon_core.package_identification:_identify(.) by extension 'colcon_meta'
[0.217s] Level 1:colcon.colcon_core.package_identification:_identify(.) by extensions ['ros']
[0.217s] Level 1:colcon.colcon_core.package_identification:_identify(.) by extension 'ros'
[0.254s] Level 1:colcon.colcon_core.package_identification:_identify(.) by extensions ['cmake', 'python']
[0.254s] Level 1:colcon.colcon_core.package_identification:_identify(.) by extension 'cmake'
[0.254s] Level 1:colcon.colcon_core.package_identification:_identify(.) by extension 'python'
[0.254s] Level 1:colcon.colcon_core.package_identification:_identify(.) by extensions ['python_setup_py']
[0.254s] Level 1:colcon.colcon_core.package_identification:_identify(.) by extension 'python_setup_py'
[0.254s] Level 1:colcon.colcon_core.package_identification:_identify(build) by extensions ['ignore', 'ignore_ament_install']
[0.254s] Level 1:colcon.colcon_core.package_identification:_identify(build) by extension 'ignore'
[0.255s] Level 1:colcon.colcon_core.package_identification:_identify(build) ignored
[0.255s] Level 1:colcon.colcon_core.package_identification:_identify(install) by extensions ['ignore', 'ignore_ament_install']
[0.255s] Level 1:colcon.colcon_core.package_identification:_identify(install) by extension 'ignore'
[0.255s] Level 1:colcon.colcon_core.package_identification:_identify(install) ignored
[0.255s] Level 1:colcon.colcon_core.package_identification:_identify(log) by extensions ['ignore', 'ignore_ament_install']
[0.255s] Level 1:colcon.colcon_core.package_identification:_identify(log) by extension 'ignore'
[0.255s] Level 1:colcon.colcon_core.package_identification:_identify(log) ignored
[0.255s] Level 1:colcon.colcon_core.package_identification:_identify(src) by extensions ['ignore', 'ignore_ament_install']
[0.255s] Level 1:colcon.colcon_core.package_identification:_identify(src) by extension 'ignore'
[0.255s] Level 1:colcon.colcon_core.package_identification:_identify(src) by extension 'ignore_ament_install'
[0.255s] Level 1:colcon.colcon_core.package_identification:_identify(src) by extensions ['colcon_pkg']
[0.255s] Level 1:colcon.colcon_core.package_identification:_identify(src) by extension 'colcon_pkg'
[0.256s] Level 1:colcon.colcon_core.package_identification:_identify(src) by extensions ['colcon_meta']
[0.256s] Level 1:colcon.colcon_core.package_identification:_identify(src) by extension 'colcon_meta'
[0.256s] Level 1:colcon.colcon_core.package_identification:_identify(src) by extensions ['ros']
[0.256s] Level 1:colcon.colcon_core.package_identification:_identify(src) by extension 'ros'
[0.256s] Level 1:colcon.colcon_core.package_identification:_identify(src) by extensions ['cmake', 'python']
[0.256s] Level 1:colcon.colcon_core.package_identification:_identify(src) by extension 'cmake'
[0.256s] Level 1:colcon.colcon_core.package_identification:_identify(src) by extension 'python'
[0.256s] Level 1:colcon.colcon_core.package_identification:_identify(src) by extensions ['python_setup_py']
[0.256s] Level 1:colcon.colcon_core.package_identification:_identify(src) by extension 'python_setup_py'
[0.257s] Level 1:colcon.colcon_core.package_identification:_identify(src/customs) by extensions ['ignore', 'ignore_ament_install']
[0.257s] Level 1:colcon.colcon_core.package_identification:_identify(src/customs) by extension 'ignore'
[0.257s] Level 1:colcon.colcon_core.package_identification:_identify(src/customs) by extension 'ignore_ament_install'
[0.257s] Level 1:colcon.colcon_core.package_identification:_identify(src/customs) by extensions ['colcon_pkg']
[0.257s] Level 1:colcon.colcon_core.package_identification:_identify(src/customs) by extension 'colcon_pkg'
[0.257s] Level 1:colcon.colcon_core.package_identification:_identify(src/customs) by extensions ['colcon_meta']
[0.257s] Level 1:colcon.colcon_core.package_identification:_identify(src/customs) by extension 'colcon_meta'
[0.257s] Level 1:colcon.colcon_core.package_identification:_identify(src/customs) by extensions ['ros']
[0.257s] Level 1:colcon.colcon_core.package_identification:_identify(src/customs) by extension 'ros'
[0.260s] DEBUG:colcon.colcon_core.package_identification:Package 'src/customs' with type 'ros.ament_cmake' and name 'customs'
[0.260s] Level 1:colcon.colcon_core.package_identification:_identify(src/maha_params) by extensions ['ignore', 'ignore_ament_install']
[0.260s] Level 1:colcon.colcon_core.package_identification:_identify(src/maha_params) by extension 'ignore'
[0.260s] Level 1:colcon.colcon_core.package_identification:_identify(src/maha_params) by extension 'ignore_ament_install'
[0.261s] Level 1:colcon.colcon_core.package_identification:_identify(src/maha_params) by extensions ['colcon_pkg']
[0.261s] Level 1:colcon.colcon_core.package_identification:_identify(src/maha_params) by extension 'colcon_pkg'
[0.261s] Level 1:colcon.colcon_core.package_identification:_identify(src/maha_params) by extensions ['colcon_meta']
[0.261s] Level 1:colcon.colcon_core.package_identification:_identify(src/maha_params) by extension 'colcon_meta'
[0.261s] Level 1:colcon.colcon_core.package_identification:_identify(src/maha_params) by extensions ['ros']
[0.261s] Level 1:colcon.colcon_core.package_identification:_identify(src/maha_params) by extension 'ros'
[0.261s] DEBUG:colcon.colcon_core.package_identification:Package 'src/maha_params' with type 'ros.ament_python' and name 'maha_params'
[0.262s] Level 1:colcon.colcon_core.package_identification:_identify(src/my_pack) by extensions ['ignore', 'ignore_ament_install']
[0.262s] Level 1:colcon.colcon_core.package_identification:_identify(src/my_pack) by extension 'ignore'
[0.262s] Level 1:colcon.colcon_core.package_identification:_identify(src/my_pack) by extension 'ignore_ament_install'
[0.262s] Level 1:colcon.colcon_core.package_identification:_identify(src/my_pack) by extensions ['colcon_pkg']
[0.262s] Level 1:colcon.colcon_core.package_identification:_identify(src/my_pack) by extension 'colcon_pkg'
[0.262s] Level 1:colcon.colcon_core.package_identification:_identify(src/my_pack) by extensions ['colcon_meta']
[0.262s] Level 1:colcon.colcon_core.package_identification:_identify(src/my_pack) by extension 'colcon_meta'
[0.262s] Level 1:colcon.colcon_core.package_identification:_identify(src/my_pack) by extensions ['ros']
[0.262s] Level 1:colcon.colcon_core.package_identification:_identify(src/my_pack) by extension 'ros'
[0.263s] DEBUG:colcon.colcon_core.package_identification:Package 'src/my_pack' with type 'ros.ament_python' and name 'my_pack'
[0.263s] Level 1:colcon.colcon_core.package_identification:_identify(src/srvcli) by extensions ['ignore', 'ignore_ament_install']
[0.263s] Level 1:colcon.colcon_core.package_identification:_identify(src/srvcli) by extension 'ignore'
[0.263s] Level 1:colcon.colcon_core.package_identification:_identify(src/srvcli) by extension 'ignore_ament_install'
[0.263s] Level 1:colcon.colcon_core.package_identification:_identify(src/srvcli) by extensions ['colcon_pkg']
[0.263s] Level 1:colcon.colcon_core.package_identification:_identify(src/srvcli) by extension 'colcon_pkg'
[0.263s] Level 1:colcon.colcon_core.package_identification:_identify(src/srvcli) by extensions ['colcon_meta']
[0.263s] Level 1:colcon.colcon_core.package_identification:_identify(src/srvcli) by extension 'colcon_meta'
[0.263s] Level 1:colcon.colcon_core.package_identification:_identify(src/srvcli) by extensions ['ros']
[0.263s] Level 1:colcon.colcon_core.package_identification:_identify(src/srvcli) by extension 'ros'
[0.264s] DEBUG:colcon.colcon_core.package_identification:Package 'src/srvcli' with type 'ros.ament_python' and name 'srvcli'
[0.264s] Level 1:colcon.colcon_core.package_discovery:discover_packages(recursive) using defaults
[0.266s] Level 1:colcon.colcon_core.package_discovery:discover_packages(ignore) discover
[0.266s] Level 1:colcon.colcon_core.package_discovery:discover_packages(ignore) using defaults
[0.266s] Level 1:colcon.colcon_core.package_discovery:discover_packages(path) discover
[0.266s] Level 1:colcon.colcon_core.package_discovery:discover_packages(path) using defaults
[0.289s] INFO:colcon.colcon_core.package_selection:Skipping not selected package 'customs' in 'src/customs'
[0.289s] INFO:colcon.colcon_core.package_selection:Skipping not selected package 'my_pack' in 'src/my_pack'
[0.289s] INFO:colcon.colcon_core.package_selection:Skipping not selected package 'srvcli' in 'src/srvcli'
[0.290s] Level 5:colcon.colcon_core.verb:set package 'maha_params' build argument 'cmake_args' from command line to 'None'
[0.290s] Level 5:colcon.colcon_core.verb:set package 'maha_params' build argument 'cmake_target' from command line to 'None'
[0.290s] Level 5:colcon.colcon_core.verb:set package 'maha_params' build argument 'cmake_target_skip_unavailable' from command line to 'False'
[0.290s] Level 5:colcon.colcon_core.verb:set package 'maha_params' build argument 'cmake_clean_cache' from command line to 'False'
[0.290s] Level 5:colcon.colcon_core.verb:set package 'maha_params' build argument 'cmake_clean_first' from command line to 'False'
[0.290s] Level 5:colcon.colcon_core.verb:set package 'maha_params' build argument 'cmake_force_configure' from command line to 'False'
[0.290s] Level 5:colcon.colcon_core.verb:set package 'maha_params' build argument 'ament_cmake_args' from command line to 'None'
[0.290s] Level 5:colcon.colcon_core.verb:set package 'maha_params' build argument 'catkin_cmake_args' from command line to 'None'
[0.290s] Level 5:colcon.colcon_core.verb:set package 'maha_params' build argument 'catkin_skip_building_tests' from command line to 'False'
[0.290s] DEBUG:colcon.colcon_core.verb:Building package 'maha_params' with the following arguments: {'ament_cmake_args': None, 'build_base': '/home/shaalekh/Desktop/ros2_ws/build/maha_params', 'catkin_cmake_args': None, 'catkin_skip_building_tests': False, 'cmake_args': None, 'cmake_clean_cache': False, 'cmake_clean_first': False, 'cmake_force_configure': False, 'cmake_target': None, 'cmake_target_skip_unavailable': False, 'install_base': '/home/shaalekh/Desktop/ros2_ws/install/maha_params', 'merge_install': False, 'path': '/home/shaalekh/Desktop/ros2_ws/src/maha_params', 'symlink_install': False, 'test_result_base': None}
[0.290s] INFO:colcon.colcon_core.executor:Executing jobs using 'parallel' executor
[0.292s] DEBUG:colcon.colcon_parallel_executor.executor.parallel:run_until_complete
[0.293s] INFO:colcon.colcon_ros.task.ament_python.build:Building ROS package in '/home/shaalekh/Desktop/ros2_ws/src/maha_params' with build type 'ament_python'
[0.294s] Level 1:colcon.colcon_core.shell:create_environment_hook('maha_params', 'ament_prefix_path')
[0.306s] INFO:colcon.colcon_core.plugin_system:Skipping extension 'colcon_core.shell.bat': Not used on non-Windows systems
[0.306s] INFO:colcon.colcon_core.shell:Creating environment descriptor '/home/shaalekh/Desktop/ros2_ws/install/maha_params/share/maha_params/hook/ament_prefix_path.dsv'
[0.307s] INFO:colcon.colcon_core.shell:Creating environment hook '/home/shaalekh/Desktop/ros2_ws/install/maha_params/share/maha_params/hook/ament_prefix_path.sh'
[0.308s] DEBUG:colcon.colcon_core.shell:Skip shell extension 'dsv' for command environment
[0.636s] INFO:colcon.colcon_core.task.python.build:Building Python package in '/home/shaalekh/Desktop/ros2_ws/src/maha_params'
[0.636s] DEBUG:colcon.colcon_core.shell:Skip shell extension 'dsv' for command environment
[1.489s] DEBUG:colcon.colcon_core.event_handler.log_command:Invoking command in '/home/shaalekh/Desktop/ros2_ws/src/maha_params': DEBUGINFOD_URLS=https://debuginfod.ubuntu.com PYTHONPATH=/home/shaalekh/Desktop/ros2_ws/build/maha_params/prefix_override:/usr/lib/python3/dist-packages/colcon_core/task/python/colcon_distutils_commands:/home/shaalekh/Desktop/ros2_ws/install/maha_params/lib/python3.12/site-packages:${PYTHONPATH} /usr/bin/python3 -W ignore:setup.py install is deprecated -W ignore:easy_install command is deprecated setup.py egg_info --egg-base ../../build/maha_params build --build-base /home/shaalekh/Desktop/ros2_ws/build/maha_params/build install --record /home/shaalekh/Desktop/ros2_ws/build/maha_params/install.log --single-version-externally-managed install_data
[2.246s] DEBUG:colcon.colcon_core.event_handler.log_command:Invoked command in '/home/shaalekh/Desktop/ros2_ws/src/maha_params' returned '0': DEBUGINFOD_URLS=https://debuginfod.ubuntu.com PYTHONPATH=/home/shaalekh/Desktop/ros2_ws/build/maha_params/prefix_override:/usr/lib/python3/dist-packages/colcon_core/task/python/colcon_distutils_commands:/home/shaalekh/Desktop/ros2_ws/install/maha_params/lib/python3.12/site-packages:${PYTHONPATH} /usr/bin/python3 -W ignore:setup.py install is deprecated -W ignore:easy_install command is deprecated setup.py egg_info --egg-base ../../build/maha_params build --build-base /home/shaalekh/Desktop/ros2_ws/build/maha_params/build install --record /home/shaalekh/Desktop/ros2_ws/build/maha_params/install.log --single-version-externally-managed install_data
[2.252s] Level 1:colcon.colcon_core.environment:checking '/home/shaalekh/Desktop/ros2_ws/install/maha_params' for CMake module files
[2.253s] Level 1:colcon.colcon_core.environment:checking '/home/shaalekh/Desktop/ros2_ws/install/maha_params' for CMake config files
[2.254s] Level 1:colcon.colcon_core.environment:checking '/home/shaalekh/Desktop/ros2_ws/install/maha_params/lib'
[2.254s] Level 1:colcon.colcon_core.environment:checking '/home/shaalekh/Desktop/ros2_ws/install/maha_params/bin'
[2.254s] Level 1:colcon.colcon_core.environment:checking '/home/shaalekh/Desktop/ros2_ws/install/maha_params/lib/pkgconfig/maha_params.pc'
[2.254s] Level 1:colcon.colcon_core.environment:checking '/home/shaalekh/Desktop/ros2_ws/install/maha_params/lib/python3.12/site-packages'
[2.255s] Level 1:colcon.colcon_core.shell:create_environment_hook('maha_params', 'pythonpath')
[2.255s] INFO:colcon.colcon_core.shell:Creating environment descriptor '/home/shaalekh/Desktop/ros2_ws/install/maha_params/share/maha_params/hook/pythonpath.dsv'
[2.256s] INFO:colcon.colcon_core.shell:Creating environment hook '/home/shaalekh/Desktop/ros2_ws/install/maha_params/share/maha_params/hook/pythonpath.sh'
[2.257s] Level 1:colcon.colcon_core.environment:checking '/home/shaalekh/Desktop/ros2_ws/install/maha_params/bin'
[2.257s] Level 1:colcon.colcon_core.environment:create_environment_scripts_only(maha_params)
[2.257s] INFO:colcon.colcon_core.shell:Creating package descriptor '/home/shaalekh/Desktop/ros2_ws/install/maha_params/share/maha_params/package.dsv'
[2.258s] INFO:colcon.colcon_core.shell:Creating package script '/home/shaalekh/Desktop/ros2_ws/install/maha_params/share/maha_params/package.sh'
[2.259s] INFO:colcon.colcon_core.shell:Creating package script '/home/shaalekh/Desktop/ros2_ws/install/maha_params/share/maha_params/package.bash'
[2.261s] INFO:colcon.colcon_core.shell:Creating package script '/home/shaalekh/Desktop/ros2_ws/install/maha_params/share/maha_params/package.zsh'
[2.262s] Level 1:colcon.colcon_core.environment:create_file_with_runtime_dependencies(/home/shaalekh/Desktop/ros2_ws/install/maha_params/share/colcon-core/packages/maha_params)
[2.262s] DEBUG:colcon.colcon_parallel_executor.executor.parallel:closing loop
[2.263s] DEBUG:colcon.colcon_parallel_executor.executor.parallel:loop closed
[2.263s] DEBUG:colcon.colcon_parallel_executor.executor.parallel:run_until_complete finished with '0'
[2.263s] DEBUG:colcon.colcon_core.event_reactor:joining thread
[2.284s] INFO:colcon.colcon_core.plugin_system:Skipping extension 'colcon_notification.desktop_notification.terminal_notifier': Not used on non-Darwin systems
[2.285s] INFO:colcon.colcon_core.plugin_system:Skipping extension 'colcon_notification.desktop_notification.win32': Not used on non-Windows systems
[2.285s] INFO:colcon.colcon_notification.desktop_notification:Sending desktop notification using 'notify2'
[2.318s] DEBUG:colcon.colcon_core.event_reactor:joined thread
[2.318s] INFO:colcon.colcon_core.shell:Creating prefix script '/home/shaalekh/Desktop/ros2_ws/install/local_setup.sh'
[2.320s] INFO:colcon.colcon_core.shell:Creating prefix util module '/home/shaalekh/Desktop/ros2_ws/install/_local_setup_util_sh.py'
[2.323s] INFO:colcon.colcon_core.shell:Creating prefix chain script '/home/shaalekh/Desktop/ros2_ws/install/setup.sh'
[2.326s] INFO:colcon.colcon_core.shell:Creating prefix script '/home/shaalekh/Desktop/ros2_ws/install/local_setup.bash'
[2.327s] INFO:colcon.colcon_core.shell:Creating prefix chain script '/home/shaalekh/Desktop/ros2_ws/install/setup.bash'
[2.329s] INFO:colcon.colcon_core.shell:Creating prefix script '/home/shaalekh/Desktop/ros2_ws/install/local_setup.zsh'
[2.330s] INFO:colcon.colcon_core.shell:Creating prefix chain script '/home/shaalekh/Desktop/ros2_ws/install/setup.zsh'
