running egg_info
creating ../../build/maha_params/maha_params.egg-info
writing ../../build/maha_params/maha_params.egg-info/PKG-INFO
writing dependency_links to ../../build/maha_params/maha_params.egg-info/dependency_links.txt
writing entry points to ../../build/maha_params/maha_params.egg-info/entry_points.txt
writing requirements to ../../build/maha_params/maha_params.egg-info/requires.txt
writing top-level names to ../../build/maha_params/maha_params.egg-info/top_level.txt
writing manifest file '../../build/maha_params/maha_params.egg-info/SOURCES.txt'
reading manifest file '../../build/maha_params/maha_params.egg-info/SOURCES.txt'
adding license file 'LICENSE'
writing manifest file '../../build/maha_params/maha_params.egg-info/SOURCES.txt'
running build
running build_py
creating /home/shaalekh/Desktop/ros2_ws/build/maha_params/build
creating /home/shaalekh/Desktop/ros2_ws/build/maha_params/build/lib
creating /home/shaalekh/Desktop/ros2_ws/build/maha_params/build/lib/maha_params
copying maha_params/param_timer_node.py -> /home/shaalekh/Desktop/ros2_ws/build/maha_params/build/lib/maha_params
copying maha_params/py_parameter.py -> /home/shaalekh/Desktop/ros2_ws/build/maha_params/build/lib/maha_params
copying maha_params/__init__.py -> /home/shaalekh/Desktop/ros2_ws/build/maha_params/build/lib/maha_params
copying maha_params/param_node.py -> /home/shaalekh/Desktop/ros2_ws/build/maha_params/build/lib/maha_params
running install
running install_lib
creating /home/shaalekh/Desktop/ros2_ws/install/maha_params/lib/python3.12/site-packages/maha_params
copying /home/shaalekh/Desktop/ros2_ws/build/maha_params/build/lib/maha_params/param_timer_node.py -> /home/shaalekh/Desktop/ros2_ws/install/maha_params/lib/python3.12/site-packages/maha_params
copying /home/shaalekh/Desktop/ros2_ws/build/maha_params/build/lib/maha_params/py_parameter.py -> /home/shaalekh/Desktop/ros2_ws/install/maha_params/lib/python3.12/site-packages/maha_params
copying /home/shaalekh/Desktop/ros2_ws/build/maha_params/build/lib/maha_params/__init__.py -> /home/shaalekh/Desktop/ros2_ws/install/maha_params/lib/python3.12/site-packages/maha_params
copying /home/shaalekh/Desktop/ros2_ws/build/maha_params/build/lib/maha_params/param_node.py -> /home/shaalekh/Desktop/ros2_ws/install/maha_params/lib/python3.12/site-packages/maha_params
byte-compiling /home/shaalekh/Desktop/ros2_ws/install/maha_params/lib/python3.12/site-packages/maha_params/param_timer_node.py to param_timer_node.cpython-312.pyc
byte-compiling /home/shaalekh/Desktop/ros2_ws/install/maha_params/lib/python3.12/site-packages/maha_params/py_parameter.py to py_parameter.cpython-312.pyc
byte-compiling /home/shaalekh/Desktop/ros2_ws/install/maha_params/lib/python3.12/site-packages/maha_params/__init__.py to __init__.cpython-312.pyc
byte-compiling /home/shaalekh/Desktop/ros2_ws/install/maha_params/lib/python3.12/site-packages/maha_params/param_node.py to param_node.cpython-312.pyc
running install_data
creating /home/shaalekh/Desktop/ros2_ws/install/maha_params/share/ament_index
creating /home/shaalekh/Desktop/ros2_ws/install/maha_params/share/ament_index/resource_index
creating /home/shaalekh/Desktop/ros2_ws/install/maha_params/share/ament_index/resource_index/packages
copying resource/maha_params -> /home/shaalekh/Desktop/ros2_ws/install/maha_params/share/ament_index/resource_index/packages
copying package.xml -> /home/shaalekh/Desktop/ros2_ws/install/maha_params/share/maha_params
running install_egg_info
Copying ../../build/maha_params/maha_params.egg-info to /home/shaalekh/Desktop/ros2_ws/install/maha_params/lib/python3.12/site-packages/maha_params-0.0.0-py3.12.egg-info
running install_scripts
Installing my_parameter script to /home/shaalekh/Desktop/ros2_ws/install/maha_params/lib/maha_params
Installing param_node script to /home/shaalekh/Desktop/ros2_ws/install/maha_params/lib/maha_params
Installing param_timer_node script to /home/shaalekh/Desktop/ros2_ws/install/maha_params/lib/maha_params
writing list of installed files to '/home/shaalekh/Desktop/ros2_ws/build/maha_params/install.log'
