[2.018s] Invoking command in '/home/shaalekh/Desktop/ros2_ws/src/srvcli': DEBUGINFOD_URLS=https://debuginfod.ubuntu.com PYTHONPATH=/home/shaalekh/Desktop/ros2_ws/build/srvcli/prefix_override:/usr/lib/python3/dist-packages/colcon_core/task/python/colcon_distutils_commands:/home/shaalekh/Desktop/ros2_ws/install/srvcli/lib/python3.12/site-packages:${PYTHONPATH} /usr/bin/python3 -W ignore:setup.py install is deprecated -W ignore:easy_install command is deprecated setup.py egg_info --egg-base ../../build/srvcli build --build-base /home/shaalekh/Desktop/ros2_ws/build/srvcli/build install --record /home/shaalekh/Desktop/ros2_ws/build/srvcli/install.log --single-version-externally-managed install_data
[2.380s] running egg_info
[2.407s] writing ../../build/srvcli/srvcli.egg-info/PKG-INFO
[2.410s] writing dependency_links to ../../build/srvcli/srvcli.egg-info/dependency_links.txt
[2.411s] writing entry points to ../../build/srvcli/srvcli.egg-info/entry_points.txt
[2.411s] writing requirements to ../../build/srvcli/srvcli.egg-info/requires.txt
[2.412s] writing top-level names to ../../build/srvcli/srvcli.egg-info/top_level.txt
[2.460s] reading manifest file '../../build/srvcli/srvcli.egg-info/SOURCES.txt'
[2.461s] adding license file 'LICENSE'
[2.462s] writing manifest file '../../build/srvcli/srvcli.egg-info/SOURCES.txt'
[2.462s] running build
[2.462s] running build_py
[2.463s] copying srvcli/client_agent_2.py -> /home/shaalekh/Desktop/ros2_ws/build/srvcli/build/lib/srvcli
[2.464s] running install
[2.473s] running install_lib
[2.502s] copying /home/shaalekh/Desktop/ros2_ws/build/srvcli/build/lib/srvcli/client_agent_2.py -> /home/shaalekh/Desktop/ros2_ws/install/srvcli/lib/python3.12/site-packages/srvcli
[2.503s] byte-compiling /home/shaalekh/Desktop/ros2_ws/install/srvcli/lib/python3.12/site-packages/srvcli/client_agent_2.py to client_agent_2.cpython-312.pyc
[2.504s] running install_data
[2.505s] running install_egg_info
[2.530s] removing '/home/shaalekh/Desktop/ros2_ws/install/srvcli/lib/python3.12/site-packages/srvcli-0.0.0-py3.12.egg-info' (and everything under it)
[2.530s] Copying ../../build/srvcli/srvcli.egg-info to /home/shaalekh/Desktop/ros2_ws/install/srvcli/lib/python3.12/site-packages/srvcli-0.0.0-py3.12.egg-info
[2.532s] running install_scripts
[2.713s] Installing client script to /home/shaalekh/Desktop/ros2_ws/install/srvcli/lib/srvcli
[2.715s] Installing service script to /home/shaalekh/Desktop/ros2_ws/install/srvcli/lib/srvcli
[2.716s] writing list of installed files to '/home/shaalekh/Desktop/ros2_ws/build/srvcli/install.log'
[2.828s] Invoked command in '/home/shaalekh/Desktop/ros2_ws/src/srvcli' returned '0': DEBUGINFOD_URLS=https://debuginfod.ubuntu.com PYTHONPATH=/home/shaalekh/Desktop/ros2_ws/build/srvcli/prefix_override:/usr/lib/python3/dist-packages/colcon_core/task/python/colcon_distutils_commands:/home/shaalekh/Desktop/ros2_ws/install/srvcli/lib/python3.12/site-packages:${PYTHONPATH} /usr/bin/python3 -W ignore:setup.py install is deprecated -W ignore:easy_install command is deprecated setup.py egg_info --egg-base ../../build/srvcli build --build-base /home/shaalekh/Desktop/ros2_ws/build/srvcli/build install --record /home/shaalekh/Desktop/ros2_ws/build/srvcli/install.log --single-version-externally-managed install_data
