[1.200s] Invoking command in '/home/shaalekh/Desktop/ros2_ws/src/maha_params': DEBUGINFOD_URLS=https://debuginfod.ubuntu.com PYTHONPATH=/home/shaalekh/Desktop/ros2_ws/build/maha_params/prefix_override:/usr/lib/python3/dist-packages/colcon_core/task/python/colcon_distutils_commands:/home/shaalekh/Desktop/ros2_ws/install/maha_params/lib/python3.12/site-packages:${PYTHONPATH} /usr/bin/python3 -W ignore:setup.py install is deprecated -W ignore:easy_install command is deprecated setup.py egg_info --egg-base ../../build/maha_params build --build-base /home/shaalekh/Desktop/ros2_ws/build/maha_params/build install --record /home/shaalekh/Desktop/ros2_ws/build/maha_params/install.log --single-version-externally-managed install_data
[1.558s] running egg_info
[1.581s] writing ../../build/maha_params/maha_params.egg-info/PKG-INFO
[1.581s] writing dependency_links to ../../build/maha_params/maha_params.egg-info/dependency_links.txt
[1.619s] writing entry points to ../../build/maha_params/maha_params.egg-info/entry_points.txt
[1.619s] writing requirements to ../../build/maha_params/maha_params.egg-info/requires.txt
[1.619s] writing top-level names to ../../build/maha_params/maha_params.egg-info/top_level.txt
[1.671s] reading manifest file '../../build/maha_params/maha_params.egg-info/SOURCES.txt'
[1.671s] adding license file 'LICENSE'
[1.672s] writing manifest file '../../build/maha_params/maha_params.egg-info/SOURCES.txt'
[1.672s] running build
[1.672s] running build_py
[1.673s] running install
[1.682s] running install_lib
[1.711s] running install_data
[1.711s] running install_egg_info
[1.736s] removing '/home/shaalekh/Desktop/ros2_ws/install/maha_params/lib/python3.12/site-packages/maha_params-0.0.0-py3.12.egg-info' (and everything under it)
[1.737s] Copying ../../build/maha_params/maha_params.egg-info to /home/shaalekh/Desktop/ros2_ws/install/maha_params/lib/python3.12/site-packages/maha_params-0.0.0-py3.12.egg-info
[1.738s] running install_scripts
[1.914s] Installing my_parameter script to /home/shaalekh/Desktop/ros2_ws/install/maha_params/lib/maha_params
[1.915s] Installing param_node script to /home/shaalekh/Desktop/ros2_ws/install/maha_params/lib/maha_params
[1.915s] writing list of installed files to '/home/shaalekh/Desktop/ros2_ws/build/maha_params/install.log'
[1.989s] Invoked command in '/home/shaalekh/Desktop/ros2_ws/src/maha_params' returned '0': DEBUGINFOD_URLS=https://debuginfod.ubuntu.com PYTHONPATH=/home/shaalekh/Desktop/ros2_ws/build/maha_params/prefix_override:/usr/lib/python3/dist-packages/colcon_core/task/python/colcon_distutils_commands:/home/shaalekh/Desktop/ros2_ws/install/maha_params/lib/python3.12/site-packages:${PYTHONPATH} /usr/bin/python3 -W ignore:setup.py install is deprecated -W ignore:easy_install command is deprecated setup.py egg_info --egg-base ../../build/maha_params build --build-base /home/shaalekh/Desktop/ros2_ws/build/maha_params/build install --record /home/shaalekh/Desktop/ros2_ws/build/maha_params/install.log --single-version-externally-managed install_data
