[1.476s] Invoking command in '/home/shaalekh/Desktop/ros2_ws/src/my_services': DEBUGINFOD_URLS=https://debuginfod.ubuntu.com PYTHONPATH=/home/shaalekh/Desktop/ros2_ws/build/my_services/prefix_override:/usr/lib/python3/dist-packages/colcon_core/task/python/colcon_distutils_commands:/home/shaalekh/Desktop/ros2_ws/install/my_services/lib/python3.12/site-packages:${PYTHONPATH} /usr/bin/python3 -W ignore:setup.py install is deprecated -W ignore:easy_install command is deprecated setup.py egg_info --egg-base ../../build/my_services build --build-base /home/shaalekh/Desktop/ros2_ws/build/my_services/build install --record /home/shaalekh/Desktop/ros2_ws/build/my_services/install.log --single-version-externally-managed install_data
[1.832s] running egg_info
[1.856s] writing ../../build/my_services/my_services.egg-info/PKG-INFO
[1.857s] writing dependency_links to ../../build/my_services/my_services.egg-info/dependency_links.txt
[1.857s] writing entry points to ../../build/my_services/my_services.egg-info/entry_points.txt
[1.857s] writing requirements to ../../build/my_services/my_services.egg-info/requires.txt
[1.857s] writing top-level names to ../../build/my_services/my_services.egg-info/top_level.txt
[1.912s] reading manifest file '../../build/my_services/my_services.egg-info/SOURCES.txt'
[1.916s] writing manifest file '../../build/my_services/my_services.egg-info/SOURCES.txt'
[1.916s] running build
[1.916s] running build_py
[1.916s] copying my_services/service_member.py -> /home/shaalekh/Desktop/ros2_ws/build/my_services/build/lib/my_services
[1.916s] copying my_services/client_member.py -> /home/shaalekh/Desktop/ros2_ws/build/my_services/build/lib/my_services
[1.918s] running install
[1.927s] running install_lib
[1.953s] copying /home/shaalekh/Desktop/ros2_ws/build/my_services/build/lib/my_services/service_member.py -> /home/shaalekh/Desktop/ros2_ws/install/my_services/lib/python3.12/site-packages/my_services
[1.954s] copying /home/shaalekh/Desktop/ros2_ws/build/my_services/build/lib/my_services/client_member.py -> /home/shaalekh/Desktop/ros2_ws/install/my_services/lib/python3.12/site-packages/my_services
[1.955s] byte-compiling /home/shaalekh/Desktop/ros2_ws/install/my_services/lib/python3.12/site-packages/my_services/service_member.py to service_member.cpython-312.pyc
[1.955s] byte-compiling /home/shaalekh/Desktop/ros2_ws/install/my_services/lib/python3.12/site-packages/my_services/client_member.py to client_member.cpython-312.pyc
[1.956s] running install_data
[1.956s] running install_egg_info
[1.983s] removing '/home/shaalekh/Desktop/ros2_ws/install/my_services/lib/python3.12/site-packages/my_services-0.0.0-py3.12.egg-info' (and everything under it)
[1.984s] Copying ../../build/my_services/my_services.egg-info to /home/shaalekh/Desktop/ros2_ws/install/my_services/lib/python3.12/site-packages/my_services-0.0.0-py3.12.egg-info
[1.997s] running install_scripts
[2.184s] Installing client script to /home/shaalekh/Desktop/ros2_ws/install/my_services/lib/my_services
[2.185s] Installing service script to /home/shaalekh/Desktop/ros2_ws/install/my_services/lib/my_services
[2.186s] writing list of installed files to '/home/shaalekh/Desktop/ros2_ws/build/my_services/install.log'
[2.270s] Invoked command in '/home/shaalekh/Desktop/ros2_ws/src/my_services' returned '0': DEBUGINFOD_URLS=https://debuginfod.ubuntu.com PYTHONPATH=/home/shaalekh/Desktop/ros2_ws/build/my_services/prefix_override:/usr/lib/python3/dist-packages/colcon_core/task/python/colcon_distutils_commands:/home/shaalekh/Desktop/ros2_ws/install/my_services/lib/python3.12/site-packages:${PYTHONPATH} /usr/bin/python3 -W ignore:setup.py install is deprecated -W ignore:easy_install command is deprecated setup.py egg_info --egg-base ../../build/my_services build --build-base /home/shaalekh/Desktop/ros2_ws/build/my_services/build install --record /home/shaalekh/Desktop/ros2_ws/build/my_services/install.log --single-version-externally-managed install_data
