[1.562s] Invoking command in '/home/shaalekh/Desktop/ros2_ws/src/learning_tf2': DEBUGINFOD_URLS=https://debuginfod.ubuntu.com PYTHONPATH=/home/shaalekh/Desktop/ros2_ws/build/learning_tf2/prefix_override:/usr/lib/python3/dist-packages/colcon_core/task/python/colcon_distutils_commands:/home/shaalekh/Desktop/ros2_ws/install/learning_tf2/lib/python3.12/site-packages:${PYTHONPATH} /usr/bin/python3 -W ignore:setup.py install is deprecated -W ignore:easy_install command is deprecated setup.py egg_info --egg-base ../../build/learning_tf2 build --build-base /home/shaalekh/Desktop/ros2_ws/build/learning_tf2/build install --record /home/shaalekh/Desktop/ros2_ws/build/learning_tf2/install.log --single-version-externally-managed install_data
[1.937s] running egg_info
[1.961s] writing ../../build/learning_tf2/learning_tf2.egg-info/PKG-INFO
[2.004s] writing dependency_links to ../../build/learning_tf2/learning_tf2.egg-info/dependency_links.txt
[2.006s] writing entry points to ../../build/learning_tf2/learning_tf2.egg-info/entry_points.txt
[2.006s] writing requirements to ../../build/learning_tf2/learning_tf2.egg-info/requires.txt
[2.006s] writing top-level names to ../../build/learning_tf2/learning_tf2.egg-info/top_level.txt
[2.060s] reading manifest file '../../build/learning_tf2/learning_tf2.egg-info/SOURCES.txt'
[2.061s] adding license file 'LICENSE'
[2.061s] writing manifest file '../../build/learning_tf2/learning_tf2.egg-info/SOURCES.txt'
[2.062s] running build
[2.062s] running build_py
[2.062s] running install
[2.072s] running install_lib
[2.098s] running install_data
[2.098s] copying launch/turtle_tf2_demo.launch.py -> /home/shaalekh/Desktop/ros2_ws/install/learning_tf2/share/learning_tf2/launch
[2.098s] running install_egg_info
[2.129s] removing '/home/shaalekh/Desktop/ros2_ws/install/learning_tf2/lib/python3.12/site-packages/learning_tf2-0.0.0-py3.12.egg-info' (and everything under it)
[2.130s] Copying ../../build/learning_tf2/learning_tf2.egg-info to /home/shaalekh/Desktop/ros2_ws/install/learning_tf2/lib/python3.12/site-packages/learning_tf2-0.0.0-py3.12.egg-info
[2.132s] running install_scripts
[2.317s] Installing static_turtle_tf2_broadcaster script to /home/shaalekh/Desktop/ros2_ws/install/learning_tf2/lib/learning_tf2
[2.317s] Installing turtle_tf2_broadcaster script to /home/shaalekh/Desktop/ros2_ws/install/learning_tf2/lib/learning_tf2
[2.318s] Installing turtle_tf2_listener script to /home/shaalekh/Desktop/ros2_ws/install/learning_tf2/lib/learning_tf2
[2.318s] writing list of installed files to '/home/shaalekh/Desktop/ros2_ws/build/learning_tf2/install.log'
[2.412s] Invoked command in '/home/shaalekh/Desktop/ros2_ws/src/learning_tf2' returned '0': DEBUGINFOD_URLS=https://debuginfod.ubuntu.com PYTHONPATH=/home/shaalekh/Desktop/ros2_ws/build/learning_tf2/prefix_override:/usr/lib/python3/dist-packages/colcon_core/task/python/colcon_distutils_commands:/home/shaalekh/Desktop/ros2_ws/install/learning_tf2/lib/python3.12/site-packages:${PYTHONPATH} /usr/bin/python3 -W ignore:setup.py install is deprecated -W ignore:easy_install command is deprecated setup.py egg_info --egg-base ../../build/learning_tf2 build --build-base /home/shaalekh/Desktop/ros2_ws/build/learning_tf2/build install --record /home/shaalekh/Desktop/ros2_ws/build/learning_tf2/install.log --single-version-externally-managed install_data
