[0.025s] Invoking command in '/home/shaalekh/Desktop/ros2_ws/build/customs': CMAKE_PREFIX_PATH=${CMAKE_PREFIX_PATH}:/opt/ros/jazzy DEBUGINFOD_URLS=https://debuginfod.ubuntu.com /usr/bin/cmake /home/shaalekh/Desktop/ros2_ws/src/customs -DCMAKE_INSTALL_PREFIX=/home/shaalekh/Desktop/ros2_ws/install/customs
[0.130s] -- The C compiler identification is GNU 13.3.0
[0.235s] -- The CXX compiler identification is GNU 13.3.0
[0.267s] -- Detecting C compiler ABI info
[0.437s] -- Detecting C compiler ABI info - done
[0.452s] -- Check for working C compiler: /usr/bin/cc - skipped
[0.454s] -- Detecting C compile features
[0.454s] -- Detecting C compile features - done
[0.470s] -- Detecting CXX compiler ABI info
[0.650s] -- Detecting CXX compiler ABI info - done
[0.666s] -- Check for working CXX compiler: /usr/bin/c++ - skipped
[0.666s] -- Detecting CXX compile features
[0.667s] -- Detecting CXX compile features - done
[0.670s] -- Found ament_cmake: 2.5.4 (/opt/ros/jazzy/share/ament_cmake/cmake)
[0.893s] -- Found Python3: /usr/bin/python3 (found version "3.12.3") found components: Interpreter 
[1.056s] -- Found geometry_msgs: 5.3.6 (/opt/ros/jazzy/share/geometry_msgs/cmake)
[1.113s] -- Found rosidl_generator_c: 4.6.5 (/opt/ros/jazzy/share/rosidl_generator_c/cmake)
[1.131s] -- Found rosidl_generator_cpp: 4.6.5 (/opt/ros/jazzy/share/rosidl_generator_cpp/cmake)
[1.152s] -- Using all available rosidl_typesupport_c: rosidl_typesupport_fastrtps_c;rosidl_typesupport_introspection_c
[1.176s] -- Using all available rosidl_typesupport_cpp: rosidl_typesupport_fastrtps_cpp;rosidl_typesupport_introspection_cpp
[1.239s] -- Found rosidl_default_generators: 1.6.0 (/opt/ros/jazzy/share/rosidl_default_generators/cmake)
[1.257s] -- Found rosidl_adapter: 4.6.5 (/opt/ros/jazzy/share/rosidl_adapter/cmake)
[2.278s] -- Found ament_cmake_ros: 0.12.0 (/opt/ros/jazzy/share/ament_cmake_ros/cmake)
[3.630s] -- Using all available rosidl_typesupport_c: rosidl_typesupport_fastrtps_c;rosidl_typesupport_introspection_c
[4.160s] -- Using all available rosidl_typesupport_cpp: rosidl_typesupport_fastrtps_cpp;rosidl_typesupport_introspection_cpp
[4.166s] -- Found python_cmake_module: 0.11.1 (/opt/ros/jazzy/share/python_cmake_module/cmake)
[4.381s] -- Found PythonExtra: /usr/bin/python3  
[5.100s] -- Found Python3: /usr/bin/python3 (found version "3.12.3") found components: Interpreter Development NumPy Development.Module Development.Embed 
[5.197s] -- Found ament_lint_auto: 0.17.2 (/opt/ros/jazzy/share/ament_lint_auto/cmake)
[5.238s] -- Added test 'lint_cmake' to check CMake code style
[5.241s] -- Added test 'xmllint' to check XML markup files
[5.246s] -- Configuring done (5.2s)
[5.308s] -- Generating done (0.0s)
[5.330s] -- Build files have been written to: /home/shaalekh/Desktop/ros2_ws/build/customs
[5.350s] Invoked command in '/home/shaalekh/Desktop/ros2_ws/build/customs' returned '0': CMAKE_PREFIX_PATH=${CMAKE_PREFIX_PATH}:/opt/ros/jazzy DEBUGINFOD_URLS=https://debuginfod.ubuntu.com /usr/bin/cmake /home/shaalekh/Desktop/ros2_ws/src/customs -DCMAKE_INSTALL_PREFIX=/home/shaalekh/Desktop/ros2_ws/install/customs
[5.353s] Invoking command in '/home/shaalekh/Desktop/ros2_ws/build/customs': CMAKE_PREFIX_PATH=${CMAKE_PREFIX_PATH}:/opt/ros/jazzy DEBUGINFOD_URLS=https://debuginfod.ubuntu.com /usr/bin/cmake --build /home/shaalekh/Desktop/ros2_ws/build/customs -- -j4 -l4
[5.449s] [  1%] [34m[1mGenerating type hashes for ROS interfaces[0m
[5.465s] [  1%] Built target ament_cmake_python_copy_customs
[5.790s] running egg_info
[5.791s] creating customs.egg-info
[5.796s] [  1%] Built target customs__rosidl_generator_type_description
[5.818s] [  3%] [34m[1mGenerating C code for ROS interfaces[0m
[5.826s] writing customs.egg-info/PKG-INFO
[5.826s] writing dependency_links to customs.egg-info/dependency_links.txt
[5.826s] writing top-level names to customs.egg-info/top_level.txt
[5.826s] writing manifest file 'customs.egg-info/SOURCES.txt'
[5.839s] [  5%] [34m[1mGenerating C++ code for ROS interfaces[0m
[5.908s] reading manifest file 'customs.egg-info/SOURCES.txt'
[5.909s] writing manifest file 'customs.egg-info/SOURCES.txt'
[6.002s] [  5%] Built target ament_cmake_python_build_customs_egg
[6.488s] [  5%] Built target customs__cpp
[6.592s] [  9%] [32mBuilding C object CMakeFiles/customs__rosidl_generator_c.dir/rosidl_generator_c/customs/msg/detail/num__description.c.o[0m
[6.592s] [  9%] [32mBuilding C object CMakeFiles/customs__rosidl_generator_c.dir/rosidl_generator_c/customs/msg/detail/num__type_support.c.o[0m
[6.592s] [ 11%] [32mBuilding C object CMakeFiles/customs__rosidl_generator_c.dir/rosidl_generator_c/customs/msg/detail/sphere__description.c.o[0m
[6.595s] [ 12%] [32mBuilding C object CMakeFiles/customs__rosidl_generator_c.dir/rosidl_generator_c/customs/msg/detail/num__functions.c.o[0m
[6.669s] [ 14%] [32mBuilding C object CMakeFiles/customs__rosidl_generator_c.dir/rosidl_generator_c/customs/msg/detail/sphere__functions.c.o[0m
[6.683s] [ 18%] [32mBuilding C object CMakeFiles/customs__rosidl_generator_c.dir/rosidl_generator_c/customs/msg/detail/sphere__type_support.c.o[0m
[6.683s] [ 18%] [32mBuilding C object CMakeFiles/customs__rosidl_generator_c.dir/rosidl_generator_c/customs/srv/detail/add_three_ints__description.c.o[0m
[6.740s] [ 20%] [32mBuilding C object CMakeFiles/customs__rosidl_generator_c.dir/rosidl_generator_c/customs/srv/detail/add_three_ints__functions.c.o[0m
[6.763s] [ 22%] [32mBuilding C object CMakeFiles/customs__rosidl_generator_c.dir/rosidl_generator_c/customs/srv/detail/add_three_ints__type_support.c.o[0m
[6.876s] [ 24%] [32m[1mLinking C shared library libcustoms__rosidl_generator_c.so[0m
[6.962s] [ 24%] Built target customs__rosidl_generator_c
[6.985s] [ 27%] [34m[1mGenerating C++ type support for eProsima Fast-RTPS[0m
[6.985s] [ 27%] [34m[1mGenerating C type support for eProsima Fast-RTPS[0m
[6.987s] [ 29%] [34m[1mGenerating C introspection for ROS interfaces[0m
[6.987s] [ 31%] [34m[1mGenerating C type support dispatch for ROS interfaces[0m
[7.536s] [ 33%] [32mBuilding CXX object CMakeFiles/customs__rosidl_typesupport_c.dir/rosidl_typesupport_c/customs/msg/num__type_support.cpp.o[0m
[7.653s] [ 35%] [32mBuilding C object CMakeFiles/customs__rosidl_typesupport_introspection_c.dir/rosidl_typesupport_introspection_c/customs/msg/detail/num__type_support.c.o[0m
[7.664s] [ 37%] [32mBuilding CXX object CMakeFiles/customs__rosidl_typesupport_c.dir/rosidl_typesupport_c/customs/msg/sphere__type_support.cpp.o[0m
[7.739s] [ 38%] [32mBuilding C object CMakeFiles/customs__rosidl_typesupport_introspection_c.dir/rosidl_typesupport_introspection_c/customs/msg/detail/sphere__type_support.c.o[0m
[7.759s] [ 40%] [32mBuilding CXX object CMakeFiles/customs__rosidl_typesupport_fastrtps_cpp.dir/rosidl_typesupport_fastrtps_cpp/customs/msg/detail/dds_fastrtps/num__type_support.cpp.o[0m
[7.779s] [ 42%] [32mBuilding CXX object CMakeFiles/customs__rosidl_typesupport_c.dir/rosidl_typesupport_c/customs/srv/add_three_ints__type_support.cpp.o[0m
[7.799s] [ 44%] [32mBuilding CXX object CMakeFiles/customs__rosidl_typesupport_fastrtps_c.dir/rosidl_typesupport_fastrtps_c/customs/msg/detail/num__type_support_c.cpp.o[0m
[7.823s] [ 46%] [32mBuilding C object CMakeFiles/customs__rosidl_typesupport_introspection_c.dir/rosidl_typesupport_introspection_c/customs/srv/detail/add_three_ints__type_support.c.o[0m
[7.884s] [ 48%] [32m[1mLinking CXX shared library libcustoms__rosidl_typesupport_c.so[0m
[7.925s] [ 50%] [32m[1mLinking C shared library libcustoms__rosidl_typesupport_introspection_c.so[0m
[7.985s] [ 50%] Built target customs__rosidl_typesupport_c
[8.007s] [ 51%] [32mBuilding CXX object CMakeFiles/customs__rosidl_typesupport_fastrtps_c.dir/rosidl_typesupport_fastrtps_c/customs/msg/detail/sphere__type_support_c.cpp.o[0m
[8.012s] [ 51%] Built target customs__rosidl_typesupport_introspection_c
[8.047s] [ 53%] [34m[1mGenerating C++ introspection for ROS interfaces[0m
[8.822s] [ 55%] [32mBuilding CXX object CMakeFiles/customs__rosidl_typesupport_introspection_cpp.dir/rosidl_typesupport_introspection_cpp/customs/msg/detail/num__type_support.cpp.o[0m
[8.843s] [ 57%] [32mBuilding CXX object CMakeFiles/customs__rosidl_typesupport_fastrtps_cpp.dir/rosidl_typesupport_fastrtps_cpp/customs/msg/detail/dds_fastrtps/sphere__type_support.cpp.o[0m
[8.854s] [ 59%] [32mBuilding CXX object CMakeFiles/customs__rosidl_typesupport_fastrtps_c.dir/rosidl_typesupport_fastrtps_c/customs/srv/detail/add_three_ints__type_support_c.cpp.o[0m
[9.052s] [ 61%] [34m[1mGenerating C++ type support dispatch for ROS interfaces[0m
[9.587s] [ 62%] [32mBuilding CXX object CMakeFiles/customs__rosidl_typesupport_introspection_cpp.dir/rosidl_typesupport_introspection_cpp/customs/msg/detail/sphere__type_support.cpp.o[0m
[9.682s] [ 64%] [32mBuilding CXX object CMakeFiles/customs__rosidl_typesupport_cpp.dir/rosidl_typesupport_cpp/customs/msg/num__type_support.cpp.o[0m
[9.861s] [ 66%] [32mBuilding CXX object CMakeFiles/customs__rosidl_typesupport_fastrtps_cpp.dir/rosidl_typesupport_fastrtps_cpp/customs/srv/detail/dds_fastrtps/add_three_ints__type_support.cpp.o[0m
[9.982s] [ 68%] [32m[1mLinking CXX shared library libcustoms__rosidl_typesupport_fastrtps_c.so[0m
[10.123s] [ 68%] Built target customs__rosidl_typesupport_fastrtps_c
[10.144s] [ 70%] [32mBuilding CXX object CMakeFiles/customs__rosidl_typesupport_introspection_cpp.dir/rosidl_typesupport_introspection_cpp/customs/srv/detail/add_three_ints__type_support.cpp.o[0m
[10.372s] [ 72%] [32mBuilding CXX object CMakeFiles/customs__rosidl_typesupport_cpp.dir/rosidl_typesupport_cpp/customs/msg/sphere__type_support.cpp.o[0m
[10.391s] [ 74%] [32mBuilding CXX object CMakeFiles/customs__rosidl_typesupport_cpp.dir/rosidl_typesupport_cpp/customs/srv/add_three_ints__type_support.cpp.o[0m
[11.085s] [ 75%] [32m[1mLinking CXX shared library libcustoms__rosidl_typesupport_introspection_cpp.so[0m
[11.249s] [ 77%] [32m[1mLinking CXX shared library libcustoms__rosidl_typesupport_fastrtps_cpp.so[0m
[11.285s] [ 77%] Built target customs__rosidl_typesupport_introspection_cpp
[11.297s] [ 79%] [32m[1mLinking CXX shared library libcustoms__rosidl_typesupport_cpp.so[0m
[11.450s] [ 79%] Built target customs__rosidl_typesupport_fastrtps_cpp
[11.475s] [ 79%] Built target customs__rosidl_typesupport_cpp
[11.513s] [ 79%] Built target customs
[11.551s] [ 81%] [34m[1mGenerating Python code for ROS interfaces[0m
[12.270s] [ 81%] Built target customs__py
[12.308s] [ 87%] [32mBuilding C object CMakeFiles/customs__rosidl_generator_py.dir/rosidl_generator_py/customs/msg/_sphere_s.c.o[0m
[12.308s] [ 87%] [32mBuilding C object CMakeFiles/customs__rosidl_generator_py.dir/rosidl_generator_py/customs/srv/_add_three_ints_s.c.o[0m
[12.308s] [ 87%] [32mBuilding C object CMakeFiles/customs__rosidl_generator_py.dir/rosidl_generator_py/customs/msg/_num_s.c.o[0m
[12.577s] [ 88%] [32m[1mLinking C shared library libcustoms__rosidl_generator_py.so[0m
[12.661s] [ 88%] Built target customs__rosidl_generator_py
[12.701s] [ 92%] [32mBuilding C object CMakeFiles/customs_s__rosidl_typesupport_c.dir/rosidl_generator_py/customs/_customs_s.ep.rosidl_typesupport_c.c.o[0m
[12.701s] [ 92%] [32mBuilding C object CMakeFiles/customs_s__rosidl_typesupport_fastrtps_c.dir/rosidl_generator_py/customs/_customs_s.ep.rosidl_typesupport_fastrtps_c.c.o[0m
[12.702s] [ 94%] [32mBuilding C object CMakeFiles/customs_s__rosidl_typesupport_introspection_c.dir/rosidl_generator_py/customs/_customs_s.ep.rosidl_typesupport_introspection_c.c.o[0m
[12.908s] [ 96%] [32m[1mLinking C shared module rosidl_generator_py/customs/customs_s__rosidl_typesupport_c.so[0m
[12.912s] [ 98%] [32m[1mLinking C shared module rosidl_generator_py/customs/customs_s__rosidl_typesupport_introspection_c.so[0m
[12.914s] [100%] [32m[1mLinking C shared module rosidl_generator_py/customs/customs_s__rosidl_typesupport_fastrtps_c.so[0m
[12.975s] [100%] Built target customs_s__rosidl_typesupport_c
[12.978s] [100%] Built target customs_s__rosidl_typesupport_introspection_c
[12.981s] [100%] Built target customs_s__rosidl_typesupport_fastrtps_c
[13.004s] Invoked command in '/home/shaalekh/Desktop/ros2_ws/build/customs' returned '0': CMAKE_PREFIX_PATH=${CMAKE_PREFIX_PATH}:/opt/ros/jazzy DEBUGINFOD_URLS=https://debuginfod.ubuntu.com /usr/bin/cmake --build /home/shaalekh/Desktop/ros2_ws/build/customs -- -j4 -l4
[13.022s] Invoking command in '/home/shaalekh/Desktop/ros2_ws/build/customs': CMAKE_PREFIX_PATH=${CMAKE_PREFIX_PATH}:/opt/ros/jazzy DEBUGINFOD_URLS=https://debuginfod.ubuntu.com /usr/bin/cmake --install /home/shaalekh/Desktop/ros2_ws/build/customs
[13.036s] -- Install configuration: ""
[13.036s] -- Installing: /home/shaalekh/Desktop/ros2_ws/install/customs/share/ament_index/resource_index/rosidl_interfaces/customs
[13.037s] -- Installing: /home/shaalekh/Desktop/ros2_ws/install/customs/share/customs/msg/Num.json
[13.037s] -- Installing: /home/shaalekh/Desktop/ros2_ws/install/customs/share/customs/msg/Sphere.json
[13.037s] -- Installing: /home/shaalekh/Desktop/ros2_ws/install/customs/share/customs/srv/AddThreeInts.json
[13.037s] -- Installing: /home/shaalekh/Desktop/ros2_ws/install/customs/include/customs/customs
[13.037s] -- Installing: /home/shaalekh/Desktop/ros2_ws/install/customs/include/customs/customs/srv
[13.038s] -- Installing: /home/shaalekh/Desktop/ros2_ws/install/customs/include/customs/customs/srv/add_three_ints.h
[13.038s] -- Installing: /home/shaalekh/Desktop/ros2_ws/install/customs/include/customs/customs/srv/detail
[13.038s] -- Installing: /home/shaalekh/Desktop/ros2_ws/install/customs/include/customs/customs/srv/detail/add_three_ints__description.c
[13.038s] -- Installing: /home/shaalekh/Desktop/ros2_ws/install/customs/include/customs/customs/srv/detail/add_three_ints__functions.c
[13.038s] -- Installing: /home/shaalekh/Desktop/ros2_ws/install/customs/include/customs/customs/srv/detail/add_three_ints__type_support.h
[13.038s] -- Installing: /home/shaalekh/Desktop/ros2_ws/install/customs/include/customs/customs/srv/detail/add_three_ints__struct.h
[13.039s] -- Installing: /home/shaalekh/Desktop/ros2_ws/install/customs/include/customs/customs/srv/detail/add_three_ints__functions.h
[13.039s] -- Installing: /home/shaalekh/Desktop/ros2_ws/install/customs/include/customs/customs/srv/detail/add_three_ints__type_support.c
[13.039s] -- Installing: /home/shaalekh/Desktop/ros2_ws/install/customs/include/customs/customs/msg
[13.039s] -- Installing: /home/shaalekh/Desktop/ros2_ws/install/customs/include/customs/customs/msg/rosidl_generator_c__visibility_control.h
[13.039s] -- Installing: /home/shaalekh/Desktop/ros2_ws/install/customs/include/customs/customs/msg/detail
[13.039s] -- Installing: /home/shaalekh/Desktop/ros2_ws/install/customs/include/customs/customs/msg/detail/num__struct.h
[13.039s] -- Installing: /home/shaalekh/Desktop/ros2_ws/install/customs/include/customs/customs/msg/detail/num__functions.h
[13.040s] -- Installing: /home/shaalekh/Desktop/ros2_ws/install/customs/include/customs/customs/msg/detail/sphere__type_support.c
[13.040s] -- Installing: /home/shaalekh/Desktop/ros2_ws/install/customs/include/customs/customs/msg/detail/num__type_support.h
[13.040s] -- Installing: /home/shaalekh/Desktop/ros2_ws/install/customs/include/customs/customs/msg/detail/num__functions.c
[13.040s] -- Installing: /home/shaalekh/Desktop/ros2_ws/install/customs/include/customs/customs/msg/detail/num__description.c
[13.040s] -- Installing: /home/shaalekh/Desktop/ros2_ws/install/customs/include/customs/customs/msg/detail/sphere__type_support.h
[13.040s] -- Installing: /home/shaalekh/Desktop/ros2_ws/install/customs/include/customs/customs/msg/detail/sphere__struct.h
[13.040s] -- Installing: /home/shaalekh/Desktop/ros2_ws/install/customs/include/customs/customs/msg/detail/sphere__functions.c
[13.040s] -- Installing: /home/shaalekh/Desktop/ros2_ws/install/customs/include/customs/customs/msg/detail/sphere__functions.h
[13.041s] -- Installing: /home/shaalekh/Desktop/ros2_ws/install/customs/include/customs/customs/msg/detail/num__type_support.c
[13.041s] -- Installing: /home/shaalekh/Desktop/ros2_ws/install/customs/include/customs/customs/msg/detail/sphere__description.c
[13.041s] -- Installing: /home/shaalekh/Desktop/ros2_ws/install/customs/include/customs/customs/msg/num.h
[13.041s] -- Installing: /home/shaalekh/Desktop/ros2_ws/install/customs/include/customs/customs/msg/sphere.h
[13.041s] -- Installing: /home/shaalekh/Desktop/ros2_ws/install/customs/share/customs/environment/library_path.sh
[13.041s] -- Installing: /home/shaalekh/Desktop/ros2_ws/install/customs/share/customs/environment/library_path.dsv
[13.042s] -- Installing: /home/shaalekh/Desktop/ros2_ws/install/customs/lib/libcustoms__rosidl_generator_c.so
[13.042s] -- Set non-toolchain portion of runtime path of "/home/shaalekh/Desktop/ros2_ws/install/customs/lib/libcustoms__rosidl_generator_c.so" to ""
[13.043s] -- Up-to-date: /home/shaalekh/Desktop/ros2_ws/install/customs/include/customs/customs
[13.043s] -- Up-to-date: /home/shaalekh/Desktop/ros2_ws/install/customs/include/customs/customs/srv
[13.043s] -- Up-to-date: /home/shaalekh/Desktop/ros2_ws/install/customs/include/customs/customs/srv/detail
[13.043s] -- Installing: /home/shaalekh/Desktop/ros2_ws/install/customs/include/customs/customs/srv/detail/add_three_ints__rosidl_typesupport_fastrtps_c.h
[13.043s] -- Up-to-date: /home/shaalekh/Desktop/ros2_ws/install/customs/include/customs/customs/msg
[13.043s] -- Installing: /home/shaalekh/Desktop/ros2_ws/install/customs/include/customs/customs/msg/rosidl_typesupport_fastrtps_c__visibility_control.h
[13.043s] -- Up-to-date: /home/shaalekh/Desktop/ros2_ws/install/customs/include/customs/customs/msg/detail
[13.043s] -- Installing: /home/shaalekh/Desktop/ros2_ws/install/customs/include/customs/customs/msg/detail/sphere__rosidl_typesupport_fastrtps_c.h
[13.043s] -- Installing: /home/shaalekh/Desktop/ros2_ws/install/customs/include/customs/customs/msg/detail/num__rosidl_typesupport_fastrtps_c.h
[13.043s] -- Installing: /home/shaalekh/Desktop/ros2_ws/install/customs/lib/libcustoms__rosidl_typesupport_fastrtps_c.so
[13.044s] -- Set non-toolchain portion of runtime path of "/home/shaalekh/Desktop/ros2_ws/install/customs/lib/libcustoms__rosidl_typesupport_fastrtps_c.so" to ""
[13.044s] -- Up-to-date: /home/shaalekh/Desktop/ros2_ws/install/customs/include/customs/customs
[13.044s] -- Up-to-date: /home/shaalekh/Desktop/ros2_ws/install/customs/include/customs/customs/srv
[13.044s] -- Up-to-date: /home/shaalekh/Desktop/ros2_ws/install/customs/include/customs/customs/srv/detail
[13.044s] -- Installing: /home/shaalekh/Desktop/ros2_ws/install/customs/include/customs/customs/srv/detail/add_three_ints__builder.hpp
[13.045s] -- Installing: /home/shaalekh/Desktop/ros2_ws/install/customs/include/customs/customs/srv/detail/add_three_ints__struct.hpp
[13.045s] -- Installing: /home/shaalekh/Desktop/ros2_ws/install/customs/include/customs/customs/srv/detail/add_three_ints__type_support.hpp
[13.045s] -- Installing: /home/shaalekh/Desktop/ros2_ws/install/customs/include/customs/customs/srv/detail/add_three_ints__traits.hpp
[13.045s] -- Installing: /home/shaalekh/Desktop/ros2_ws/install/customs/include/customs/customs/srv/add_three_ints.hpp
[13.045s] -- Up-to-date: /home/shaalekh/Desktop/ros2_ws/install/customs/include/customs/customs/msg
[13.045s] -- Installing: /home/shaalekh/Desktop/ros2_ws/install/customs/include/customs/customs/msg/sphere.hpp
[13.045s] -- Up-to-date: /home/shaalekh/Desktop/ros2_ws/install/customs/include/customs/customs/msg/detail
[13.045s] -- Installing: /home/shaalekh/Desktop/ros2_ws/install/customs/include/customs/customs/msg/detail/sphere__traits.hpp
[13.046s] -- Installing: /home/shaalekh/Desktop/ros2_ws/install/customs/include/customs/customs/msg/detail/sphere__builder.hpp
[13.046s] -- Installing: /home/shaalekh/Desktop/ros2_ws/install/customs/include/customs/customs/msg/detail/sphere__struct.hpp
[13.046s] -- Installing: /home/shaalekh/Desktop/ros2_ws/install/customs/include/customs/customs/msg/detail/num__struct.hpp
[13.046s] -- Installing: /home/shaalekh/Desktop/ros2_ws/install/customs/include/customs/customs/msg/detail/num__builder.hpp
[13.046s] -- Installing: /home/shaalekh/Desktop/ros2_ws/install/customs/include/customs/customs/msg/detail/num__type_support.hpp
[13.046s] -- Installing: /home/shaalekh/Desktop/ros2_ws/install/customs/include/customs/customs/msg/detail/sphere__type_support.hpp
[13.047s] -- Installing: /home/shaalekh/Desktop/ros2_ws/install/customs/include/customs/customs/msg/detail/num__traits.hpp
[13.047s] -- Installing: /home/shaalekh/Desktop/ros2_ws/install/customs/include/customs/customs/msg/num.hpp
[13.047s] -- Installing: /home/shaalekh/Desktop/ros2_ws/install/customs/include/customs/customs/msg/rosidl_generator_cpp__visibility_control.hpp
[13.047s] -- Up-to-date: /home/shaalekh/Desktop/ros2_ws/install/customs/include/customs/customs
[13.047s] -- Up-to-date: /home/shaalekh/Desktop/ros2_ws/install/customs/include/customs/customs/srv
[13.047s] -- Up-to-date: /home/shaalekh/Desktop/ros2_ws/install/customs/include/customs/customs/srv/detail
[13.048s] -- Installing: /home/shaalekh/Desktop/ros2_ws/install/customs/include/customs/customs/srv/detail/add_three_ints__rosidl_typesupport_fastrtps_cpp.hpp
[13.048s] -- Installing: /home/shaalekh/Desktop/ros2_ws/install/customs/include/customs/customs/srv/detail/dds_fastrtps
[13.048s] -- Up-to-date: /home/shaalekh/Desktop/ros2_ws/install/customs/include/customs/customs/msg
[13.048s] -- Up-to-date: /home/shaalekh/Desktop/ros2_ws/install/customs/include/customs/customs/msg/detail
[13.048s] -- Installing: /home/shaalekh/Desktop/ros2_ws/install/customs/include/customs/customs/msg/detail/num__rosidl_typesupport_fastrtps_cpp.hpp
[13.048s] -- Installing: /home/shaalekh/Desktop/ros2_ws/install/customs/include/customs/customs/msg/detail/dds_fastrtps
[13.048s] -- Installing: /home/shaalekh/Desktop/ros2_ws/install/customs/include/customs/customs/msg/detail/sphere__rosidl_typesupport_fastrtps_cpp.hpp
[13.049s] -- Installing: /home/shaalekh/Desktop/ros2_ws/install/customs/include/customs/customs/msg/rosidl_typesupport_fastrtps_cpp__visibility_control.h
[13.049s] -- Installing: /home/shaalekh/Desktop/ros2_ws/install/customs/lib/libcustoms__rosidl_typesupport_fastrtps_cpp.so
[13.050s] -- Set non-toolchain portion of runtime path of "/home/shaalekh/Desktop/ros2_ws/install/customs/lib/libcustoms__rosidl_typesupport_fastrtps_cpp.so" to ""
[13.050s] -- Up-to-date: /home/shaalekh/Desktop/ros2_ws/install/customs/include/customs/customs
[13.050s] -- Up-to-date: /home/shaalekh/Desktop/ros2_ws/install/customs/include/customs/customs/srv
[13.051s] -- Up-to-date: /home/shaalekh/Desktop/ros2_ws/install/customs/include/customs/customs/srv/detail
[13.051s] -- Installing: /home/shaalekh/Desktop/ros2_ws/install/customs/include/customs/customs/srv/detail/add_three_ints__rosidl_typesupport_introspection_c.h
[13.051s] -- Installing: /home/shaalekh/Desktop/ros2_ws/install/customs/include/customs/customs/srv/detail/add_three_ints__type_support.c
[13.051s] -- Up-to-date: /home/shaalekh/Desktop/ros2_ws/install/customs/include/customs/customs/msg
[13.051s] -- Up-to-date: /home/shaalekh/Desktop/ros2_ws/install/customs/include/customs/customs/msg/detail
[13.051s] -- Installing: /home/shaalekh/Desktop/ros2_ws/install/customs/include/customs/customs/msg/detail/sphere__rosidl_typesupport_introspection_c.h
[13.051s] -- Installing: /home/shaalekh/Desktop/ros2_ws/install/customs/include/customs/customs/msg/detail/num__rosidl_typesupport_introspection_c.h
[13.051s] -- Installing: /home/shaalekh/Desktop/ros2_ws/install/customs/include/customs/customs/msg/detail/sphere__type_support.c
[13.052s] -- Installing: /home/shaalekh/Desktop/ros2_ws/install/customs/include/customs/customs/msg/detail/num__type_support.c
[13.052s] -- Installing: /home/shaalekh/Desktop/ros2_ws/install/customs/include/customs/customs/msg/rosidl_typesupport_introspection_c__visibility_control.h
[13.052s] -- Installing: /home/shaalekh/Desktop/ros2_ws/install/customs/lib/libcustoms__rosidl_typesupport_introspection_c.so
[13.053s] -- Set non-toolchain portion of runtime path of "/home/shaalekh/Desktop/ros2_ws/install/customs/lib/libcustoms__rosidl_typesupport_introspection_c.so" to ""
[13.053s] -- Installing: /home/shaalekh/Desktop/ros2_ws/install/customs/lib/libcustoms__rosidl_typesupport_c.so
[13.054s] -- Set non-toolchain portion of runtime path of "/home/shaalekh/Desktop/ros2_ws/install/customs/lib/libcustoms__rosidl_typesupport_c.so" to ""
[13.055s] -- Up-to-date: /home/shaalekh/Desktop/ros2_ws/install/customs/include/customs/customs
[13.055s] -- Up-to-date: /home/shaalekh/Desktop/ros2_ws/install/customs/include/customs/customs/srv
[13.055s] -- Up-to-date: /home/shaalekh/Desktop/ros2_ws/install/customs/include/customs/customs/srv/detail
[13.055s] -- Installing: /home/shaalekh/Desktop/ros2_ws/install/customs/include/customs/customs/srv/detail/add_three_ints__type_support.cpp
[13.055s] -- Installing: /home/shaalekh/Desktop/ros2_ws/install/customs/include/customs/customs/srv/detail/add_three_ints__rosidl_typesupport_introspection_cpp.hpp
[13.055s] -- Up-to-date: /home/shaalekh/Desktop/ros2_ws/install/customs/include/customs/customs/msg
[13.055s] -- Up-to-date: /home/shaalekh/Desktop/ros2_ws/install/customs/include/customs/customs/msg/detail
[13.055s] -- Installing: /home/shaalekh/Desktop/ros2_ws/install/customs/include/customs/customs/msg/detail/num__rosidl_typesupport_introspection_cpp.hpp
[13.056s] -- Installing: /home/shaalekh/Desktop/ros2_ws/install/customs/include/customs/customs/msg/detail/num__type_support.cpp
[13.056s] -- Installing: /home/shaalekh/Desktop/ros2_ws/install/customs/include/customs/customs/msg/detail/sphere__rosidl_typesupport_introspection_cpp.hpp
[13.056s] -- Installing: /home/shaalekh/Desktop/ros2_ws/install/customs/include/customs/customs/msg/detail/sphere__type_support.cpp
[13.056s] -- Installing: /home/shaalekh/Desktop/ros2_ws/install/customs/lib/libcustoms__rosidl_typesupport_introspection_cpp.so
[13.058s] -- Set non-toolchain portion of runtime path of "/home/shaalekh/Desktop/ros2_ws/install/customs/lib/libcustoms__rosidl_typesupport_introspection_cpp.so" to ""
[13.058s] -- Installing: /home/shaalekh/Desktop/ros2_ws/install/customs/lib/libcustoms__rosidl_typesupport_cpp.so
[13.059s] -- Set non-toolchain portion of runtime path of "/home/shaalekh/Desktop/ros2_ws/install/customs/lib/libcustoms__rosidl_typesupport_cpp.so" to ""
[13.059s] -- Installing: /home/shaalekh/Desktop/ros2_ws/install/customs/share/customs/environment/pythonpath.sh
[13.060s] -- Installing: /home/shaalekh/Desktop/ros2_ws/install/customs/share/customs/environment/pythonpath.dsv
[13.060s] -- Installing: /home/shaalekh/Desktop/ros2_ws/install/customs/lib/python3.12/site-packages/customs-0.0.0-py3.12.egg-info
[13.061s] -- Installing: /home/shaalekh/Desktop/ros2_ws/install/customs/lib/python3.12/site-packages/customs-0.0.0-py3.12.egg-info/dependency_links.txt
[13.061s] -- Installing: /home/shaalekh/Desktop/ros2_ws/install/customs/lib/python3.12/site-packages/customs-0.0.0-py3.12.egg-info/PKG-INFO
[13.061s] -- Installing: /home/shaalekh/Desktop/ros2_ws/install/customs/lib/python3.12/site-packages/customs-0.0.0-py3.12.egg-info/top_level.txt
[13.061s] -- Installing: /home/shaalekh/Desktop/ros2_ws/install/customs/lib/python3.12/site-packages/customs-0.0.0-py3.12.egg-info/SOURCES.txt
[13.062s] -- Installing: /home/shaalekh/Desktop/ros2_ws/install/customs/lib/python3.12/site-packages/customs
[13.062s] -- Installing: /home/shaalekh/Desktop/ros2_ws/install/customs/lib/python3.12/site-packages/customs/_customs_s.ep.rosidl_typesupport_introspection_c.c
[13.062s] -- Installing: /home/shaalekh/Desktop/ros2_ws/install/customs/lib/python3.12/site-packages/customs/customs_s__rosidl_typesupport_fastrtps_c.so
[13.062s] -- Installing: /home/shaalekh/Desktop/ros2_ws/install/customs/lib/python3.12/site-packages/customs/srv
[13.063s] -- Installing: /home/shaalekh/Desktop/ros2_ws/install/customs/lib/python3.12/site-packages/customs/srv/_add_three_ints.py
[13.065s] -- Installing: /home/shaalekh/Desktop/ros2_ws/install/customs/lib/python3.12/site-packages/customs/srv/_add_three_ints_s.c
[13.066s] -- Installing: /home/shaalekh/Desktop/ros2_ws/install/customs/lib/python3.12/site-packages/customs/srv/__init__.py
[13.066s] -- Installing: /home/shaalekh/Desktop/ros2_ws/install/customs/lib/python3.12/site-packages/customs/_customs_s.ep.rosidl_typesupport_fastrtps_c.c
[13.067s] -- Installing: /home/shaalekh/Desktop/ros2_ws/install/customs/lib/python3.12/site-packages/customs/customs_s__rosidl_typesupport_c.so
[13.067s] -- Installing: /home/shaalekh/Desktop/ros2_ws/install/customs/lib/python3.12/site-packages/customs/__init__.py
[13.067s] -- Installing: /home/shaalekh/Desktop/ros2_ws/install/customs/lib/python3.12/site-packages/customs/_customs_s.ep.rosidl_typesupport_c.c
[13.067s] -- Installing: /home/shaalekh/Desktop/ros2_ws/install/customs/lib/python3.12/site-packages/customs/msg
[13.068s] -- Installing: /home/shaalekh/Desktop/ros2_ws/install/customs/lib/python3.12/site-packages/customs/msg/_sphere_s.c
[13.069s] -- Installing: /home/shaalekh/Desktop/ros2_ws/install/customs/lib/python3.12/site-packages/customs/msg/_num_s.c
[13.069s] -- Installing: /home/shaalekh/Desktop/ros2_ws/install/customs/lib/python3.12/site-packages/customs/msg/_sphere.py
[13.069s] -- Installing: /home/shaalekh/Desktop/ros2_ws/install/customs/lib/python3.12/site-packages/customs/msg/__init__.py
[13.069s] -- Installing: /home/shaalekh/Desktop/ros2_ws/install/customs/lib/python3.12/site-packages/customs/msg/_num.py
[13.070s] -- Installing: /home/shaalekh/Desktop/ros2_ws/install/customs/lib/python3.12/site-packages/customs/customs_s__rosidl_typesupport_introspection_c.so
[13.141s] Listing '/home/shaalekh/Desktop/ros2_ws/install/customs/lib/python3.12/site-packages/customs'...
[13.141s] Compiling '/home/shaalekh/Desktop/ros2_ws/install/customs/lib/python3.12/site-packages/customs/__init__.py'...
[13.141s] Listing '/home/shaalekh/Desktop/ros2_ws/install/customs/lib/python3.12/site-packages/customs/msg'...
[13.141s] Compiling '/home/shaalekh/Desktop/ros2_ws/install/customs/lib/python3.12/site-packages/customs/msg/__init__.py'...
[13.141s] Compiling '/home/shaalekh/Desktop/ros2_ws/install/customs/lib/python3.12/site-packages/customs/msg/_num.py'...
[13.141s] Compiling '/home/shaalekh/Desktop/ros2_ws/install/customs/lib/python3.12/site-packages/customs/msg/_sphere.py'...
[13.141s] Listing '/home/shaalekh/Desktop/ros2_ws/install/customs/lib/python3.12/site-packages/customs/srv'...
[13.141s] Compiling '/home/shaalekh/Desktop/ros2_ws/install/customs/lib/python3.12/site-packages/customs/srv/__init__.py'...
[13.141s] Compiling '/home/shaalekh/Desktop/ros2_ws/install/customs/lib/python3.12/site-packages/customs/srv/_add_three_ints.py'...
[13.153s] -- Installing: /home/shaalekh/Desktop/ros2_ws/install/customs/lib/python3.12/site-packages/customs/customs_s__rosidl_typesupport_fastrtps_c.so
[13.154s] -- Set non-toolchain portion of runtime path of "/home/shaalekh/Desktop/ros2_ws/install/customs/lib/python3.12/site-packages/customs/customs_s__rosidl_typesupport_fastrtps_c.so" to ""
[13.154s] -- Installing: /home/shaalekh/Desktop/ros2_ws/install/customs/lib/python3.12/site-packages/customs/customs_s__rosidl_typesupport_introspection_c.so
[13.155s] -- Set non-toolchain portion of runtime path of "/home/shaalekh/Desktop/ros2_ws/install/customs/lib/python3.12/site-packages/customs/customs_s__rosidl_typesupport_introspection_c.so" to ""
[13.155s] -- Installing: /home/shaalekh/Desktop/ros2_ws/install/customs/lib/python3.12/site-packages/customs/customs_s__rosidl_typesupport_c.so
[13.155s] -- Set non-toolchain portion of runtime path of "/home/shaalekh/Desktop/ros2_ws/install/customs/lib/python3.12/site-packages/customs/customs_s__rosidl_typesupport_c.so" to ""
[13.156s] -- Installing: /home/shaalekh/Desktop/ros2_ws/install/customs/lib/libcustoms__rosidl_generator_py.so
[13.156s] -- Set non-toolchain portion of runtime path of "/home/shaalekh/Desktop/ros2_ws/install/customs/lib/libcustoms__rosidl_generator_py.so" to ""
[13.156s] -- Installing: /home/shaalekh/Desktop/ros2_ws/install/customs/share/customs/msg/Num.idl
[13.156s] -- Installing: /home/shaalekh/Desktop/ros2_ws/install/customs/share/customs/msg/Sphere.idl
[13.157s] -- Installing: /home/shaalekh/Desktop/ros2_ws/install/customs/share/customs/srv/AddThreeInts.idl
[13.157s] -- Installing: /home/shaalekh/Desktop/ros2_ws/install/customs/share/customs/msg/Num.msg
[13.157s] -- Installing: /home/shaalekh/Desktop/ros2_ws/install/customs/share/customs/msg/Sphere.msg
[13.157s] -- Installing: /home/shaalekh/Desktop/ros2_ws/install/customs/share/customs/srv/AddThreeInts.srv
[13.157s] -- Installing: /home/shaalekh/Desktop/ros2_ws/install/customs/share/ament_index/resource_index/package_run_dependencies/customs
[13.158s] -- Installing: /home/shaalekh/Desktop/ros2_ws/install/customs/share/ament_index/resource_index/parent_prefix_path/customs
[13.158s] -- Installing: /home/shaalekh/Desktop/ros2_ws/install/customs/share/customs/environment/ament_prefix_path.sh
[13.158s] -- Installing: /home/shaalekh/Desktop/ros2_ws/install/customs/share/customs/environment/ament_prefix_path.dsv
[13.158s] -- Installing: /home/shaalekh/Desktop/ros2_ws/install/customs/share/customs/environment/path.sh
[13.158s] -- Installing: /home/shaalekh/Desktop/ros2_ws/install/customs/share/customs/environment/path.dsv
[13.159s] -- Installing: /home/shaalekh/Desktop/ros2_ws/install/customs/share/customs/local_setup.bash
[13.159s] -- Installing: /home/shaalekh/Desktop/ros2_ws/install/customs/share/customs/local_setup.sh
[13.159s] -- Installing: /home/shaalekh/Desktop/ros2_ws/install/customs/share/customs/local_setup.zsh
[13.159s] -- Installing: /home/shaalekh/Desktop/ros2_ws/install/customs/share/customs/local_setup.dsv
[13.159s] -- Installing: /home/shaalekh/Desktop/ros2_ws/install/customs/share/customs/package.dsv
[13.160s] -- Installing: /home/shaalekh/Desktop/ros2_ws/install/customs/share/ament_index/resource_index/packages/customs
[13.160s] -- Installing: /home/shaalekh/Desktop/ros2_ws/install/customs/share/customs/cmake/export_customs__rosidl_generator_cExport.cmake
[13.160s] -- Installing: /home/shaalekh/Desktop/ros2_ws/install/customs/share/customs/cmake/export_customs__rosidl_generator_cExport-noconfig.cmake
[13.160s] -- Installing: /home/shaalekh/Desktop/ros2_ws/install/customs/share/customs/cmake/export_customs__rosidl_typesupport_fastrtps_cExport.cmake
[13.160s] -- Installing: /home/shaalekh/Desktop/ros2_ws/install/customs/share/customs/cmake/export_customs__rosidl_typesupport_fastrtps_cExport-noconfig.cmake
[13.161s] -- Installing: /home/shaalekh/Desktop/ros2_ws/install/customs/share/customs/cmake/export_customs__rosidl_generator_cppExport.cmake
[13.161s] -- Installing: /home/shaalekh/Desktop/ros2_ws/install/customs/share/customs/cmake/export_customs__rosidl_typesupport_fastrtps_cppExport.cmake
[13.161s] -- Installing: /home/shaalekh/Desktop/ros2_ws/install/customs/share/customs/cmake/export_customs__rosidl_typesupport_fastrtps_cppExport-noconfig.cmake
[13.161s] -- Installing: /home/shaalekh/Desktop/ros2_ws/install/customs/share/customs/cmake/customs__rosidl_typesupport_introspection_cExport.cmake
[13.161s] -- Installing: /home/shaalekh/Desktop/ros2_ws/install/customs/share/customs/cmake/customs__rosidl_typesupport_introspection_cExport-noconfig.cmake
[13.162s] -- Installing: /home/shaalekh/Desktop/ros2_ws/install/customs/share/customs/cmake/customs__rosidl_typesupport_cExport.cmake
[13.162s] -- Installing: /home/shaalekh/Desktop/ros2_ws/install/customs/share/customs/cmake/customs__rosidl_typesupport_cExport-noconfig.cmake
[13.162s] -- Installing: /home/shaalekh/Desktop/ros2_ws/install/customs/share/customs/cmake/customs__rosidl_typesupport_introspection_cppExport.cmake
[13.162s] -- Installing: /home/shaalekh/Desktop/ros2_ws/install/customs/share/customs/cmake/customs__rosidl_typesupport_introspection_cppExport-noconfig.cmake
[13.163s] -- Installing: /home/shaalekh/Desktop/ros2_ws/install/customs/share/customs/cmake/customs__rosidl_typesupport_cppExport.cmake
[13.164s] -- Installing: /home/shaalekh/Desktop/ros2_ws/install/customs/share/customs/cmake/customs__rosidl_typesupport_cppExport-noconfig.cmake
[13.165s] -- Installing: /home/shaalekh/Desktop/ros2_ws/install/customs/share/customs/cmake/export_customs__rosidl_generator_pyExport.cmake
[13.165s] -- Installing: /home/shaalekh/Desktop/ros2_ws/install/customs/share/customs/cmake/export_customs__rosidl_generator_pyExport-noconfig.cmake
[13.166s] -- Installing: /home/shaalekh/Desktop/ros2_ws/install/customs/share/customs/cmake/rosidl_cmake-extras.cmake
[13.166s] -- Installing: /home/shaalekh/Desktop/ros2_ws/install/customs/share/customs/cmake/ament_cmake_export_dependencies-extras.cmake
[13.167s] -- Installing: /home/shaalekh/Desktop/ros2_ws/install/customs/share/customs/cmake/ament_cmake_export_include_directories-extras.cmake
[13.167s] -- Installing: /home/shaalekh/Desktop/ros2_ws/install/customs/share/customs/cmake/ament_cmake_export_libraries-extras.cmake
[13.167s] -- Installing: /home/shaalekh/Desktop/ros2_ws/install/customs/share/customs/cmake/ament_cmake_export_targets-extras.cmake
[13.168s] -- Installing: /home/shaalekh/Desktop/ros2_ws/install/customs/share/customs/cmake/rosidl_cmake_export_typesupport_targets-extras.cmake
[13.168s] -- Installing: /home/shaalekh/Desktop/ros2_ws/install/customs/share/customs/cmake/rosidl_cmake_export_typesupport_libraries-extras.cmake
[13.168s] -- Installing: /home/shaalekh/Desktop/ros2_ws/install/customs/share/customs/cmake/customsConfig.cmake
[13.169s] -- Installing: /home/shaalekh/Desktop/ros2_ws/install/customs/share/customs/cmake/customsConfig-version.cmake
[13.169s] -- Installing: /home/shaalekh/Desktop/ros2_ws/install/customs/share/customs/package.xml
[13.174s] Invoked command in '/home/shaalekh/Desktop/ros2_ws/build/customs' returned '0': CMAKE_PREFIX_PATH=${CMAKE_PREFIX_PATH}:/opt/ros/jazzy DEBUGINFOD_URLS=https://debuginfod.ubuntu.com /usr/bin/cmake --install /home/shaalekh/Desktop/ros2_ws/build/customs
