[0.041s] Invoking command in '/home/shaalekh/Desktop/ros2_ws/build/custom_action_interfaces': CMAKE_PREFIX_PATH=${CMAKE_PREFIX_PATH}:/opt/ros/jazzy DEBUGINFOD_URLS=https://debuginfod.ubuntu.com /usr/bin/cmake /home/shaalekh/Desktop/ros2_ws/src/custom_action_interfaces -DCMAKE_INSTALL_PREFIX=/home/shaalekh/Desktop/ros2_ws/install/custom_action_interfaces
[0.576s] -- The C compiler identification is GNU 13.3.0
[0.577s] -- The CXX compiler identification is GNU 13.3.0
[0.577s] -- Detecting C compiler ABI info
[0.578s] -- Detecting C compiler ABI info - done
[0.588s] -- Check for working C compiler: /usr/bin/cc - skipped
[0.588s] -- Detecting C compile features
[0.589s] -- Detecting C compile features - done
[0.609s] -- Detecting CXX compiler ABI info
[0.852s] -- Detecting CXX compiler ABI info - done
[0.869s] -- Check for working CXX compiler: /usr/bin/c++ - skipped
[0.870s] -- Detecting CXX compile features
[0.870s] -- Detecting CXX compile features - done
[0.874s] -- Found ament_cmake: 2.5.4 (/opt/ros/jazzy/share/ament_cmake/cmake)
[1.247s] -- Found Python3: /usr/bin/python3 (found version "3.12.3") found components: Interpreter 
[1.518s] -- Found ament_lint_auto: 0.17.2 (/opt/ros/jazzy/share/ament_lint_auto/cmake)
[1.762s] -- Found rosidl_default_generators: 1.6.0 (/opt/ros/jazzy/share/rosidl_default_generators/cmake)
[1.771s] -- Using all available rosidl_typesupport_c: rosidl_typesupport_fastrtps_c;rosidl_typesupport_introspection_c
[1.875s] -- Using all available rosidl_typesupport_cpp: rosidl_typesupport_fastrtps_cpp;rosidl_typesupport_introspection_cpp
[1.951s] -- Found rosidl_adapter: 4.6.5 (/opt/ros/jazzy/share/rosidl_adapter/cmake)
[3.408s] -- Found ament_cmake_ros: 0.12.0 (/opt/ros/jazzy/share/ament_cmake_ros/cmake)
[4.321s] -- Using all available rosidl_typesupport_c: rosidl_typesupport_fastrtps_c;rosidl_typesupport_introspection_c
[5.316s] -- Using all available rosidl_typesupport_cpp: rosidl_typesupport_fastrtps_cpp;rosidl_typesupport_introspection_cpp
[5.320s] -- Found python_cmake_module: 0.11.1 (/opt/ros/jazzy/share/python_cmake_module/cmake)
[5.560s] -- Found PythonExtra: /usr/bin/python3  
[6.406s] -- Found Python3: /usr/bin/python3 (found version "3.12.3") found components: Interpreter Development NumPy Development.Module Development.Embed 
[6.471s] -- Added test 'lint_cmake' to check CMake code style
[6.473s] -- Added test 'xmllint' to check XML markup files
[6.481s] -- Configuring done (6.4s)
[6.556s] -- Generating done (0.1s)
[6.576s] -- Build files have been written to: /home/shaalekh/Desktop/ros2_ws/build/custom_action_interfaces
[6.605s] Invoked command in '/home/shaalekh/Desktop/ros2_ws/build/custom_action_interfaces' returned '0': CMAKE_PREFIX_PATH=${CMAKE_PREFIX_PATH}:/opt/ros/jazzy DEBUGINFOD_URLS=https://debuginfod.ubuntu.com /usr/bin/cmake /home/shaalekh/Desktop/ros2_ws/src/custom_action_interfaces -DCMAKE_INSTALL_PREFIX=/home/shaalekh/Desktop/ros2_ws/install/custom_action_interfaces
[6.608s] Invoking command in '/home/shaalekh/Desktop/ros2_ws/build/custom_action_interfaces': CMAKE_PREFIX_PATH=${CMAKE_PREFIX_PATH}:/opt/ros/jazzy DEBUGINFOD_URLS=https://debuginfod.ubuntu.com /usr/bin/cmake --build /home/shaalekh/Desktop/ros2_ws/build/custom_action_interfaces -- -j4 -l4
[6.703s] [  2%] [34m[1mGenerating type hashes for ROS interfaces[0m
[6.726s] [  2%] Built target ament_cmake_python_copy_custom_action_interfaces
[7.095s] [  2%] Built target custom_action_interfaces__rosidl_generator_type_description
[7.117s] [  5%] [34m[1mGenerating C code for ROS interfaces[0m
[7.119s] running egg_info
[7.124s] creating custom_action_interfaces.egg-info
[7.144s] [  8%] [34m[1mGenerating C++ code for ROS interfaces[0m
[7.172s] writing custom_action_interfaces.egg-info/PKG-INFO
[7.172s] writing dependency_links to custom_action_interfaces.egg-info/dependency_links.txt
[7.173s] writing top-level names to custom_action_interfaces.egg-info/top_level.txt
[7.176s] writing manifest file 'custom_action_interfaces.egg-info/SOURCES.txt'
[7.318s] reading manifest file 'custom_action_interfaces.egg-info/SOURCES.txt'
[7.321s] writing manifest file 'custom_action_interfaces.egg-info/SOURCES.txt'
[7.480s] [  8%] Built target ament_cmake_python_build_custom_action_interfaces_egg
[8.180s] [  8%] Built target custom_action_interfaces__cpp
[8.207s] [ 11%] [32mBuilding C object CMakeFiles/custom_action_interfaces__rosidl_generator_c.dir/rosidl_generator_c/custom_action_interfaces/action/detail/fibonacci__description.c.o[0m
[8.226s] [ 14%] [32mBuilding C object CMakeFiles/custom_action_interfaces__rosidl_generator_c.dir/rosidl_generator_c/custom_action_interfaces/action/detail/fibonacci__functions.c.o[0m
[8.234s] [ 17%] [32mBuilding C object CMakeFiles/custom_action_interfaces__rosidl_generator_c.dir/rosidl_generator_c/custom_action_interfaces/action/detail/fibonacci__type_support.c.o[0m
[8.562s] [ 20%] [32m[1mLinking C shared library libcustom_action_interfaces__rosidl_generator_c.so[0m
[8.640s] [ 20%] Built target custom_action_interfaces__rosidl_generator_c
[8.675s] [ 23%] [34m[1mGenerating C++ type support dispatch for ROS interfaces[0m
[8.679s] [ 26%] [34m[1mGenerating C introspection for ROS interfaces[0m
[8.686s] [ 29%] [34m[1mGenerating C type support dispatch for ROS interfaces[0m
[8.691s] [ 32%] [34m[1mGenerating C++ type support for eProsima Fast-RTPS[0m
[9.900s] [ 35%] [32mBuilding CXX object CMakeFiles/custom_action_interfaces__rosidl_typesupport_cpp.dir/rosidl_typesupport_cpp/custom_action_interfaces/action/fibonacci__type_support.cpp.o[0m
[9.971s] [ 38%] [32mBuilding CXX object CMakeFiles/custom_action_interfaces__rosidl_typesupport_c.dir/rosidl_typesupport_c/custom_action_interfaces/action/fibonacci__type_support.cpp.o[0m
[10.124s] [ 41%] [32mBuilding C object CMakeFiles/custom_action_interfaces__rosidl_typesupport_introspection_c.dir/rosidl_typesupport_introspection_c/custom_action_interfaces/action/detail/fibonacci__type_support.c.o[0m
[10.283s] [ 44%] [32m[1mLinking CXX shared library libcustom_action_interfaces__rosidl_typesupport_c.so[0m
[10.300s] [ 47%] [32mBuilding CXX object CMakeFiles/custom_action_interfaces__rosidl_typesupport_fastrtps_cpp.dir/rosidl_typesupport_fastrtps_cpp/custom_action_interfaces/action/detail/dds_fastrtps/fibonacci__type_support.cpp.o[0m
[10.348s] [ 50%] [32m[1mLinking C shared library libcustom_action_interfaces__rosidl_typesupport_introspection_c.so[0m
[10.443s] [ 50%] Built target custom_action_interfaces__rosidl_typesupport_c
[10.463s] [ 50%] Built target custom_action_interfaces__rosidl_typesupport_introspection_c
[10.475s] [ 52%] [34m[1mGenerating C++ introspection for ROS interfaces[0m
[10.515s] [ 55%] [34m[1mGenerating C type support for eProsima Fast-RTPS[0m
[12.151s] [ 58%] [32mBuilding CXX object CMakeFiles/custom_action_interfaces__rosidl_typesupport_introspection_cpp.dir/rosidl_typesupport_introspection_cpp/custom_action_interfaces/action/detail/fibonacci__type_support.cpp.o[0m
[12.418s] [ 61%] [32mBuilding CXX object CMakeFiles/custom_action_interfaces__rosidl_typesupport_fastrtps_c.dir/rosidl_typesupport_fastrtps_c/custom_action_interfaces/action/detail/fibonacci__type_support_c.cpp.o[0m
[13.022s] [ 64%] [32m[1mLinking CXX shared library libcustom_action_interfaces__rosidl_typesupport_cpp.so[0m
[13.587s] [ 64%] Built target custom_action_interfaces__rosidl_typesupport_cpp
[15.069s] [ 67%] [32m[1mLinking CXX shared library libcustom_action_interfaces__rosidl_typesupport_fastrtps_cpp.so[0m
[15.451s] [ 70%] [32m[1mLinking CXX shared library libcustom_action_interfaces__rosidl_typesupport_fastrtps_c.so[0m
[15.527s] [ 70%] Built target custom_action_interfaces__rosidl_typesupport_fastrtps_cpp
[15.746s] [ 70%] Built target custom_action_interfaces__rosidl_typesupport_fastrtps_c
[16.312s] [ 73%] [32m[1mLinking CXX shared library libcustom_action_interfaces__rosidl_typesupport_introspection_cpp.so[0m
[16.697s] [ 73%] Built target custom_action_interfaces__rosidl_typesupport_introspection_cpp
[16.790s] [ 73%] Built target custom_action_interfaces
[16.891s] [ 76%] [34m[1mGenerating Python code for ROS interfaces[0m
[18.723s] [ 76%] Built target custom_action_interfaces__py
[18.772s] [ 79%] [32mBuilding C object CMakeFiles/custom_action_interfaces__rosidl_generator_py.dir/rosidl_generator_py/custom_action_interfaces/action/_fibonacci_s.c.o[0m
[19.492s] [ 82%] [32m[1mLinking C shared library libcustom_action_interfaces__rosidl_generator_py.so[0m
[19.782s] [ 82%] Built target custom_action_interfaces__rosidl_generator_py
[19.841s] [ 85%] [32mBuilding C object CMakeFiles/custom_action_interfaces_s__rosidl_typesupport_fastrtps_c.dir/rosidl_generator_py/custom_action_interfaces/_custom_action_interfaces_s.ep.rosidl_typesupport_fastrtps_c.c.o[0m
[19.855s] [ 88%] [32mBuilding C object CMakeFiles/custom_action_interfaces_s__rosidl_typesupport_introspection_c.dir/rosidl_generator_py/custom_action_interfaces/_custom_action_interfaces_s.ep.rosidl_typesupport_introspection_c.c.o[0m
[19.867s] [ 91%] [32mBuilding C object CMakeFiles/custom_action_interfaces_s__rosidl_typesupport_c.dir/rosidl_generator_py/custom_action_interfaces/_custom_action_interfaces_s.ep.rosidl_typesupport_c.c.o[0m
[20.149s] [ 94%] [32m[1mLinking C shared module rosidl_generator_py/custom_action_interfaces/custom_action_interfaces_s__rosidl_typesupport_introspection_c.so[0m
[20.162s] [ 97%] [32m[1mLinking C shared module rosidl_generator_py/custom_action_interfaces/custom_action_interfaces_s__rosidl_typesupport_c.so[0m
[20.169s] [100%] [32m[1mLinking C shared module rosidl_generator_py/custom_action_interfaces/custom_action_interfaces_s__rosidl_typesupport_fastrtps_c.so[0m
[20.233s] [100%] Built target custom_action_interfaces_s__rosidl_typesupport_introspection_c
[20.243s] [100%] Built target custom_action_interfaces_s__rosidl_typesupport_c
[20.253s] [100%] Built target custom_action_interfaces_s__rosidl_typesupport_fastrtps_c
[20.275s] Invoked command in '/home/shaalekh/Desktop/ros2_ws/build/custom_action_interfaces' returned '0': CMAKE_PREFIX_PATH=${CMAKE_PREFIX_PATH}:/opt/ros/jazzy DEBUGINFOD_URLS=https://debuginfod.ubuntu.com /usr/bin/cmake --build /home/shaalekh/Desktop/ros2_ws/build/custom_action_interfaces -- -j4 -l4
[20.295s] Invoking command in '/home/shaalekh/Desktop/ros2_ws/build/custom_action_interfaces': CMAKE_PREFIX_PATH=${CMAKE_PREFIX_PATH}:/opt/ros/jazzy DEBUGINFOD_URLS=https://debuginfod.ubuntu.com /usr/bin/cmake --install /home/shaalekh/Desktop/ros2_ws/build/custom_action_interfaces
[20.310s] -- Install configuration: ""
[20.310s] -- Installing: /home/shaalekh/Desktop/ros2_ws/install/custom_action_interfaces/share/ament_index/resource_index/rosidl_interfaces/custom_action_interfaces
[20.310s] -- Installing: /home/shaalekh/Desktop/ros2_ws/install/custom_action_interfaces/share/custom_action_interfaces/action/Fibonacci.json
[20.310s] -- Installing: /home/shaalekh/Desktop/ros2_ws/install/custom_action_interfaces/include/custom_action_interfaces/custom_action_interfaces
[20.311s] -- Installing: /home/shaalekh/Desktop/ros2_ws/install/custom_action_interfaces/include/custom_action_interfaces/custom_action_interfaces/action
[20.311s] -- Installing: /home/shaalekh/Desktop/ros2_ws/install/custom_action_interfaces/include/custom_action_interfaces/custom_action_interfaces/action/detail
[20.311s] -- Installing: /home/shaalekh/Desktop/ros2_ws/install/custom_action_interfaces/include/custom_action_interfaces/custom_action_interfaces/action/detail/fibonacci__functions.c
[20.311s] -- Installing: /home/shaalekh/Desktop/ros2_ws/install/custom_action_interfaces/include/custom_action_interfaces/custom_action_interfaces/action/detail/fibonacci__functions.h
[20.311s] -- Installing: /home/shaalekh/Desktop/ros2_ws/install/custom_action_interfaces/include/custom_action_interfaces/custom_action_interfaces/action/detail/fibonacci__type_support.h
[20.312s] -- Installing: /home/shaalekh/Desktop/ros2_ws/install/custom_action_interfaces/include/custom_action_interfaces/custom_action_interfaces/action/detail/fibonacci__struct.h
[20.312s] -- Installing: /home/shaalekh/Desktop/ros2_ws/install/custom_action_interfaces/include/custom_action_interfaces/custom_action_interfaces/action/detail/fibonacci__type_support.c
[20.312s] -- Installing: /home/shaalekh/Desktop/ros2_ws/install/custom_action_interfaces/include/custom_action_interfaces/custom_action_interfaces/action/detail/fibonacci__description.c
[20.312s] -- Installing: /home/shaalekh/Desktop/ros2_ws/install/custom_action_interfaces/include/custom_action_interfaces/custom_action_interfaces/action/fibonacci.h
[20.312s] -- Installing: /home/shaalekh/Desktop/ros2_ws/install/custom_action_interfaces/include/custom_action_interfaces/custom_action_interfaces/msg
[20.312s] -- Installing: /home/shaalekh/Desktop/ros2_ws/install/custom_action_interfaces/include/custom_action_interfaces/custom_action_interfaces/msg/rosidl_generator_c__visibility_control.h
[20.313s] -- Installing: /home/shaalekh/Desktop/ros2_ws/install/custom_action_interfaces/share/custom_action_interfaces/environment/library_path.sh
[20.313s] -- Installing: /home/shaalekh/Desktop/ros2_ws/install/custom_action_interfaces/share/custom_action_interfaces/environment/library_path.dsv
[20.314s] -- Installing: /home/shaalekh/Desktop/ros2_ws/install/custom_action_interfaces/lib/libcustom_action_interfaces__rosidl_generator_c.so
[20.314s] -- Set non-toolchain portion of runtime path of "/home/shaalekh/Desktop/ros2_ws/install/custom_action_interfaces/lib/libcustom_action_interfaces__rosidl_generator_c.so" to ""
[20.317s] -- Up-to-date: /home/shaalekh/Desktop/ros2_ws/install/custom_action_interfaces/include/custom_action_interfaces/custom_action_interfaces
[20.318s] -- Up-to-date: /home/shaalekh/Desktop/ros2_ws/install/custom_action_interfaces/include/custom_action_interfaces/custom_action_interfaces/action
[20.319s] -- Up-to-date: /home/shaalekh/Desktop/ros2_ws/install/custom_action_interfaces/include/custom_action_interfaces/custom_action_interfaces/action/detail
[20.319s] -- Installing: /home/shaalekh/Desktop/ros2_ws/install/custom_action_interfaces/include/custom_action_interfaces/custom_action_interfaces/action/detail/fibonacci__rosidl_typesupport_fastrtps_c.h
[20.319s] -- Up-to-date: /home/shaalekh/Desktop/ros2_ws/install/custom_action_interfaces/include/custom_action_interfaces/custom_action_interfaces/msg
[20.322s] -- Installing: /home/shaalekh/Desktop/ros2_ws/install/custom_action_interfaces/include/custom_action_interfaces/custom_action_interfaces/msg/rosidl_typesupport_fastrtps_c__visibility_control.h
[20.323s] -- Installing: /home/shaalekh/Desktop/ros2_ws/install/custom_action_interfaces/lib/libcustom_action_interfaces__rosidl_typesupport_fastrtps_c.so
[20.323s] -- Set non-toolchain portion of runtime path of "/home/shaalekh/Desktop/ros2_ws/install/custom_action_interfaces/lib/libcustom_action_interfaces__rosidl_typesupport_fastrtps_c.so" to ""
[20.323s] -- Up-to-date: /home/shaalekh/Desktop/ros2_ws/install/custom_action_interfaces/include/custom_action_interfaces/custom_action_interfaces
[20.323s] -- Up-to-date: /home/shaalekh/Desktop/ros2_ws/install/custom_action_interfaces/include/custom_action_interfaces/custom_action_interfaces/action
[20.324s] -- Up-to-date: /home/shaalekh/Desktop/ros2_ws/install/custom_action_interfaces/include/custom_action_interfaces/custom_action_interfaces/action/detail
[20.324s] -- Installing: /home/shaalekh/Desktop/ros2_ws/install/custom_action_interfaces/include/custom_action_interfaces/custom_action_interfaces/action/detail/fibonacci__rosidl_typesupport_introspection_c.h
[20.325s] -- Installing: /home/shaalekh/Desktop/ros2_ws/install/custom_action_interfaces/include/custom_action_interfaces/custom_action_interfaces/action/detail/fibonacci__type_support.c
[20.325s] -- Up-to-date: /home/shaalekh/Desktop/ros2_ws/install/custom_action_interfaces/include/custom_action_interfaces/custom_action_interfaces/msg
[20.325s] -- Installing: /home/shaalekh/Desktop/ros2_ws/install/custom_action_interfaces/include/custom_action_interfaces/custom_action_interfaces/msg/rosidl_typesupport_introspection_c__visibility_control.h
[20.325s] -- Installing: /home/shaalekh/Desktop/ros2_ws/install/custom_action_interfaces/lib/libcustom_action_interfaces__rosidl_typesupport_introspection_c.so
[20.325s] -- Set non-toolchain portion of runtime path of "/home/shaalekh/Desktop/ros2_ws/install/custom_action_interfaces/lib/libcustom_action_interfaces__rosidl_typesupport_introspection_c.so" to ""
[20.325s] -- Installing: /home/shaalekh/Desktop/ros2_ws/install/custom_action_interfaces/lib/libcustom_action_interfaces__rosidl_typesupport_c.so
[20.325s] -- Set non-toolchain portion of runtime path of "/home/shaalekh/Desktop/ros2_ws/install/custom_action_interfaces/lib/libcustom_action_interfaces__rosidl_typesupport_c.so" to ""
[20.326s] -- Up-to-date: /home/shaalekh/Desktop/ros2_ws/install/custom_action_interfaces/include/custom_action_interfaces/custom_action_interfaces
[20.326s] -- Up-to-date: /home/shaalekh/Desktop/ros2_ws/install/custom_action_interfaces/include/custom_action_interfaces/custom_action_interfaces/action
[20.326s] -- Up-to-date: /home/shaalekh/Desktop/ros2_ws/install/custom_action_interfaces/include/custom_action_interfaces/custom_action_interfaces/action/detail
[20.326s] -- Installing: /home/shaalekh/Desktop/ros2_ws/install/custom_action_interfaces/include/custom_action_interfaces/custom_action_interfaces/action/detail/fibonacci__type_support.hpp
[20.326s] -- Installing: /home/shaalekh/Desktop/ros2_ws/install/custom_action_interfaces/include/custom_action_interfaces/custom_action_interfaces/action/detail/fibonacci__traits.hpp
[20.326s] -- Installing: /home/shaalekh/Desktop/ros2_ws/install/custom_action_interfaces/include/custom_action_interfaces/custom_action_interfaces/action/detail/fibonacci__builder.hpp
[20.326s] -- Installing: /home/shaalekh/Desktop/ros2_ws/install/custom_action_interfaces/include/custom_action_interfaces/custom_action_interfaces/action/detail/fibonacci__struct.hpp
[20.326s] -- Installing: /home/shaalekh/Desktop/ros2_ws/install/custom_action_interfaces/include/custom_action_interfaces/custom_action_interfaces/action/fibonacci.hpp
[20.327s] -- Up-to-date: /home/shaalekh/Desktop/ros2_ws/install/custom_action_interfaces/include/custom_action_interfaces/custom_action_interfaces/msg
[20.327s] -- Installing: /home/shaalekh/Desktop/ros2_ws/install/custom_action_interfaces/include/custom_action_interfaces/custom_action_interfaces/msg/rosidl_generator_cpp__visibility_control.hpp
[20.327s] -- Up-to-date: /home/shaalekh/Desktop/ros2_ws/install/custom_action_interfaces/include/custom_action_interfaces/custom_action_interfaces
[20.327s] -- Up-to-date: /home/shaalekh/Desktop/ros2_ws/install/custom_action_interfaces/include/custom_action_interfaces/custom_action_interfaces/action
[20.327s] -- Up-to-date: /home/shaalekh/Desktop/ros2_ws/install/custom_action_interfaces/include/custom_action_interfaces/custom_action_interfaces/action/detail
[20.329s] -- Installing: /home/shaalekh/Desktop/ros2_ws/install/custom_action_interfaces/include/custom_action_interfaces/custom_action_interfaces/action/detail/dds_fastrtps
[20.329s] -- Installing: /home/shaalekh/Desktop/ros2_ws/install/custom_action_interfaces/include/custom_action_interfaces/custom_action_interfaces/action/detail/fibonacci__rosidl_typesupport_fastrtps_cpp.hpp
[20.329s] -- Up-to-date: /home/shaalekh/Desktop/ros2_ws/install/custom_action_interfaces/include/custom_action_interfaces/custom_action_interfaces/msg
[20.329s] -- Installing: /home/shaalekh/Desktop/ros2_ws/install/custom_action_interfaces/include/custom_action_interfaces/custom_action_interfaces/msg/rosidl_typesupport_fastrtps_cpp__visibility_control.h
[20.329s] -- Installing: /home/shaalekh/Desktop/ros2_ws/install/custom_action_interfaces/lib/libcustom_action_interfaces__rosidl_typesupport_fastrtps_cpp.so
[20.329s] -- Set non-toolchain portion of runtime path of "/home/shaalekh/Desktop/ros2_ws/install/custom_action_interfaces/lib/libcustom_action_interfaces__rosidl_typesupport_fastrtps_cpp.so" to ""
[20.330s] -- Up-to-date: /home/shaalekh/Desktop/ros2_ws/install/custom_action_interfaces/include/custom_action_interfaces/custom_action_interfaces
[20.330s] -- Up-to-date: /home/shaalekh/Desktop/ros2_ws/install/custom_action_interfaces/include/custom_action_interfaces/custom_action_interfaces/action
[20.330s] -- Up-to-date: /home/shaalekh/Desktop/ros2_ws/install/custom_action_interfaces/include/custom_action_interfaces/custom_action_interfaces/action/detail
[20.330s] -- Installing: /home/shaalekh/Desktop/ros2_ws/install/custom_action_interfaces/include/custom_action_interfaces/custom_action_interfaces/action/detail/fibonacci__rosidl_typesupport_introspection_cpp.hpp
[20.330s] -- Installing: /home/shaalekh/Desktop/ros2_ws/install/custom_action_interfaces/include/custom_action_interfaces/custom_action_interfaces/action/detail/fibonacci__type_support.cpp
[20.330s] -- Installing: /home/shaalekh/Desktop/ros2_ws/install/custom_action_interfaces/lib/libcustom_action_interfaces__rosidl_typesupport_introspection_cpp.so
[20.331s] -- Set non-toolchain portion of runtime path of "/home/shaalekh/Desktop/ros2_ws/install/custom_action_interfaces/lib/libcustom_action_interfaces__rosidl_typesupport_introspection_cpp.so" to ""
[20.331s] -- Installing: /home/shaalekh/Desktop/ros2_ws/install/custom_action_interfaces/lib/libcustom_action_interfaces__rosidl_typesupport_cpp.so
[20.333s] -- Set non-toolchain portion of runtime path of "/home/shaalekh/Desktop/ros2_ws/install/custom_action_interfaces/lib/libcustom_action_interfaces__rosidl_typesupport_cpp.so" to ""
[20.333s] -- Installing: /home/shaalekh/Desktop/ros2_ws/install/custom_action_interfaces/share/custom_action_interfaces/environment/pythonpath.sh
[20.333s] -- Installing: /home/shaalekh/Desktop/ros2_ws/install/custom_action_interfaces/share/custom_action_interfaces/environment/pythonpath.dsv
[20.333s] -- Installing: /home/shaalekh/Desktop/ros2_ws/install/custom_action_interfaces/lib/python3.12/site-packages/custom_action_interfaces-0.0.0-py3.12.egg-info
[20.333s] -- Installing: /home/shaalekh/Desktop/ros2_ws/install/custom_action_interfaces/lib/python3.12/site-packages/custom_action_interfaces-0.0.0-py3.12.egg-info/dependency_links.txt
[20.333s] -- Installing: /home/shaalekh/Desktop/ros2_ws/install/custom_action_interfaces/lib/python3.12/site-packages/custom_action_interfaces-0.0.0-py3.12.egg-info/PKG-INFO
[20.334s] -- Installing: /home/shaalekh/Desktop/ros2_ws/install/custom_action_interfaces/lib/python3.12/site-packages/custom_action_interfaces-0.0.0-py3.12.egg-info/top_level.txt
[20.334s] -- Installing: /home/shaalekh/Desktop/ros2_ws/install/custom_action_interfaces/lib/python3.12/site-packages/custom_action_interfaces-0.0.0-py3.12.egg-info/SOURCES.txt
[20.334s] -- Installing: /home/shaalekh/Desktop/ros2_ws/install/custom_action_interfaces/lib/python3.12/site-packages/custom_action_interfaces
[20.334s] -- Installing: /home/shaalekh/Desktop/ros2_ws/install/custom_action_interfaces/lib/python3.12/site-packages/custom_action_interfaces/_custom_action_interfaces_s.ep.rosidl_typesupport_fastrtps_c.c
[20.334s] -- Installing: /home/shaalekh/Desktop/ros2_ws/install/custom_action_interfaces/lib/python3.12/site-packages/custom_action_interfaces/action
[20.335s] -- Installing: /home/shaalekh/Desktop/ros2_ws/install/custom_action_interfaces/lib/python3.12/site-packages/custom_action_interfaces/action/_fibonacci.py
[20.335s] -- Installing: /home/shaalekh/Desktop/ros2_ws/install/custom_action_interfaces/lib/python3.12/site-packages/custom_action_interfaces/action/__init__.py
[20.335s] -- Installing: /home/shaalekh/Desktop/ros2_ws/install/custom_action_interfaces/lib/python3.12/site-packages/custom_action_interfaces/action/_fibonacci_s.c
[20.335s] -- Installing: /home/shaalekh/Desktop/ros2_ws/install/custom_action_interfaces/lib/python3.12/site-packages/custom_action_interfaces/_custom_action_interfaces_s.ep.rosidl_typesupport_c.c
[20.335s] -- Installing: /home/shaalekh/Desktop/ros2_ws/install/custom_action_interfaces/lib/python3.12/site-packages/custom_action_interfaces/__init__.py
[20.336s] -- Installing: /home/shaalekh/Desktop/ros2_ws/install/custom_action_interfaces/lib/python3.12/site-packages/custom_action_interfaces/custom_action_interfaces_s__rosidl_typesupport_c.so
[20.336s] -- Installing: /home/shaalekh/Desktop/ros2_ws/install/custom_action_interfaces/lib/python3.12/site-packages/custom_action_interfaces/custom_action_interfaces_s__rosidl_typesupport_introspection_c.so
[20.337s] -- Installing: /home/shaalekh/Desktop/ros2_ws/install/custom_action_interfaces/lib/python3.12/site-packages/custom_action_interfaces/custom_action_interfaces_s__rosidl_typesupport_fastrtps_c.so
[20.337s] -- Installing: /home/shaalekh/Desktop/ros2_ws/install/custom_action_interfaces/lib/python3.12/site-packages/custom_action_interfaces/_custom_action_interfaces_s.ep.rosidl_typesupport_introspection_c.c
[20.432s] Listing '/home/shaalekh/Desktop/ros2_ws/install/custom_action_interfaces/lib/python3.12/site-packages/custom_action_interfaces'...
[20.432s] Compiling '/home/shaalekh/Desktop/ros2_ws/install/custom_action_interfaces/lib/python3.12/site-packages/custom_action_interfaces/__init__.py'...
[20.433s] Listing '/home/shaalekh/Desktop/ros2_ws/install/custom_action_interfaces/lib/python3.12/site-packages/custom_action_interfaces/action'...
[20.433s] Compiling '/home/shaalekh/Desktop/ros2_ws/install/custom_action_interfaces/lib/python3.12/site-packages/custom_action_interfaces/action/__init__.py'...
[20.433s] Compiling '/home/shaalekh/Desktop/ros2_ws/install/custom_action_interfaces/lib/python3.12/site-packages/custom_action_interfaces/action/_fibonacci.py'...
[20.448s] -- Installing: /home/shaalekh/Desktop/ros2_ws/install/custom_action_interfaces/lib/python3.12/site-packages/custom_action_interfaces/custom_action_interfaces_s__rosidl_typesupport_fastrtps_c.so
[20.449s] -- Set non-toolchain portion of runtime path of "/home/shaalekh/Desktop/ros2_ws/install/custom_action_interfaces/lib/python3.12/site-packages/custom_action_interfaces/custom_action_interfaces_s__rosidl_typesupport_fastrtps_c.so" to ""
[20.449s] -- Installing: /home/shaalekh/Desktop/ros2_ws/install/custom_action_interfaces/lib/python3.12/site-packages/custom_action_interfaces/custom_action_interfaces_s__rosidl_typesupport_introspection_c.so
[20.450s] -- Set non-toolchain portion of runtime path of "/home/shaalekh/Desktop/ros2_ws/install/custom_action_interfaces/lib/python3.12/site-packages/custom_action_interfaces/custom_action_interfaces_s__rosidl_typesupport_introspection_c.so" to ""
[20.450s] -- Installing: /home/shaalekh/Desktop/ros2_ws/install/custom_action_interfaces/lib/python3.12/site-packages/custom_action_interfaces/custom_action_interfaces_s__rosidl_typesupport_c.so
[20.451s] -- Set non-toolchain portion of runtime path of "/home/shaalekh/Desktop/ros2_ws/install/custom_action_interfaces/lib/python3.12/site-packages/custom_action_interfaces/custom_action_interfaces_s__rosidl_typesupport_c.so" to ""
[20.451s] -- Installing: /home/shaalekh/Desktop/ros2_ws/install/custom_action_interfaces/lib/libcustom_action_interfaces__rosidl_generator_py.so
[20.452s] -- Set non-toolchain portion of runtime path of "/home/shaalekh/Desktop/ros2_ws/install/custom_action_interfaces/lib/libcustom_action_interfaces__rosidl_generator_py.so" to ""
[20.453s] -- Installing: /home/shaalekh/Desktop/ros2_ws/install/custom_action_interfaces/share/custom_action_interfaces/action/Fibonacci.idl
[20.453s] -- Installing: /home/shaalekh/Desktop/ros2_ws/install/custom_action_interfaces/share/custom_action_interfaces/action/Fibonacci.action
[20.453s] -- Installing: /home/shaalekh/Desktop/ros2_ws/install/custom_action_interfaces/share/ament_index/resource_index/package_run_dependencies/custom_action_interfaces
[20.453s] -- Installing: /home/shaalekh/Desktop/ros2_ws/install/custom_action_interfaces/share/ament_index/resource_index/parent_prefix_path/custom_action_interfaces
[20.453s] -- Installing: /home/shaalekh/Desktop/ros2_ws/install/custom_action_interfaces/share/custom_action_interfaces/environment/ament_prefix_path.sh
[20.453s] -- Installing: /home/shaalekh/Desktop/ros2_ws/install/custom_action_interfaces/share/custom_action_interfaces/environment/ament_prefix_path.dsv
[20.454s] -- Installing: /home/shaalekh/Desktop/ros2_ws/install/custom_action_interfaces/share/custom_action_interfaces/environment/path.sh
[20.454s] -- Installing: /home/shaalekh/Desktop/ros2_ws/install/custom_action_interfaces/share/custom_action_interfaces/environment/path.dsv
[20.454s] -- Installing: /home/shaalekh/Desktop/ros2_ws/install/custom_action_interfaces/share/custom_action_interfaces/local_setup.bash
[20.454s] -- Installing: /home/shaalekh/Desktop/ros2_ws/install/custom_action_interfaces/share/custom_action_interfaces/local_setup.sh
[20.454s] -- Installing: /home/shaalekh/Desktop/ros2_ws/install/custom_action_interfaces/share/custom_action_interfaces/local_setup.zsh
[20.455s] -- Installing: /home/shaalekh/Desktop/ros2_ws/install/custom_action_interfaces/share/custom_action_interfaces/local_setup.dsv
[20.455s] -- Installing: /home/shaalekh/Desktop/ros2_ws/install/custom_action_interfaces/share/custom_action_interfaces/package.dsv
[20.455s] -- Installing: /home/shaalekh/Desktop/ros2_ws/install/custom_action_interfaces/share/ament_index/resource_index/packages/custom_action_interfaces
[20.455s] -- Installing: /home/shaalekh/Desktop/ros2_ws/install/custom_action_interfaces/share/custom_action_interfaces/cmake/export_custom_action_interfaces__rosidl_generator_cExport.cmake
[20.456s] -- Installing: /home/shaalekh/Desktop/ros2_ws/install/custom_action_interfaces/share/custom_action_interfaces/cmake/export_custom_action_interfaces__rosidl_generator_cExport-noconfig.cmake
[20.456s] -- Installing: /home/shaalekh/Desktop/ros2_ws/install/custom_action_interfaces/share/custom_action_interfaces/cmake/export_custom_action_interfaces__rosidl_typesupport_fastrtps_cExport.cmake
[20.457s] -- Installing: /home/shaalekh/Desktop/ros2_ws/install/custom_action_interfaces/share/custom_action_interfaces/cmake/export_custom_action_interfaces__rosidl_typesupport_fastrtps_cExport-noconfig.cmake
[20.457s] -- Installing: /home/shaalekh/Desktop/ros2_ws/install/custom_action_interfaces/share/custom_action_interfaces/cmake/custom_action_interfaces__rosidl_typesupport_introspection_cExport.cmake
[20.457s] -- Installing: /home/shaalekh/Desktop/ros2_ws/install/custom_action_interfaces/share/custom_action_interfaces/cmake/custom_action_interfaces__rosidl_typesupport_introspection_cExport-noconfig.cmake
[20.457s] -- Installing: /home/shaalekh/Desktop/ros2_ws/install/custom_action_interfaces/share/custom_action_interfaces/cmake/custom_action_interfaces__rosidl_typesupport_cExport.cmake
[20.457s] -- Installing: /home/shaalekh/Desktop/ros2_ws/install/custom_action_interfaces/share/custom_action_interfaces/cmake/custom_action_interfaces__rosidl_typesupport_cExport-noconfig.cmake
[20.457s] -- Installing: /home/shaalekh/Desktop/ros2_ws/install/custom_action_interfaces/share/custom_action_interfaces/cmake/export_custom_action_interfaces__rosidl_generator_cppExport.cmake
[20.458s] -- Installing: /home/shaalekh/Desktop/ros2_ws/install/custom_action_interfaces/share/custom_action_interfaces/cmake/export_custom_action_interfaces__rosidl_typesupport_fastrtps_cppExport.cmake
[20.458s] -- Installing: /home/shaalekh/Desktop/ros2_ws/install/custom_action_interfaces/share/custom_action_interfaces/cmake/export_custom_action_interfaces__rosidl_typesupport_fastrtps_cppExport-noconfig.cmake
[20.458s] -- Installing: /home/shaalekh/Desktop/ros2_ws/install/custom_action_interfaces/share/custom_action_interfaces/cmake/custom_action_interfaces__rosidl_typesupport_introspection_cppExport.cmake
[20.458s] -- Installing: /home/shaalekh/Desktop/ros2_ws/install/custom_action_interfaces/share/custom_action_interfaces/cmake/custom_action_interfaces__rosidl_typesupport_introspection_cppExport-noconfig.cmake
[20.459s] -- Installing: /home/shaalekh/Desktop/ros2_ws/install/custom_action_interfaces/share/custom_action_interfaces/cmake/custom_action_interfaces__rosidl_typesupport_cppExport.cmake
[20.459s] -- Installing: /home/shaalekh/Desktop/ros2_ws/install/custom_action_interfaces/share/custom_action_interfaces/cmake/custom_action_interfaces__rosidl_typesupport_cppExport-noconfig.cmake
[20.459s] -- Installing: /home/shaalekh/Desktop/ros2_ws/install/custom_action_interfaces/share/custom_action_interfaces/cmake/export_custom_action_interfaces__rosidl_generator_pyExport.cmake
[20.460s] -- Installing: /home/shaalekh/Desktop/ros2_ws/install/custom_action_interfaces/share/custom_action_interfaces/cmake/export_custom_action_interfaces__rosidl_generator_pyExport-noconfig.cmake
[20.460s] -- Installing: /home/shaalekh/Desktop/ros2_ws/install/custom_action_interfaces/share/custom_action_interfaces/cmake/rosidl_cmake-extras.cmake
[20.460s] -- Installing: /home/shaalekh/Desktop/ros2_ws/install/custom_action_interfaces/share/custom_action_interfaces/cmake/ament_cmake_export_dependencies-extras.cmake
[20.460s] -- Installing: /home/shaalekh/Desktop/ros2_ws/install/custom_action_interfaces/share/custom_action_interfaces/cmake/ament_cmake_export_include_directories-extras.cmake
[20.461s] -- Installing: /home/shaalekh/Desktop/ros2_ws/install/custom_action_interfaces/share/custom_action_interfaces/cmake/ament_cmake_export_libraries-extras.cmake
[20.461s] -- Installing: /home/shaalekh/Desktop/ros2_ws/install/custom_action_interfaces/share/custom_action_interfaces/cmake/ament_cmake_export_targets-extras.cmake
[20.461s] -- Installing: /home/shaalekh/Desktop/ros2_ws/install/custom_action_interfaces/share/custom_action_interfaces/cmake/rosidl_cmake_export_typesupport_targets-extras.cmake
[20.462s] -- Installing: /home/shaalekh/Desktop/ros2_ws/install/custom_action_interfaces/share/custom_action_interfaces/cmake/rosidl_cmake_export_typesupport_libraries-extras.cmake
[20.462s] -- Installing: /home/shaalekh/Desktop/ros2_ws/install/custom_action_interfaces/share/custom_action_interfaces/cmake/custom_action_interfacesConfig.cmake
[20.463s] -- Installing: /home/shaalekh/Desktop/ros2_ws/install/custom_action_interfaces/share/custom_action_interfaces/cmake/custom_action_interfacesConfig-version.cmake
[20.464s] -- Installing: /home/shaalekh/Desktop/ros2_ws/install/custom_action_interfaces/share/custom_action_interfaces/package.xml
[20.467s] Invoked command in '/home/shaalekh/Desktop/ros2_ws/build/custom_action_interfaces' returned '0': CMAKE_PREFIX_PATH=${CMAKE_PREFIX_PATH}:/opt/ros/jazzy DEBUGINFOD_URLS=https://debuginfod.ubuntu.com /usr/bin/cmake --install /home/shaalekh/Desktop/ros2_ws/build/custom_action_interfaces
