[2.413s] Invoking command in '/home/shaalekh/Desktop/ros2_ws/src/maha_params': DEBUGINFOD_URLS=https://debuginfod.ubuntu.com PYTHONPATH=/home/shaalekh/Desktop/ros2_ws/build/maha_params/prefix_override:/usr/lib/python3/dist-packages/colcon_core/task/python/colcon_distutils_commands:/home/shaalekh/Desktop/ros2_ws/install/maha_params/lib/python3.12/site-packages:${PYTHONPATH} /usr/bin/python3 -W ignore:setup.py install is deprecated -W ignore:easy_install command is deprecated setup.py egg_info --egg-base ../../build/maha_params build --build-base /home/shaalekh/Desktop/ros2_ws/build/maha_params/build install --record /home/shaalekh/Desktop/ros2_ws/build/maha_params/install.log --single-version-externally-managed install_data
[2.782s] running egg_info
[2.809s] writing ../../build/maha_params/maha_params.egg-info/PKG-INFO
[2.810s] writing dependency_links to ../../build/maha_params/maha_params.egg-info/dependency_links.txt
[2.811s] writing entry points to ../../build/maha_params/maha_params.egg-info/entry_points.txt
[2.811s] writing requirements to ../../build/maha_params/maha_params.egg-info/requires.txt
[2.811s] writing top-level names to ../../build/maha_params/maha_params.egg-info/top_level.txt
[2.860s] reading manifest file '../../build/maha_params/maha_params.egg-info/SOURCES.txt'
[2.861s] adding license file 'LICENSE'
[2.862s] writing manifest file '../../build/maha_params/maha_params.egg-info/SOURCES.txt'
[2.862s] running build
[2.862s] running build_py
[2.862s] running install
[2.872s] running install_lib
[2.899s] running install_data
[2.899s] running install_egg_info
[2.927s] removing '/home/shaalekh/Desktop/ros2_ws/install/maha_params/lib/python3.12/site-packages/maha_params-0.0.0-py3.12.egg-info' (and everything under it)
[2.930s] Copying ../../build/maha_params/maha_params.egg-info to /home/shaalekh/Desktop/ros2_ws/install/maha_params/lib/python3.12/site-packages/maha_params-0.0.0-py3.12.egg-info
[2.930s] running install_scripts
[3.133s] Installing my_parameter script to /home/shaalekh/Desktop/ros2_ws/install/maha_params/lib/maha_params
[3.134s] Installing param_node script to /home/shaalekh/Desktop/ros2_ws/install/maha_params/lib/maha_params
[3.134s] Installing param_timer_node script to /home/shaalekh/Desktop/ros2_ws/install/maha_params/lib/maha_params
[3.135s] writing list of installed files to '/home/shaalekh/Desktop/ros2_ws/build/maha_params/install.log'
[3.243s] Invoked command in '/home/shaalekh/Desktop/ros2_ws/src/maha_params' returned '0': DEBUGINFOD_URLS=https://debuginfod.ubuntu.com PYTHONPATH=/home/shaalekh/Desktop/ros2_ws/build/maha_params/prefix_override:/usr/lib/python3/dist-packages/colcon_core/task/python/colcon_distutils_commands:/home/shaalekh/Desktop/ros2_ws/install/maha_params/lib/python3.12/site-packages:${PYTHONPATH} /usr/bin/python3 -W ignore:setup.py install is deprecated -W ignore:easy_install command is deprecated setup.py egg_info --egg-base ../../build/maha_params build --build-base /home/shaalekh/Desktop/ros2_ws/build/maha_params/build install --record /home/shaalekh/Desktop/ros2_ws/build/maha_params/install.log --single-version-externally-managed install_data
