running egg_info
creating ../../build/my_pack/my_pack.egg-info
writing ../../build/my_pack/my_pack.egg-info/PKG-INFO
writing dependency_links to ../../build/my_pack/my_pack.egg-info/dependency_links.txt
writing entry points to ../../build/my_pack/my_pack.egg-info/entry_points.txt
writing requirements to ../../build/my_pack/my_pack.egg-info/requires.txt
writing top-level names to ../../build/my_pack/my_pack.egg-info/top_level.txt
writing manifest file '../../build/my_pack/my_pack.egg-info/SOURCES.txt'
reading manifest file '../../build/my_pack/my_pack.egg-info/SOURCES.txt'
adding license file 'LICENSE'
writing manifest file '../../build/my_pack/my_pack.egg-info/SOURCES.txt'
running build
running build_py
creating /home/shaalekh/Desktop/ros_ws/build/my_pack/build
creating /home/shaalekh/Desktop/ros_ws/build/my_pack/build/lib
creating /home/shaalekh/Desktop/ros_ws/build/my_pack/build/lib/my_pack
copying my_pack/hello_node.py -> /home/shaalekh/Desktop/ros_ws/build/my_pack/build/lib/my_pack
copying my_pack/__init__.py -> /home/shaalekh/Desktop/ros_ws/build/my_pack/build/lib/my_pack
running install
running install_lib
creating /home/shaalekh/Desktop/ros_ws/install/my_pack/lib/python3.12/site-packages/my_pack
copying /home/shaalekh/Desktop/ros_ws/build/my_pack/build/lib/my_pack/hello_node.py -> /home/shaalekh/Desktop/ros_ws/install/my_pack/lib/python3.12/site-packages/my_pack
copying /home/shaalekh/Desktop/ros_ws/build/my_pack/build/lib/my_pack/__init__.py -> /home/shaalekh/Desktop/ros_ws/install/my_pack/lib/python3.12/site-packages/my_pack
byte-compiling /home/shaalekh/Desktop/ros_ws/install/my_pack/lib/python3.12/site-packages/my_pack/hello_node.py to hello_node.cpython-312.pyc
byte-compiling /home/shaalekh/Desktop/ros_ws/install/my_pack/lib/python3.12/site-packages/my_pack/__init__.py to __init__.cpython-312.pyc
running install_data
creating /home/shaalekh/Desktop/ros_ws/install/my_pack/share/ament_index
creating /home/shaalekh/Desktop/ros_ws/install/my_pack/share/ament_index/resource_index
creating /home/shaalekh/Desktop/ros_ws/install/my_pack/share/ament_index/resource_index/packages
copying resource/my_pack -> /home/shaalekh/Desktop/ros_ws/install/my_pack/share/ament_index/resource_index/packages
copying package.xml -> /home/shaalekh/Desktop/ros_ws/install/my_pack/share/my_pack
running install_egg_info
Copying ../../build/my_pack/my_pack.egg-info to /home/shaalekh/Desktop/ros_ws/install/my_pack/lib/python3.12/site-packages/my_pack-0.0.0-py3.12.egg-info
running install_scripts
Installing hello_world script to /home/shaalekh/Desktop/ros_ws/install/my_pack/lib/my_pack
writing list of installed files to '/home/shaalekh/Desktop/ros_ws/build/my_pack/install.log'
