[1.130s] Invoking command in '/home/shaalekh/Desktop/ros_ws/src/my_pack': DEBUGINFOD_URLS=https://debuginfod.ubuntu.com PYTHONPATH=/home/shaalekh/Desktop/ros_ws/build/my_pack/prefix_override:/usr/lib/python3/dist-packages/colcon_core/task/python/colcon_distutils_commands:/home/shaalekh/Desktop/ros_ws/install/my_pack/lib/python3.12/site-packages:${PYTHONPATH} /usr/bin/python3 -W ignore:setup.py install is deprecated -W ignore:easy_install command is deprecated setup.py egg_info --egg-base ../../build/my_pack build --build-base /home/shaalekh/Desktop/ros_ws/build/my_pack/build install --record /home/shaalekh/Desktop/ros_ws/build/my_pack/install.log --single-version-externally-managed install_data
[1.475s] running egg_info
[1.475s] creating ../../build/my_pack/my_pack.egg-info
[1.497s] writing ../../build/my_pack/my_pack.egg-info/PKG-INFO
[1.497s] writing dependency_links to ../../build/my_pack/my_pack.egg-info/dependency_links.txt
[1.497s] writing entry points to ../../build/my_pack/my_pack.egg-info/entry_points.txt
[1.498s] writing requirements to ../../build/my_pack/my_pack.egg-info/requires.txt
[1.498s] writing top-level names to ../../build/my_pack/my_pack.egg-info/top_level.txt
[1.498s] writing manifest file '../../build/my_pack/my_pack.egg-info/SOURCES.txt'
[1.550s] reading manifest file '../../build/my_pack/my_pack.egg-info/SOURCES.txt'
[1.550s] adding license file 'LICENSE'
[1.551s] writing manifest file '../../build/my_pack/my_pack.egg-info/SOURCES.txt'
[1.551s] running build
[1.551s] running build_py
[1.551s] creating /home/shaalekh/Desktop/ros_ws/build/my_pack/build
[1.551s] creating /home/shaalekh/Desktop/ros_ws/build/my_pack/build/lib
[1.551s] creating /home/shaalekh/Desktop/ros_ws/build/my_pack/build/lib/my_pack
[1.552s] copying my_pack/hello_node.py -> /home/shaalekh/Desktop/ros_ws/build/my_pack/build/lib/my_pack
[1.552s] copying my_pack/__init__.py -> /home/shaalekh/Desktop/ros_ws/build/my_pack/build/lib/my_pack
[1.552s] running install
[1.561s] running install_lib
[1.584s] creating /home/shaalekh/Desktop/ros_ws/install/my_pack/lib/python3.12/site-packages/my_pack
[1.584s] copying /home/shaalekh/Desktop/ros_ws/build/my_pack/build/lib/my_pack/hello_node.py -> /home/shaalekh/Desktop/ros_ws/install/my_pack/lib/python3.12/site-packages/my_pack
[1.584s] copying /home/shaalekh/Desktop/ros_ws/build/my_pack/build/lib/my_pack/__init__.py -> /home/shaalekh/Desktop/ros_ws/install/my_pack/lib/python3.12/site-packages/my_pack
[1.585s] byte-compiling /home/shaalekh/Desktop/ros_ws/install/my_pack/lib/python3.12/site-packages/my_pack/hello_node.py to hello_node.cpython-312.pyc
[1.586s] byte-compiling /home/shaalekh/Desktop/ros_ws/install/my_pack/lib/python3.12/site-packages/my_pack/__init__.py to __init__.cpython-312.pyc
[1.586s] running install_data
[1.586s] creating /home/shaalekh/Desktop/ros_ws/install/my_pack/share/ament_index
[1.586s] creating /home/shaalekh/Desktop/ros_ws/install/my_pack/share/ament_index/resource_index
[1.586s] creating /home/shaalekh/Desktop/ros_ws/install/my_pack/share/ament_index/resource_index/packages
[1.587s] copying resource/my_pack -> /home/shaalekh/Desktop/ros_ws/install/my_pack/share/ament_index/resource_index/packages
[1.587s] copying package.xml -> /home/shaalekh/Desktop/ros_ws/install/my_pack/share/my_pack
[1.587s] running install_egg_info
[1.614s] Copying ../../build/my_pack/my_pack.egg-info to /home/shaalekh/Desktop/ros_ws/install/my_pack/lib/python3.12/site-packages/my_pack-0.0.0-py3.12.egg-info
[1.615s] running install_scripts
[1.789s] Installing hello_world script to /home/shaalekh/Desktop/ros_ws/install/my_pack/lib/my_pack
[1.790s] writing list of installed files to '/home/shaalekh/Desktop/ros_ws/build/my_pack/install.log'
[1.869s] Invoked command in '/home/shaalekh/Desktop/ros_ws/src/my_pack' returned '0': DEBUGINFOD_URLS=https://debuginfod.ubuntu.com PYTHONPATH=/home/shaalekh/Desktop/ros_ws/build/my_pack/prefix_override:/usr/lib/python3/dist-packages/colcon_core/task/python/colcon_distutils_commands:/home/shaalekh/Desktop/ros_ws/install/my_pack/lib/python3.12/site-packages:${PYTHONPATH} /usr/bin/python3 -W ignore:setup.py install is deprecated -W ignore:easy_install command is deprecated setup.py egg_info --egg-base ../../build/my_pack build --build-base /home/shaalekh/Desktop/ros_ws/build/my_pack/build install --record /home/shaalekh/Desktop/ros_ws/build/my_pack/install.log --single-version-externally-managed install_data
