running develop
Removing /home/shaalekh/Desktop/ros2_ws/install/my_pack/lib/python3.12/site-packages/my-pack.egg-link (link to .)
running egg_info
writing ../../build/my_pack/my_pack.egg-info/PKG-INFO
writing dependency_links to ../../build/my_pack/my_pack.egg-info/dependency_links.txt
writing entry points to ../../build/my_pack/my_pack.egg-info/entry_points.txt
writing requirements to ../../build/my_pack/my_pack.egg-info/requires.txt
writing top-level names to ../../build/my_pack/my_pack.egg-info/top_level.txt
reading manifest file '../../build/my_pack/my_pack.egg-info/SOURCES.txt'
adding license file 'LICENSE'
writing manifest file '../../build/my_pack/my_pack.egg-info/SOURCES.txt'
running build
running build_py
copying my_pack/hello_world.py -> /home/shaalekh/Desktop/ros2_ws/build/my_pack/build/lib/my_pack
running install
running install_lib
creating /home/shaalekh/Desktop/ros2_ws/install/my_pack/lib/python3.12/site-packages/my_pack
copying /home/shaalekh/Desktop/ros2_ws/build/my_pack/build/lib/my_pack/hello_node.py -> /home/shaalekh/Desktop/ros2_ws/install/my_pack/lib/python3.12/site-packages/my_pack
copying /home/shaalekh/Desktop/ros2_ws/build/my_pack/build/lib/my_pack/subscriber.py -> /home/shaalekh/Desktop/ros2_ws/install/my_pack/lib/python3.12/site-packages/my_pack
copying /home/shaalekh/Desktop/ros2_ws/build/my_pack/build/lib/my_pack/hello_world.py -> /home/shaalekh/Desktop/ros2_ws/install/my_pack/lib/python3.12/site-packages/my_pack
copying /home/shaalekh/Desktop/ros2_ws/build/my_pack/build/lib/my_pack/__init__.py -> /home/shaalekh/Desktop/ros2_ws/install/my_pack/lib/python3.12/site-packages/my_pack
copying /home/shaalekh/Desktop/ros2_ws/build/my_pack/build/lib/my_pack/publisher.py -> /home/shaalekh/Desktop/ros2_ws/install/my_pack/lib/python3.12/site-packages/my_pack
byte-compiling /home/shaalekh/Desktop/ros2_ws/install/my_pack/lib/python3.12/site-packages/my_pack/hello_node.py to hello_node.cpython-312.pyc
byte-compiling /home/shaalekh/Desktop/ros2_ws/install/my_pack/lib/python3.12/site-packages/my_pack/subscriber.py to subscriber.cpython-312.pyc
byte-compiling /home/shaalekh/Desktop/ros2_ws/install/my_pack/lib/python3.12/site-packages/my_pack/hello_world.py to hello_world.cpython-312.pyc
byte-compiling /home/shaalekh/Desktop/ros2_ws/install/my_pack/lib/python3.12/site-packages/my_pack/__init__.py to __init__.cpython-312.pyc
byte-compiling /home/shaalekh/Desktop/ros2_ws/install/my_pack/lib/python3.12/site-packages/my_pack/publisher.py to publisher.cpython-312.pyc
running install_data
copying resource/my_pack -> /home/shaalekh/Desktop/ros2_ws/install/my_pack/share/ament_index/resource_index/packages
copying package.xml -> /home/shaalekh/Desktop/ros2_ws/install/my_pack/share/my_pack
running install_egg_info
Copying ../../build/my_pack/my_pack.egg-info to /home/shaalekh/Desktop/ros2_ws/install/my_pack/lib/python3.12/site-packages/my_pack-0.0.0-py3.12.egg-info
running install_scripts
Installing hello_world script to /home/shaalekh/Desktop/ros2_ws/install/my_pack/lib/my_pack
Installing publisher script to /home/shaalekh/Desktop/ros2_ws/install/my_pack/lib/my_pack
Installing subscriber script to /home/shaalekh/Desktop/ros2_ws/install/my_pack/lib/my_pack
writing list of installed files to '/home/shaalekh/Desktop/ros2_ws/build/my_pack/install.log'
