[1.996s] Invoking command in '/home/shaalekh/Desktop/ros2_ws/build/my_pack': DEBUGINFOD_URLS=https://debuginfod.ubuntu.com PYTHONPATH=/home/shaalekh/Desktop/ros2_ws/build/my_pack/prefix_override:/usr/lib/python3/dist-packages/colcon_core/task/python/colcon_distutils_commands:/home/shaalekh/Desktop/ros2_ws/install/my_pack/lib/python3.12/site-packages:${PYTHONPATH} /usr/bin/python3 -W ignore:setup.py install is deprecated -W ignore:easy_install command is deprecated setup.py develop --uninstall --editable --build-directory /home/shaalekh/Desktop/ros2_ws/build/my_pack/build
[2.443s] running develop
[2.700s] Removing /home/shaalekh/Desktop/ros2_ws/install/my_pack/lib/python3.12/site-packages/my-pack.egg-link (link to .)
[2.876s] Invoked command in '/home/shaalekh/Desktop/ros2_ws/build/my_pack' returned '0': DEBUGINFOD_URLS=https://debuginfod.ubuntu.com PYTHONPATH=/home/shaalekh/Desktop/ros2_ws/build/my_pack/prefix_override:/usr/lib/python3/dist-packages/colcon_core/task/python/colcon_distutils_commands:/home/shaalekh/Desktop/ros2_ws/install/my_pack/lib/python3.12/site-packages:${PYTHONPATH} /usr/bin/python3 -W ignore:setup.py install is deprecated -W ignore:easy_install command is deprecated setup.py develop --uninstall --editable --build-directory /home/shaalekh/Desktop/ros2_ws/build/my_pack/build
[2.878s] Invoking command in '/home/shaalekh/Desktop/ros2_ws/src/my_pack': DEBUGINFOD_URLS=https://debuginfod.ubuntu.com PYTHONPATH=/home/shaalekh/Desktop/ros2_ws/build/my_pack/prefix_override:/usr/lib/python3/dist-packages/colcon_core/task/python/colcon_distutils_commands:/home/shaalekh/Desktop/ros2_ws/install/my_pack/lib/python3.12/site-packages:${PYTHONPATH} /usr/bin/python3 -W ignore:setup.py install is deprecated -W ignore:easy_install command is deprecated setup.py egg_info --egg-base ../../build/my_pack build --build-base /home/shaalekh/Desktop/ros2_ws/build/my_pack/build install --record /home/shaalekh/Desktop/ros2_ws/build/my_pack/install.log --single-version-externally-managed install_data --force
[3.255s] running egg_info
[3.279s] writing ../../build/my_pack/my_pack.egg-info/PKG-INFO
[3.279s] writing dependency_links to ../../build/my_pack/my_pack.egg-info/dependency_links.txt
[3.280s] writing entry points to ../../build/my_pack/my_pack.egg-info/entry_points.txt
[3.280s] writing requirements to ../../build/my_pack/my_pack.egg-info/requires.txt
[3.281s] writing top-level names to ../../build/my_pack/my_pack.egg-info/top_level.txt
[3.337s] reading manifest file '../../build/my_pack/my_pack.egg-info/SOURCES.txt'
[3.343s] adding license file 'LICENSE'
[3.343s] writing manifest file '../../build/my_pack/my_pack.egg-info/SOURCES.txt'
[3.343s] running build
[3.343s] running build_py
[3.344s] copying my_pack/hello_world.py -> /home/shaalekh/Desktop/ros2_ws/build/my_pack/build/lib/my_pack
[3.345s] running install
[3.355s] running install_lib
[3.382s] creating /home/shaalekh/Desktop/ros2_ws/install/my_pack/lib/python3.12/site-packages/my_pack
[3.382s] copying /home/shaalekh/Desktop/ros2_ws/build/my_pack/build/lib/my_pack/hello_node.py -> /home/shaalekh/Desktop/ros2_ws/install/my_pack/lib/python3.12/site-packages/my_pack
[3.387s] copying /home/shaalekh/Desktop/ros2_ws/build/my_pack/build/lib/my_pack/subscriber.py -> /home/shaalekh/Desktop/ros2_ws/install/my_pack/lib/python3.12/site-packages/my_pack
[3.391s] copying /home/shaalekh/Desktop/ros2_ws/build/my_pack/build/lib/my_pack/hello_world.py -> /home/shaalekh/Desktop/ros2_ws/install/my_pack/lib/python3.12/site-packages/my_pack
[3.391s] copying /home/shaalekh/Desktop/ros2_ws/build/my_pack/build/lib/my_pack/__init__.py -> /home/shaalekh/Desktop/ros2_ws/install/my_pack/lib/python3.12/site-packages/my_pack
[3.391s] copying /home/shaalekh/Desktop/ros2_ws/build/my_pack/build/lib/my_pack/publisher.py -> /home/shaalekh/Desktop/ros2_ws/install/my_pack/lib/python3.12/site-packages/my_pack
[3.393s] byte-compiling /home/shaalekh/Desktop/ros2_ws/install/my_pack/lib/python3.12/site-packages/my_pack/hello_node.py to hello_node.cpython-312.pyc
[3.393s] byte-compiling /home/shaalekh/Desktop/ros2_ws/install/my_pack/lib/python3.12/site-packages/my_pack/subscriber.py to subscriber.cpython-312.pyc
[3.394s] byte-compiling /home/shaalekh/Desktop/ros2_ws/install/my_pack/lib/python3.12/site-packages/my_pack/hello_world.py to hello_world.cpython-312.pyc
[3.394s] byte-compiling /home/shaalekh/Desktop/ros2_ws/install/my_pack/lib/python3.12/site-packages/my_pack/__init__.py to __init__.cpython-312.pyc
[3.395s] byte-compiling /home/shaalekh/Desktop/ros2_ws/install/my_pack/lib/python3.12/site-packages/my_pack/publisher.py to publisher.cpython-312.pyc
[3.395s] running install_data
[3.400s] copying resource/my_pack -> /home/shaalekh/Desktop/ros2_ws/install/my_pack/share/ament_index/resource_index/packages
[3.402s] copying package.xml -> /home/shaalekh/Desktop/ros2_ws/install/my_pack/share/my_pack
[3.402s] running install_egg_info
[3.440s] Copying ../../build/my_pack/my_pack.egg-info to /home/shaalekh/Desktop/ros2_ws/install/my_pack/lib/python3.12/site-packages/my_pack-0.0.0-py3.12.egg-info
[3.442s] running install_scripts
[3.638s] Installing hello_world script to /home/shaalekh/Desktop/ros2_ws/install/my_pack/lib/my_pack
[3.639s] Installing publisher script to /home/shaalekh/Desktop/ros2_ws/install/my_pack/lib/my_pack
[3.643s] Installing subscriber script to /home/shaalekh/Desktop/ros2_ws/install/my_pack/lib/my_pack
[3.644s] writing list of installed files to '/home/shaalekh/Desktop/ros2_ws/build/my_pack/install.log'
[3.785s] Invoked command in '/home/shaalekh/Desktop/ros2_ws/src/my_pack' returned '0': DEBUGINFOD_URLS=https://debuginfod.ubuntu.com PYTHONPATH=/home/shaalekh/Desktop/ros2_ws/build/my_pack/prefix_override:/usr/lib/python3/dist-packages/colcon_core/task/python/colcon_distutils_commands:/home/shaalekh/Desktop/ros2_ws/install/my_pack/lib/python3.12/site-packages:${PYTHONPATH} /usr/bin/python3 -W ignore:setup.py install is deprecated -W ignore:easy_install command is deprecated setup.py egg_info --egg-base ../../build/my_pack build --build-base /home/shaalekh/Desktop/ros2_ws/build/my_pack/build install --record /home/shaalekh/Desktop/ros2_ws/build/my_pack/install.log --single-version-externally-managed install_data --force
