[0.044s] Invoking command in '/home/shaalekh/Desktop/ros2_ws/build/custom_action_interfaces': CMAKE_PREFIX_PATH=${CMAKE_PREFIX_PATH}:/home/shaalekh/Desktop/ros2_ws/install/srvcli:/home/shaalekh/Desktop/ros2_ws/install/maha_params:/opt/ros/jazzy DEBUGINFOD_URLS=https://debuginfod.ubuntu.com /usr/bin/cmake --build /home/shaalekh/Desktop/ros2_ws/build/custom_action_interfaces -- -j4 -l4
[0.114s] -- Found ament_cmake: 2.5.4 (/opt/ros/jazzy/share/ament_cmake/cmake)
[0.193s] -- Found Python3: /usr/bin/python3 (found version "3.12.3") found components: Interpreter 
[0.748s] -- Found ament_lint_auto: 0.17.2 (/opt/ros/jazzy/share/ament_lint_auto/cmake)
[1.192s] -- Found rosidl_default_generators: 1.6.0 (/opt/ros/jazzy/share/rosidl_default_generators/cmake)
[1.214s] -- Using all available rosidl_typesupport_c: rosidl_typesupport_fastrtps_c;rosidl_typesupport_introspection_c
[1.341s] -- Using all available rosidl_typesupport_cpp: rosidl_typesupport_fastrtps_cpp;rosidl_typesupport_introspection_cpp
[1.453s] -- Found rosidl_adapter: 4.6.5 (/opt/ros/jazzy/share/rosidl_adapter/cmake)
[2.078s] -- Found ament_cmake_ros: 0.12.0 (/opt/ros/jazzy/share/ament_cmake_ros/cmake)
[2.278s] -- Using all available rosidl_typesupport_c: rosidl_typesupport_fastrtps_c;rosidl_typesupport_introspection_c
[2.528s] -- Using all available rosidl_typesupport_cpp: rosidl_typesupport_fastrtps_cpp;rosidl_typesupport_introspection_cpp
[2.534s] -- Found python_cmake_module: 0.11.1 (/opt/ros/jazzy/share/python_cmake_module/cmake)
[3.360s] -- Found Python3: /usr/bin/python3 (found version "3.12.3") found components: Interpreter Development NumPy Development.Module Development.Embed 
[3.457s] -- Added test 'lint_cmake' to check CMake code style
[3.463s] -- Added test 'xmllint' to check XML markup files
[3.519s] -- Configuring done (3.4s)
[3.783s] -- Generating done (0.2s)
[3.861s] -- Build files have been written to: /home/shaalekh/Desktop/ros2_ws/build/custom_action_interfaces
[4.015s] [  2%] [34m[1mGenerating type hashes for ROS interfaces[0m
[4.099s] [  2%] Built target ament_cmake_python_copy_custom_action_interfaces
[5.007s] running egg_info
[5.019s] [  2%] Built target custom_action_interfaces__rosidl_generator_type_description
[5.087s] writing custom_action_interfaces.egg-info/PKG-INFO
[5.087s] writing dependency_links to custom_action_interfaces.egg-info/dependency_links.txt
[5.090s] writing top-level names to custom_action_interfaces.egg-info/top_level.txt
[5.090s] [  5%] [34m[1mGenerating C code for ROS interfaces[0m
[5.147s] [  8%] [34m[1mGenerating C++ code for ROS interfaces[0m
[5.281s] reading manifest file 'custom_action_interfaces.egg-info/SOURCES.txt'
[5.282s] writing manifest file 'custom_action_interfaces.egg-info/SOURCES.txt'
[5.516s] [  8%] Built target ament_cmake_python_build_custom_action_interfaces_egg
[6.560s] [ 17%] [32mBuilding C object CMakeFiles/custom_action_interfaces__rosidl_generator_c.dir/rosidl_generator_c/custom_action_interfaces/action/detail/fibonacci__functions.c.o[0m
[6.560s] [ 17%] [32mBuilding C object CMakeFiles/custom_action_interfaces__rosidl_generator_c.dir/rosidl_generator_c/custom_action_interfaces/action/detail/fibonacci__type_support.c.o[0m
[6.560s] [ 17%] [32mBuilding C object CMakeFiles/custom_action_interfaces__rosidl_generator_c.dir/rosidl_generator_c/custom_action_interfaces/action/detail/fibonacci__description.c.o[0m
[6.661s] [ 17%] Built target custom_action_interfaces__cpp
[7.045s] [ 20%] [32m[1mLinking C shared library libcustom_action_interfaces__rosidl_generator_c.so[0m
[7.151s] [ 20%] Built target custom_action_interfaces__rosidl_generator_c
[7.171s] [ 32%] [34m[1mGenerating C++ type support dispatch for ROS interfaces[0m
[7.173s] [ 32%] [34m[1mGenerating C introspection for ROS interfaces[0m
[7.173s] [ 32%] [34m[1mGenerating C type support for eProsima Fast-RTPS[0m
[7.173s] [ 32%] [34m[1mGenerating C type support dispatch for ROS interfaces[0m
[7.869s] [ 35%] [32mBuilding CXX object CMakeFiles/custom_action_interfaces__rosidl_typesupport_c.dir/rosidl_typesupport_c/custom_action_interfaces/action/fibonacci__type_support.cpp.o[0m
[7.911s] [ 38%] [32mBuilding CXX object CMakeFiles/custom_action_interfaces__rosidl_typesupport_cpp.dir/rosidl_typesupport_cpp/custom_action_interfaces/action/fibonacci__type_support.cpp.o[0m
[8.027s] [ 41%] [32mBuilding C object CMakeFiles/custom_action_interfaces__rosidl_typesupport_introspection_c.dir/rosidl_typesupport_introspection_c/custom_action_interfaces/action/detail/fibonacci__type_support.c.o[0m
[8.230s] [ 44%] [32m[1mLinking C shared library libcustom_action_interfaces__rosidl_typesupport_introspection_c.so[0m
[8.298s] [ 47%] Built target custom_action_interfaces__rosidl_typesupport_introspection_c
[8.298s] [ 47%] [32mBuilding CXX object CMakeFiles/custom_action_interfaces__rosidl_typesupport_fastrtps_c.dir/rosidl_typesupport_fastrtps_c/custom_action_interfaces/action/detail/fibonacci__type_support_c.cpp.o[0m
[8.326s] [ 50%] [34m[1mGenerating C++ type support for eProsima Fast-RTPS[0m
[8.395s] [ 52%] [32m[1mLinking CXX shared library libcustom_action_interfaces__rosidl_typesupport_c.so[0m
[8.511s] [ 52%] Built target custom_action_interfaces__rosidl_typesupport_c
[8.547s] [ 55%] [34m[1mGenerating C++ introspection for ROS interfaces[0m
[9.469s] [ 58%] [32mBuilding CXX object CMakeFiles/custom_action_interfaces__rosidl_typesupport_introspection_cpp.dir/rosidl_typesupport_introspection_cpp/custom_action_interfaces/action/detail/fibonacci__type_support.cpp.o[0m
[9.550s] [ 61%] [32mBuilding CXX object CMakeFiles/custom_action_interfaces__rosidl_typesupport_fastrtps_cpp.dir/rosidl_typesupport_fastrtps_cpp/custom_action_interfaces/action/detail/dds_fastrtps/fibonacci__type_support.cpp.o[0m
[10.278s] [ 64%] [32m[1mLinking CXX shared library libcustom_action_interfaces__rosidl_typesupport_fastrtps_c.so[0m
[10.459s] [ 64%] Built target custom_action_interfaces__rosidl_typesupport_fastrtps_c
[10.492s] [ 67%] [32m[1mLinking CXX shared library libcustom_action_interfaces__rosidl_typesupport_cpp.so[0m
[10.712s] [ 67%] Built target custom_action_interfaces__rosidl_typesupport_cpp
[11.399s] [ 70%] [32m[1mLinking CXX shared library libcustom_action_interfaces__rosidl_typesupport_introspection_cpp.so[0m
[11.603s] [ 70%] Built target custom_action_interfaces__rosidl_typesupport_introspection_cpp
[11.885s] [ 73%] [32m[1mLinking CXX shared library libcustom_action_interfaces__rosidl_typesupport_fastrtps_cpp.so[0m
[12.070s] [ 73%] Built target custom_action_interfaces__rosidl_typesupport_fastrtps_cpp
[12.106s] [ 73%] Built target custom_action_interfaces
[12.143s] [ 76%] [34m[1mGenerating Python code for ROS interfaces[0m
[13.130s] [ 76%] Built target custom_action_interfaces__py
[13.176s] [ 79%] [32mBuilding C object CMakeFiles/custom_action_interfaces__rosidl_generator_py.dir/rosidl_generator_py/custom_action_interfaces/action/_fibonacci_s.c.o[0m
[13.595s] [ 82%] [32m[1mLinking C shared library libcustom_action_interfaces__rosidl_generator_py.so[0m
[13.681s] [ 82%] Built target custom_action_interfaces__rosidl_generator_py
[13.729s] [ 88%] [32mBuilding C object CMakeFiles/custom_action_interfaces_s__rosidl_typesupport_introspection_c.dir/rosidl_generator_py/custom_action_interfaces/_custom_action_interfaces_s.ep.rosidl_typesupport_introspection_c.c.o[0m
[13.729s] [ 88%] [32mBuilding C object CMakeFiles/custom_action_interfaces_s__rosidl_typesupport_fastrtps_c.dir/rosidl_generator_py/custom_action_interfaces/_custom_action_interfaces_s.ep.rosidl_typesupport_fastrtps_c.c.o[0m
[13.729s] [ 91%] [32mBuilding C object CMakeFiles/custom_action_interfaces_s__rosidl_typesupport_c.dir/rosidl_generator_py/custom_action_interfaces/_custom_action_interfaces_s.ep.rosidl_typesupport_c.c.o[0m
[14.050s] [ 94%] [32m[1mLinking C shared module rosidl_generator_py/custom_action_interfaces/custom_action_interfaces_s__rosidl_typesupport_fastrtps_c.so[0m
[14.102s] [ 97%] [32m[1mLinking C shared module rosidl_generator_py/custom_action_interfaces/custom_action_interfaces_s__rosidl_typesupport_c.so[0m
[14.153s] [100%] [32m[1mLinking C shared module rosidl_generator_py/custom_action_interfaces/custom_action_interfaces_s__rosidl_typesupport_introspection_c.so[0m
[14.154s] [100%] Built target custom_action_interfaces_s__rosidl_typesupport_fastrtps_c
[14.172s] [100%] Built target custom_action_interfaces_s__rosidl_typesupport_c
[14.213s] [100%] Built target custom_action_interfaces_s__rosidl_typesupport_introspection_c
[14.235s] Invoked command in '/home/shaalekh/Desktop/ros2_ws/build/custom_action_interfaces' returned '0': CMAKE_PREFIX_PATH=${CMAKE_PREFIX_PATH}:/home/shaalekh/Desktop/ros2_ws/install/srvcli:/home/shaalekh/Desktop/ros2_ws/install/maha_params:/opt/ros/jazzy DEBUGINFOD_URLS=https://debuginfod.ubuntu.com /usr/bin/cmake --build /home/shaalekh/Desktop/ros2_ws/build/custom_action_interfaces -- -j4 -l4
[14.237s] Invoking command in '/home/shaalekh/Desktop/ros2_ws/build/custom_action_interfaces': CMAKE_PREFIX_PATH=${CMAKE_PREFIX_PATH}:/home/shaalekh/Desktop/ros2_ws/install/srvcli:/home/shaalekh/Desktop/ros2_ws/install/maha_params:/opt/ros/jazzy DEBUGINFOD_URLS=https://debuginfod.ubuntu.com /usr/bin/cmake --install /home/shaalekh/Desktop/ros2_ws/build/custom_action_interfaces
[14.254s] -- Install configuration: ""
[14.254s] -- Up-to-date: /home/shaalekh/Desktop/ros2_ws/install/custom_action_interfaces/share/ament_index/resource_index/rosidl_interfaces/custom_action_interfaces
[14.254s] -- Installing: /home/shaalekh/Desktop/ros2_ws/install/custom_action_interfaces/share/custom_action_interfaces/action/Fibonacci.json
[14.254s] -- Up-to-date: /home/shaalekh/Desktop/ros2_ws/install/custom_action_interfaces/include/custom_action_interfaces/custom_action_interfaces
[14.254s] -- Up-to-date: /home/shaalekh/Desktop/ros2_ws/install/custom_action_interfaces/include/custom_action_interfaces/custom_action_interfaces/action
[14.255s] -- Up-to-date: /home/shaalekh/Desktop/ros2_ws/install/custom_action_interfaces/include/custom_action_interfaces/custom_action_interfaces/action/detail
[14.255s] -- Installing: /home/shaalekh/Desktop/ros2_ws/install/custom_action_interfaces/include/custom_action_interfaces/custom_action_interfaces/action/detail/fibonacci__functions.c
[14.255s] -- Installing: /home/shaalekh/Desktop/ros2_ws/install/custom_action_interfaces/include/custom_action_interfaces/custom_action_interfaces/action/detail/fibonacci__functions.h
[14.255s] -- Installing: /home/shaalekh/Desktop/ros2_ws/install/custom_action_interfaces/include/custom_action_interfaces/custom_action_interfaces/action/detail/fibonacci__type_support.h
[14.256s] -- Installing: /home/shaalekh/Desktop/ros2_ws/install/custom_action_interfaces/include/custom_action_interfaces/custom_action_interfaces/action/detail/fibonacci__struct.h
[14.256s] -- Installing: /home/shaalekh/Desktop/ros2_ws/install/custom_action_interfaces/include/custom_action_interfaces/custom_action_interfaces/action/detail/fibonacci__type_support.c
[14.256s] -- Installing: /home/shaalekh/Desktop/ros2_ws/install/custom_action_interfaces/include/custom_action_interfaces/custom_action_interfaces/action/detail/fibonacci__description.c
[14.256s] -- Installing: /home/shaalekh/Desktop/ros2_ws/install/custom_action_interfaces/include/custom_action_interfaces/custom_action_interfaces/action/fibonacci.h
[14.257s] -- Up-to-date: /home/shaalekh/Desktop/ros2_ws/install/custom_action_interfaces/include/custom_action_interfaces/custom_action_interfaces/msg
[14.257s] -- Up-to-date: /home/shaalekh/Desktop/ros2_ws/install/custom_action_interfaces/include/custom_action_interfaces/custom_action_interfaces/msg/rosidl_generator_c__visibility_control.h
[14.257s] -- Up-to-date: /home/shaalekh/Desktop/ros2_ws/install/custom_action_interfaces/share/custom_action_interfaces/environment/library_path.sh
[14.257s] -- Up-to-date: /home/shaalekh/Desktop/ros2_ws/install/custom_action_interfaces/share/custom_action_interfaces/environment/library_path.dsv
[14.257s] -- Installing: /home/shaalekh/Desktop/ros2_ws/install/custom_action_interfaces/lib/libcustom_action_interfaces__rosidl_generator_c.so
[14.258s] -- Set non-toolchain portion of runtime path of "/home/shaalekh/Desktop/ros2_ws/install/custom_action_interfaces/lib/libcustom_action_interfaces__rosidl_generator_c.so" to ""
[14.258s] -- Up-to-date: /home/shaalekh/Desktop/ros2_ws/install/custom_action_interfaces/include/custom_action_interfaces/custom_action_interfaces
[14.258s] -- Up-to-date: /home/shaalekh/Desktop/ros2_ws/install/custom_action_interfaces/include/custom_action_interfaces/custom_action_interfaces/action
[14.258s] -- Up-to-date: /home/shaalekh/Desktop/ros2_ws/install/custom_action_interfaces/include/custom_action_interfaces/custom_action_interfaces/action/detail
[14.259s] -- Installing: /home/shaalekh/Desktop/ros2_ws/install/custom_action_interfaces/include/custom_action_interfaces/custom_action_interfaces/action/detail/fibonacci__rosidl_typesupport_fastrtps_c.h
[14.259s] -- Up-to-date: /home/shaalekh/Desktop/ros2_ws/install/custom_action_interfaces/include/custom_action_interfaces/custom_action_interfaces/msg
[14.259s] -- Up-to-date: /home/shaalekh/Desktop/ros2_ws/install/custom_action_interfaces/include/custom_action_interfaces/custom_action_interfaces/msg/rosidl_typesupport_fastrtps_c__visibility_control.h
[14.259s] -- Installing: /home/shaalekh/Desktop/ros2_ws/install/custom_action_interfaces/lib/libcustom_action_interfaces__rosidl_typesupport_fastrtps_c.so
[14.260s] -- Set non-toolchain portion of runtime path of "/home/shaalekh/Desktop/ros2_ws/install/custom_action_interfaces/lib/libcustom_action_interfaces__rosidl_typesupport_fastrtps_c.so" to ""
[14.260s] -- Up-to-date: /home/shaalekh/Desktop/ros2_ws/install/custom_action_interfaces/include/custom_action_interfaces/custom_action_interfaces
[14.260s] -- Up-to-date: /home/shaalekh/Desktop/ros2_ws/install/custom_action_interfaces/include/custom_action_interfaces/custom_action_interfaces/action
[14.260s] -- Up-to-date: /home/shaalekh/Desktop/ros2_ws/install/custom_action_interfaces/include/custom_action_interfaces/custom_action_interfaces/action/detail
[14.260s] -- Installing: /home/shaalekh/Desktop/ros2_ws/install/custom_action_interfaces/include/custom_action_interfaces/custom_action_interfaces/action/detail/fibonacci__rosidl_typesupport_introspection_c.h
[14.260s] -- Installing: /home/shaalekh/Desktop/ros2_ws/install/custom_action_interfaces/include/custom_action_interfaces/custom_action_interfaces/action/detail/fibonacci__type_support.c
[14.261s] -- Up-to-date: /home/shaalekh/Desktop/ros2_ws/install/custom_action_interfaces/include/custom_action_interfaces/custom_action_interfaces/msg
[14.261s] -- Up-to-date: /home/shaalekh/Desktop/ros2_ws/install/custom_action_interfaces/include/custom_action_interfaces/custom_action_interfaces/msg/rosidl_typesupport_introspection_c__visibility_control.h
[14.261s] -- Installing: /home/shaalekh/Desktop/ros2_ws/install/custom_action_interfaces/lib/libcustom_action_interfaces__rosidl_typesupport_introspection_c.so
[14.262s] -- Set non-toolchain portion of runtime path of "/home/shaalekh/Desktop/ros2_ws/install/custom_action_interfaces/lib/libcustom_action_interfaces__rosidl_typesupport_introspection_c.so" to ""
[14.262s] -- Installing: /home/shaalekh/Desktop/ros2_ws/install/custom_action_interfaces/lib/libcustom_action_interfaces__rosidl_typesupport_c.so
[14.263s] -- Set non-toolchain portion of runtime path of "/home/shaalekh/Desktop/ros2_ws/install/custom_action_interfaces/lib/libcustom_action_interfaces__rosidl_typesupport_c.so" to ""
[14.266s] -- Up-to-date: /home/shaalekh/Desktop/ros2_ws/install/custom_action_interfaces/include/custom_action_interfaces/custom_action_interfaces
[14.266s] -- Up-to-date: /home/shaalekh/Desktop/ros2_ws/install/custom_action_interfaces/include/custom_action_interfaces/custom_action_interfaces/action
[14.266s] -- Up-to-date: /home/shaalekh/Desktop/ros2_ws/install/custom_action_interfaces/include/custom_action_interfaces/custom_action_interfaces/action/detail
[14.266s] -- Installing: /home/shaalekh/Desktop/ros2_ws/install/custom_action_interfaces/include/custom_action_interfaces/custom_action_interfaces/action/detail/fibonacci__type_support.hpp
[14.266s] -- Installing: /home/shaalekh/Desktop/ros2_ws/install/custom_action_interfaces/include/custom_action_interfaces/custom_action_interfaces/action/detail/fibonacci__traits.hpp
[14.266s] -- Installing: /home/shaalekh/Desktop/ros2_ws/install/custom_action_interfaces/include/custom_action_interfaces/custom_action_interfaces/action/detail/fibonacci__builder.hpp
[14.266s] -- Installing: /home/shaalekh/Desktop/ros2_ws/install/custom_action_interfaces/include/custom_action_interfaces/custom_action_interfaces/action/detail/fibonacci__struct.hpp
[14.267s] -- Installing: /home/shaalekh/Desktop/ros2_ws/install/custom_action_interfaces/include/custom_action_interfaces/custom_action_interfaces/action/fibonacci.hpp
[14.267s] -- Up-to-date: /home/shaalekh/Desktop/ros2_ws/install/custom_action_interfaces/include/custom_action_interfaces/custom_action_interfaces/msg
[14.267s] -- Installing: /home/shaalekh/Desktop/ros2_ws/install/custom_action_interfaces/include/custom_action_interfaces/custom_action_interfaces/msg/rosidl_generator_cpp__visibility_control.hpp
[14.267s] -- Up-to-date: /home/shaalekh/Desktop/ros2_ws/install/custom_action_interfaces/include/custom_action_interfaces/custom_action_interfaces
[14.267s] -- Up-to-date: /home/shaalekh/Desktop/ros2_ws/install/custom_action_interfaces/include/custom_action_interfaces/custom_action_interfaces/action
[14.267s] -- Up-to-date: /home/shaalekh/Desktop/ros2_ws/install/custom_action_interfaces/include/custom_action_interfaces/custom_action_interfaces/action/detail
[14.267s] -- Up-to-date: /home/shaalekh/Desktop/ros2_ws/install/custom_action_interfaces/include/custom_action_interfaces/custom_action_interfaces/action/detail/dds_fastrtps
[14.267s] -- Installing: /home/shaalekh/Desktop/ros2_ws/install/custom_action_interfaces/include/custom_action_interfaces/custom_action_interfaces/action/detail/fibonacci__rosidl_typesupport_fastrtps_cpp.hpp
[14.267s] -- Up-to-date: /home/shaalekh/Desktop/ros2_ws/install/custom_action_interfaces/include/custom_action_interfaces/custom_action_interfaces/msg
[14.267s] -- Up-to-date: /home/shaalekh/Desktop/ros2_ws/install/custom_action_interfaces/include/custom_action_interfaces/custom_action_interfaces/msg/rosidl_typesupport_fastrtps_cpp__visibility_control.h
[14.267s] -- Installing: /home/shaalekh/Desktop/ros2_ws/install/custom_action_interfaces/lib/libcustom_action_interfaces__rosidl_typesupport_fastrtps_cpp.so
[14.268s] -- Set non-toolchain portion of runtime path of "/home/shaalekh/Desktop/ros2_ws/install/custom_action_interfaces/lib/libcustom_action_interfaces__rosidl_typesupport_fastrtps_cpp.so" to ""
[14.268s] -- Up-to-date: /home/shaalekh/Desktop/ros2_ws/install/custom_action_interfaces/include/custom_action_interfaces/custom_action_interfaces
[14.268s] -- Up-to-date: /home/shaalekh/Desktop/ros2_ws/install/custom_action_interfaces/include/custom_action_interfaces/custom_action_interfaces/action
[14.269s] -- Up-to-date: /home/shaalekh/Desktop/ros2_ws/install/custom_action_interfaces/include/custom_action_interfaces/custom_action_interfaces/action/detail
[14.269s] -- Installing: /home/shaalekh/Desktop/ros2_ws/install/custom_action_interfaces/include/custom_action_interfaces/custom_action_interfaces/action/detail/fibonacci__rosidl_typesupport_introspection_cpp.hpp
[14.270s] -- Installing: /home/shaalekh/Desktop/ros2_ws/install/custom_action_interfaces/include/custom_action_interfaces/custom_action_interfaces/action/detail/fibonacci__type_support.cpp
[14.272s] -- Installing: /home/shaalekh/Desktop/ros2_ws/install/custom_action_interfaces/lib/libcustom_action_interfaces__rosidl_typesupport_introspection_cpp.so
[14.272s] -- Set non-toolchain portion of runtime path of "/home/shaalekh/Desktop/ros2_ws/install/custom_action_interfaces/lib/libcustom_action_interfaces__rosidl_typesupport_introspection_cpp.so" to ""
[14.272s] -- Installing: /home/shaalekh/Desktop/ros2_ws/install/custom_action_interfaces/lib/libcustom_action_interfaces__rosidl_typesupport_cpp.so
[14.277s] -- Set non-toolchain portion of runtime path of "/home/shaalekh/Desktop/ros2_ws/install/custom_action_interfaces/lib/libcustom_action_interfaces__rosidl_typesupport_cpp.so" to ""
[14.277s] -- Up-to-date: /home/shaalekh/Desktop/ros2_ws/install/custom_action_interfaces/share/custom_action_interfaces/environment/pythonpath.sh
[14.277s] -- Up-to-date: /home/shaalekh/Desktop/ros2_ws/install/custom_action_interfaces/share/custom_action_interfaces/environment/pythonpath.dsv
[14.277s] -- Up-to-date: /home/shaalekh/Desktop/ros2_ws/install/custom_action_interfaces/lib/python3.12/site-packages/custom_action_interfaces-0.0.0-py3.12.egg-info
[14.277s] -- Installing: /home/shaalekh/Desktop/ros2_ws/install/custom_action_interfaces/lib/python3.12/site-packages/custom_action_interfaces-0.0.0-py3.12.egg-info/dependency_links.txt
[14.278s] -- Installing: /home/shaalekh/Desktop/ros2_ws/install/custom_action_interfaces/lib/python3.12/site-packages/custom_action_interfaces-0.0.0-py3.12.egg-info/PKG-INFO
[14.278s] -- Installing: /home/shaalekh/Desktop/ros2_ws/install/custom_action_interfaces/lib/python3.12/site-packages/custom_action_interfaces-0.0.0-py3.12.egg-info/top_level.txt
[14.278s] -- Installing: /home/shaalekh/Desktop/ros2_ws/install/custom_action_interfaces/lib/python3.12/site-packages/custom_action_interfaces-0.0.0-py3.12.egg-info/SOURCES.txt
[14.278s] -- Up-to-date: /home/shaalekh/Desktop/ros2_ws/install/custom_action_interfaces/lib/python3.12/site-packages/custom_action_interfaces
[14.278s] -- Installing: /home/shaalekh/Desktop/ros2_ws/install/custom_action_interfaces/lib/python3.12/site-packages/custom_action_interfaces/_custom_action_interfaces_s.ep.rosidl_typesupport_fastrtps_c.c
[14.278s] -- Up-to-date: /home/shaalekh/Desktop/ros2_ws/install/custom_action_interfaces/lib/python3.12/site-packages/custom_action_interfaces/action
[14.278s] -- Installing: /home/shaalekh/Desktop/ros2_ws/install/custom_action_interfaces/lib/python3.12/site-packages/custom_action_interfaces/action/_fibonacci.py
[14.278s] -- Installing: /home/shaalekh/Desktop/ros2_ws/install/custom_action_interfaces/lib/python3.12/site-packages/custom_action_interfaces/action/__init__.py
[14.279s] -- Installing: /home/shaalekh/Desktop/ros2_ws/install/custom_action_interfaces/lib/python3.12/site-packages/custom_action_interfaces/action/_fibonacci_s.c
[14.280s] -- Installing: /home/shaalekh/Desktop/ros2_ws/install/custom_action_interfaces/lib/python3.12/site-packages/custom_action_interfaces/_custom_action_interfaces_s.ep.rosidl_typesupport_c.c
[14.281s] -- Installing: /home/shaalekh/Desktop/ros2_ws/install/custom_action_interfaces/lib/python3.12/site-packages/custom_action_interfaces/__init__.py
[14.281s] -- Installing: /home/shaalekh/Desktop/ros2_ws/install/custom_action_interfaces/lib/python3.12/site-packages/custom_action_interfaces/custom_action_interfaces_s__rosidl_typesupport_c.so
[14.281s] -- Installing: /home/shaalekh/Desktop/ros2_ws/install/custom_action_interfaces/lib/python3.12/site-packages/custom_action_interfaces/custom_action_interfaces_s__rosidl_typesupport_introspection_c.so
[14.283s] -- Installing: /home/shaalekh/Desktop/ros2_ws/install/custom_action_interfaces/lib/python3.12/site-packages/custom_action_interfaces/custom_action_interfaces_s__rosidl_typesupport_fastrtps_c.so
[14.283s] -- Installing: /home/shaalekh/Desktop/ros2_ws/install/custom_action_interfaces/lib/python3.12/site-packages/custom_action_interfaces/_custom_action_interfaces_s.ep.rosidl_typesupport_introspection_c.c
[14.355s] Listing '/home/shaalekh/Desktop/ros2_ws/install/custom_action_interfaces/lib/python3.12/site-packages/custom_action_interfaces'...
[14.355s] Compiling '/home/shaalekh/Desktop/ros2_ws/install/custom_action_interfaces/lib/python3.12/site-packages/custom_action_interfaces/__init__.py'...
[14.355s] Listing '/home/shaalekh/Desktop/ros2_ws/install/custom_action_interfaces/lib/python3.12/site-packages/custom_action_interfaces/action'...
[14.355s] Compiling '/home/shaalekh/Desktop/ros2_ws/install/custom_action_interfaces/lib/python3.12/site-packages/custom_action_interfaces/action/__init__.py'...
[14.355s] Compiling '/home/shaalekh/Desktop/ros2_ws/install/custom_action_interfaces/lib/python3.12/site-packages/custom_action_interfaces/action/_fibonacci.py'...
[14.379s] -- Installing: /home/shaalekh/Desktop/ros2_ws/install/custom_action_interfaces/lib/python3.12/site-packages/custom_action_interfaces/custom_action_interfaces_s__rosidl_typesupport_fastrtps_c.so
[14.380s] -- Set non-toolchain portion of runtime path of "/home/shaalekh/Desktop/ros2_ws/install/custom_action_interfaces/lib/python3.12/site-packages/custom_action_interfaces/custom_action_interfaces_s__rosidl_typesupport_fastrtps_c.so" to ""
[14.380s] -- Installing: /home/shaalekh/Desktop/ros2_ws/install/custom_action_interfaces/lib/python3.12/site-packages/custom_action_interfaces/custom_action_interfaces_s__rosidl_typesupport_introspection_c.so
[14.380s] -- Set non-toolchain portion of runtime path of "/home/shaalekh/Desktop/ros2_ws/install/custom_action_interfaces/lib/python3.12/site-packages/custom_action_interfaces/custom_action_interfaces_s__rosidl_typesupport_introspection_c.so" to ""
[14.380s] -- Installing: /home/shaalekh/Desktop/ros2_ws/install/custom_action_interfaces/lib/python3.12/site-packages/custom_action_interfaces/custom_action_interfaces_s__rosidl_typesupport_c.so
[14.380s] -- Set non-toolchain portion of runtime path of "/home/shaalekh/Desktop/ros2_ws/install/custom_action_interfaces/lib/python3.12/site-packages/custom_action_interfaces/custom_action_interfaces_s__rosidl_typesupport_c.so" to ""
[14.381s] -- Installing: /home/shaalekh/Desktop/ros2_ws/install/custom_action_interfaces/lib/libcustom_action_interfaces__rosidl_generator_py.so
[14.382s] -- Set non-toolchain portion of runtime path of "/home/shaalekh/Desktop/ros2_ws/install/custom_action_interfaces/lib/libcustom_action_interfaces__rosidl_generator_py.so" to ""
[14.382s] -- Installing: /home/shaalekh/Desktop/ros2_ws/install/custom_action_interfaces/share/custom_action_interfaces/action/Fibonacci.idl
[14.382s] -- Installing: /home/shaalekh/Desktop/ros2_ws/install/custom_action_interfaces/share/custom_action_interfaces/action/Fibonacci.action
[14.382s] -- Up-to-date: /home/shaalekh/Desktop/ros2_ws/install/custom_action_interfaces/share/ament_index/resource_index/package_run_dependencies/custom_action_interfaces
[14.382s] -- Installing: /home/shaalekh/Desktop/ros2_ws/install/custom_action_interfaces/share/ament_index/resource_index/parent_prefix_path/custom_action_interfaces
[14.382s] -- Up-to-date: /home/shaalekh/Desktop/ros2_ws/install/custom_action_interfaces/share/custom_action_interfaces/environment/ament_prefix_path.sh
[14.383s] -- Up-to-date: /home/shaalekh/Desktop/ros2_ws/install/custom_action_interfaces/share/custom_action_interfaces/environment/ament_prefix_path.dsv
[14.383s] -- Up-to-date: /home/shaalekh/Desktop/ros2_ws/install/custom_action_interfaces/share/custom_action_interfaces/environment/path.sh
[14.383s] -- Up-to-date: /home/shaalekh/Desktop/ros2_ws/install/custom_action_interfaces/share/custom_action_interfaces/environment/path.dsv
[14.383s] -- Up-to-date: /home/shaalekh/Desktop/ros2_ws/install/custom_action_interfaces/share/custom_action_interfaces/local_setup.bash
[14.383s] -- Up-to-date: /home/shaalekh/Desktop/ros2_ws/install/custom_action_interfaces/share/custom_action_interfaces/local_setup.sh
[14.383s] -- Up-to-date: /home/shaalekh/Desktop/ros2_ws/install/custom_action_interfaces/share/custom_action_interfaces/local_setup.zsh
[14.383s] -- Up-to-date: /home/shaalekh/Desktop/ros2_ws/install/custom_action_interfaces/share/custom_action_interfaces/local_setup.dsv
[14.383s] -- Installing: /home/shaalekh/Desktop/ros2_ws/install/custom_action_interfaces/share/custom_action_interfaces/package.dsv
[14.388s] -- Up-to-date: /home/shaalekh/Desktop/ros2_ws/install/custom_action_interfaces/share/ament_index/resource_index/packages/custom_action_interfaces
[14.388s] -- Up-to-date: /home/shaalekh/Desktop/ros2_ws/install/custom_action_interfaces/share/custom_action_interfaces/cmake/export_custom_action_interfaces__rosidl_generator_cExport.cmake
[14.389s] -- Up-to-date: /home/shaalekh/Desktop/ros2_ws/install/custom_action_interfaces/share/custom_action_interfaces/cmake/export_custom_action_interfaces__rosidl_generator_cExport-noconfig.cmake
[14.389s] -- Up-to-date: /home/shaalekh/Desktop/ros2_ws/install/custom_action_interfaces/share/custom_action_interfaces/cmake/export_custom_action_interfaces__rosidl_typesupport_fastrtps_cExport.cmake
[14.389s] -- Up-to-date: /home/shaalekh/Desktop/ros2_ws/install/custom_action_interfaces/share/custom_action_interfaces/cmake/export_custom_action_interfaces__rosidl_typesupport_fastrtps_cExport-noconfig.cmake
[14.389s] -- Up-to-date: /home/shaalekh/Desktop/ros2_ws/install/custom_action_interfaces/share/custom_action_interfaces/cmake/custom_action_interfaces__rosidl_typesupport_introspection_cExport.cmake
[14.389s] -- Up-to-date: /home/shaalekh/Desktop/ros2_ws/install/custom_action_interfaces/share/custom_action_interfaces/cmake/custom_action_interfaces__rosidl_typesupport_introspection_cExport-noconfig.cmake
[14.389s] -- Up-to-date: /home/shaalekh/Desktop/ros2_ws/install/custom_action_interfaces/share/custom_action_interfaces/cmake/custom_action_interfaces__rosidl_typesupport_cExport.cmake
[14.389s] -- Up-to-date: /home/shaalekh/Desktop/ros2_ws/install/custom_action_interfaces/share/custom_action_interfaces/cmake/custom_action_interfaces__rosidl_typesupport_cExport-noconfig.cmake
[14.390s] -- Up-to-date: /home/shaalekh/Desktop/ros2_ws/install/custom_action_interfaces/share/custom_action_interfaces/cmake/export_custom_action_interfaces__rosidl_generator_cppExport.cmake
[14.391s] -- Up-to-date: /home/shaalekh/Desktop/ros2_ws/install/custom_action_interfaces/share/custom_action_interfaces/cmake/export_custom_action_interfaces__rosidl_typesupport_fastrtps_cppExport.cmake
[14.391s] -- Up-to-date: /home/shaalekh/Desktop/ros2_ws/install/custom_action_interfaces/share/custom_action_interfaces/cmake/export_custom_action_interfaces__rosidl_typesupport_fastrtps_cppExport-noconfig.cmake
[14.391s] -- Up-to-date: /home/shaalekh/Desktop/ros2_ws/install/custom_action_interfaces/share/custom_action_interfaces/cmake/custom_action_interfaces__rosidl_typesupport_introspection_cppExport.cmake
[14.391s] -- Up-to-date: /home/shaalekh/Desktop/ros2_ws/install/custom_action_interfaces/share/custom_action_interfaces/cmake/custom_action_interfaces__rosidl_typesupport_introspection_cppExport-noconfig.cmake
[14.391s] -- Up-to-date: /home/shaalekh/Desktop/ros2_ws/install/custom_action_interfaces/share/custom_action_interfaces/cmake/custom_action_interfaces__rosidl_typesupport_cppExport.cmake
[14.392s] -- Up-to-date: /home/shaalekh/Desktop/ros2_ws/install/custom_action_interfaces/share/custom_action_interfaces/cmake/custom_action_interfaces__rosidl_typesupport_cppExport-noconfig.cmake
[14.392s] -- Up-to-date: /home/shaalekh/Desktop/ros2_ws/install/custom_action_interfaces/share/custom_action_interfaces/cmake/export_custom_action_interfaces__rosidl_generator_pyExport.cmake
[14.392s] -- Up-to-date: /home/shaalekh/Desktop/ros2_ws/install/custom_action_interfaces/share/custom_action_interfaces/cmake/export_custom_action_interfaces__rosidl_generator_pyExport-noconfig.cmake
[14.392s] -- Up-to-date: /home/shaalekh/Desktop/ros2_ws/install/custom_action_interfaces/share/custom_action_interfaces/cmake/rosidl_cmake-extras.cmake
[14.393s] -- Up-to-date: /home/shaalekh/Desktop/ros2_ws/install/custom_action_interfaces/share/custom_action_interfaces/cmake/ament_cmake_export_dependencies-extras.cmake
[14.393s] -- Up-to-date: /home/shaalekh/Desktop/ros2_ws/install/custom_action_interfaces/share/custom_action_interfaces/cmake/ament_cmake_export_include_directories-extras.cmake
[14.393s] -- Up-to-date: /home/shaalekh/Desktop/ros2_ws/install/custom_action_interfaces/share/custom_action_interfaces/cmake/ament_cmake_export_libraries-extras.cmake
[14.393s] -- Up-to-date: /home/shaalekh/Desktop/ros2_ws/install/custom_action_interfaces/share/custom_action_interfaces/cmake/ament_cmake_export_targets-extras.cmake
[14.393s] -- Up-to-date: /home/shaalekh/Desktop/ros2_ws/install/custom_action_interfaces/share/custom_action_interfaces/cmake/rosidl_cmake_export_typesupport_targets-extras.cmake
[14.393s] -- Up-to-date: /home/shaalekh/Desktop/ros2_ws/install/custom_action_interfaces/share/custom_action_interfaces/cmake/rosidl_cmake_export_typesupport_libraries-extras.cmake
[14.393s] -- Up-to-date: /home/shaalekh/Desktop/ros2_ws/install/custom_action_interfaces/share/custom_action_interfaces/cmake/custom_action_interfacesConfig.cmake
[14.394s] -- Up-to-date: /home/shaalekh/Desktop/ros2_ws/install/custom_action_interfaces/share/custom_action_interfaces/cmake/custom_action_interfacesConfig-version.cmake
[14.394s] -- Up-to-date: /home/shaalekh/Desktop/ros2_ws/install/custom_action_interfaces/share/custom_action_interfaces/package.xml
[14.394s] Invoked command in '/home/shaalekh/Desktop/ros2_ws/build/custom_action_interfaces' returned '0': CMAKE_PREFIX_PATH=${CMAKE_PREFIX_PATH}:/home/shaalekh/Desktop/ros2_ws/install/srvcli:/home/shaalekh/Desktop/ros2_ws/install/maha_params:/opt/ros/jazzy DEBUGINFOD_URLS=https://debuginfod.ubuntu.com /usr/bin/cmake --install /home/shaalekh/Desktop/ros2_ws/build/custom_action_interfaces
