[0.247s] DEBUG:colcon:Command line arguments: ['/usr/bin/colcon', 'list', '-p', '--base-paths', '/home/shaalekh/Desktop/ros2_ws']
[0.247s] DEBUG:colcon:Parsed command line arguments: Namespace(log_base=None, log_level=None, verb_name='list', build_base='build', ignore_user_meta=False, metas=['./colcon.meta'], base_paths=['/home/shaalekh/Desktop/ros2_ws'], packages_ignore=None, packages_ignore_regex=None, paths=None, packages_up_to=None, packages_up_to_regex=None, packages_above=None, packages_above_and_dependencies=None, packages_above_depth=None, packages_select_by_dep=None, packages_skip_by_dep=None, packages_skip_up_to=None, packages_select_build_failed=False, packages_skip_build_finished=False, packages_select_test_failures=False, packages_skip_test_passed=False, packages_select=None, packages_skip=None, packages_select_regex=None, packages_skip_regex=None, packages_start=None, packages_end=None, topological_order=False, names_only=False, paths_only=True, topological_graph=False, topological_graph_dot=False, topological_graph_density=False, topological_graph_legend=False, topological_graph_dot_cluster=False, topological_graph_dot_include_skipped=False, verb_parser=<colcon_defaults.argument_parser.defaults.DefaultArgumentsDecorator object at 0xffffb4fa1df0>, verb_extension=<colcon_package_information.verb.list.ListVerb object at 0xffffb4fa11f0>, main=<bound method ListVerb.main of <colcon_package_information.verb.list.ListVerb object at 0xffffb4fa11f0>>)
[0.353s] Level 1:colcon.colcon_core.package_discovery:discover_packages(colcon_meta) check parameters
[0.353s] Level 1:colcon.colcon_core.package_discovery:discover_packages(recursive) check parameters
[0.353s] Level 1:colcon.colcon_core.package_discovery:discover_packages(ignore) check parameters
[0.353s] Level 1:colcon.colcon_core.package_discovery:discover_packages(path) check parameters
[0.353s] Level 1:colcon.colcon_core.package_discovery:discover_packages(recursive) discover
[0.354s] INFO:colcon.colcon_core.package_discovery:Crawling recursively for packages in '/home/shaalekh/Desktop/ros2_ws'
[0.357s] Level 1:colcon.colcon_core.package_identification:_identify(/home/shaalekh/Desktop/ros2_ws) by extensions ['ignore', 'ignore_ament_install']
[0.357s] Level 1:colcon.colcon_core.package_identification:_identify(/home/shaalekh/Desktop/ros2_ws) by extension 'ignore'
[0.358s] Level 1:colcon.colcon_core.package_identification:_identify(/home/shaalekh/Desktop/ros2_ws) by extension 'ignore_ament_install'
[0.358s] Level 1:colcon.colcon_core.package_identification:_identify(/home/shaalekh/Desktop/ros2_ws) by extensions ['colcon_pkg']
[0.358s] Level 1:colcon.colcon_core.package_identification:_identify(/home/shaalekh/Desktop/ros2_ws) by extension 'colcon_pkg'
[0.358s] Level 1:colcon.colcon_core.package_identification:_identify(/home/shaalekh/Desktop/ros2_ws) by extensions ['colcon_meta']
[0.358s] Level 1:colcon.colcon_core.package_identification:_identify(/home/shaalekh/Desktop/ros2_ws) by extension 'colcon_meta'
[0.358s] Level 1:colcon.colcon_core.package_identification:_identify(/home/shaalekh/Desktop/ros2_ws) by extensions ['ros']
[0.358s] Level 1:colcon.colcon_core.package_identification:_identify(/home/shaalekh/Desktop/ros2_ws) by extension 'ros'
[0.491s] Level 1:colcon.colcon_core.package_identification:_identify(/home/shaalekh/Desktop/ros2_ws) by extensions ['cmake', 'python']
[0.491s] Level 1:colcon.colcon_core.package_identification:_identify(/home/shaalekh/Desktop/ros2_ws) by extension 'cmake'
[0.491s] Level 1:colcon.colcon_core.package_identification:_identify(/home/shaalekh/Desktop/ros2_ws) by extension 'python'
[0.491s] Level 1:colcon.colcon_core.package_identification:_identify(/home/shaalekh/Desktop/ros2_ws) by extensions ['python_setup_py']
[0.491s] Level 1:colcon.colcon_core.package_identification:_identify(/home/shaalekh/Desktop/ros2_ws) by extension 'python_setup_py'
[0.491s] Level 1:colcon.colcon_core.package_identification:_identify(/home/shaalekh/Desktop/ros2_ws/build) by extensions ['ignore', 'ignore_ament_install']
[0.492s] Level 1:colcon.colcon_core.package_identification:_identify(/home/shaalekh/Desktop/ros2_ws/build) by extension 'ignore'
[0.492s] Level 1:colcon.colcon_core.package_identification:_identify(/home/shaalekh/Desktop/ros2_ws/build) ignored
[0.493s] Level 1:colcon.colcon_core.package_identification:_identify(/home/shaalekh/Desktop/ros2_ws/install) by extensions ['ignore', 'ignore_ament_install']
[0.493s] Level 1:colcon.colcon_core.package_identification:_identify(/home/shaalekh/Desktop/ros2_ws/install) by extension 'ignore'
[0.493s] Level 1:colcon.colcon_core.package_identification:_identify(/home/shaalekh/Desktop/ros2_ws/install) ignored
[0.493s] Level 1:colcon.colcon_core.package_identification:_identify(/home/shaalekh/Desktop/ros2_ws/log) by extensions ['ignore', 'ignore_ament_install']
[0.494s] Level 1:colcon.colcon_core.package_identification:_identify(/home/shaalekh/Desktop/ros2_ws/log) by extension 'ignore'
[0.496s] Level 1:colcon.colcon_core.package_identification:_identify(/home/shaalekh/Desktop/ros2_ws/log) ignored
[0.497s] Level 1:colcon.colcon_core.package_identification:_identify(/home/shaalekh/Desktop/ros2_ws/src) by extensions ['ignore', 'ignore_ament_install']
[0.497s] Level 1:colcon.colcon_core.package_identification:_identify(/home/shaalekh/Desktop/ros2_ws/src) by extension 'ignore'
[0.497s] Level 1:colcon.colcon_core.package_identification:_identify(/home/shaalekh/Desktop/ros2_ws/src) by extension 'ignore_ament_install'
[0.497s] Level 1:colcon.colcon_core.package_identification:_identify(/home/shaalekh/Desktop/ros2_ws/src) by extensions ['colcon_pkg']
[0.497s] Level 1:colcon.colcon_core.package_identification:_identify(/home/shaalekh/Desktop/ros2_ws/src) by extension 'colcon_pkg'
[0.497s] Level 1:colcon.colcon_core.package_identification:_identify(/home/shaalekh/Desktop/ros2_ws/src) by extensions ['colcon_meta']
[0.497s] Level 1:colcon.colcon_core.package_identification:_identify(/home/shaalekh/Desktop/ros2_ws/src) by extension 'colcon_meta'
[0.497s] Level 1:colcon.colcon_core.package_identification:_identify(/home/shaalekh/Desktop/ros2_ws/src) by extensions ['ros']
[0.497s] Level 1:colcon.colcon_core.package_identification:_identify(/home/shaalekh/Desktop/ros2_ws/src) by extension 'ros'
[0.497s] Level 1:colcon.colcon_core.package_identification:_identify(/home/shaalekh/Desktop/ros2_ws/src) by extensions ['cmake', 'python']
[0.498s] Level 1:colcon.colcon_core.package_identification:_identify(/home/shaalekh/Desktop/ros2_ws/src) by extension 'cmake'
[0.499s] Level 1:colcon.colcon_core.package_identification:_identify(/home/shaalekh/Desktop/ros2_ws/src) by extension 'python'
[0.499s] Level 1:colcon.colcon_core.package_identification:_identify(/home/shaalekh/Desktop/ros2_ws/src) by extensions ['python_setup_py']
[0.499s] Level 1:colcon.colcon_core.package_identification:_identify(/home/shaalekh/Desktop/ros2_ws/src) by extension 'python_setup_py'
[0.499s] Level 1:colcon.colcon_core.package_identification:_identify(/home/shaalekh/Desktop/ros2_ws/src/customs) by extensions ['ignore', 'ignore_ament_install']
[0.502s] Level 1:colcon.colcon_core.package_identification:_identify(/home/shaalekh/Desktop/ros2_ws/src/customs) by extension 'ignore'
[0.502s] Level 1:colcon.colcon_core.package_identification:_identify(/home/shaalekh/Desktop/ros2_ws/src/customs) by extension 'ignore_ament_install'
[0.502s] Level 1:colcon.colcon_core.package_identification:_identify(/home/shaalekh/Desktop/ros2_ws/src/customs) by extensions ['colcon_pkg']
[0.502s] Level 1:colcon.colcon_core.package_identification:_identify(/home/shaalekh/Desktop/ros2_ws/src/customs) by extension 'colcon_pkg'
[0.502s] Level 1:colcon.colcon_core.package_identification:_identify(/home/shaalekh/Desktop/ros2_ws/src/customs) by extensions ['colcon_meta']
[0.502s] Level 1:colcon.colcon_core.package_identification:_identify(/home/shaalekh/Desktop/ros2_ws/src/customs) by extension 'colcon_meta'
[0.503s] Level 1:colcon.colcon_core.package_identification:_identify(/home/shaalekh/Desktop/ros2_ws/src/customs) by extensions ['ros']
[0.503s] Level 1:colcon.colcon_core.package_identification:_identify(/home/shaalekh/Desktop/ros2_ws/src/customs) by extension 'ros'
[0.515s] DEBUG:colcon.colcon_core.package_identification:Package '/home/shaalekh/Desktop/ros2_ws/src/customs' with type 'ros.ament_cmake' and name 'customs'
[0.515s] Level 1:colcon.colcon_core.package_identification:_identify(/home/shaalekh/Desktop/ros2_ws/src/maha_params) by extensions ['ignore', 'ignore_ament_install']
[0.516s] Level 1:colcon.colcon_core.package_identification:_identify(/home/shaalekh/Desktop/ros2_ws/src/maha_params) by extension 'ignore'
[0.516s] Level 1:colcon.colcon_core.package_identification:_identify(/home/shaalekh/Desktop/ros2_ws/src/maha_params) by extension 'ignore_ament_install'
[0.516s] Level 1:colcon.colcon_core.package_identification:_identify(/home/shaalekh/Desktop/ros2_ws/src/maha_params) by extensions ['colcon_pkg']
[0.516s] Level 1:colcon.colcon_core.package_identification:_identify(/home/shaalekh/Desktop/ros2_ws/src/maha_params) by extension 'colcon_pkg'
[0.516s] Level 1:colcon.colcon_core.package_identification:_identify(/home/shaalekh/Desktop/ros2_ws/src/maha_params) by extensions ['colcon_meta']
[0.516s] Level 1:colcon.colcon_core.package_identification:_identify(/home/shaalekh/Desktop/ros2_ws/src/maha_params) by extension 'colcon_meta'
[0.516s] Level 1:colcon.colcon_core.package_identification:_identify(/home/shaalekh/Desktop/ros2_ws/src/maha_params) by extensions ['ros']
[0.516s] Level 1:colcon.colcon_core.package_identification:_identify(/home/shaalekh/Desktop/ros2_ws/src/maha_params) by extension 'ros'
[0.522s] DEBUG:colcon.colcon_core.package_identification:Package '/home/shaalekh/Desktop/ros2_ws/src/maha_params' with type 'ros.ament_python' and name 'maha_params'
[0.529s] Level 1:colcon.colcon_core.package_identification:_identify(/home/shaalekh/Desktop/ros2_ws/src/my_pack) by extensions ['ignore', 'ignore_ament_install']
[0.529s] Level 1:colcon.colcon_core.package_identification:_identify(/home/shaalekh/Desktop/ros2_ws/src/my_pack) by extension 'ignore'
[0.530s] Level 1:colcon.colcon_core.package_identification:_identify(/home/shaalekh/Desktop/ros2_ws/src/my_pack) by extension 'ignore_ament_install'
[0.535s] Level 1:colcon.colcon_core.package_identification:_identify(/home/shaalekh/Desktop/ros2_ws/src/my_pack) by extensions ['colcon_pkg']
[0.535s] Level 1:colcon.colcon_core.package_identification:_identify(/home/shaalekh/Desktop/ros2_ws/src/my_pack) by extension 'colcon_pkg'
[0.535s] Level 1:colcon.colcon_core.package_identification:_identify(/home/shaalekh/Desktop/ros2_ws/src/my_pack) by extensions ['colcon_meta']
[0.535s] Level 1:colcon.colcon_core.package_identification:_identify(/home/shaalekh/Desktop/ros2_ws/src/my_pack) by extension 'colcon_meta'
[0.535s] Level 1:colcon.colcon_core.package_identification:_identify(/home/shaalekh/Desktop/ros2_ws/src/my_pack) by extensions ['ros']
[0.535s] Level 1:colcon.colcon_core.package_identification:_identify(/home/shaalekh/Desktop/ros2_ws/src/my_pack) by extension 'ros'
[0.536s] DEBUG:colcon.colcon_core.package_identification:Package '/home/shaalekh/Desktop/ros2_ws/src/my_pack' with type 'ros.ament_python' and name 'my_pack'
[0.537s] Level 1:colcon.colcon_core.package_identification:_identify(/home/shaalekh/Desktop/ros2_ws/src/srvcli) by extensions ['ignore', 'ignore_ament_install']
[0.537s] Level 1:colcon.colcon_core.package_identification:_identify(/home/shaalekh/Desktop/ros2_ws/src/srvcli) by extension 'ignore'
[0.537s] Level 1:colcon.colcon_core.package_identification:_identify(/home/shaalekh/Desktop/ros2_ws/src/srvcli) by extension 'ignore_ament_install'
[0.537s] Level 1:colcon.colcon_core.package_identification:_identify(/home/shaalekh/Desktop/ros2_ws/src/srvcli) by extensions ['colcon_pkg']
[0.537s] Level 1:colcon.colcon_core.package_identification:_identify(/home/shaalekh/Desktop/ros2_ws/src/srvcli) by extension 'colcon_pkg'
[0.537s] Level 1:colcon.colcon_core.package_identification:_identify(/home/shaalekh/Desktop/ros2_ws/src/srvcli) by extensions ['colcon_meta']
[0.537s] Level 1:colcon.colcon_core.package_identification:_identify(/home/shaalekh/Desktop/ros2_ws/src/srvcli) by extension 'colcon_meta'
[0.537s] Level 1:colcon.colcon_core.package_identification:_identify(/home/shaalekh/Desktop/ros2_ws/src/srvcli) by extensions ['ros']
[0.537s] Level 1:colcon.colcon_core.package_identification:_identify(/home/shaalekh/Desktop/ros2_ws/src/srvcli) by extension 'ros'
[0.544s] DEBUG:colcon.colcon_core.package_identification:Package '/home/shaalekh/Desktop/ros2_ws/src/srvcli' with type 'ros.ament_python' and name 'srvcli'
[0.544s] Level 1:colcon.colcon_core.package_discovery:discover_packages(recursive) using defaults
