[1.241s] Invoking command in '/home/shaalekh/Desktop/ros2_ws/src/learning_tf2': DEBUGINFOD_URLS=https://debuginfod.ubuntu.com PYTHONPATH=/home/shaalekh/Desktop/ros2_ws/build/learning_tf2/prefix_override:/usr/lib/python3/dist-packages/colcon_core/task/python/colcon_distutils_commands:/home/shaalekh/Desktop/ros2_ws/install/learning_tf2/lib/python3.12/site-packages:${PYTHONPATH} /usr/bin/python3 -W ignore:setup.py install is deprecated -W ignore:easy_install command is deprecated setup.py egg_info --egg-base ../../build/learning_tf2 build --build-base /home/shaalekh/Desktop/ros2_ws/build/learning_tf2/build install --record /home/shaalekh/Desktop/ros2_ws/build/learning_tf2/install.log --single-version-externally-managed install_data
[1.617s] running egg_info
[1.641s] writing ../../build/learning_tf2/learning_tf2.egg-info/PKG-INFO
[1.642s] writing dependency_links to ../../build/learning_tf2/learning_tf2.egg-info/dependency_links.txt
[1.642s] writing entry points to ../../build/learning_tf2/learning_tf2.egg-info/entry_points.txt
[1.643s] writing requirements to ../../build/learning_tf2/learning_tf2.egg-info/requires.txt
[1.643s] writing top-level names to ../../build/learning_tf2/learning_tf2.egg-info/top_level.txt
[1.694s] reading manifest file '../../build/learning_tf2/learning_tf2.egg-info/SOURCES.txt'
[1.694s] adding license file 'LICENSE'
[1.695s] writing manifest file '../../build/learning_tf2/learning_tf2.egg-info/SOURCES.txt'
[1.695s] running build
[1.695s] running build_py
[1.696s] running install
[1.707s] running install_lib
[1.734s] running install_data
[1.734s] copying launch/turtle_tf2_fixed_frame_demo.launch.py -> /home/shaalekh/Desktop/ros2_ws/install/learning_tf2/share/learning_tf2/launch
[1.735s] running install_egg_info
[1.761s] removing '/home/shaalekh/Desktop/ros2_ws/install/learning_tf2/lib/python3.12/site-packages/learning_tf2-0.0.0-py3.12.egg-info' (and everything under it)
[1.763s] Copying ../../build/learning_tf2/learning_tf2.egg-info to /home/shaalekh/Desktop/ros2_ws/install/learning_tf2/lib/python3.12/site-packages/learning_tf2-0.0.0-py3.12.egg-info
[1.763s] running install_scripts
[1.950s] Installing fixed_frame_tf2_broadcaster script to /home/shaalekh/Desktop/ros2_ws/install/learning_tf2/lib/learning_tf2
[1.951s] Installing static_turtle_tf2_broadcaster script to /home/shaalekh/Desktop/ros2_ws/install/learning_tf2/lib/learning_tf2
[1.951s] Installing turtle_tf2_broadcaster script to /home/shaalekh/Desktop/ros2_ws/install/learning_tf2/lib/learning_tf2
[1.952s] Installing turtle_tf2_listener script to /home/shaalekh/Desktop/ros2_ws/install/learning_tf2/lib/learning_tf2
[1.952s] writing list of installed files to '/home/shaalekh/Desktop/ros2_ws/build/learning_tf2/install.log'
[2.042s] Invoked command in '/home/shaalekh/Desktop/ros2_ws/src/learning_tf2' returned '0': DEBUGINFOD_URLS=https://debuginfod.ubuntu.com PYTHONPATH=/home/shaalekh/Desktop/ros2_ws/build/learning_tf2/prefix_override:/usr/lib/python3/dist-packages/colcon_core/task/python/colcon_distutils_commands:/home/shaalekh/Desktop/ros2_ws/install/learning_tf2/lib/python3.12/site-packages:${PYTHONPATH} /usr/bin/python3 -W ignore:setup.py install is deprecated -W ignore:easy_install command is deprecated setup.py egg_info --egg-base ../../build/learning_tf2 build --build-base /home/shaalekh/Desktop/ros2_ws/build/learning_tf2/build install --record /home/shaalekh/Desktop/ros2_ws/build/learning_tf2/install.log --single-version-externally-managed install_data
