[1.284s] Invoking command in '/home/shaalekh/Desktop/ros2_ws/src/my_pack': DEBUGINFOD_URLS=https://debuginfod.ubuntu.com PYTHONPATH=/home/shaalekh/Desktop/ros2_ws/build/my_pack/prefix_override:/usr/lib/python3/dist-packages/colcon_core/task/python/colcon_distutils_commands:/home/shaalekh/Desktop/ros2_ws/install/my_pack/lib/python3.12/site-packages:${PYTHONPATH} /usr/bin/python3 -W ignore:setup.py install is deprecated -W ignore:easy_install command is deprecated setup.py egg_info --egg-base ../../build/my_pack build --build-base /home/shaalekh/Desktop/ros2_ws/build/my_pack/build install --record /home/shaalekh/Desktop/ros2_ws/build/my_pack/install.log --single-version-externally-managed install_data
[1.662s] running egg_info
[1.686s] writing ../../build/my_pack/my_pack.egg-info/PKG-INFO
[1.686s] writing dependency_links to ../../build/my_pack/my_pack.egg-info/dependency_links.txt
[1.687s] writing entry points to ../../build/my_pack/my_pack.egg-info/entry_points.txt
[1.688s] writing requirements to ../../build/my_pack/my_pack.egg-info/requires.txt
[1.688s] writing top-level names to ../../build/my_pack/my_pack.egg-info/top_level.txt
[1.743s] reading manifest file '../../build/my_pack/my_pack.egg-info/SOURCES.txt'
[1.744s] adding license file 'LICENSE'
[1.744s] writing manifest file '../../build/my_pack/my_pack.egg-info/SOURCES.txt'
[1.745s] running build
[1.745s] running build_py
[1.745s] running install
[1.755s] running install_lib
[1.780s] running install_data
[1.780s] creating /home/shaalekh/Desktop/ros2_ws/install/my_pack/share/my_pack/launch
[1.780s] copying launch/pub_sub.launch.py -> /home/shaalekh/Desktop/ros2_ws/install/my_pack/share/my_pack/launch
[1.780s] running install_egg_info
[1.812s] removing '/home/shaalekh/Desktop/ros2_ws/install/my_pack/lib/python3.12/site-packages/my_pack-0.0.0-py3.12.egg-info' (and everything under it)
[1.812s] Copying ../../build/my_pack/my_pack.egg-info to /home/shaalekh/Desktop/ros2_ws/install/my_pack/lib/python3.12/site-packages/my_pack-0.0.0-py3.12.egg-info
[1.814s] running install_scripts
[1.997s] Installing publisher script to /home/shaalekh/Desktop/ros2_ws/install/my_pack/lib/my_pack
[1.997s] Installing subscriber script to /home/shaalekh/Desktop/ros2_ws/install/my_pack/lib/my_pack
[1.998s] writing list of installed files to '/home/shaalekh/Desktop/ros2_ws/build/my_pack/install.log'
[2.094s] Invoked command in '/home/shaalekh/Desktop/ros2_ws/src/my_pack' returned '0': DEBUGINFOD_URLS=https://debuginfod.ubuntu.com PYTHONPATH=/home/shaalekh/Desktop/ros2_ws/build/my_pack/prefix_override:/usr/lib/python3/dist-packages/colcon_core/task/python/colcon_distutils_commands:/home/shaalekh/Desktop/ros2_ws/install/my_pack/lib/python3.12/site-packages:${PYTHONPATH} /usr/bin/python3 -W ignore:setup.py install is deprecated -W ignore:easy_install command is deprecated setup.py egg_info --egg-base ../../build/my_pack build --build-base /home/shaalekh/Desktop/ros2_ws/build/my_pack/build install --record /home/shaalekh/Desktop/ros2_ws/build/my_pack/install.log --single-version-externally-managed install_data
